2016-09-06 19:25:48,501 [4] INFO  log [(null)] - 己成功启动HtmlEngine服务。
2016-09-06 19:25:48,517 [4] INFO  log [(null)] - 己成功启动FileReceive服务。
2016-09-06 19:25:48,517 [4] INFO  log [(null)] - 己成功启动SsoOutWindow服务。
2016-09-06 19:26:14,998 [5] INFO  log [(null)] - 停止HtmlEngine服务。
2016-09-06 19:26:14,998 [5] INFO  log [(null)] - HtmlEngine服务已停止。
2016-09-06 19:26:14,998 [5] INFO  log [(null)] - 停止FileReceive服务。
2016-09-06 19:26:14,998 [5] INFO  log [(null)] - FileReceive服务已停止。
2016-09-06 19:26:14,998 [5] INFO  log [(null)] - 停止SsoOutWindow服务。
2016-09-06 19:26:14,998 [5] INFO  log [(null)] - SsoOutWindow服务已停止。
2016-09-06 19:27:30,693 [4] INFO  log [(null)] - 己成功启动HtmlEngine服务。
2016-09-06 19:27:30,706 [4] INFO  log [(null)] - 己成功启动FileReceive服务。
2016-09-06 19:27:30,708 [4] INFO  log [(null)] - 己成功启动SsoOutWindow服务。
2016-09-06 19:27:35,941 [4] INFO  log [(null)] - 停止HtmlEngine服务。
2016-09-06 19:27:35,941 [4] INFO  log [(null)] - HtmlEngine服务已停止。
2016-09-06 19:27:35,941 [4] INFO  log [(null)] - 停止FileReceive服务。
2016-09-06 19:27:35,957 [4] INFO  log [(null)] - FileReceive服务已停止。
2016-09-06 19:27:35,957 [4] INFO  log [(null)] - 停止SsoOutWindow服务。
2016-09-06 19:27:35,957 [4] INFO  log [(null)] - SsoOutWindow服务已停止。
2016-09-06 19:34:10,674 [4] INFO  log [(null)] - 己成功启动HtmlEngine服务。
2016-09-06 19:34:10,690 [4] INFO  log [(null)] - 己成功启动FileReceive服务。
2016-09-06 19:34:10,690 [4] INFO  log [(null)] - 己成功启动SsoOutWindow服务。
2016-09-06 19:35:04,281 [7] INFO  log [(null)] - 停止HtmlEngine服务。
2016-09-06 19:35:04,281 [7] INFO  log [(null)] - HtmlEngine服务已停止。
2016-09-06 19:35:04,281 [7] INFO  log [(null)] - 停止FileReceive服务。
2016-09-06 19:35:04,281 [7] INFO  log [(null)] - FileReceive服务已停止。
2016-09-06 19:35:04,281 [7] INFO  log [(null)] - 停止SsoOutWindow服务。
2016-09-06 19:35:04,281 [7] INFO  log [(null)] - SsoOutWindow服务已停止。
2016-09-06 19:35:16,133 [4] INFO  log [(null)] - 己成功启动HtmlEngine服务。
2016-09-06 19:35:16,148 [4] INFO  log [(null)] - 己成功启动FileReceive服务。
2016-09-06 19:35:16,148 [4] INFO  log [(null)] - 己成功启动SsoOutWindow服务。
2016-09-06 19:36:31,406 [5] INFO  log [(null)] - 停止HtmlEngine服务。
2016-09-06 19:36:31,407 [5] INFO  log [(null)] - HtmlEngine服务已停止。
2016-09-06 19:36:31,407 [5] INFO  log [(null)] - 停止FileReceive服务。
2016-09-06 19:36:31,410 [5] INFO  log [(null)] - FileReceive服务已停止。
2016-09-06 19:36:31,410 [5] INFO  log [(null)] - 停止SsoOutWindow服务。
2016-09-06 19:36:31,410 [5] INFO  log [(null)] - SsoOutWindow服务已停止。
2016-09-06 19:51:13,508 [4] INFO  log [(null)] - 己成功启动HtmlEngine服务。
2016-09-06 19:51:13,521 [4] INFO  log [(null)] - 己成功启动FileReceive服务。
2016-09-06 19:51:13,523 [4] INFO  log [(null)] - 己成功启动SsoOutWindow服务。
2016-09-06 19:52:15,376 [5] INFO  log [(null)] - 停止HtmlEngine服务。
2016-09-06 19:52:15,377 [5] INFO  log [(null)] - HtmlEngine服务已停止。
2016-09-06 19:52:15,377 [5] INFO  log [(null)] - 停止FileReceive服务。
2016-09-06 19:52:15,380 [5] INFO  log [(null)] - FileReceive服务已停止。
2016-09-06 19:52:15,380 [5] INFO  log [(null)] - 停止SsoOutWindow服务。
2016-09-06 19:52:15,380 [5] INFO  log [(null)] - SsoOutWindow服务已停止。
2016-09-06 19:55:33,967 [4] INFO  log [(null)] - 己成功启动HtmlEngine服务。
2016-09-06 19:55:33,979 [4] INFO  log [(null)] - 己成功启动FileReceive服务。
2016-09-06 19:55:33,981 [4] INFO  log [(null)] - 己成功启动SsoOutWindow服务。
2016-09-06 19:56:22,860 [5] INFO  log [(null)] - 停止HtmlEngine服务。
2016-09-06 19:56:22,865 [5] INFO  log [(null)] - HtmlEngine服务已停止。
2016-09-06 19:56:22,865 [5] INFO  log [(null)] - 停止FileReceive服务。
2016-09-06 19:56:22,865 [5] INFO  log [(null)] - FileReceive服务已停止。
2016-09-06 19:56:22,865 [5] INFO  log [(null)] - 停止SsoOutWindow服务。
2016-09-06 19:56:22,866 [5] INFO  log [(null)] - SsoOutWindow服务已停止。
