【异常时间】：2013-12-05 10:28:18,231 [5] 
【异常级别】：ERROR 
模板不存在
------------------------------------
【异常时间】：2013-12-05 10:29:15,217 [5] 
【异常级别】：ERROR 
模板不存在
------------------------------------
【异常时间】：2013-12-05 10:29:17,341 [5] 
【异常级别】：ERROR 
【异常类型】：SqlException
【异常堆栈】：   在 System.Data.SqlClient.SqlConnection.OnError(SqlException exception, Boolean breakConnection)
   在 System.Data.SqlClient.SqlInternalConnection.OnError(SqlException exception, Boolean breakConnection)
   在 System.Data.SqlClient.TdsParser.ThrowExceptionAndWarning()
   在 System.Data.SqlClient.TdsParserStateObject.ReadSniError(TdsParserStateObject stateObj, UInt32 error)
   在 System.Data.SqlClient.TdsParserStateObject.ReadSni(DbAsyncResult asyncResult, TdsParserStateObject stateObj)
   在 System.Data.SqlClient.TdsParserStateObject.ReadNetworkPacket()
   在 System.Data.SqlClient.TdsParserStateObject.ReadBuffer()
   在 System.Data.SqlClient.TdsParserStateObject.ReadByte()
   在 System.Data.SqlClient.TdsParser.Run(RunBehavior runBehavior, SqlCommand cmdHandler, SqlDataReader dataStream, BulkCopySimpleResultSet bulkCopyHandler, TdsParserStateObject stateObj)
   在 System.Data.SqlClient.SqlDataReader.ConsumeMetaData()
   在 System.Data.SqlClient.SqlDataReader.get_MetaData()
   在 System.Data.SqlClient.SqlCommand.FinishExecuteReader(SqlDataReader ds, RunBehavior runBehavior, String resetOptionsString)
   在 System.Data.SqlClient.SqlCommand.RunExecuteReaderTds(CommandBehavior cmdBehavior, RunBehavior runBehavior, Boolean returnStream, Boolean async)
   在 System.Data.SqlClient.SqlCommand.RunExecuteReader(CommandBehavior cmdBehavior, RunBehavior runBehavior, Boolean returnStream, String method, DbAsyncResult result)
   在 System.Data.SqlClient.SqlCommand.RunExecuteReader(CommandBehavior cmdBehavior, RunBehavior runBehavior, Boolean returnStream, String method)
   在 System.Data.SqlClient.SqlCommand.ExecuteReader(CommandBehavior behavior, String method)
   在 System.Data.SqlClient.SqlCommand.ExecuteDbDataReader(CommandBehavior behavior)
   在 System.Data.Common.DbCommand.System.Data.IDbCommand.ExecuteReader(CommandBehavior behavior)
   在 System.Data.Common.DbDataAdapter.FillInternal(DataSet dataset, DataTable[] datatables, Int32 startRecord, Int32 maxRecords, String srcTable, IDbCommand command, CommandBehavior behavior)
   在 System.Data.Common.DbDataAdapter.Fill(DataSet dataSet, Int32 startRecord, Int32 maxRecords, String srcTable, IDbCommand command, CommandBehavior behavior)
   在 System.Data.Common.DbDataAdapter.Fill(DataSet dataSet)
   在 Common.SqlHelper.ExecuteDataset(SqlConnection connection, CommandType commandType, String commandText, SqlParameter[] commandParameters) 位置 E:\comsite\svn\dev456\CMS\code\branches\v1.0\Common\AdoNet\SQLHelper.cs:行号 587
   在 Common.SqlHelper.ExecuteDataset(String connectionString, CommandType commandType, String commandText, SqlParameter[] commandParameters) 位置 E:\comsite\svn\dev456\CMS\code\branches\v1.0\Common\AdoNet\SQLHelper.cs:行号 499
   在 CMS.DAL.DataAccess.ExecuteDataSet(CommandType commandType, String commandText, SqlParameter[] commandParameters) 位置 E:\comsite\svn\dev456\CMS\code\branches\v1.0\CMS.DAL\DataAccess.cs:行号 272
   在 CMS.DAL.DataAccess.ExecuteDataSet(String commandText, SqlParameter[] commandParameters) 位置 E:\comsite\svn\dev456\CMS\code\branches\v1.0\CMS.DAL\DataAccess.cs:行号 245
   在 CMS.DAL.BaseDAL`1.ExecuteDataSet(String sql, SqlParameter[] parameters) 位置 E:\comsite\svn\dev456\CMS\code\branches\v1.0\CMS.DAL\BaseDAL.cs:行号 752
   在 CMS.DAL.BaseDAL`1.GetAll(SqlWhereList sqlWhereList) 位置 E:\comsite\svn\dev456\CMS\code\branches\v1.0\CMS.DAL\BaseDAL.cs:行号 363
   在 CMS.BLL.TemplateDetailBLL.GetAll(SqlWhereList where) 位置 E:\comsite\svn\dev456\CMS\code\branches\v1.0\CMS.BLL\TemplateDetail.generated.cs:行号 113
   在 CMS.HtmlService.HtmlEngine.CreateTemplatePageByChannelId(String channelId, Dictionary`2 paramDic) 位置 E:\comsite\svn\dev456\CMS\code\branches\v1.0\CMS.HTMLService\HtmlEngine.cs:行号 202
   在 CMS.HtmlService.HtmlEngine.CreateSingleNews(Int32 newsId, String operateType) 位置 E:\comsite\svn\dev456\CMS\code\branches\v1.0\CMS.HTMLService\HtmlEngine.cs:行号 88
【异常信息】：在从服务器接收结果时发生传输级错误。 (provider: TCP Provider, error: 0 - 指定的网络名不再可用。)
【附加信息】:方法名：CreateSingleNews，生成NewsId:765失败
------------------------------------
【异常时间】：2013-12-05 10:31:41,408 [5] 
【异常级别】：ERROR 
模板不存在
------------------------------------
【异常时间】：2013-12-05 10:31:52,492 [5] 
【异常级别】：ERROR 
模板不存在
------------------------------------
【异常时间】：2013-12-05 10:32:05,656 [5] 
【异常级别】：ERROR 
模板不存在
------------------------------------
【异常时间】：2013-12-05 13:57:29,880 [3] 
【异常级别】：ERROR 
模板不存在
------------------------------------
【异常时间】：2013-12-05 13:57:29,911 [8] 
【异常级别】：ERROR 
模板不存在
------------------------------------
【异常时间】：2013-12-05 13:57:44,200 [8] 
【异常级别】：ERROR 
模板不存在
------------------------------------
【异常时间】：2013-12-05 13:57:49,496 [8] 
【异常级别】：ERROR 
模板不存在
------------------------------------
【异常时间】：2013-12-05 13:57:56,087 [8] 
【异常级别】：ERROR 
模板不存在
------------------------------------
