【异常时间】：2014-03-10 15:07:01,769 [5] 
【异常级别】：ERROR 
模板不存在
------------------------------------
【异常时间】：2014-03-10 15:07:01,803 [5] 
【异常级别】：ERROR 
模板不存在
------------------------------------
【异常时间】：2014-03-10 15:07:01,808 [5] 
【异常级别】：ERROR 
模板不存在
------------------------------------
【异常时间】：2014-03-10 15:07:01,812 [5] 
【异常级别】：ERROR 
模板不存在
------------------------------------
【异常时间】：2014-03-10 15:07:23,330 [5] 
【异常级别】：ERROR 
模板不存在
------------------------------------
【异常时间】：2014-03-10 15:07:23,334 [5] 
【异常级别】：ERROR 
模板不存在
------------------------------------
【异常时间】：2014-03-10 15:07:23,342 [5] 
【异常级别】：ERROR 
模板不存在
------------------------------------
【异常时间】：2014-03-10 15:07:23,346 [5] 
【异常级别】：ERROR 
模板不存在
------------------------------------
【异常时间】：2014-03-10 15:22:41,741 [5] 
【异常级别】：ERROR 
模板不存在
------------------------------------
【异常时间】：2014-03-10 15:22:41,745 [5] 
【异常级别】：ERROR 
模板不存在
------------------------------------
【异常时间】：2014-03-10 15:22:41,748 [5] 
【异常级别】：ERROR 
模板不存在
------------------------------------
【异常时间】：2014-03-10 15:22:41,750 [5] 
【异常级别】：ERROR 
模板不存在
------------------------------------
【异常时间】：2014-03-10 15:28:58,048 [5] 
【异常级别】：ERROR 
【异常类型】：SqlException
【异常堆栈】：   在 System.Data.SqlClient.SqlConnection.OnError(SqlException exception, Boolean breakConnection)
   在 System.Data.SqlClient.SqlInternalConnection.OnError(SqlException exception, Boolean breakConnection)
   在 System.Data.SqlClient.TdsParser.ThrowExceptionAndWarning()
   在 System.Data.SqlClient.TdsParserStateObject.WriteSni()
   在 System.Data.SqlClient.TdsParserStateObject.WritePacket(Byte flushMode)
   在 System.Data.SqlClient.TdsParserStateObject.ExecuteFlush()
   在 System.Data.SqlClient.TdsParser.TdsExecuteRPC(_SqlRPC[] rpcArray, Int32 timeout, Boolean inSchema, SqlNotificationRequest notificationRequest, TdsParserStateObject stateObj, Boolean isCommandProc)
   在 System.Data.SqlClient.SqlCommand.RunExecuteReaderTds(CommandBehavior cmdBehavior, RunBehavior runBehavior, Boolean returnStream, Boolean async)
   在 System.Data.SqlClient.SqlCommand.RunExecuteReader(CommandBehavior cmdBehavior, RunBehavior runBehavior, Boolean returnStream, String method, DbAsyncResult result)
   在 System.Data.SqlClient.SqlCommand.RunExecuteReader(CommandBehavior cmdBehavior, RunBehavior runBehavior, Boolean returnStream, String method)
   在 System.Data.SqlClient.SqlCommand.ExecuteReader(CommandBehavior behavior, String method)
   在 System.Data.SqlClient.SqlCommand.ExecuteDbDataReader(CommandBehavior behavior)
   在 System.Data.Common.DbCommand.System.Data.IDbCommand.ExecuteReader(CommandBehavior behavior)
   在 System.Data.Common.DbDataAdapter.FillInternal(DataSet dataset, DataTable[] datatables, Int32 startRecord, Int32 maxRecords, String srcTable, IDbCommand command, CommandBehavior behavior)
   在 System.Data.Common.DbDataAdapter.Fill(DataSet dataSet, Int32 startRecord, Int32 maxRecords, String srcTable, IDbCommand command, CommandBehavior behavior)
   在 System.Data.Common.DbDataAdapter.Fill(DataSet dataSet)
   在 Common.SqlHelper.ExecuteDataset(SqlConnection connection, CommandType commandType, String commandText, SqlParameter[] commandParameters) 位置 E:\comsite\svn\dev456\CMS\code\branches\v1.0\Common\AdoNet\SQLHelper.cs:行号 587
   在 Common.SqlHelper.ExecuteDataset(String connectionString, CommandType commandType, String commandText, SqlParameter[] commandParameters) 位置 E:\comsite\svn\dev456\CMS\code\branches\v1.0\Common\AdoNet\SQLHelper.cs:行号 499
   在 CMS.DAL.DataAccess.ExecuteDataSet(CommandType commandType, String commandText, SqlParameter[] commandParameters) 位置 E:\comsite\svn\dev456\CMS\code\branches\v1.0\CMS.DAL\DataAccess.cs:行号 272
   在 CMS.DAL.DataAccess.ExecuteDataSet(String commandText, SqlParameter[] commandParameters) 位置 E:\comsite\svn\dev456\CMS\code\branches\v1.0\CMS.DAL\DataAccess.cs:行号 245
   在 CMS.DAL.BaseDAL`1.Get(Dictionary`2 keyProps) 位置 E:\comsite\svn\dev456\CMS\code\branches\v1.0\CMS.DAL\BaseDAL.cs:行号 447
   在 CMS.BLL.PageTemplateBLL.Get(Dictionary`2 keyProps) 位置 E:\comsite\svn\dev456\CMS\code\branches\v1.0\CMS.BLL\PageTemplate.generated.cs:行号 94
   在 CMS.HtmlService.HtmlEngine.CreateTemplatePage(Int32 templateId, Dictionary`2 paramDic) 位置 E:\comsite\svn\dev456\CMS\code\branches\v1.0\CMS.HTMLService\HtmlEngine.cs:行号 108
   在 SyncInvokeCreateTemplatePage(Object , Object[] , Object[] )
   在 System.ServiceModel.Dispatcher.SyncMethodInvoker.Invoke(Object instance, Object[] inputs, Object[]& outputs)
   在 System.ServiceModel.Dispatcher.DispatchOperationRuntime.InvokeBegin(MessageRpc& rpc)
   在 System.ServiceModel.Dispatcher.ImmutableDispatchRuntime.ProcessMessage5(MessageRpc& rpc)
   在 System.ServiceModel.Dispatcher.ImmutableDispatchRuntime.ProcessMessage41(MessageRpc& rpc)
   在 System.ServiceModel.Dispatcher.ImmutableDispatchRuntime.ProcessMessage4(MessageRpc& rpc)
   在 System.ServiceModel.Dispatcher.ImmutableDispatchRuntime.ProcessMessage31(MessageRpc& rpc)
   在 System.ServiceModel.Dispatcher.ImmutableDispatchRuntime.ProcessMessage3(MessageRpc& rpc)
   在 System.ServiceModel.Dispatcher.ImmutableDispatchRuntime.ProcessMessage2(MessageRpc& rpc)
   在 System.ServiceModel.Dispatcher.ImmutableDispatchRuntime.ProcessMessage11(MessageRpc& rpc)
   在 System.ServiceModel.Dispatcher.ImmutableDispatchRuntime.ProcessMessage1(MessageRpc& rpc)
   在 System.ServiceModel.Dispatcher.MessageRpc.Process(Boolean isOperationContextSet)
【异常信息】：在向服务器发送请求时发生传输级错误。 (provider: TCP Provider, error: 0 - 远程主机强迫关闭了一个现有的连接。)
------------------------------------
【异常时间】：2014-03-10 15:28:58,190 [5] 
【异常级别】：ERROR 
【异常类型】：SqlException
【异常堆栈】：   在 System.Data.SqlClient.SqlConnection.OnError(SqlException exception, Boolean breakConnection)
   在 System.Data.SqlClient.SqlInternalConnection.OnError(SqlException exception, Boolean breakConnection)
   在 System.Data.SqlClient.TdsParser.ThrowExceptionAndWarning()
   在 System.Data.SqlClient.TdsParserStateObject.WriteSni()
   在 System.Data.SqlClient.TdsParserStateObject.WritePacket(Byte flushMode)
   在 System.Data.SqlClient.TdsParserStateObject.ExecuteFlush()
   在 System.Data.SqlClient.TdsParser.TdsExecuteRPC(_SqlRPC[] rpcArray, Int32 timeout, Boolean inSchema, SqlNotificationRequest notificationRequest, TdsParserStateObject stateObj, Boolean isCommandProc)
   在 System.Data.SqlClient.SqlCommand.RunExecuteReaderTds(CommandBehavior cmdBehavior, RunBehavior runBehavior, Boolean returnStream, Boolean async)
   在 System.Data.SqlClient.SqlCommand.RunExecuteReader(CommandBehavior cmdBehavior, RunBehavior runBehavior, Boolean returnStream, String method, DbAsyncResult result)
   在 System.Data.SqlClient.SqlCommand.RunExecuteReader(CommandBehavior cmdBehavior, RunBehavior runBehavior, Boolean returnStream, String method)
   在 System.Data.SqlClient.SqlCommand.ExecuteReader(CommandBehavior behavior, String method)
   在 System.Data.SqlClient.SqlCommand.ExecuteDbDataReader(CommandBehavior behavior)
   在 System.Data.Common.DbCommand.System.Data.IDbCommand.ExecuteReader(CommandBehavior behavior)
   在 System.Data.Common.DbDataAdapter.FillInternal(DataSet dataset, DataTable[] datatables, Int32 startRecord, Int32 maxRecords, String srcTable, IDbCommand command, CommandBehavior behavior)
   在 System.Data.Common.DbDataAdapter.Fill(DataSet dataSet, Int32 startRecord, Int32 maxRecords, String srcTable, IDbCommand command, CommandBehavior behavior)
   在 System.Data.Common.DbDataAdapter.Fill(DataSet dataSet)
   在 Common.SqlHelper.ExecuteDataset(SqlConnection connection, CommandType commandType, String commandText, SqlParameter[] commandParameters) 位置 E:\comsite\svn\dev456\CMS\code\branches\v1.0\Common\AdoNet\SQLHelper.cs:行号 587
   在 Common.SqlHelper.ExecuteDataset(String connectionString, CommandType commandType, String commandText, SqlParameter[] commandParameters) 位置 E:\comsite\svn\dev456\CMS\code\branches\v1.0\Common\AdoNet\SQLHelper.cs:行号 499
   在 CMS.DAL.DataAccess.ExecuteDataSet(CommandType commandType, String commandText, SqlParameter[] commandParameters) 位置 E:\comsite\svn\dev456\CMS\code\branches\v1.0\CMS.DAL\DataAccess.cs:行号 272
   在 CMS.DAL.DataAccess.ExecuteDataSet(String commandText, SqlParameter[] commandParameters) 位置 E:\comsite\svn\dev456\CMS\code\branches\v1.0\CMS.DAL\DataAccess.cs:行号 245
   在 CMS.DAL.BaseDAL`1.Get(Dictionary`2 keyProps) 位置 E:\comsite\svn\dev456\CMS\code\branches\v1.0\CMS.DAL\BaseDAL.cs:行号 447
   在 CMS.BLL.PageTemplateBLL.Get(Dictionary`2 keyProps) 位置 E:\comsite\svn\dev456\CMS\code\branches\v1.0\CMS.BLL\PageTemplate.generated.cs:行号 94
   在 CMS.HtmlService.HtmlEngine.CreateTemplatePage(Int32 templateId, Dictionary`2 paramDic) 位置 E:\comsite\svn\dev456\CMS\code\branches\v1.0\CMS.HTMLService\HtmlEngine.cs:行号 108
   在 SyncInvokeCreateTemplatePage(Object , Object[] , Object[] )
   在 System.ServiceModel.Dispatcher.SyncMethodInvoker.Invoke(Object instance, Object[] inputs, Object[]& outputs)
   在 System.ServiceModel.Dispatcher.DispatchOperationRuntime.InvokeBegin(MessageRpc& rpc)
   在 System.ServiceModel.Dispatcher.ImmutableDispatchRuntime.ProcessMessage5(MessageRpc& rpc)
   在 System.ServiceModel.Dispatcher.ImmutableDispatchRuntime.ProcessMessage41(MessageRpc& rpc)
   在 System.ServiceModel.Dispatcher.ImmutableDispatchRuntime.ProcessMessage4(MessageRpc& rpc)
   在 System.ServiceModel.Dispatcher.ImmutableDispatchRuntime.ProcessMessage31(MessageRpc& rpc)
   在 System.ServiceModel.Dispatcher.ImmutableDispatchRuntime.ProcessMessage3(MessageRpc& rpc)
   在 System.ServiceModel.Dispatcher.ImmutableDispatchRuntime.ProcessMessage2(MessageRpc& rpc)
   在 System.ServiceModel.Dispatcher.ImmutableDispatchRuntime.ProcessMessage11(MessageRpc& rpc)
   在 System.ServiceModel.Dispatcher.ImmutableDispatchRuntime.ProcessMessage1(MessageRpc& rpc)
   在 System.ServiceModel.Dispatcher.MessageRpc.Process(Boolean isOperationContextSet)
【异常信息】：在向服务器发送请求时发生传输级错误。 (provider: TCP Provider, error: 0 - 远程主机强迫关闭了一个现有的连接。)
------------------------------------
【异常时间】：2014-03-10 15:28:58,591 [5] 
【异常级别】：ERROR 
模板不存在
------------------------------------
【异常时间】：2014-03-10 15:28:58,595 [5] 
【异常级别】：ERROR 
模板不存在
------------------------------------
【异常时间】：2014-03-10 15:28:58,599 [5] 
【异常级别】：ERROR 
模板不存在
------------------------------------
【异常时间】：2014-03-10 16:16:28,401 [5] 
【异常级别】：ERROR 
模板不存在
------------------------------------
【异常时间】：2014-03-10 16:16:28,404 [5] 
【异常级别】：ERROR 
模板不存在
------------------------------------
【异常时间】：2014-03-10 16:16:28,408 [5] 
【异常级别】：ERROR 
模板不存在
------------------------------------
【异常时间】：2014-03-10 16:16:28,411 [5] 
【异常级别】：ERROR 
模板不存在
------------------------------------
【异常时间】：2014-03-10 16:24:42,748 [5] 
【异常级别】：ERROR 
模板不存在
------------------------------------
【异常时间】：2014-03-10 16:24:42,753 [5] 
【异常级别】：ERROR 
模板不存在
------------------------------------
【异常时间】：2014-03-10 16:24:42,757 [5] 
【异常级别】：ERROR 
模板不存在
------------------------------------
【异常时间】：2014-03-10 16:24:42,762 [5] 
【异常级别】：ERROR 
模板不存在
------------------------------------
【异常时间】：2014-03-10 18:09:33,644 [5] 
【异常级别】：ERROR 
模板不存在
------------------------------------
【异常时间】：2014-03-10 18:09:33,792 [5] 
【异常级别】：ERROR 
模板不存在
------------------------------------
【异常时间】：2014-03-10 18:09:33,796 [5] 
【异常级别】：ERROR 
模板不存在
------------------------------------
【异常时间】：2014-03-10 18:09:33,800 [5] 
【异常级别】：ERROR 
模板不存在
------------------------------------
【异常时间】：2014-03-10 18:09:48,669 [5] 
【异常级别】：ERROR 
模板不存在
------------------------------------
【异常时间】：2014-03-10 18:09:48,673 [5] 
【异常级别】：ERROR 
模板不存在
------------------------------------
【异常时间】：2014-03-10 18:09:48,678 [5] 
【异常级别】：ERROR 
模板不存在
------------------------------------
【异常时间】：2014-03-10 18:09:48,681 [5] 
【异常级别】：ERROR 
模板不存在
------------------------------------
