【异常时间】：2014-04-09 17:39:14,131 [5] 
【异常级别】：ERROR 
【异常类型】：SqlException
【异常堆栈】：   在 System.Data.SqlClient.SqlConnection.OnError(SqlException exception, Boolean breakConnection)
   在 System.Data.SqlClient.SqlInternalConnection.OnError(SqlException exception, Boolean breakConnection)
   在 System.Data.SqlClient.TdsParser.ThrowExceptionAndWarning()
   在 System.Data.SqlClient.TdsParserStateObject.WriteSni()
   在 System.Data.SqlClient.TdsParserStateObject.WritePacket(Byte flushMode)
   在 System.Data.SqlClient.TdsParserStateObject.ExecuteFlush()
   在 System.Data.SqlClient.TdsParser.TdsExecuteRPC(_SqlRPC[] rpcArray, Int32 timeout, Boolean inSchema, SqlNotificationRequest notificationRequest, TdsParserStateObject stateObj, Boolean isCommandProc)
   在 System.Data.SqlClient.SqlCommand.RunExecuteReaderTds(CommandBehavior cmdBehavior, RunBehavior runBehavior, Boolean returnStream, Boolean async)
   在 System.Data.SqlClient.SqlCommand.RunExecuteReader(CommandBehavior cmdBehavior, RunBehavior runBehavior, Boolean returnStream, String method, DbAsyncResult result)
   在 System.Data.SqlClient.SqlCommand.RunExecuteReader(CommandBehavior cmdBehavior, RunBehavior runBehavior, Boolean returnStream, String method)
   在 System.Data.SqlClient.SqlCommand.ExecuteReader(CommandBehavior behavior, String method)
   在 System.Data.SqlClient.SqlCommand.ExecuteDbDataReader(CommandBehavior behavior)
   在 System.Data.Common.DbCommand.System.Data.IDbCommand.ExecuteReader(CommandBehavior behavior)
   在 System.Data.Common.DbDataAdapter.FillInternal(DataSet dataset, DataTable[] datatables, Int32 startRecord, Int32 maxRecords, String srcTable, IDbCommand command, CommandBehavior behavior)
   在 System.Data.Common.DbDataAdapter.Fill(DataSet dataSet, Int32 startRecord, Int32 maxRecords, String srcTable, IDbCommand command, CommandBehavior behavior)
   在 System.Data.Common.DbDataAdapter.Fill(DataSet dataSet)
   在 Common.SqlHelper.ExecuteDataset(SqlConnection connection, CommandType commandType, String commandText, SqlParameter[] commandParameters) 位置 E:\comsite\svn\dev456\CMS\code\branches\v1.0\Common\AdoNet\SQLHelper.cs:行号 587
   在 Common.SqlHelper.ExecuteDataset(String connectionString, CommandType commandType, String commandText, SqlParameter[] commandParameters) 位置 E:\comsite\svn\dev456\CMS\code\branches\v1.0\Common\AdoNet\SQLHelper.cs:行号 499
   在 CMS.DAL.DataAccess.ExecuteDataSet(CommandType commandType, String commandText, SqlParameter[] commandParameters) 位置 E:\comsite\svn\dev456\CMS\code\branches\v1.0\CMS.DAL\DataAccess.cs:行号 272
   在 CMS.DAL.DataAccess.ExecuteDataSet(String commandText, SqlParameter[] commandParameters) 位置 E:\comsite\svn\dev456\CMS\code\branches\v1.0\CMS.DAL\DataAccess.cs:行号 245
   在 CMS.DAL.BaseDAL`1.Get(Dictionary`2 keyProps) 位置 E:\comsite\svn\dev456\CMS\code\branches\v1.0\CMS.DAL\BaseDAL.cs:行号 447
   在 CMS.BLL.PageTemplateBLL.Get(Dictionary`2 keyProps) 位置 E:\comsite\svn\dev456\CMS\code\branches\v1.0\CMS.BLL\PageTemplate.generated.cs:行号 94
   在 CMS.HtmlService.HtmlEngine.CreateTemplatePage(Int32 templateId, Dictionary`2 paramDic) 位置 E:\comsite\svn\dev456\CMS\code\branches\v1.0\CMS.HTMLService\HtmlEngine.cs:行号 108
   在 SyncInvokeCreateTemplatePage(Object , Object[] , Object[] )
   在 System.ServiceModel.Dispatcher.SyncMethodInvoker.Invoke(Object instance, Object[] inputs, Object[]& outputs)
   在 System.ServiceModel.Dispatcher.DispatchOperationRuntime.InvokeBegin(MessageRpc& rpc)
   在 System.ServiceModel.Dispatcher.ImmutableDispatchRuntime.ProcessMessage5(MessageRpc& rpc)
   在 System.ServiceModel.Dispatcher.ImmutableDispatchRuntime.ProcessMessage41(MessageRpc& rpc)
   在 System.ServiceModel.Dispatcher.ImmutableDispatchRuntime.ProcessMessage4(MessageRpc& rpc)
   在 System.ServiceModel.Dispatcher.ImmutableDispatchRuntime.ProcessMessage31(MessageRpc& rpc)
   在 System.ServiceModel.Dispatcher.ImmutableDispatchRuntime.ProcessMessage3(MessageRpc& rpc)
   在 System.ServiceModel.Dispatcher.ImmutableDispatchRuntime.ProcessMessage2(MessageRpc& rpc)
   在 System.ServiceModel.Dispatcher.ImmutableDispatchRuntime.ProcessMessage11(MessageRpc& rpc)
   在 System.ServiceModel.Dispatcher.ImmutableDispatchRuntime.ProcessMessage1(MessageRpc& rpc)
   在 System.ServiceModel.Dispatcher.MessageRpc.Process(Boolean isOperationContextSet)
【异常信息】：在向服务器发送请求时发生传输级错误。 (provider: TCP Provider, error: 0 - 远程主机强迫关闭了一个现有的连接。)
------------------------------------
【异常时间】：2014-04-09 17:39:14,273 [5] 
【异常级别】：ERROR 
【异常类型】：SqlException
【异常堆栈】：   在 System.Data.SqlClient.SqlConnection.OnError(SqlException exception, Boolean breakConnection)
   在 System.Data.SqlClient.SqlInternalConnection.OnError(SqlException exception, Boolean breakConnection)
   在 System.Data.SqlClient.TdsParser.ThrowExceptionAndWarning()
   在 System.Data.SqlClient.TdsParserStateObject.WriteSni()
   在 System.Data.SqlClient.TdsParserStateObject.WritePacket(Byte flushMode)
   在 System.Data.SqlClient.TdsParserStateObject.ExecuteFlush()
   在 System.Data.SqlClient.TdsParser.TdsExecuteRPC(_SqlRPC[] rpcArray, Int32 timeout, Boolean inSchema, SqlNotificationRequest notificationRequest, TdsParserStateObject stateObj, Boolean isCommandProc)
   在 System.Data.SqlClient.SqlCommand.RunExecuteReaderTds(CommandBehavior cmdBehavior, RunBehavior runBehavior, Boolean returnStream, Boolean async)
   在 System.Data.SqlClient.SqlCommand.RunExecuteReader(CommandBehavior cmdBehavior, RunBehavior runBehavior, Boolean returnStream, String method, DbAsyncResult result)
   在 System.Data.SqlClient.SqlCommand.RunExecuteReader(CommandBehavior cmdBehavior, RunBehavior runBehavior, Boolean returnStream, String method)
   在 System.Data.SqlClient.SqlCommand.ExecuteReader(CommandBehavior behavior, String method)
   在 System.Data.SqlClient.SqlCommand.ExecuteDbDataReader(CommandBehavior behavior)
   在 System.Data.Common.DbCommand.System.Data.IDbCommand.ExecuteReader(CommandBehavior behavior)
   在 System.Data.Common.DbDataAdapter.FillInternal(DataSet dataset, DataTable[] datatables, Int32 startRecord, Int32 maxRecords, String srcTable, IDbCommand command, CommandBehavior behavior)
   在 System.Data.Common.DbDataAdapter.Fill(DataSet dataSet, Int32 startRecord, Int32 maxRecords, String srcTable, IDbCommand command, CommandBehavior behavior)
   在 System.Data.Common.DbDataAdapter.Fill(DataSet dataSet)
   在 Common.SqlHelper.ExecuteDataset(SqlConnection connection, CommandType commandType, String commandText, SqlParameter[] commandParameters) 位置 E:\comsite\svn\dev456\CMS\code\branches\v1.0\Common\AdoNet\SQLHelper.cs:行号 587
   在 Common.SqlHelper.ExecuteDataset(String connectionString, CommandType commandType, String commandText, SqlParameter[] commandParameters) 位置 E:\comsite\svn\dev456\CMS\code\branches\v1.0\Common\AdoNet\SQLHelper.cs:行号 499
   在 CMS.DAL.DataAccess.ExecuteDataSet(CommandType commandType, String commandText, SqlParameter[] commandParameters) 位置 E:\comsite\svn\dev456\CMS\code\branches\v1.0\CMS.DAL\DataAccess.cs:行号 272
   在 CMS.DAL.DataAccess.ExecuteDataSet(String commandText, SqlParameter[] commandParameters) 位置 E:\comsite\svn\dev456\CMS\code\branches\v1.0\CMS.DAL\DataAccess.cs:行号 245
   在 CMS.DAL.BaseDAL`1.Get(Dictionary`2 keyProps) 位置 E:\comsite\svn\dev456\CMS\code\branches\v1.0\CMS.DAL\BaseDAL.cs:行号 447
   在 CMS.BLL.PageTemplateBLL.Get(Dictionary`2 keyProps) 位置 E:\comsite\svn\dev456\CMS\code\branches\v1.0\CMS.BLL\PageTemplate.generated.cs:行号 94
   在 CMS.HtmlService.HtmlEngine.CreateTemplatePage(Int32 templateId, Dictionary`2 paramDic) 位置 E:\comsite\svn\dev456\CMS\code\branches\v1.0\CMS.HTMLService\HtmlEngine.cs:行号 108
   在 SyncInvokeCreateTemplatePage(Object , Object[] , Object[] )
   在 System.ServiceModel.Dispatcher.SyncMethodInvoker.Invoke(Object instance, Object[] inputs, Object[]& outputs)
   在 System.ServiceModel.Dispatcher.DispatchOperationRuntime.InvokeBegin(MessageRpc& rpc)
   在 System.ServiceModel.Dispatcher.ImmutableDispatchRuntime.ProcessMessage5(MessageRpc& rpc)
   在 System.ServiceModel.Dispatcher.ImmutableDispatchRuntime.ProcessMessage41(MessageRpc& rpc)
   在 System.ServiceModel.Dispatcher.ImmutableDispatchRuntime.ProcessMessage4(MessageRpc& rpc)
   在 System.ServiceModel.Dispatcher.ImmutableDispatchRuntime.ProcessMessage31(MessageRpc& rpc)
   在 System.ServiceModel.Dispatcher.ImmutableDispatchRuntime.ProcessMessage3(MessageRpc& rpc)
   在 System.ServiceModel.Dispatcher.ImmutableDispatchRuntime.ProcessMessage2(MessageRpc& rpc)
   在 System.ServiceModel.Dispatcher.ImmutableDispatchRuntime.ProcessMessage11(MessageRpc& rpc)
   在 System.ServiceModel.Dispatcher.ImmutableDispatchRuntime.ProcessMessage1(MessageRpc& rpc)
   在 System.ServiceModel.Dispatcher.MessageRpc.Process(Boolean isOperationContextSet)
【异常信息】：在向服务器发送请求时发生传输级错误。 (provider: TCP Provider, error: 0 - 远程主机强迫关闭了一个现有的连接。)
------------------------------------
【异常时间】：2014-04-09 17:41:23,810 [5] 
【异常级别】：ERROR 
【异常类型】：ArgumentNullException
【异常堆栈】：   在 CMS.HtmlService.HtmlEngine.CreateSingleNews(Int32 newsId, String operateType) 位置 E:\comsite\svn\dev456\CMS\code\branches\v1.0\CMS.HTMLService\HtmlEngine.cs:行号 39
   在 SyncInvokeCreateSingleNews(Object , Object[] , Object[] )
   在 System.ServiceModel.Dispatcher.SyncMethodInvoker.Invoke(Object instance, Object[] inputs, Object[]& outputs)
   在 System.ServiceModel.Dispatcher.DispatchOperationRuntime.InvokeBegin(MessageRpc& rpc)
   在 System.ServiceModel.Dispatcher.ImmutableDispatchRuntime.ProcessMessage5(MessageRpc& rpc)
   在 System.ServiceModel.Dispatcher.ImmutableDispatchRuntime.ProcessMessage41(MessageRpc& rpc)
   在 System.ServiceModel.Dispatcher.ImmutableDispatchRuntime.ProcessMessage4(MessageRpc& rpc)
   在 System.ServiceModel.Dispatcher.ImmutableDispatchRuntime.ProcessMessage31(MessageRpc& rpc)
   在 System.ServiceModel.Dispatcher.ImmutableDispatchRuntime.ProcessMessage3(MessageRpc& rpc)
   在 System.ServiceModel.Dispatcher.ImmutableDispatchRuntime.ProcessMessage2(MessageRpc& rpc)
   在 System.ServiceModel.Dispatcher.ImmutableDispatchRuntime.ProcessMessage11(MessageRpc& rpc)
   在 System.ServiceModel.Dispatcher.ImmutableDispatchRuntime.ProcessMessage1(MessageRpc& rpc)
   在 System.ServiceModel.Dispatcher.MessageRpc.Process(Boolean isOperationContextSet)
【异常信息】：值不能为 null。
参数名: newsid:0
------------------------------------
【异常时间】：2014-04-09 17:41:23,816 [5] 
【异常级别】：ERROR 
【异常类型】：ArgumentNullException
【异常堆栈】：   在 CMS.HtmlService.HtmlEngine.CreateSingleNews(Int32 newsId, String operateType) 位置 E:\comsite\svn\dev456\CMS\code\branches\v1.0\CMS.HTMLService\HtmlEngine.cs:行号 39
   在 SyncInvokeCreateSingleNews(Object , Object[] , Object[] )
   在 System.ServiceModel.Dispatcher.SyncMethodInvoker.Invoke(Object instance, Object[] inputs, Object[]& outputs)
   在 System.ServiceModel.Dispatcher.DispatchOperationRuntime.InvokeBegin(MessageRpc& rpc)
   在 System.ServiceModel.Dispatcher.ImmutableDispatchRuntime.ProcessMessage5(MessageRpc& rpc)
   在 System.ServiceModel.Dispatcher.ImmutableDispatchRuntime.ProcessMessage41(MessageRpc& rpc)
   在 System.ServiceModel.Dispatcher.ImmutableDispatchRuntime.ProcessMessage4(MessageRpc& rpc)
   在 System.ServiceModel.Dispatcher.ImmutableDispatchRuntime.ProcessMessage31(MessageRpc& rpc)
   在 System.ServiceModel.Dispatcher.ImmutableDispatchRuntime.ProcessMessage3(MessageRpc& rpc)
   在 System.ServiceModel.Dispatcher.ImmutableDispatchRuntime.ProcessMessage2(MessageRpc& rpc)
   在 System.ServiceModel.Dispatcher.ImmutableDispatchRuntime.ProcessMessage11(MessageRpc& rpc)
   在 System.ServiceModel.Dispatcher.ImmutableDispatchRuntime.ProcessMessage1(MessageRpc& rpc)
   在 System.ServiceModel.Dispatcher.MessageRpc.Process(Boolean isOperationContextSet)
【异常信息】：值不能为 null。
参数名: newsid:0
------------------------------------
【异常时间】：2014-04-09 17:51:37,708 [3] 
【异常级别】：ERROR 
【异常类型】：ArgumentNullException
【异常堆栈】：   在 CMS.HtmlService.HtmlEngine.CreateSingleNews(Int32 newsId, String operateType) 位置 E:\comsite\svn\dev456\CMS\code\branches\v1.0\CMS.HTMLService\HtmlEngine.cs:行号 39
   在 SyncInvokeCreateSingleNews(Object , Object[] , Object[] )
   在 System.ServiceModel.Dispatcher.SyncMethodInvoker.Invoke(Object instance, Object[] inputs, Object[]& outputs)
   在 System.ServiceModel.Dispatcher.DispatchOperationRuntime.InvokeBegin(MessageRpc& rpc)
   在 System.ServiceModel.Dispatcher.ImmutableDispatchRuntime.ProcessMessage5(MessageRpc& rpc)
   在 System.ServiceModel.Dispatcher.ImmutableDispatchRuntime.ProcessMessage41(MessageRpc& rpc)
   在 System.ServiceModel.Dispatcher.ImmutableDispatchRuntime.ProcessMessage4(MessageRpc& rpc)
   在 System.ServiceModel.Dispatcher.ImmutableDispatchRuntime.ProcessMessage31(MessageRpc& rpc)
   在 System.ServiceModel.Dispatcher.ImmutableDispatchRuntime.ProcessMessage3(MessageRpc& rpc)
   在 System.ServiceModel.Dispatcher.ImmutableDispatchRuntime.ProcessMessage2(MessageRpc& rpc)
   在 System.ServiceModel.Dispatcher.ImmutableDispatchRuntime.ProcessMessage11(MessageRpc& rpc)
   在 System.ServiceModel.Dispatcher.ImmutableDispatchRuntime.ProcessMessage1(MessageRpc& rpc)
   在 System.ServiceModel.Dispatcher.MessageRpc.Process(Boolean isOperationContextSet)
【异常信息】：值不能为 null。
参数名: newsid:1
------------------------------------
【异常时间】：2014-04-09 17:51:37,721 [3] 
【异常级别】：ERROR 
【异常类型】：ArgumentNullException
【异常堆栈】：   在 CMS.HtmlService.HtmlEngine.CreateSingleNews(Int32 newsId, String operateType) 位置 E:\comsite\svn\dev456\CMS\code\branches\v1.0\CMS.HTMLService\HtmlEngine.cs:行号 39
   在 SyncInvokeCreateSingleNews(Object , Object[] , Object[] )
   在 System.ServiceModel.Dispatcher.SyncMethodInvoker.Invoke(Object instance, Object[] inputs, Object[]& outputs)
   在 System.ServiceModel.Dispatcher.DispatchOperationRuntime.InvokeBegin(MessageRpc& rpc)
   在 System.ServiceModel.Dispatcher.ImmutableDispatchRuntime.ProcessMessage5(MessageRpc& rpc)
   在 System.ServiceModel.Dispatcher.ImmutableDispatchRuntime.ProcessMessage41(MessageRpc& rpc)
   在 System.ServiceModel.Dispatcher.ImmutableDispatchRuntime.ProcessMessage4(MessageRpc& rpc)
   在 System.ServiceModel.Dispatcher.ImmutableDispatchRuntime.ProcessMessage31(MessageRpc& rpc)
   在 System.ServiceModel.Dispatcher.ImmutableDispatchRuntime.ProcessMessage3(MessageRpc& rpc)
   在 System.ServiceModel.Dispatcher.ImmutableDispatchRuntime.ProcessMessage2(MessageRpc& rpc)
   在 System.ServiceModel.Dispatcher.ImmutableDispatchRuntime.ProcessMessage11(MessageRpc& rpc)
   在 System.ServiceModel.Dispatcher.ImmutableDispatchRuntime.ProcessMessage1(MessageRpc& rpc)
   在 System.ServiceModel.Dispatcher.MessageRpc.Process(Boolean isOperationContextSet)
【异常信息】：值不能为 null。
参数名: newsid:1
------------------------------------
【异常时间】：2014-04-09 17:53:41,541 [3] 
【异常级别】：ERROR 
【异常类型】：SqlException
【异常堆栈】：   在 System.Data.SqlClient.SqlConnection.OnError(SqlException exception, Boolean breakConnection)
   在 System.Data.SqlClient.SqlInternalConnection.OnError(SqlException exception, Boolean breakConnection)
   在 System.Data.SqlClient.TdsParser.ThrowExceptionAndWarning()
   在 System.Data.SqlClient.TdsParserStateObject.WriteSni()
   在 System.Data.SqlClient.TdsParserStateObject.WritePacket(Byte flushMode)
   在 System.Data.SqlClient.TdsParserStateObject.ExecuteFlush()
   在 System.Data.SqlClient.TdsParser.TdsExecuteRPC(_SqlRPC[] rpcArray, Int32 timeout, Boolean inSchema, SqlNotificationRequest notificationRequest, TdsParserStateObject stateObj, Boolean isCommandProc)
   在 System.Data.SqlClient.SqlCommand.RunExecuteReaderTds(CommandBehavior cmdBehavior, RunBehavior runBehavior, Boolean returnStream, Boolean async)
   在 System.Data.SqlClient.SqlCommand.RunExecuteReader(CommandBehavior cmdBehavior, RunBehavior runBehavior, Boolean returnStream, String method, DbAsyncResult result)
   在 System.Data.SqlClient.SqlCommand.RunExecuteReader(CommandBehavior cmdBehavior, RunBehavior runBehavior, Boolean returnStream, String method)
   在 System.Data.SqlClient.SqlCommand.ExecuteReader(CommandBehavior behavior, String method)
   在 System.Data.SqlClient.SqlCommand.ExecuteDbDataReader(CommandBehavior behavior)
   在 System.Data.Common.DbCommand.System.Data.IDbCommand.ExecuteReader(CommandBehavior behavior)
   在 System.Data.Common.DbDataAdapter.FillInternal(DataSet dataset, DataTable[] datatables, Int32 startRecord, Int32 maxRecords, String srcTable, IDbCommand command, CommandBehavior behavior)
   在 System.Data.Common.DbDataAdapter.Fill(DataSet dataSet, Int32 startRecord, Int32 maxRecords, String srcTable, IDbCommand command, CommandBehavior behavior)
   在 System.Data.Common.DbDataAdapter.Fill(DataSet dataSet)
   在 Common.SqlHelper.ExecuteDataset(SqlConnection connection, CommandType commandType, String commandText, SqlParameter[] commandParameters) 位置 E:\comsite\svn\dev456\CMS\code\branches\v1.0\Common\AdoNet\SQLHelper.cs:行号 587
   在 Common.SqlHelper.ExecuteDataset(String connectionString, CommandType commandType, String commandText, SqlParameter[] commandParameters) 位置 E:\comsite\svn\dev456\CMS\code\branches\v1.0\Common\AdoNet\SQLHelper.cs:行号 499
   在 CMS.DAL.DataAccess.ExecuteDataSet(CommandType commandType, String commandText, SqlParameter[] commandParameters) 位置 E:\comsite\svn\dev456\CMS\code\branches\v1.0\CMS.DAL\DataAccess.cs:行号 272
   在 CMS.DAL.DataAccess.ExecuteDataSet(String commandText, SqlParameter[] commandParameters) 位置 E:\comsite\svn\dev456\CMS\code\branches\v1.0\CMS.DAL\DataAccess.cs:行号 245
   在 CMS.DAL.BaseDAL`1.Get(Dictionary`2 keyProps) 位置 E:\comsite\svn\dev456\CMS\code\branches\v1.0\CMS.DAL\BaseDAL.cs:行号 447
   在 CMS.BLL.PageTemplateBLL.Get(Dictionary`2 keyProps) 位置 E:\comsite\svn\dev456\CMS\code\branches\v1.0\CMS.BLL\PageTemplate.generated.cs:行号 94
   在 CMS.HtmlService.HtmlEngine.CreateTemplatePage(Int32 templateId, Dictionary`2 paramDic) 位置 E:\comsite\svn\dev456\CMS\code\branches\v1.0\CMS.HTMLService\HtmlEngine.cs:行号 108
   在 SyncInvokeCreateTemplatePage(Object , Object[] , Object[] )
   在 System.ServiceModel.Dispatcher.SyncMethodInvoker.Invoke(Object instance, Object[] inputs, Object[]& outputs)
   在 System.ServiceModel.Dispatcher.DispatchOperationRuntime.InvokeBegin(MessageRpc& rpc)
   在 System.ServiceModel.Dispatcher.ImmutableDispatchRuntime.ProcessMessage5(MessageRpc& rpc)
   在 System.ServiceModel.Dispatcher.ImmutableDispatchRuntime.ProcessMessage41(MessageRpc& rpc)
   在 System.ServiceModel.Dispatcher.ImmutableDispatchRuntime.ProcessMessage4(MessageRpc& rpc)
   在 System.ServiceModel.Dispatcher.ImmutableDispatchRuntime.ProcessMessage31(MessageRpc& rpc)
   在 System.ServiceModel.Dispatcher.ImmutableDispatchRuntime.ProcessMessage3(MessageRpc& rpc)
   在 System.ServiceModel.Dispatcher.ImmutableDispatchRuntime.ProcessMessage2(MessageRpc& rpc)
   在 System.ServiceModel.Dispatcher.ImmutableDispatchRuntime.ProcessMessage11(MessageRpc& rpc)
   在 System.ServiceModel.Dispatcher.ImmutableDispatchRuntime.ProcessMessage1(MessageRpc& rpc)
   在 System.ServiceModel.Dispatcher.MessageRpc.Process(Boolean isOperationContextSet)
【异常信息】：在向服务器发送请求时发生传输级错误。 (provider: TCP Provider, error: 0 - 远程主机强迫关闭了一个现有的连接。)
------------------------------------
【异常时间】：2014-04-09 17:53:41,575 [3] 
【异常级别】：ERROR 
【异常类型】：SqlException
【异常堆栈】：   在 System.Data.SqlClient.SqlConnection.OnError(SqlException exception, Boolean breakConnection)
   在 System.Data.SqlClient.SqlInternalConnection.OnError(SqlException exception, Boolean breakConnection)
   在 System.Data.SqlClient.TdsParser.ThrowExceptionAndWarning()
   在 System.Data.SqlClient.TdsParserStateObject.WriteSni()
   在 System.Data.SqlClient.TdsParserStateObject.WritePacket(Byte flushMode)
   在 System.Data.SqlClient.TdsParserStateObject.ExecuteFlush()
   在 System.Data.SqlClient.TdsParser.TdsExecuteRPC(_SqlRPC[] rpcArray, Int32 timeout, Boolean inSchema, SqlNotificationRequest notificationRequest, TdsParserStateObject stateObj, Boolean isCommandProc)
   在 System.Data.SqlClient.SqlCommand.RunExecuteReaderTds(CommandBehavior cmdBehavior, RunBehavior runBehavior, Boolean returnStream, Boolean async)
   在 System.Data.SqlClient.SqlCommand.RunExecuteReader(CommandBehavior cmdBehavior, RunBehavior runBehavior, Boolean returnStream, String method, DbAsyncResult result)
   在 System.Data.SqlClient.SqlCommand.RunExecuteReader(CommandBehavior cmdBehavior, RunBehavior runBehavior, Boolean returnStream, String method)
   在 System.Data.SqlClient.SqlCommand.ExecuteReader(CommandBehavior behavior, String method)
   在 System.Data.SqlClient.SqlCommand.ExecuteDbDataReader(CommandBehavior behavior)
   在 System.Data.Common.DbCommand.System.Data.IDbCommand.ExecuteReader(CommandBehavior behavior)
   在 System.Data.Common.DbDataAdapter.FillInternal(DataSet dataset, DataTable[] datatables, Int32 startRecord, Int32 maxRecords, String srcTable, IDbCommand command, CommandBehavior behavior)
   在 System.Data.Common.DbDataAdapter.Fill(DataSet dataSet, Int32 startRecord, Int32 maxRecords, String srcTable, IDbCommand command, CommandBehavior behavior)
   在 System.Data.Common.DbDataAdapter.Fill(DataSet dataSet)
   在 Common.SqlHelper.ExecuteDataset(SqlConnection connection, CommandType commandType, String commandText, SqlParameter[] commandParameters) 位置 E:\comsite\svn\dev456\CMS\code\branches\v1.0\Common\AdoNet\SQLHelper.cs:行号 587
   在 Common.SqlHelper.ExecuteDataset(String connectionString, CommandType commandType, String commandText, SqlParameter[] commandParameters) 位置 E:\comsite\svn\dev456\CMS\code\branches\v1.0\Common\AdoNet\SQLHelper.cs:行号 499
   在 CMS.DAL.DataAccess.ExecuteDataSet(CommandType commandType, String commandText, SqlParameter[] commandParameters) 位置 E:\comsite\svn\dev456\CMS\code\branches\v1.0\CMS.DAL\DataAccess.cs:行号 272
   在 CMS.DAL.DataAccess.ExecuteDataSet(String commandText, SqlParameter[] commandParameters) 位置 E:\comsite\svn\dev456\CMS\code\branches\v1.0\CMS.DAL\DataAccess.cs:行号 245
   在 CMS.DAL.BaseDAL`1.Get(Dictionary`2 keyProps) 位置 E:\comsite\svn\dev456\CMS\code\branches\v1.0\CMS.DAL\BaseDAL.cs:行号 447
   在 CMS.BLL.PageTemplateBLL.Get(Dictionary`2 keyProps) 位置 E:\comsite\svn\dev456\CMS\code\branches\v1.0\CMS.BLL\PageTemplate.generated.cs:行号 94
   在 CMS.HtmlService.HtmlEngine.CreateTemplatePage(Int32 templateId, Dictionary`2 paramDic) 位置 E:\comsite\svn\dev456\CMS\code\branches\v1.0\CMS.HTMLService\HtmlEngine.cs:行号 108
   在 SyncInvokeCreateTemplatePage(Object , Object[] , Object[] )
   在 System.ServiceModel.Dispatcher.SyncMethodInvoker.Invoke(Object instance, Object[] inputs, Object[]& outputs)
   在 System.ServiceModel.Dispatcher.DispatchOperationRuntime.InvokeBegin(MessageRpc& rpc)
   在 System.ServiceModel.Dispatcher.ImmutableDispatchRuntime.ProcessMessage5(MessageRpc& rpc)
   在 System.ServiceModel.Dispatcher.ImmutableDispatchRuntime.ProcessMessage41(MessageRpc& rpc)
   在 System.ServiceModel.Dispatcher.ImmutableDispatchRuntime.ProcessMessage4(MessageRpc& rpc)
   在 System.ServiceModel.Dispatcher.ImmutableDispatchRuntime.ProcessMessage31(MessageRpc& rpc)
   在 System.ServiceModel.Dispatcher.ImmutableDispatchRuntime.ProcessMessage3(MessageRpc& rpc)
   在 System.ServiceModel.Dispatcher.ImmutableDispatchRuntime.ProcessMessage2(MessageRpc& rpc)
   在 System.ServiceModel.Dispatcher.ImmutableDispatchRuntime.ProcessMessage11(MessageRpc& rpc)
   在 System.ServiceModel.Dispatcher.ImmutableDispatchRuntime.ProcessMessage1(MessageRpc& rpc)
   在 System.ServiceModel.Dispatcher.MessageRpc.Process(Boolean isOperationContextSet)
【异常信息】：在向服务器发送请求时发生传输级错误。 (provider: TCP Provider, error: 0 - 远程主机强迫关闭了一个现有的连接。)
------------------------------------
