【异常时间】：2014-02-08 10:54:05,259 [3] 
【异常级别】：ERROR 
模板不存在
------------------------------------
【异常时间】：2014-02-08 10:54:05,297 [3] 
【异常级别】：ERROR 
模板不存在
------------------------------------
【异常时间】：2014-02-08 11:01:26,768 [3] 
【异常级别】：ERROR 
【异常类型】：NotSupportedException
【异常堆栈】：   在 System.Security.Util.StringExpressionSet.CanonicalizePath(String path, Boolean needFullPath)
   在 System.Security.Util.StringExpressionSet.CreateListFromExpressions(String[] str, Boolean needFullPath)
   在 System.Security.Permissions.FileIOPermission.AddPathList(FileIOPermissionAccess access, AccessControlActions control, String[] pathListOrig, Boolean checkForDuplicates, Boolean needFullPath, Boolean copyPathList)
   在 System.Security.Permissions.FileIOPermission..ctor(FileIOPermissionAccess access, AccessControlActions control, String[] pathList, Boolean checkForDuplicates, Boolean needFullPath)
   在 System.IO.FileStream.Init(String path, FileMode mode, FileAccess access, Int32 rights, Boolean useRights, FileShare share, Int32 bufferSize, FileOptions options, SECURITY_ATTRIBUTES secAttrs, String msgPath, Boolean bFromProxy, Boolean useLongPath)
   在 System.IO.FileStream..ctor(String path, FileMode mode, FileAccess access, FileShare share, Int32 bufferSize)
   在 Common.FileHelper.WriteFile(String fullPath, String content, String encoding) 位置 E:\comsite\svn\dev456\CMS\code\branches\v1.0\Common\Helper\FileHelper.cs:行号 286
   在 CMS.HtmlService.HtmlEngine.CreateTemplatePage(Int32 templateId, Dictionary`2 paramDic) 位置 E:\comsite\svn\dev456\CMS\code\branches\v1.0\CMS.HTMLService\HtmlEngine.cs:行号 163
【异常信息】：不支持给定路径的格式。
【附加信息】:方法名：CreateTemplatePage，生成模板Id：88，模板名称：UP下午茶，模板路径：/luo/upxwc.shtml失败！
------------------------------------
