【异常时间】：2014-02-10 09:27:26,162 [5] 
【异常级别】：ERROR 
模板不存在
------------------------------------
【异常时间】：2014-02-10 09:29:00,993 [5] 
【异常级别】：ERROR 
模板不存在
------------------------------------
【异常时间】：2014-02-10 15:49:07,839 [6] 
【异常级别】：ERROR 
【异常类型】：FileNotFoundException
【异常堆栈】：   在 System.IO.__Error.WinIOError(Int32 errorCode, String maybeFullPath)
   在 System.IO.FileStream.Init(String path, FileMode mode, FileAccess access, Int32 rights, Boolean useRights, FileShare share, Int32 bufferSize, FileOptions options, SECURITY_ATTRIBUTES secAttrs, String msgPath, Boolean bFromProxy, Boolean useLongPath)
   在 System.IO.FileStream..ctor(String path, FileMode mode, FileAccess access, FileShare share, Int32 bufferSize, FileOptions options)
   在 System.IO.StreamReader..ctor(String path, Encoding encoding, Boolean detectEncodingFromByteOrderMarks, Int32 bufferSize)
   在 System.IO.StreamReader..ctor(String path)
   在 CMS.Template.Complex.UserTemplate.FromFile(String name, String filename) 位置 E:\comsite\svn\dev456\CMS\code\branches\v1.0\CMS.Template\Complex\UserTemplate.cs:行号 45
   在 CMS.Template.Complex.TemplateManager.FromFile(String filename, Boolean isPreview) 位置 E:\comsite\svn\dev456\CMS\code\branches\v1.0\CMS.Template\Complex\TemplateManager.cs:行号 60
   在 CMS.HtmlService.HtmlEngine.createManager(PageTemplate pageTemplate, Boolean isPreview) 位置 E:\comsite\svn\dev456\CMS\code\branches\v1.0\CMS.HTMLService\HtmlEngine.cs:行号 256
   在 CMS.HtmlService.HtmlEngine.CreateSingleNews(Int32 newsId, String operateType) 位置 E:\comsite\svn\dev456\CMS\code\branches\v1.0\CMS.HTMLService\HtmlEngine.cs:行号 45
【异常信息】：未能找到文件“E:\comsite\svn\dev456\CMS\code\branches\v1.0\CMS.HtmlService.WinService\template\meng\jsondetali.shtml”。
【附加信息】:方法名：CreateSingleNews，生成NewsId:842失败
------------------------------------
