【异常时间】：2014-01-06 14:14:10,932 [5] 
【异常级别】：ERROR 
【异常类型】：ParseException
【异常堆栈】：   在 CMS.Template.Parser.TagParser.CollectForTag(Tag tag, Int32& index) 位置 E:\comsite\svn\dev456\CMS\code\branches\v1.0\CMS.Template\Parser\TagParser.cs:行号 103
   在 CMS.Template.Parser.TagParser.CollectForTag(Tag tag, Int32& index) 位置 E:\comsite\svn\dev456\CMS\code\branches\v1.0\CMS.Template\Parser\TagParser.cs:行号 95
   在 CMS.Template.Parser.TagParser.CreateHierarchy() 位置 E:\comsite\svn\dev456\CMS\code\branches\v1.0\CMS.Template\Parser\TagParser.cs:行号 34
   在 CMS.Template.Complex.UserTemplate.FromString(String name, String data) 位置 E:\comsite\svn\dev456\CMS\code\branches\v1.0\CMS.Template\Complex\UserTemplate.cs:行号 65
   在 CMS.Template.Complex.UserTemplate.FromFile(String name, String filename) 位置 E:\comsite\svn\dev456\CMS\code\branches\v1.0\CMS.Template\Complex\UserTemplate.cs:行号 48
   在 CMS.Template.Complex.TemplateManager.FromFile(String filename, Boolean isPreview) 位置 E:\comsite\svn\dev456\CMS\code\branches\v1.0\CMS.Template\Complex\TemplateManager.cs:行号 60
   在 CMS.HtmlService.HtmlEngine.createManager(PageTemplate pageTemplate, Boolean isPreview) 位置 E:\comsite\svn\dev456\CMS\code\branches\v1.0\CMS.HTMLService\HtmlEngine.cs:行号 255
   在 CMS.HtmlService.HtmlEngine.CreateTemplatePage(Int32 templateId, Dictionary`2 paramDic) 位置 E:\comsite\svn\dev456\CMS\code\branches\v1.0\CMS.HTMLService\HtmlEngine.cs:行号 114
【异常信息】：Close tag for uptag doesn't have matching start tag.
【附加信息】:方法名：CreateTemplatePage，生成模板Id：82，模板名称：up首页，模板路径：/luo/upindex.shtml失败！
------------------------------------
【异常时间】：2014-01-06 14:15:59,656 [5] 
【异常级别】：ERROR 
【异常类型】：ParseException
【异常堆栈】：   在 CMS.Template.Parser.TagParser.CollectForTag(Tag tag, Int32& index) 位置 E:\comsite\svn\dev456\CMS\code\branches\v1.0\CMS.Template\Parser\TagParser.cs:行号 103
   在 CMS.Template.Parser.TagParser.CollectForTag(Tag tag, Int32& index) 位置 E:\comsite\svn\dev456\CMS\code\branches\v1.0\CMS.Template\Parser\TagParser.cs:行号 95
   在 CMS.Template.Parser.TagParser.CreateHierarchy() 位置 E:\comsite\svn\dev456\CMS\code\branches\v1.0\CMS.Template\Parser\TagParser.cs:行号 34
   在 CMS.Template.Complex.UserTemplate.FromString(String name, String data) 位置 E:\comsite\svn\dev456\CMS\code\branches\v1.0\CMS.Template\Complex\UserTemplate.cs:行号 65
   在 CMS.Template.Complex.UserTemplate.FromFile(String name, String filename) 位置 E:\comsite\svn\dev456\CMS\code\branches\v1.0\CMS.Template\Complex\UserTemplate.cs:行号 48
   在 CMS.Template.Complex.TemplateManager.FromFile(String filename, Boolean isPreview) 位置 E:\comsite\svn\dev456\CMS\code\branches\v1.0\CMS.Template\Complex\TemplateManager.cs:行号 60
   在 CMS.HtmlService.HtmlEngine.createManager(PageTemplate pageTemplate, Boolean isPreview) 位置 E:\comsite\svn\dev456\CMS\code\branches\v1.0\CMS.HTMLService\HtmlEngine.cs:行号 255
   在 CMS.HtmlService.HtmlEngine.CreateTemplatePage(Int32 templateId, Dictionary`2 paramDic) 位置 E:\comsite\svn\dev456\CMS\code\branches\v1.0\CMS.HTMLService\HtmlEngine.cs:行号 114
【异常信息】：Close tag for uptag doesn't have matching start tag.
【附加信息】:方法名：CreateTemplatePage，生成模板Id：82，模板名称：up首页，模板路径：/luo/upindex.shtml失败！
------------------------------------
【异常时间】：2014-01-06 14:17:17,752 [5] 
【异常级别】：ERROR 
【异常类型】：ParseException
【异常堆栈】：   在 CMS.Template.Parser.TagParser.CollectForTag(Tag tag, Int32& index) 位置 E:\comsite\svn\dev456\CMS\code\branches\v1.0\CMS.Template\Parser\TagParser.cs:行号 103
   在 CMS.Template.Parser.TagParser.CollectForTag(Tag tag, Int32& index) 位置 E:\comsite\svn\dev456\CMS\code\branches\v1.0\CMS.Template\Parser\TagParser.cs:行号 95
   在 CMS.Template.Parser.TagParser.CreateHierarchy() 位置 E:\comsite\svn\dev456\CMS\code\branches\v1.0\CMS.Template\Parser\TagParser.cs:行号 34
   在 CMS.Template.Complex.UserTemplate.FromString(String name, String data) 位置 E:\comsite\svn\dev456\CMS\code\branches\v1.0\CMS.Template\Complex\UserTemplate.cs:行号 65
   在 CMS.Template.Complex.UserTemplate.FromFile(String name, String filename) 位置 E:\comsite\svn\dev456\CMS\code\branches\v1.0\CMS.Template\Complex\UserTemplate.cs:行号 48
   在 CMS.Template.Complex.TemplateManager.FromFile(String filename, Boolean isPreview) 位置 E:\comsite\svn\dev456\CMS\code\branches\v1.0\CMS.Template\Complex\TemplateManager.cs:行号 60
   在 CMS.HtmlService.HtmlEngine.createManager(PageTemplate pageTemplate, Boolean isPreview) 位置 E:\comsite\svn\dev456\CMS\code\branches\v1.0\CMS.HTMLService\HtmlEngine.cs:行号 255
   在 CMS.HtmlService.HtmlEngine.CreateTemplatePage(Int32 templateId, Dictionary`2 paramDic) 位置 E:\comsite\svn\dev456\CMS\code\branches\v1.0\CMS.HTMLService\HtmlEngine.cs:行号 114
【异常信息】：Close tag for uptag doesn't have matching start tag.
【附加信息】:方法名：CreateTemplatePage，生成模板Id：82，模板名称：up首页，模板路径：/luo/upindex.shtml失败！
------------------------------------
【异常时间】：2014-01-06 14:18:51,530 [5] 
【异常级别】：ERROR 
【异常类型】：ParseException
【异常堆栈】：   在 CMS.Template.Parser.TagParser.CollectForTag(Tag tag, Int32& index) 位置 E:\comsite\svn\dev456\CMS\code\branches\v1.0\CMS.Template\Parser\TagParser.cs:行号 103
   在 CMS.Template.Parser.TagParser.CollectForTag(Tag tag, Int32& index) 位置 E:\comsite\svn\dev456\CMS\code\branches\v1.0\CMS.Template\Parser\TagParser.cs:行号 95
   在 CMS.Template.Parser.TagParser.CreateHierarchy() 位置 E:\comsite\svn\dev456\CMS\code\branches\v1.0\CMS.Template\Parser\TagParser.cs:行号 34
   在 CMS.Template.Complex.UserTemplate.FromString(String name, String data) 位置 E:\comsite\svn\dev456\CMS\code\branches\v1.0\CMS.Template\Complex\UserTemplate.cs:行号 65
   在 CMS.Template.Complex.UserTemplate.FromFile(String name, String filename) 位置 E:\comsite\svn\dev456\CMS\code\branches\v1.0\CMS.Template\Complex\UserTemplate.cs:行号 48
   在 CMS.Template.Complex.TemplateManager.FromFile(String filename, Boolean isPreview) 位置 E:\comsite\svn\dev456\CMS\code\branches\v1.0\CMS.Template\Complex\TemplateManager.cs:行号 60
   在 CMS.HtmlService.HtmlEngine.createManager(PageTemplate pageTemplate, Boolean isPreview) 位置 E:\comsite\svn\dev456\CMS\code\branches\v1.0\CMS.HTMLService\HtmlEngine.cs:行号 255
   在 CMS.HtmlService.HtmlEngine.CreateTemplatePage(Int32 templateId, Dictionary`2 paramDic) 位置 E:\comsite\svn\dev456\CMS\code\branches\v1.0\CMS.HTMLService\HtmlEngine.cs:行号 114
【异常信息】：Close tag for uptag doesn't have matching start tag.
【附加信息】:方法名：CreateTemplatePage，生成模板Id：82，模板名称：up首页，模板路径：/luo/upindex.shtml失败！
------------------------------------
【异常时间】：2014-01-06 14:19:58,497 [5] 
【异常级别】：ERROR 
【异常类型】：ParseException
【异常堆栈】：   在 CMS.Template.Parser.TagParser.CollectForTag(Tag tag, Int32& index) 位置 E:\comsite\svn\dev456\CMS\code\branches\v1.0\CMS.Template\Parser\TagParser.cs:行号 103
   在 CMS.Template.Parser.TagParser.CollectForTag(Tag tag, Int32& index) 位置 E:\comsite\svn\dev456\CMS\code\branches\v1.0\CMS.Template\Parser\TagParser.cs:行号 95
   在 CMS.Template.Parser.TagParser.CreateHierarchy() 位置 E:\comsite\svn\dev456\CMS\code\branches\v1.0\CMS.Template\Parser\TagParser.cs:行号 34
   在 CMS.Template.Complex.UserTemplate.FromString(String name, String data) 位置 E:\comsite\svn\dev456\CMS\code\branches\v1.0\CMS.Template\Complex\UserTemplate.cs:行号 65
   在 CMS.Template.Complex.UserTemplate.FromFile(String name, String filename) 位置 E:\comsite\svn\dev456\CMS\code\branches\v1.0\CMS.Template\Complex\UserTemplate.cs:行号 48
   在 CMS.Template.Complex.TemplateManager.FromFile(String filename, Boolean isPreview) 位置 E:\comsite\svn\dev456\CMS\code\branches\v1.0\CMS.Template\Complex\TemplateManager.cs:行号 60
   在 CMS.HtmlService.HtmlEngine.createManager(PageTemplate pageTemplate, Boolean isPreview) 位置 E:\comsite\svn\dev456\CMS\code\branches\v1.0\CMS.HTMLService\HtmlEngine.cs:行号 255
   在 CMS.HtmlService.HtmlEngine.CreateTemplatePage(Int32 templateId, Dictionary`2 paramDic) 位置 E:\comsite\svn\dev456\CMS\code\branches\v1.0\CMS.HTMLService\HtmlEngine.cs:行号 114
【异常信息】：Close tag for uptag doesn't have matching start tag.
【附加信息】:方法名：CreateTemplatePage，生成模板Id：82，模板名称：up首页，模板路径：/luo/upindex.shtml失败！
------------------------------------
【异常时间】：2014-01-06 14:21:27,281 [5] 
【异常级别】：ERROR 
【异常类型】：ParseException
【异常堆栈】：   在 CMS.Template.Parser.TagParser.CollectForTag(Tag tag, Int32& index) 位置 E:\comsite\svn\dev456\CMS\code\branches\v1.0\CMS.Template\Parser\TagParser.cs:行号 103
   在 CMS.Template.Parser.TagParser.CollectForTag(Tag tag, Int32& index) 位置 E:\comsite\svn\dev456\CMS\code\branches\v1.0\CMS.Template\Parser\TagParser.cs:行号 95
   在 CMS.Template.Parser.TagParser.CreateHierarchy() 位置 E:\comsite\svn\dev456\CMS\code\branches\v1.0\CMS.Template\Parser\TagParser.cs:行号 34
   在 CMS.Template.Complex.UserTemplate.FromString(String name, String data) 位置 E:\comsite\svn\dev456\CMS\code\branches\v1.0\CMS.Template\Complex\UserTemplate.cs:行号 65
   在 CMS.Template.Complex.UserTemplate.FromFile(String name, String filename) 位置 E:\comsite\svn\dev456\CMS\code\branches\v1.0\CMS.Template\Complex\UserTemplate.cs:行号 48
   在 CMS.Template.Complex.TemplateManager.FromFile(String filename, Boolean isPreview) 位置 E:\comsite\svn\dev456\CMS\code\branches\v1.0\CMS.Template\Complex\TemplateManager.cs:行号 60
   在 CMS.HtmlService.HtmlEngine.createManager(PageTemplate pageTemplate, Boolean isPreview) 位置 E:\comsite\svn\dev456\CMS\code\branches\v1.0\CMS.HTMLService\HtmlEngine.cs:行号 255
   在 CMS.HtmlService.HtmlEngine.CreateTemplatePage(Int32 templateId, Dictionary`2 paramDic) 位置 E:\comsite\svn\dev456\CMS\code\branches\v1.0\CMS.HTMLService\HtmlEngine.cs:行号 114
【异常信息】：Close tag for uptag doesn't have matching start tag.
【附加信息】:方法名：CreateTemplatePage，生成模板Id：82，模板名称：up首页，模板路径：/luo/upindex.shtml失败！
------------------------------------
【异常时间】：2014-01-06 14:22:31,380 [5] 
【异常级别】：ERROR 
【异常类型】：ParseException
【异常堆栈】：   在 CMS.Template.Parser.TagParser.CollectForTag(Tag tag, Int32& index) 位置 E:\comsite\svn\dev456\CMS\code\branches\v1.0\CMS.Template\Parser\TagParser.cs:行号 103
   在 CMS.Template.Parser.TagParser.CollectForTag(Tag tag, Int32& index) 位置 E:\comsite\svn\dev456\CMS\code\branches\v1.0\CMS.Template\Parser\TagParser.cs:行号 95
   在 CMS.Template.Parser.TagParser.CreateHierarchy() 位置 E:\comsite\svn\dev456\CMS\code\branches\v1.0\CMS.Template\Parser\TagParser.cs:行号 34
   在 CMS.Template.Complex.UserTemplate.FromString(String name, String data) 位置 E:\comsite\svn\dev456\CMS\code\branches\v1.0\CMS.Template\Complex\UserTemplate.cs:行号 65
   在 CMS.Template.Complex.UserTemplate.FromFile(String name, String filename) 位置 E:\comsite\svn\dev456\CMS\code\branches\v1.0\CMS.Template\Complex\UserTemplate.cs:行号 48
   在 CMS.Template.Complex.TemplateManager.FromFile(String filename, Boolean isPreview) 位置 E:\comsite\svn\dev456\CMS\code\branches\v1.0\CMS.Template\Complex\TemplateManager.cs:行号 60
   在 CMS.HtmlService.HtmlEngine.createManager(PageTemplate pageTemplate, Boolean isPreview) 位置 E:\comsite\svn\dev456\CMS\code\branches\v1.0\CMS.HTMLService\HtmlEngine.cs:行号 255
   在 CMS.HtmlService.HtmlEngine.CreateTemplatePage(Int32 templateId, Dictionary`2 paramDic) 位置 E:\comsite\svn\dev456\CMS\code\branches\v1.0\CMS.HTMLService\HtmlEngine.cs:行号 114
【异常信息】：Close tag for uptag doesn't have matching start tag.
【附加信息】:方法名：CreateTemplatePage，生成模板Id：82，模板名称：up首页，模板路径：/luo/upindex.shtml失败！
------------------------------------
【异常时间】：2014-01-06 14:23:29,232 [5] 
【异常级别】：ERROR 
【异常类型】：ParseException
【异常堆栈】：   在 CMS.Template.Parser.TagParser.CollectForTag(Tag tag, Int32& index) 位置 E:\comsite\svn\dev456\CMS\code\branches\v1.0\CMS.Template\Parser\TagParser.cs:行号 103
   在 CMS.Template.Parser.TagParser.CollectForTag(Tag tag, Int32& index) 位置 E:\comsite\svn\dev456\CMS\code\branches\v1.0\CMS.Template\Parser\TagParser.cs:行号 95
   在 CMS.Template.Parser.TagParser.CreateHierarchy() 位置 E:\comsite\svn\dev456\CMS\code\branches\v1.0\CMS.Template\Parser\TagParser.cs:行号 34
   在 CMS.Template.Complex.UserTemplate.FromString(String name, String data) 位置 E:\comsite\svn\dev456\CMS\code\branches\v1.0\CMS.Template\Complex\UserTemplate.cs:行号 65
   在 CMS.Template.Complex.UserTemplate.FromFile(String name, String filename) 位置 E:\comsite\svn\dev456\CMS\code\branches\v1.0\CMS.Template\Complex\UserTemplate.cs:行号 48
   在 CMS.Template.Complex.TemplateManager.FromFile(String filename, Boolean isPreview) 位置 E:\comsite\svn\dev456\CMS\code\branches\v1.0\CMS.Template\Complex\TemplateManager.cs:行号 60
   在 CMS.HtmlService.HtmlEngine.createManager(PageTemplate pageTemplate, Boolean isPreview) 位置 E:\comsite\svn\dev456\CMS\code\branches\v1.0\CMS.HTMLService\HtmlEngine.cs:行号 255
   在 CMS.HtmlService.HtmlEngine.CreateTemplatePage(Int32 templateId, Dictionary`2 paramDic) 位置 E:\comsite\svn\dev456\CMS\code\branches\v1.0\CMS.HTMLService\HtmlEngine.cs:行号 114
【异常信息】：Close tag for uptag doesn't have matching start tag.
【附加信息】:方法名：CreateTemplatePage，生成模板Id：82，模板名称：up首页，模板路径：/luo/upindex.shtml失败！
------------------------------------
【异常时间】：2014-01-06 14:26:53,547 [5] 
【异常级别】：ERROR 
【异常类型】：ParseException
【异常堆栈】：   在 CMS.Template.Parser.TagParser.CollectForTag(Tag tag, Int32& index) 位置 E:\comsite\svn\dev456\CMS\code\branches\v1.0\CMS.Template\Parser\TagParser.cs:行号 103
   在 CMS.Template.Parser.TagParser.CollectForTag(Tag tag, Int32& index) 位置 E:\comsite\svn\dev456\CMS\code\branches\v1.0\CMS.Template\Parser\TagParser.cs:行号 95
   在 CMS.Template.Parser.TagParser.CreateHierarchy() 位置 E:\comsite\svn\dev456\CMS\code\branches\v1.0\CMS.Template\Parser\TagParser.cs:行号 34
   在 CMS.Template.Complex.UserTemplate.FromString(String name, String data) 位置 E:\comsite\svn\dev456\CMS\code\branches\v1.0\CMS.Template\Complex\UserTemplate.cs:行号 65
   在 CMS.Template.Complex.UserTemplate.FromFile(String name, String filename) 位置 E:\comsite\svn\dev456\CMS\code\branches\v1.0\CMS.Template\Complex\UserTemplate.cs:行号 48
   在 CMS.Template.Complex.TemplateManager.FromFile(String filename, Boolean isPreview) 位置 E:\comsite\svn\dev456\CMS\code\branches\v1.0\CMS.Template\Complex\TemplateManager.cs:行号 60
   在 CMS.HtmlService.HtmlEngine.createManager(PageTemplate pageTemplate, Boolean isPreview) 位置 E:\comsite\svn\dev456\CMS\code\branches\v1.0\CMS.HTMLService\HtmlEngine.cs:行号 255
   在 CMS.HtmlService.HtmlEngine.CreateTemplatePage(Int32 templateId, Dictionary`2 paramDic) 位置 E:\comsite\svn\dev456\CMS\code\branches\v1.0\CMS.HTMLService\HtmlEngine.cs:行号 114
【异常信息】：Close tag for uptag doesn't have matching start tag.
【附加信息】:方法名：CreateTemplatePage，生成模板Id：82，模板名称：up首页，模板路径：/luo/upindex.shtml失败！
------------------------------------
【异常时间】：2014-01-06 14:28:10,646 [5] 
【异常级别】：ERROR 
【异常类型】：ParseException
【异常堆栈】：   在 CMS.Template.Parser.TagParser.CollectForTag(Tag tag, Int32& index) 位置 E:\comsite\svn\dev456\CMS\code\branches\v1.0\CMS.Template\Parser\TagParser.cs:行号 103
   在 CMS.Template.Parser.TagParser.CollectForTag(Tag tag, Int32& index) 位置 E:\comsite\svn\dev456\CMS\code\branches\v1.0\CMS.Template\Parser\TagParser.cs:行号 95
   在 CMS.Template.Parser.TagParser.CreateHierarchy() 位置 E:\comsite\svn\dev456\CMS\code\branches\v1.0\CMS.Template\Parser\TagParser.cs:行号 34
   在 CMS.Template.Complex.UserTemplate.FromString(String name, String data) 位置 E:\comsite\svn\dev456\CMS\code\branches\v1.0\CMS.Template\Complex\UserTemplate.cs:行号 65
   在 CMS.Template.Complex.UserTemplate.FromFile(String name, String filename) 位置 E:\comsite\svn\dev456\CMS\code\branches\v1.0\CMS.Template\Complex\UserTemplate.cs:行号 48
   在 CMS.Template.Complex.TemplateManager.FromFile(String filename, Boolean isPreview) 位置 E:\comsite\svn\dev456\CMS\code\branches\v1.0\CMS.Template\Complex\TemplateManager.cs:行号 60
   在 CMS.HtmlService.HtmlEngine.createManager(PageTemplate pageTemplate, Boolean isPreview) 位置 E:\comsite\svn\dev456\CMS\code\branches\v1.0\CMS.HTMLService\HtmlEngine.cs:行号 255
   在 CMS.HtmlService.HtmlEngine.CreateTemplatePage(Int32 templateId, Dictionary`2 paramDic) 位置 E:\comsite\svn\dev456\CMS\code\branches\v1.0\CMS.HTMLService\HtmlEngine.cs:行号 114
【异常信息】：Close tag for uptag doesn't have matching start tag.
【附加信息】:方法名：CreateTemplatePage，生成模板Id：82，模板名称：up首页，模板路径：/luo/upindex.shtml失败！
------------------------------------
【异常时间】：2014-01-06 14:28:36,292 [5] 
【异常级别】：ERROR 
【异常类型】：ParseException
【异常堆栈】：   在 CMS.Template.Parser.TagParser.CollectForTag(Tag tag, Int32& index) 位置 E:\comsite\svn\dev456\CMS\code\branches\v1.0\CMS.Template\Parser\TagParser.cs:行号 103
   在 CMS.Template.Parser.TagParser.CollectForTag(Tag tag, Int32& index) 位置 E:\comsite\svn\dev456\CMS\code\branches\v1.0\CMS.Template\Parser\TagParser.cs:行号 95
   在 CMS.Template.Parser.TagParser.CreateHierarchy() 位置 E:\comsite\svn\dev456\CMS\code\branches\v1.0\CMS.Template\Parser\TagParser.cs:行号 34
   在 CMS.Template.Complex.UserTemplate.FromString(String name, String data) 位置 E:\comsite\svn\dev456\CMS\code\branches\v1.0\CMS.Template\Complex\UserTemplate.cs:行号 65
   在 CMS.Template.Complex.UserTemplate.FromFile(String name, String filename) 位置 E:\comsite\svn\dev456\CMS\code\branches\v1.0\CMS.Template\Complex\UserTemplate.cs:行号 48
   在 CMS.Template.Complex.TemplateManager.FromFile(String filename, Boolean isPreview) 位置 E:\comsite\svn\dev456\CMS\code\branches\v1.0\CMS.Template\Complex\TemplateManager.cs:行号 60
   在 CMS.HtmlService.HtmlEngine.createManager(PageTemplate pageTemplate, Boolean isPreview) 位置 E:\comsite\svn\dev456\CMS\code\branches\v1.0\CMS.HTMLService\HtmlEngine.cs:行号 255
   在 CMS.HtmlService.HtmlEngine.CreateTemplatePage(Int32 templateId, Dictionary`2 paramDic) 位置 E:\comsite\svn\dev456\CMS\code\branches\v1.0\CMS.HTMLService\HtmlEngine.cs:行号 114
【异常信息】：Close tag for uptag doesn't have matching start tag.
【附加信息】:方法名：CreateTemplatePage，生成模板Id：82，模板名称：up首页，模板路径：/luo/upindex.shtml失败！
------------------------------------
【异常时间】：2014-01-06 14:40:46,732 [5] 
【异常级别】：ERROR 
模板不存在
------------------------------------
