【异常时间】：2014-06-10 13:25:18,282 [3] 
【异常级别】：ERROR 
模板不存在
------------------------------------
【异常时间】：2014-06-10 13:25:18,287 [3] 
【异常级别】：ERROR 
模板不存在
------------------------------------
【异常时间】：2014-06-10 13:25:18,292 [3] 
【异常级别】：ERROR 
模板不存在
------------------------------------
【异常时间】：2014-06-10 13:25:18,295 [3] 
【异常级别】：ERROR 
模板不存在
------------------------------------
【异常时间】：2014-06-10 13:25:19,365 [3] 
【异常级别】：ERROR 
模板不存在
------------------------------------
【异常时间】：2014-06-10 13:25:19,712 [3] 
【异常级别】：ERROR 
模板不存在
------------------------------------
【异常时间】：2014-06-10 13:25:19,933 [3] 
【异常级别】：ERROR 
【异常类型】：NotSupportedException
【异常堆栈】：   在 System.Security.Util.StringExpressionSet.CanonicalizePath(String path, Boolean needFullPath)
   在 System.Security.Util.StringExpressionSet.CreateListFromExpressions(String[] str, Boolean needFullPath)
   在 System.Security.Permissions.FileIOPermission.AddPathList(FileIOPermissionAccess access, AccessControlActions control, String[] pathListOrig, Boolean checkForDuplicates, Boolean needFullPath, Boolean copyPathList)
   在 System.Security.Permissions.FileIOPermission..ctor(FileIOPermissionAccess access, AccessControlActions control, String[] pathList, Boolean checkForDuplicates, Boolean needFullPath)
   在 System.IO.FileStream.Init(String path, FileMode mode, FileAccess access, Int32 rights, Boolean useRights, FileShare share, Int32 bufferSize, FileOptions options, SECURITY_ATTRIBUTES secAttrs, String msgPath, Boolean bFromProxy, Boolean useLongPath)
   在 System.IO.FileStream..ctor(String path, FileMode mode, FileAccess access, FileShare share, Int32 bufferSize)
   在 Common.FileHelper.WriteFile(String fullPath, String content, String encoding) 位置 E:\comsite\svn\dev456\CMS\code\branches\v1.0\Common\Helper\FileHelper.cs:行号 287
   在 CMS.HtmlService.HtmlEngine.CreateTemplatePage(Int32 templateId, Dictionary`2 paramDic) 位置 E:\comsite\svn\dev456\CMS\code\branches\v1.0\CMS.HTMLService\HtmlEngine.cs:行号 163
【异常信息】：不支持给定路径的格式。
【附加信息】:方法名：CreateTemplatePage，生成模板Id：85，模板名称：投资日历模版，模板路径：/luo/uptzrl.shtml失败！
------------------------------------
【异常时间】：2014-06-10 13:25:20,040 [3] 
【异常级别】：ERROR 
模板不存在
------------------------------------
【异常时间】：2014-06-10 13:25:20,044 [3] 
【异常级别】：ERROR 
模板不存在
------------------------------------
【异常时间】：2014-06-10 13:25:20,048 [3] 
【异常级别】：ERROR 
模板不存在
------------------------------------
【异常时间】：2014-06-10 13:25:20,052 [3] 
【异常级别】：ERROR 
模板不存在
------------------------------------
【异常时间】：2014-06-10 13:25:20,056 [3] 
【异常级别】：ERROR 
模板不存在
------------------------------------
【异常时间】：2014-06-10 13:25:20,060 [3] 
【异常级别】：ERROR 
模板不存在
------------------------------------
【异常时间】：2014-06-10 13:25:20,063 [3] 
【异常级别】：ERROR 
模板不存在
------------------------------------
【异常时间】：2014-06-10 13:25:20,067 [3] 
【异常级别】：ERROR 
模板不存在
------------------------------------
【异常时间】：2014-06-10 13:25:20,073 [3] 
【异常级别】：ERROR 
模板不存在
------------------------------------
【异常时间】：2014-06-10 13:25:20,077 [3] 
【异常级别】：ERROR 
模板不存在
------------------------------------
【异常时间】：2014-06-10 13:25:20,081 [3] 
【异常级别】：ERROR 
模板不存在
------------------------------------
【异常时间】：2014-06-10 13:25:20,086 [3] 
【异常级别】：ERROR 
模板不存在
------------------------------------
【异常时间】：2014-06-10 13:25:20,090 [3] 
【异常级别】：ERROR 
模板不存在
------------------------------------
【异常时间】：2014-06-10 13:25:20,094 [3] 
【异常级别】：ERROR 
模板不存在
------------------------------------
【异常时间】：2014-06-10 13:26:05,049 [3] 
【异常级别】：ERROR 
模板不存在
------------------------------------
【异常时间】：2014-06-10 13:26:05,053 [3] 
【异常级别】：ERROR 
模板不存在
------------------------------------
【异常时间】：2014-06-10 13:26:05,057 [3] 
【异常级别】：ERROR 
模板不存在
------------------------------------
【异常时间】：2014-06-10 13:26:05,061 [3] 
【异常级别】：ERROR 
模板不存在
------------------------------------
【异常时间】：2014-06-10 13:26:05,344 [3] 
【异常级别】：ERROR 
模板不存在
------------------------------------
【异常时间】：2014-06-10 13:26:05,631 [3] 
【异常级别】：ERROR 
模板不存在
------------------------------------
【异常时间】：2014-06-10 13:26:05,675 [3] 
【异常级别】：ERROR 
【异常类型】：NotSupportedException
【异常堆栈】：   在 System.Security.Util.StringExpressionSet.CanonicalizePath(String path, Boolean needFullPath)
   在 System.Security.Util.StringExpressionSet.CreateListFromExpressions(String[] str, Boolean needFullPath)
   在 System.Security.Permissions.FileIOPermission.AddPathList(FileIOPermissionAccess access, AccessControlActions control, String[] pathListOrig, Boolean checkForDuplicates, Boolean needFullPath, Boolean copyPathList)
   在 System.Security.Permissions.FileIOPermission..ctor(FileIOPermissionAccess access, AccessControlActions control, String[] pathList, Boolean checkForDuplicates, Boolean needFullPath)
   在 System.IO.FileStream.Init(String path, FileMode mode, FileAccess access, Int32 rights, Boolean useRights, FileShare share, Int32 bufferSize, FileOptions options, SECURITY_ATTRIBUTES secAttrs, String msgPath, Boolean bFromProxy, Boolean useLongPath)
   在 System.IO.FileStream..ctor(String path, FileMode mode, FileAccess access, FileShare share, Int32 bufferSize)
   在 Common.FileHelper.WriteFile(String fullPath, String content, String encoding) 位置 E:\comsite\svn\dev456\CMS\code\branches\v1.0\Common\Helper\FileHelper.cs:行号 287
   在 CMS.HtmlService.HtmlEngine.CreateTemplatePage(Int32 templateId, Dictionary`2 paramDic) 位置 E:\comsite\svn\dev456\CMS\code\branches\v1.0\CMS.HTMLService\HtmlEngine.cs:行号 163
【异常信息】：不支持给定路径的格式。
【附加信息】:方法名：CreateTemplatePage，生成模板Id：85，模板名称：投资日历模版，模板路径：/luo/uptzrl.shtml失败！
------------------------------------
【异常时间】：2014-06-10 13:26:05,735 [3] 
【异常级别】：ERROR 
模板不存在
------------------------------------
【异常时间】：2014-06-10 13:26:05,739 [3] 
【异常级别】：ERROR 
模板不存在
------------------------------------
【异常时间】：2014-06-10 13:26:05,742 [3] 
【异常级别】：ERROR 
模板不存在
------------------------------------
【异常时间】：2014-06-10 13:26:05,746 [3] 
【异常级别】：ERROR 
模板不存在
------------------------------------
【异常时间】：2014-06-10 13:26:05,749 [3] 
【异常级别】：ERROR 
模板不存在
------------------------------------
【异常时间】：2014-06-10 13:26:05,752 [3] 
【异常级别】：ERROR 
模板不存在
------------------------------------
【异常时间】：2014-06-10 13:26:05,756 [3] 
【异常级别】：ERROR 
模板不存在
------------------------------------
【异常时间】：2014-06-10 13:26:05,758 [3] 
【异常级别】：ERROR 
模板不存在
------------------------------------
【异常时间】：2014-06-10 13:26:05,761 [3] 
【异常级别】：ERROR 
模板不存在
------------------------------------
【异常时间】：2014-06-10 13:26:05,764 [3] 
【异常级别】：ERROR 
模板不存在
------------------------------------
【异常时间】：2014-06-10 13:26:05,766 [3] 
【异常级别】：ERROR 
模板不存在
------------------------------------
【异常时间】：2014-06-10 13:26:05,769 [3] 
【异常级别】：ERROR 
模板不存在
------------------------------------
【异常时间】：2014-06-10 13:26:05,772 [3] 
【异常级别】：ERROR 
模板不存在
------------------------------------
【异常时间】：2014-06-10 13:26:05,775 [3] 
【异常级别】：ERROR 
模板不存在
------------------------------------
【异常时间】：2014-06-10 13:26:14,557 [3] 
【异常级别】：ERROR 
模板不存在
------------------------------------
【异常时间】：2014-06-10 13:26:14,561 [3] 
【异常级别】：ERROR 
模板不存在
------------------------------------
【异常时间】：2014-06-10 13:26:14,565 [3] 
【异常级别】：ERROR 
模板不存在
------------------------------------
【异常时间】：2014-06-10 13:26:14,569 [3] 
【异常级别】：ERROR 
模板不存在
------------------------------------
【异常时间】：2014-06-10 13:26:14,857 [3] 
【异常级别】：ERROR 
模板不存在
------------------------------------
【异常时间】：2014-06-10 13:26:15,113 [3] 
【异常级别】：ERROR 
模板不存在
------------------------------------
【异常时间】：2014-06-10 13:26:15,155 [3] 
【异常级别】：ERROR 
【异常类型】：NotSupportedException
【异常堆栈】：   在 System.Security.Util.StringExpressionSet.CanonicalizePath(String path, Boolean needFullPath)
   在 System.Security.Util.StringExpressionSet.CreateListFromExpressions(String[] str, Boolean needFullPath)
   在 System.Security.Permissions.FileIOPermission.AddPathList(FileIOPermissionAccess access, AccessControlActions control, String[] pathListOrig, Boolean checkForDuplicates, Boolean needFullPath, Boolean copyPathList)
   在 System.Security.Permissions.FileIOPermission..ctor(FileIOPermissionAccess access, AccessControlActions control, String[] pathList, Boolean checkForDuplicates, Boolean needFullPath)
   在 System.IO.FileStream.Init(String path, FileMode mode, FileAccess access, Int32 rights, Boolean useRights, FileShare share, Int32 bufferSize, FileOptions options, SECURITY_ATTRIBUTES secAttrs, String msgPath, Boolean bFromProxy, Boolean useLongPath)
   在 System.IO.FileStream..ctor(String path, FileMode mode, FileAccess access, FileShare share, Int32 bufferSize)
   在 Common.FileHelper.WriteFile(String fullPath, String content, String encoding) 位置 E:\comsite\svn\dev456\CMS\code\branches\v1.0\Common\Helper\FileHelper.cs:行号 287
   在 CMS.HtmlService.HtmlEngine.CreateTemplatePage(Int32 templateId, Dictionary`2 paramDic) 位置 E:\comsite\svn\dev456\CMS\code\branches\v1.0\CMS.HTMLService\HtmlEngine.cs:行号 163
【异常信息】：不支持给定路径的格式。
【附加信息】:方法名：CreateTemplatePage，生成模板Id：85，模板名称：投资日历模版，模板路径：/luo/uptzrl.shtml失败！
------------------------------------
【异常时间】：2014-06-10 13:26:15,213 [3] 
【异常级别】：ERROR 
模板不存在
------------------------------------
【异常时间】：2014-06-10 13:26:15,217 [3] 
【异常级别】：ERROR 
模板不存在
------------------------------------
【异常时间】：2014-06-10 13:26:15,221 [3] 
【异常级别】：ERROR 
模板不存在
------------------------------------
【异常时间】：2014-06-10 13:26:15,224 [3] 
【异常级别】：ERROR 
模板不存在
------------------------------------
【异常时间】：2014-06-10 13:26:15,228 [3] 
【异常级别】：ERROR 
模板不存在
------------------------------------
【异常时间】：2014-06-10 13:26:15,231 [3] 
【异常级别】：ERROR 
模板不存在
------------------------------------
【异常时间】：2014-06-10 13:26:15,235 [3] 
【异常级别】：ERROR 
模板不存在
------------------------------------
【异常时间】：2014-06-10 13:26:15,239 [3] 
【异常级别】：ERROR 
模板不存在
------------------------------------
【异常时间】：2014-06-10 13:26:15,243 [3] 
【异常级别】：ERROR 
模板不存在
------------------------------------
【异常时间】：2014-06-10 13:26:15,247 [3] 
【异常级别】：ERROR 
模板不存在
------------------------------------
【异常时间】：2014-06-10 13:26:15,251 [3] 
【异常级别】：ERROR 
模板不存在
------------------------------------
【异常时间】：2014-06-10 13:26:15,255 [3] 
【异常级别】：ERROR 
模板不存在
------------------------------------
【异常时间】：2014-06-10 13:26:15,259 [3] 
【异常级别】：ERROR 
模板不存在
------------------------------------
【异常时间】：2014-06-10 13:26:15,262 [3] 
【异常级别】：ERROR 
模板不存在
------------------------------------
