【异常时间】：2014-04-10 09:50:55,992 [3] 
【异常级别】：ERROR 
【异常类型】：ArgumentNullException
【异常堆栈】：   在 CMS.HtmlService.HtmlEngine.CreateSingleNews(Int32 newsId, String operateType) 位置 E:\comsite\svn\dev456\CMS\code\branches\v1.0\CMS.HTMLService\HtmlEngine.cs:行号 39
   在 SyncInvokeCreateSingleNews(Object , Object[] , Object[] )
   在 System.ServiceModel.Dispatcher.SyncMethodInvoker.Invoke(Object instance, Object[] inputs, Object[]& outputs)
   在 System.ServiceModel.Dispatcher.DispatchOperationRuntime.InvokeBegin(MessageRpc& rpc)
   在 System.ServiceModel.Dispatcher.ImmutableDispatchRuntime.ProcessMessage5(MessageRpc& rpc)
   在 System.ServiceModel.Dispatcher.ImmutableDispatchRuntime.ProcessMessage41(MessageRpc& rpc)
   在 System.ServiceModel.Dispatcher.ImmutableDispatchRuntime.ProcessMessage4(MessageRpc& rpc)
   在 System.ServiceModel.Dispatcher.ImmutableDispatchRuntime.ProcessMessage31(MessageRpc& rpc)
   在 System.ServiceModel.Dispatcher.ImmutableDispatchRuntime.ProcessMessage3(MessageRpc& rpc)
   在 System.ServiceModel.Dispatcher.ImmutableDispatchRuntime.ProcessMessage2(MessageRpc& rpc)
   在 System.ServiceModel.Dispatcher.ImmutableDispatchRuntime.ProcessMessage11(MessageRpc& rpc)
   在 System.ServiceModel.Dispatcher.ImmutableDispatchRuntime.ProcessMessage1(MessageRpc& rpc)
   在 System.ServiceModel.Dispatcher.MessageRpc.Process(Boolean isOperationContextSet)
【异常信息】：值不能为 null。
参数名: newsid:1
------------------------------------
【异常时间】：2014-04-10 09:50:56,073 [3] 
【异常级别】：ERROR 
【异常类型】：ArgumentNullException
【异常堆栈】：   在 CMS.HtmlService.HtmlEngine.CreateSingleNews(Int32 newsId, String operateType) 位置 E:\comsite\svn\dev456\CMS\code\branches\v1.0\CMS.HTMLService\HtmlEngine.cs:行号 39
   在 SyncInvokeCreateSingleNews(Object , Object[] , Object[] )
   在 System.ServiceModel.Dispatcher.SyncMethodInvoker.Invoke(Object instance, Object[] inputs, Object[]& outputs)
   在 System.ServiceModel.Dispatcher.DispatchOperationRuntime.InvokeBegin(MessageRpc& rpc)
   在 System.ServiceModel.Dispatcher.ImmutableDispatchRuntime.ProcessMessage5(MessageRpc& rpc)
   在 System.ServiceModel.Dispatcher.ImmutableDispatchRuntime.ProcessMessage41(MessageRpc& rpc)
   在 System.ServiceModel.Dispatcher.ImmutableDispatchRuntime.ProcessMessage4(MessageRpc& rpc)
   在 System.ServiceModel.Dispatcher.ImmutableDispatchRuntime.ProcessMessage31(MessageRpc& rpc)
   在 System.ServiceModel.Dispatcher.ImmutableDispatchRuntime.ProcessMessage3(MessageRpc& rpc)
   在 System.ServiceModel.Dispatcher.ImmutableDispatchRuntime.ProcessMessage2(MessageRpc& rpc)
   在 System.ServiceModel.Dispatcher.ImmutableDispatchRuntime.ProcessMessage11(MessageRpc& rpc)
   在 System.ServiceModel.Dispatcher.ImmutableDispatchRuntime.ProcessMessage1(MessageRpc& rpc)
   在 System.ServiceModel.Dispatcher.MessageRpc.Process(Boolean isOperationContextSet)
【异常信息】：值不能为 null。
参数名: newsid:1
------------------------------------
【异常时间】：2014-04-10 09:54:02,412 [5] 
【异常级别】：ERROR 
【异常类型】：ArgumentNullException
【异常堆栈】：   在 CMS.HtmlService.HtmlEngine.CreateSingleNews(Int32 newsId, String operateType) 位置 E:\comsite\svn\dev456\CMS\code\branches\v1.0\CMS.HTMLService\HtmlEngine.cs:行号 39
   在 SyncInvokeCreateSingleNews(Object , Object[] , Object[] )
   在 System.ServiceModel.Dispatcher.SyncMethodInvoker.Invoke(Object instance, Object[] inputs, Object[]& outputs)
   在 System.ServiceModel.Dispatcher.DispatchOperationRuntime.InvokeBegin(MessageRpc& rpc)
   在 System.ServiceModel.Dispatcher.ImmutableDispatchRuntime.ProcessMessage5(MessageRpc& rpc)
   在 System.ServiceModel.Dispatcher.ImmutableDispatchRuntime.ProcessMessage41(MessageRpc& rpc)
   在 System.ServiceModel.Dispatcher.ImmutableDispatchRuntime.ProcessMessage4(MessageRpc& rpc)
   在 System.ServiceModel.Dispatcher.ImmutableDispatchRuntime.ProcessMessage31(MessageRpc& rpc)
   在 System.ServiceModel.Dispatcher.ImmutableDispatchRuntime.ProcessMessage3(MessageRpc& rpc)
   在 System.ServiceModel.Dispatcher.ImmutableDispatchRuntime.ProcessMessage2(MessageRpc& rpc)
   在 System.ServiceModel.Dispatcher.ImmutableDispatchRuntime.ProcessMessage11(MessageRpc& rpc)
   在 System.ServiceModel.Dispatcher.ImmutableDispatchRuntime.ProcessMessage1(MessageRpc& rpc)
   在 System.ServiceModel.Dispatcher.MessageRpc.Process(Boolean isOperationContextSet)
【异常信息】：值不能为 null。
参数名: newsid:0
------------------------------------
【异常时间】：2014-04-10 09:54:02,473 [5] 
【异常级别】：ERROR 
【异常类型】：ArgumentNullException
【异常堆栈】：   在 CMS.HtmlService.HtmlEngine.CreateSingleNews(Int32 newsId, String operateType) 位置 E:\comsite\svn\dev456\CMS\code\branches\v1.0\CMS.HTMLService\HtmlEngine.cs:行号 39
   在 SyncInvokeCreateSingleNews(Object , Object[] , Object[] )
   在 System.ServiceModel.Dispatcher.SyncMethodInvoker.Invoke(Object instance, Object[] inputs, Object[]& outputs)
   在 System.ServiceModel.Dispatcher.DispatchOperationRuntime.InvokeBegin(MessageRpc& rpc)
   在 System.ServiceModel.Dispatcher.ImmutableDispatchRuntime.ProcessMessage5(MessageRpc& rpc)
   在 System.ServiceModel.Dispatcher.ImmutableDispatchRuntime.ProcessMessage41(MessageRpc& rpc)
   在 System.ServiceModel.Dispatcher.ImmutableDispatchRuntime.ProcessMessage4(MessageRpc& rpc)
   在 System.ServiceModel.Dispatcher.ImmutableDispatchRuntime.ProcessMessage31(MessageRpc& rpc)
   在 System.ServiceModel.Dispatcher.ImmutableDispatchRuntime.ProcessMessage3(MessageRpc& rpc)
   在 System.ServiceModel.Dispatcher.ImmutableDispatchRuntime.ProcessMessage2(MessageRpc& rpc)
   在 System.ServiceModel.Dispatcher.ImmutableDispatchRuntime.ProcessMessage11(MessageRpc& rpc)
   在 System.ServiceModel.Dispatcher.ImmutableDispatchRuntime.ProcessMessage1(MessageRpc& rpc)
   在 System.ServiceModel.Dispatcher.MessageRpc.Process(Boolean isOperationContextSet)
【异常信息】：值不能为 null。
参数名: newsid:0
------------------------------------
【异常时间】：2014-04-10 10:46:20,808 [5] 
【异常级别】：ERROR 
【异常类型】：SqlException
【异常堆栈】：   在 System.Data.SqlClient.SqlConnection.OnError(SqlException exception, Boolean breakConnection)
   在 System.Data.SqlClient.SqlInternalConnection.OnError(SqlException exception, Boolean breakConnection)
   在 System.Data.SqlClient.TdsParser.ThrowExceptionAndWarning()
   在 System.Data.SqlClient.TdsParserStateObject.WriteSni()
   在 System.Data.SqlClient.TdsParserStateObject.WritePacket(Byte flushMode)
   在 System.Data.SqlClient.TdsParserStateObject.ExecuteFlush()
   在 System.Data.SqlClient.TdsParser.TdsExecuteRPC(_SqlRPC[] rpcArray, Int32 timeout, Boolean inSchema, SqlNotificationRequest notificationRequest, TdsParserStateObject stateObj, Boolean isCommandProc)
   在 System.Data.SqlClient.SqlCommand.RunExecuteReaderTds(CommandBehavior cmdBehavior, RunBehavior runBehavior, Boolean returnStream, Boolean async)
   在 System.Data.SqlClient.SqlCommand.RunExecuteReader(CommandBehavior cmdBehavior, RunBehavior runBehavior, Boolean returnStream, String method, DbAsyncResult result)
   在 System.Data.SqlClient.SqlCommand.RunExecuteReader(CommandBehavior cmdBehavior, RunBehavior runBehavior, Boolean returnStream, String method)
   在 System.Data.SqlClient.SqlCommand.ExecuteReader(CommandBehavior behavior, String method)
   在 System.Data.SqlClient.SqlCommand.ExecuteReader()
   在 System.Data.SqlClient.SqlCommand.DeriveParameters()
   在 System.Data.SqlClient.SqlCommandBuilder.DeriveParameters(SqlCommand command)
   在 Common.SqlHelperParameterCache.DiscoverSpParameterSet(SqlConnection connection, String spName, Boolean includeReturnValueParameter) 位置 E:\comsite\svn\dev456\CMS\code\branches\v1.0\Common\AdoNet\SQLHelper.cs:行号 2413
   在 Common.SqlHelperParameterCache.GetSpParameterSetInternal(String connectionString, String spName, Boolean includeReturnValueParameter) 位置 E:\comsite\svn\dev456\CMS\code\branches\v1.0\Common\AdoNet\SQLHelper.cs:行号 2619
   在 Common.SqlHelperParameterCache.GetSpParameterSet(String connectionString, String spName) 位置 E:\comsite\svn\dev456\CMS\code\branches\v1.0\Common\AdoNet\SQLHelper.cs:行号 2513
   在 CMS.DAL.NewsDAL.GetNewsInfo(Int32 newsId) 位置 E:\comsite\svn\dev456\CMS\code\branches\v1.0\CMS.DAL\Ext\NewsDAL.cs:行号 128
   在 CMS.BLL.NewsBLL.GetNewsInfo(Int32 newsId) 位置 E:\comsite\svn\dev456\CMS\code\branches\v1.0\CMS.BLL\Ext\NewsBLL.cs:行号 55
   在 CMS.HtmlService.HtmlEngine.getNews(Int32 newsId) 位置 E:\comsite\svn\dev456\CMS\code\branches\v1.0\CMS.HTMLService\HtmlEngine.cs:行号 278
   在 CMS.HtmlService.HtmlEngine.CreateSingleNews(Int32 newsId, String operateType) 位置 E:\comsite\svn\dev456\CMS\code\branches\v1.0\CMS.HTMLService\HtmlEngine.cs:行号 37
   在 SyncInvokeCreateSingleNews(Object , Object[] , Object[] )
   在 System.ServiceModel.Dispatcher.SyncMethodInvoker.Invoke(Object instance, Object[] inputs, Object[]& outputs)
   在 System.ServiceModel.Dispatcher.DispatchOperationRuntime.InvokeBegin(MessageRpc& rpc)
   在 System.ServiceModel.Dispatcher.ImmutableDispatchRuntime.ProcessMessage5(MessageRpc& rpc)
   在 System.ServiceModel.Dispatcher.ImmutableDispatchRuntime.ProcessMessage41(MessageRpc& rpc)
   在 System.ServiceModel.Dispatcher.ImmutableDispatchRuntime.ProcessMessage4(MessageRpc& rpc)
   在 System.ServiceModel.Dispatcher.ImmutableDispatchRuntime.ProcessMessage31(MessageRpc& rpc)
   在 System.ServiceModel.Dispatcher.ImmutableDispatchRuntime.ProcessMessage3(MessageRpc& rpc)
   在 System.ServiceModel.Dispatcher.ImmutableDispatchRuntime.ProcessMessage2(MessageRpc& rpc)
   在 System.ServiceModel.Dispatcher.ImmutableDispatchRuntime.ProcessMessage11(MessageRpc& rpc)
   在 System.ServiceModel.Dispatcher.ImmutableDispatchRuntime.ProcessMessage1(MessageRpc& rpc)
   在 System.ServiceModel.Dispatcher.MessageRpc.Process(Boolean isOperationContextSet)
【异常信息】：在向服务器发送请求时发生传输级错误。 (provider: TCP Provider, error: 0 - 远程主机强迫关闭了一个现有的连接。)
------------------------------------
【异常时间】：2014-04-10 10:46:20,937 [5] 
【异常级别】：ERROR 
【异常类型】：SqlException
【异常堆栈】：   在 System.Data.SqlClient.SqlConnection.OnError(SqlException exception, Boolean breakConnection)
   在 System.Data.SqlClient.SqlInternalConnection.OnError(SqlException exception, Boolean breakConnection)
   在 System.Data.SqlClient.TdsParser.ThrowExceptionAndWarning()
   在 System.Data.SqlClient.TdsParserStateObject.WriteSni()
   在 System.Data.SqlClient.TdsParserStateObject.WritePacket(Byte flushMode)
   在 System.Data.SqlClient.TdsParserStateObject.ExecuteFlush()
   在 System.Data.SqlClient.TdsParser.TdsExecuteRPC(_SqlRPC[] rpcArray, Int32 timeout, Boolean inSchema, SqlNotificationRequest notificationRequest, TdsParserStateObject stateObj, Boolean isCommandProc)
   在 System.Data.SqlClient.SqlCommand.RunExecuteReaderTds(CommandBehavior cmdBehavior, RunBehavior runBehavior, Boolean returnStream, Boolean async)
   在 System.Data.SqlClient.SqlCommand.RunExecuteReader(CommandBehavior cmdBehavior, RunBehavior runBehavior, Boolean returnStream, String method, DbAsyncResult result)
   在 System.Data.SqlClient.SqlCommand.RunExecuteReader(CommandBehavior cmdBehavior, RunBehavior runBehavior, Boolean returnStream, String method)
   在 System.Data.SqlClient.SqlCommand.ExecuteReader(CommandBehavior behavior, String method)
   在 System.Data.SqlClient.SqlCommand.ExecuteReader()
   在 System.Data.SqlClient.SqlCommand.DeriveParameters()
   在 System.Data.SqlClient.SqlCommandBuilder.DeriveParameters(SqlCommand command)
   在 Common.SqlHelperParameterCache.DiscoverSpParameterSet(SqlConnection connection, String spName, Boolean includeReturnValueParameter) 位置 E:\comsite\svn\dev456\CMS\code\branches\v1.0\Common\AdoNet\SQLHelper.cs:行号 2413
   在 Common.SqlHelperParameterCache.GetSpParameterSetInternal(String connectionString, String spName, Boolean includeReturnValueParameter) 位置 E:\comsite\svn\dev456\CMS\code\branches\v1.0\Common\AdoNet\SQLHelper.cs:行号 2619
   在 Common.SqlHelperParameterCache.GetSpParameterSet(String connectionString, String spName) 位置 E:\comsite\svn\dev456\CMS\code\branches\v1.0\Common\AdoNet\SQLHelper.cs:行号 2513
   在 CMS.DAL.NewsDAL.GetNewsInfo(Int32 newsId) 位置 E:\comsite\svn\dev456\CMS\code\branches\v1.0\CMS.DAL\Ext\NewsDAL.cs:行号 128
   在 CMS.BLL.NewsBLL.GetNewsInfo(Int32 newsId) 位置 E:\comsite\svn\dev456\CMS\code\branches\v1.0\CMS.BLL\Ext\NewsBLL.cs:行号 55
   在 CMS.HtmlService.HtmlEngine.getNews(Int32 newsId) 位置 E:\comsite\svn\dev456\CMS\code\branches\v1.0\CMS.HTMLService\HtmlEngine.cs:行号 278
   在 CMS.HtmlService.HtmlEngine.CreateSingleNews(Int32 newsId, String operateType) 位置 E:\comsite\svn\dev456\CMS\code\branches\v1.0\CMS.HTMLService\HtmlEngine.cs:行号 37
   在 SyncInvokeCreateSingleNews(Object , Object[] , Object[] )
   在 System.ServiceModel.Dispatcher.SyncMethodInvoker.Invoke(Object instance, Object[] inputs, Object[]& outputs)
   在 System.ServiceModel.Dispatcher.DispatchOperationRuntime.InvokeBegin(MessageRpc& rpc)
   在 System.ServiceModel.Dispatcher.ImmutableDispatchRuntime.ProcessMessage5(MessageRpc& rpc)
   在 System.ServiceModel.Dispatcher.ImmutableDispatchRuntime.ProcessMessage41(MessageRpc& rpc)
   在 System.ServiceModel.Dispatcher.ImmutableDispatchRuntime.ProcessMessage4(MessageRpc& rpc)
   在 System.ServiceModel.Dispatcher.ImmutableDispatchRuntime.ProcessMessage31(MessageRpc& rpc)
   在 System.ServiceModel.Dispatcher.ImmutableDispatchRuntime.ProcessMessage3(MessageRpc& rpc)
   在 System.ServiceModel.Dispatcher.ImmutableDispatchRuntime.ProcessMessage2(MessageRpc& rpc)
   在 System.ServiceModel.Dispatcher.ImmutableDispatchRuntime.ProcessMessage11(MessageRpc& rpc)
   在 System.ServiceModel.Dispatcher.ImmutableDispatchRuntime.ProcessMessage1(MessageRpc& rpc)
   在 System.ServiceModel.Dispatcher.MessageRpc.Process(Boolean isOperationContextSet)
【异常信息】：在向服务器发送请求时发生传输级错误。 (provider: TCP Provider, error: 0 - 远程主机强迫关闭了一个现有的连接。)
------------------------------------
【异常时间】：2014-04-10 15:36:34,327 [4] 
【异常级别】：ERROR 
【异常类型】：FileNotFoundException
【异常堆栈】：   在 System.IO.__Error.WinIOError(Int32 errorCode, String maybeFullPath)
   在 System.IO.FileStream.Init(String path, FileMode mode, FileAccess access, Int32 rights, Boolean useRights, FileShare share, Int32 bufferSize, FileOptions options, SECURITY_ATTRIBUTES secAttrs, String msgPath, Boolean bFromProxy, Boolean useLongPath)
   在 System.IO.FileStream..ctor(String path, FileMode mode, FileAccess access, FileShare share, Int32 bufferSize, FileOptions options)
   在 System.IO.StreamReader..ctor(String path, Encoding encoding, Boolean detectEncodingFromByteOrderMarks, Int32 bufferSize)
   在 System.IO.StreamReader..ctor(String path)
   在 CMS.Template.Complex.UserTemplate.FromFile(String name, String filename) 位置 E:\comsite\svn\dev456\CMS\code\branches\v1.0\CMS.Template\Complex\UserTemplate.cs:行号 45
   在 CMS.Template.Complex.TemplateManager.FromFile(String filename, Boolean isPreview) 位置 E:\comsite\svn\dev456\CMS\code\branches\v1.0\CMS.Template\Complex\TemplateManager.cs:行号 61
   在 CMS.HtmlService.HtmlEngine.createManager(PageTemplate pageTemplate, Boolean isPreview) 位置 E:\comsite\svn\dev456\CMS\code\branches\v1.0\CMS.HTMLService\HtmlEngine.cs:行号 256
   在 CMS.HtmlService.HtmlEngine.CreateTemplatePage(Int32 templateId, Dictionary`2 paramDic) 位置 E:\comsite\svn\dev456\CMS\code\branches\v1.0\CMS.HTMLService\HtmlEngine.cs:行号 115
【异常信息】：未能找到文件“E:\comsite\svn\dev456\CMS\code\branches\v1.0\CMS.HtmlService.WinService\template\luo\vip\sddy.shtml”。
【附加信息】:方法名：CreateTemplatePage，生成模板Id：120，模板名称：深度调研，模板路径：/luo/vip/sddy.shtml失败！
------------------------------------
【异常时间】：2014-04-10 15:47:05,080 [5] 
【异常级别】：ERROR 
【异常类型】：FileNotFoundException
【异常堆栈】：   在 System.IO.__Error.WinIOError(Int32 errorCode, String maybeFullPath)
   在 System.IO.FileStream.Init(String path, FileMode mode, FileAccess access, Int32 rights, Boolean useRights, FileShare share, Int32 bufferSize, FileOptions options, SECURITY_ATTRIBUTES secAttrs, String msgPath, Boolean bFromProxy, Boolean useLongPath)
   在 System.IO.FileStream..ctor(String path, FileMode mode, FileAccess access, FileShare share, Int32 bufferSize, FileOptions options)
   在 System.IO.StreamReader..ctor(String path, Encoding encoding, Boolean detectEncodingFromByteOrderMarks, Int32 bufferSize)
   在 System.IO.StreamReader..ctor(String path)
   在 CMS.Template.Complex.UserTemplate.FromFile(String name, String filename) 位置 E:\comsite\svn\dev456\CMS\code\branches\v1.0\CMS.Template\Complex\UserTemplate.cs:行号 45
   在 CMS.Template.Complex.TemplateManager.FromFile(String filename, Boolean isPreview) 位置 E:\comsite\svn\dev456\CMS\code\branches\v1.0\CMS.Template\Complex\TemplateManager.cs:行号 61
   在 CMS.HtmlService.HtmlEngine.createManager(PageTemplate pageTemplate, Boolean isPreview) 位置 E:\comsite\svn\dev456\CMS\code\branches\v1.0\CMS.HTMLService\HtmlEngine.cs:行号 256
   在 CMS.HtmlService.HtmlEngine.CreateTemplatePage(Int32 templateId, Dictionary`2 paramDic) 位置 E:\comsite\svn\dev456\CMS\code\branches\v1.0\CMS.HTMLService\HtmlEngine.cs:行号 115
【异常信息】：未能找到文件“E:\comsite\svn\dev456\CMS\code\branches\v1.0\CMS.HtmlService.WinService\template\luo\vip\sddy.shtml”。
【附加信息】:方法名：CreateTemplatePage，生成模板Id：120，模板名称：深度调研，模板路径：/luo/vip/sddy.shtml失败！
------------------------------------
【异常时间】：2014-04-10 17:38:36,398 [4] 
【异常级别】：ERROR 
【异常类型】：FileNotFoundException
【异常堆栈】：   在 System.IO.__Error.WinIOError(Int32 errorCode, String maybeFullPath)
   在 System.IO.FileStream.Init(String path, FileMode mode, FileAccess access, Int32 rights, Boolean useRights, FileShare share, Int32 bufferSize, FileOptions options, SECURITY_ATTRIBUTES secAttrs, String msgPath, Boolean bFromProxy, Boolean useLongPath)
   在 System.IO.FileStream..ctor(String path, FileMode mode, FileAccess access, FileShare share, Int32 bufferSize, FileOptions options)
   在 System.IO.StreamReader..ctor(String path, Encoding encoding, Boolean detectEncodingFromByteOrderMarks, Int32 bufferSize)
   在 System.IO.StreamReader..ctor(String path)
   在 CMS.Template.Complex.UserTemplate.FromFile(String name, String filename) 位置 E:\comsite\svn\dev456\CMS\code\branches\v1.0\CMS.Template\Complex\UserTemplate.cs:行号 45
   在 CMS.Template.Complex.TemplateManager.FromFile(String filename, Boolean isPreview) 位置 E:\comsite\svn\dev456\CMS\code\branches\v1.0\CMS.Template\Complex\TemplateManager.cs:行号 61
   在 CMS.HtmlService.HtmlEngine.createManager(PageTemplate pageTemplate, Boolean isPreview) 位置 E:\comsite\svn\dev456\CMS\code\branches\v1.0\CMS.HTMLService\HtmlEngine.cs:行号 256
   在 CMS.HtmlService.HtmlEngine.CreateTemplatePage(Int32 templateId, Dictionary`2 paramDic) 位置 E:\comsite\svn\dev456\CMS\code\branches\v1.0\CMS.HTMLService\HtmlEngine.cs:行号 115
【异常信息】：未能找到文件“E:\comsite\svn\dev456\CMS\code\branches\v1.0\CMS.HtmlService.WinService\template\luo\vip\sddy.shtml”。
【附加信息】:方法名：CreateTemplatePage，生成模板Id：120，模板名称：深度调研，模板路径：/luo/vip/sddy.shtml失败！
------------------------------------
【异常时间】：2014-04-10 17:38:37,293 [4] 
【异常级别】：ERROR 
【异常类型】：FileNotFoundException
【异常堆栈】：   在 System.IO.__Error.WinIOError(Int32 errorCode, String maybeFullPath)
   在 System.IO.FileStream.Init(String path, FileMode mode, FileAccess access, Int32 rights, Boolean useRights, FileShare share, Int32 bufferSize, FileOptions options, SECURITY_ATTRIBUTES secAttrs, String msgPath, Boolean bFromProxy, Boolean useLongPath)
   在 System.IO.FileStream..ctor(String path, FileMode mode, FileAccess access, FileShare share, Int32 bufferSize, FileOptions options)
   在 System.IO.StreamReader..ctor(String path, Encoding encoding, Boolean detectEncodingFromByteOrderMarks, Int32 bufferSize)
   在 System.IO.StreamReader..ctor(String path)
   在 CMS.Template.Complex.UserTemplate.FromFile(String name, String filename) 位置 E:\comsite\svn\dev456\CMS\code\branches\v1.0\CMS.Template\Complex\UserTemplate.cs:行号 45
   在 CMS.Template.Complex.TemplateManager.FromFile(String filename, Boolean isPreview) 位置 E:\comsite\svn\dev456\CMS\code\branches\v1.0\CMS.Template\Complex\TemplateManager.cs:行号 61
   在 CMS.HtmlService.HtmlEngine.createManager(PageTemplate pageTemplate, Boolean isPreview) 位置 E:\comsite\svn\dev456\CMS\code\branches\v1.0\CMS.HTMLService\HtmlEngine.cs:行号 256
   在 CMS.HtmlService.HtmlEngine.CreateTemplatePage(Int32 templateId, Dictionary`2 paramDic) 位置 E:\comsite\svn\dev456\CMS\code\branches\v1.0\CMS.HTMLService\HtmlEngine.cs:行号 115
【异常信息】：未能找到文件“E:\comsite\svn\dev456\CMS\code\branches\v1.0\CMS.HtmlService.WinService\template\luo\vip\tznc.shtml”。
【附加信息】:方法名：CreateTemplatePage，生成模板Id：122，模板名称：投资内参，模板路径：\luo\vip\tznc.shtml失败！
------------------------------------
【异常时间】：2014-04-10 17:38:42,339 [4] 
【异常级别】：ERROR 
【异常类型】：FileNotFoundException
【异常堆栈】：   在 System.IO.__Error.WinIOError(Int32 errorCode, String maybeFullPath)
   在 System.IO.FileStream.Init(String path, FileMode mode, FileAccess access, Int32 rights, Boolean useRights, FileShare share, Int32 bufferSize, FileOptions options, SECURITY_ATTRIBUTES secAttrs, String msgPath, Boolean bFromProxy, Boolean useLongPath)
   在 System.IO.FileStream..ctor(String path, FileMode mode, FileAccess access, FileShare share, Int32 bufferSize, FileOptions options)
   在 System.IO.StreamReader..ctor(String path, Encoding encoding, Boolean detectEncodingFromByteOrderMarks, Int32 bufferSize)
   在 System.IO.StreamReader..ctor(String path)
   在 CMS.Template.Complex.UserTemplate.FromFile(String name, String filename) 位置 E:\comsite\svn\dev456\CMS\code\branches\v1.0\CMS.Template\Complex\UserTemplate.cs:行号 45
   在 CMS.Template.Complex.TemplateManager.FromFile(String filename, Boolean isPreview) 位置 E:\comsite\svn\dev456\CMS\code\branches\v1.0\CMS.Template\Complex\TemplateManager.cs:行号 61
   在 CMS.HtmlService.HtmlEngine.createManager(PageTemplate pageTemplate, Boolean isPreview) 位置 E:\comsite\svn\dev456\CMS\code\branches\v1.0\CMS.HTMLService\HtmlEngine.cs:行号 256
   在 CMS.HtmlService.HtmlEngine.CreateTemplatePage(Int32 templateId, Dictionary`2 paramDic) 位置 E:\comsite\svn\dev456\CMS\code\branches\v1.0\CMS.HTMLService\HtmlEngine.cs:行号 115
【异常信息】：未能找到文件“E:\comsite\svn\dev456\CMS\code\branches\v1.0\CMS.HtmlService.WinService\template\luo\vip\tznc.shtml”。
【附加信息】:方法名：CreateTemplatePage，生成模板Id：122，模板名称：投资内参，模板路径：\luo\vip\tznc.shtml失败！
------------------------------------
【异常时间】：2014-04-10 17:38:42,961 [4] 
【异常级别】：ERROR 
【异常类型】：FileNotFoundException
【异常堆栈】：   在 System.IO.__Error.WinIOError(Int32 errorCode, String maybeFullPath)
   在 System.IO.FileStream.Init(String path, FileMode mode, FileAccess access, Int32 rights, Boolean useRights, FileShare share, Int32 bufferSize, FileOptions options, SECURITY_ATTRIBUTES secAttrs, String msgPath, Boolean bFromProxy, Boolean useLongPath)
   在 System.IO.FileStream..ctor(String path, FileMode mode, FileAccess access, FileShare share, Int32 bufferSize, FileOptions options)
   在 System.IO.StreamReader..ctor(String path, Encoding encoding, Boolean detectEncodingFromByteOrderMarks, Int32 bufferSize)
   在 System.IO.StreamReader..ctor(String path)
   在 CMS.Template.Complex.UserTemplate.FromFile(String name, String filename) 位置 E:\comsite\svn\dev456\CMS\code\branches\v1.0\CMS.Template\Complex\UserTemplate.cs:行号 45
   在 CMS.Template.Complex.TemplateManager.FromFile(String filename, Boolean isPreview) 位置 E:\comsite\svn\dev456\CMS\code\branches\v1.0\CMS.Template\Complex\TemplateManager.cs:行号 61
   在 CMS.HtmlService.HtmlEngine.createManager(PageTemplate pageTemplate, Boolean isPreview) 位置 E:\comsite\svn\dev456\CMS\code\branches\v1.0\CMS.HTMLService\HtmlEngine.cs:行号 256
   在 CMS.HtmlService.HtmlEngine.CreateTemplatePage(Int32 templateId, Dictionary`2 paramDic) 位置 E:\comsite\svn\dev456\CMS\code\branches\v1.0\CMS.HTMLService\HtmlEngine.cs:行号 115
【异常信息】：未能找到文件“E:\comsite\svn\dev456\CMS\code\branches\v1.0\CMS.HtmlService.WinService\template\luo\vip\sddy.shtml”。
【附加信息】:方法名：CreateTemplatePage，生成模板Id：120，模板名称：深度调研，模板路径：/luo/vip/sddy.shtml失败！
------------------------------------
