【异常时间】：2014-03-09 14:43:19,781 [4] 
【异常级别】：ERROR 
模板不存在
------------------------------------
【异常时间】：2014-03-09 14:43:19,814 [4] 
【异常级别】：ERROR 
模板不存在
------------------------------------
【异常时间】：2014-03-09 14:43:19,818 [4] 
【异常级别】：ERROR 
模板不存在
------------------------------------
【异常时间】：2014-03-09 14:43:20,184 [4] 
【异常级别】：ERROR 
【异常类型】：FileNotFoundException
【异常堆栈】：   在 System.IO.__Error.WinIOError(Int32 errorCode, String maybeFullPath)
   在 System.IO.FileStream.Init(String path, FileMode mode, FileAccess access, Int32 rights, Boolean useRights, FileShare share, Int32 bufferSize, FileOptions options, SECURITY_ATTRIBUTES secAttrs, String msgPath, Boolean bFromProxy, Boolean useLongPath)
   在 System.IO.FileStream..ctor(String path, FileMode mode, FileAccess access, FileShare share, Int32 bufferSize, FileOptions options)
   在 System.IO.StreamReader..ctor(String path, Encoding encoding, Boolean detectEncodingFromByteOrderMarks, Int32 bufferSize)
   在 System.IO.StreamReader..ctor(String path)
   在 CMS.Template.Complex.UserTemplate.FromFile(String name, String filename) 位置 E:\comsite\svn\dev456\CMS\code\branches\v1.0\CMS.Template\Complex\UserTemplate.cs:行号 45
   在 CMS.Template.Complex.TemplateManager.FromFile(String filename, Boolean isPreview) 位置 E:\comsite\svn\dev456\CMS\code\branches\v1.0\CMS.Template\Complex\TemplateManager.cs:行号 61
   在 CMS.HtmlService.HtmlEngine.createManager(PageTemplate pageTemplate, Boolean isPreview) 位置 E:\comsite\svn\dev456\CMS\code\branches\v1.0\CMS.HTMLService\HtmlEngine.cs:行号 256
   在 CMS.HtmlService.HtmlEngine.CreateTemplatePage(Int32 templateId, Dictionary`2 paramDic) 位置 E:\comsite\svn\dev456\CMS\code\branches\v1.0\CMS.HTMLService\HtmlEngine.cs:行号 115
【异常信息】：未能找到文件“E:\comsite\svn\dev456\CMS\code\branches\v1.0\CMS.HtmlService.WinService\template\luo\gjssuccessrateorder.html”。
【附加信息】:方法名：CreateTemplatePage，生成模板Id：103，模板名称：贵金属战绩榜，模板路径：/luo/gjssuccessrateorder.html失败！
------------------------------------
【异常时间】：2014-03-09 14:47:46,877 [4] 
【异常级别】：ERROR 
模板不存在
------------------------------------
【异常时间】：2014-03-09 14:47:46,884 [4] 
【异常级别】：ERROR 
模板不存在
------------------------------------
【异常时间】：2014-03-09 14:47:46,888 [4] 
【异常级别】：ERROR 
模板不存在
------------------------------------
【异常时间】：2014-03-09 14:59:45,250 [4] 
【异常级别】：ERROR 
模板不存在
------------------------------------
【异常时间】：2014-03-09 14:59:45,268 [4] 
【异常级别】：ERROR 
模板不存在
------------------------------------
【异常时间】：2014-03-09 14:59:45,271 [4] 
【异常级别】：ERROR 
模板不存在
------------------------------------
【异常时间】：2014-03-09 15:01:49,908 [4] 
【异常级别】：ERROR 
模板不存在
------------------------------------
【异常时间】：2014-03-09 15:01:49,913 [4] 
【异常级别】：ERROR 
模板不存在
------------------------------------
【异常时间】：2014-03-09 15:01:49,916 [4] 
【异常级别】：ERROR 
模板不存在
------------------------------------
【异常时间】：2014-03-09 15:06:27,480 [4] 
【异常级别】：ERROR 
模板不存在
------------------------------------
【异常时间】：2014-03-09 15:06:27,485 [4] 
【异常级别】：ERROR 
模板不存在
------------------------------------
【异常时间】：2014-03-09 15:06:27,487 [4] 
【异常级别】：ERROR 
模板不存在
------------------------------------
【异常时间】：2014-03-09 15:10:41,815 [4] 
【异常级别】：ERROR 
模板不存在
------------------------------------
【异常时间】：2014-03-09 15:10:41,834 [4] 
【异常级别】：ERROR 
模板不存在
------------------------------------
【异常时间】：2014-03-09 15:10:41,837 [4] 
【异常级别】：ERROR 
模板不存在
------------------------------------
【异常时间】：2014-03-09 15:58:19,307 [4] 
【异常级别】：ERROR 
模板不存在
------------------------------------
【异常时间】：2014-03-09 15:58:19,383 [4] 
【异常级别】：ERROR 
模板不存在
------------------------------------
【异常时间】：2014-03-09 15:58:19,388 [4] 
【异常级别】：ERROR 
模板不存在
------------------------------------
【异常时间】：2014-03-09 15:58:19,391 [4] 
【异常级别】：ERROR 
模板不存在
------------------------------------
【异常时间】：2014-03-09 17:54:33,867 [5] 
【异常级别】：ERROR 
模板不存在
------------------------------------
【异常时间】：2014-03-09 17:54:33,949 [5] 
【异常级别】：ERROR 
模板不存在
------------------------------------
【异常时间】：2014-03-09 17:54:33,953 [5] 
【异常级别】：ERROR 
模板不存在
------------------------------------
【异常时间】：2014-03-09 17:54:33,956 [5] 
【异常级别】：ERROR 
模板不存在
------------------------------------
