【异常时间】：2016-11-23 11:31:27,292 [9] 
【异常级别】：ERROR 
【异常类型】：EndpointNotFoundException
【异常堆栈】：
Server stack trace: 
   在 System.ServiceModel.Channels.HttpOutput.WebRequestHttpOutput.GetOutputStream()
   在 System.ServiceModel.Channels.HttpOutput.Send(TimeSpan timeout)
   在 System.ServiceModel.Channels.HttpChannelFactory`1.HttpRequestChannel.HttpChannelRequest.SendRequest(Message message, TimeSpan timeout)
   在 System.ServiceModel.Channels.RequestChannel.Request(Message message, TimeSpan timeout)
   在 System.ServiceModel.Dispatcher.RequestChannelBinder.Request(Message message, TimeSpan timeout)
   在 System.ServiceModel.Channels.ServiceChannel.Call(String action, Boolean oneway, ProxyOperationRuntime operation, Object[] ins, Object[] outs, TimeSpan timeout)
   在 System.ServiceModel.Channels.ServiceChannelProxy.InvokeService(IMethodCallMessage methodCall, ProxyOperationRuntime operation)
   在 System.ServiceModel.Channels.ServiceChannelProxy.Invoke(IMessage message)

Exception rethrown at [0]: 
   在 System.Runtime.Remoting.Proxies.RealProxy.HandleReturnMessage(IMessage reqMsg, IMessage retMsg)
   在 System.Runtime.Remoting.Proxies.RealProxy.PrivateInvoke(MessageData& msgData, Int32 type)
   在 CMS.HtmlService.Contract.IHtmlEngine.CreateTemplatePageByChannelId(String channelId, Dictionary`2 dic)
   在 CMS.BLL.HtmlServer.CreateTemplatePageByChannelId(String channelId, Dictionary`2 dic) 位置 E:\UP\mycms\v2.0\CMS.BLL\HtmlServer.cs:行号 74
【异常信息】：没有终结点在侦听可以接受消息的 http://localhost:9130/HtmlService。这通常是由于不正确的地址或者 SOAP 操作导致的。如果存在此情况，请参见 InnerException 以了解详细信息。
------------------------------------
【异常时间】：2016-11-23 11:31:45,112 [9] 
【异常级别】：ERROR 
【异常类型】：EndpointNotFoundException
【异常堆栈】：
Server stack trace: 
   在 System.ServiceModel.Channels.HttpOutput.WebRequestHttpOutput.GetOutputStream()
   在 System.ServiceModel.Channels.HttpOutput.Send(TimeSpan timeout)
   在 System.ServiceModel.Channels.HttpChannelFactory`1.HttpRequestChannel.HttpChannelRequest.SendRequest(Message message, TimeSpan timeout)
   在 System.ServiceModel.Channels.RequestChannel.Request(Message message, TimeSpan timeout)
   在 System.ServiceModel.Dispatcher.RequestChannelBinder.Request(Message message, TimeSpan timeout)
   在 System.ServiceModel.Channels.ServiceChannel.Call(String action, Boolean oneway, ProxyOperationRuntime operation, Object[] ins, Object[] outs, TimeSpan timeout)
   在 System.ServiceModel.Channels.ServiceChannelProxy.InvokeService(IMethodCallMessage methodCall, ProxyOperationRuntime operation)
   在 System.ServiceModel.Channels.ServiceChannelProxy.Invoke(IMessage message)

Exception rethrown at [0]: 
   在 System.Runtime.Remoting.Proxies.RealProxy.HandleReturnMessage(IMessage reqMsg, IMessage retMsg)
   在 System.Runtime.Remoting.Proxies.RealProxy.PrivateInvoke(MessageData& msgData, Int32 type)
   在 CMS.HtmlService.Contract.IHtmlEngine.CreateTemplatePageByChannelId(String channelId, Dictionary`2 dic)
   在 CMS.BLL.HtmlServer.CreateTemplatePageByChannelId(String channelId, Dictionary`2 dic) 位置 E:\UP\mycms\v2.0\CMS.BLL\HtmlServer.cs:行号 74
【异常信息】：没有终结点在侦听可以接受消息的 http://localhost:9130/HtmlService。这通常是由于不正确的地址或者 SOAP 操作导致的。如果存在此情况，请参见 InnerException 以了解详细信息。
------------------------------------
【异常时间】：2016-11-23 13:39:04,037 [17] 
【异常级别】：ERROR 
【异常类型】：TargetInvocationException
【异常堆栈】：   在 System.RuntimeMethodHandle.InvokeMethod(Object target, Object[] arguments, Signature sig, Boolean constructor)
   在 System.Reflection.RuntimeMethodInfo.UnsafeInvokeInternal(Object obj, Object[] parameters, Object[] arguments)
   在 System.Reflection.RuntimeMethodInfo.Invoke(Object obj, BindingFlags invokeAttr, Binder binder, Object[] parameters, CultureInfo culture)
   在 System.Reflection.MethodBase.Invoke(Object obj, Object[] parameters)
   在 SMVC.ActionExecutor.ExecuteActionInternal(HttpContext context, InvokeInfo invoke) 位置 E:\UP\mycms\v2.0\SMVC\MVC\ActionExecutor.cs:行号 52
   在 SMVC.ActionExecutor.ExecuteAction(HttpContext context, InvokeInfo invoke) 位置 E:\UP\mycms\v2.0\SMVC\MVC\ActionExecutor.cs:行号 23
   在 SMVC.ActionHandler.ProcessRequest(HttpContext context) 位置 E:\UP\mycms\v2.0\SMVC\Pipeline\ActionHandler.cs:行号 33
   在 System.Web.HttpApplication.CallHandlerExecutionStep.System.Web.HttpApplication.IExecutionStep.Execute()
   在 System.Web.HttpApplication.ExecuteStep(IExecutionStep step, Boolean& completedSynchronously)
【异常信息】：调用的目标发生了异常。
【附加信息】:
客户端IP：::1
错误页面：http://localhost:29406/AjaxArticle/SearchArticle.cspx?txtKeyword=&txtStartDate=&txtEndDate=&ChannelId=0
------------------------------------
