【异常时间】：2016-09-09 17:08:54,209 [203] 
【异常级别】：ERROR 
搞什么飞机11111111
------------------------------------
【异常时间】：2016-09-09 17:08:54,214 [203] 
【异常级别】：ERROR 
搞什么飞机
------------------------------------
【异常时间】：2016-09-09 17:08:55,630 [203] 
【异常级别】：ERROR 
【异常类型】：EndpointNotFoundException
【异常堆栈】：
Server stack trace: 
   在 System.ServiceModel.Channels.HttpOutput.WebRequestHttpOutput.GetOutputStream()
   在 System.ServiceModel.Channels.HttpOutput.Send(TimeSpan timeout)
   在 System.ServiceModel.Channels.HttpChannelFactory`1.HttpRequestChannel.HttpChannelRequest.SendRequest(Message message, TimeSpan timeout)
   在 System.ServiceModel.Channels.RequestChannel.Request(Message message, TimeSpan timeout)
   在 System.ServiceModel.Dispatcher.RequestChannelBinder.Request(Message message, TimeSpan timeout)
   在 System.ServiceModel.Channels.ServiceChannel.Call(String action, Boolean oneway, ProxyOperationRuntime operation, Object[] ins, Object[] outs, TimeSpan timeout)
   在 System.ServiceModel.Channels.ServiceChannelProxy.InvokeService(IMethodCallMessage methodCall, ProxyOperationRuntime operation)
   在 System.ServiceModel.Channels.ServiceChannelProxy.Invoke(IMessage message)

Exception rethrown at [0]: 
   在 System.Runtime.Remoting.Proxies.RealProxy.HandleReturnMessage(IMessage reqMsg, IMessage retMsg)
   在 System.Runtime.Remoting.Proxies.RealProxy.PrivateInvoke(MessageData& msgData, Int32 type)
   在 CMS.HtmlService.Contract.IHtmlEngine.CreateSingleNews(Int32 newsId, String operateType)
   在 CMS.BLL.HtmlServer.CreateSingleNews(Int32 newsId, String operateType) 位置 E:\UP\mycms\v2.0\CMS.BLL\HtmlServer.cs:行号 26
【异常信息】：没有终结点在侦听可以接受消息的 http://localhost:9130/HtmlService。这通常是由于不正确的地址或者 SOAP 操作导致的。如果存在此情况，请参见 InnerException 以了解详细信息。
------------------------------------
