【异常时间】：2016-12-05 18:16:14,777 [8] 
【异常级别】：ERROR 
【异常类型】：HttpException
【异常堆栈】：   在 System.Web.UI.Util.CheckVirtualFileExists(VirtualPath virtualPath)
   在 System.Web.Compilation.BuildManager.GetVPathBuildResultInternal(VirtualPath virtualPath, Boolean noBuild, Boolean allowCrossApp, Boolean allowBuildInPrecompile, Boolean throwIfNotFound, Boolean ensureIsUpToDate)
   在 System.Web.Compilation.BuildManager.GetVPathBuildResultWithNoAssert(HttpContext context, VirtualPath virtualPath, Boolean noBuild, Boolean allowCrossApp, Boolean allowBuildInPrecompile, Boolean throwIfNotFound, Boolean ensureIsUpToDate)
   在 System.Web.Compilation.BuildManager.GetVPathBuildResult(HttpContext context, VirtualPath virtualPath, Boolean noBuild, Boolean allowCrossApp, Boolean allowBuildInPrecompile, Boolean ensureIsUpToDate)
   在 System.Web.UI.SimpleHandlerFactory.System.Web.IHttpHandlerFactory2.GetHandler(HttpContext context, String requestType, VirtualPath virtualPath, String physicalPath)
   在 System.Web.UI.SimpleHandlerFactory.GetHandler(HttpContext context, String requestType, String virtualPath, String path)
   在 System.Web.HttpApplication.MaterializeHandlerExecutionStep.System.Web.HttpApplication.IExecutionStep.Execute()
   在 System.Web.HttpApplication.ExecuteStep(IExecutionStep step, Boolean& completedSynchronously)
【异常信息】：文件“/news/themes/default/scripts/ueditor/net/getRemoteImage.ashx”不存在。
【附加信息】:
客户端IP：::1
错误页面：http://localhost:29406/news/themes/default/scripts/ueditor/net/getRemoteImage.ashx
------------------------------------
【异常时间】：2016-12-05 18:16:24,996 [11] 
【异常级别】：ERROR 
【异常类型】：IndexOutOfRangeException
【异常堆栈】：   在 CMS.DAL.NewsDAL.AddNews(News News) 位置 E:\UP\mycms\v2.0\CMS.DAL\Ext\NewsDAL.cs:行号 65
   在 CMS.BLL.NewsBLL.AddOrEdit(News news, String operateType) 位置 E:\UP\mycms\v2.0\CMS.BLL\Ext\NewsBLL.cs:行号 25
【异常信息】：索引超出了数组界限。
------------------------------------
【异常时间】：2016-12-05 18:16:50,460 [11] 
【异常级别】：ERROR 
【异常类型】：CommunicationException
【异常堆栈】：
Server stack trace: 
   在 System.ServiceModel.Channels.HttpChannelUtilities.ProcessGetResponseWebException(WebException webException, HttpWebRequest request, HttpAbortReason abortReason)
   在 System.ServiceModel.Channels.HttpChannelFactory`1.HttpRequestChannel.HttpChannelRequest.WaitForReply(TimeSpan timeout)
   在 System.ServiceModel.Channels.RequestChannel.Request(Message message, TimeSpan timeout)
   在 System.ServiceModel.Dispatcher.RequestChannelBinder.Request(Message message, TimeSpan timeout)
   在 System.ServiceModel.Channels.ServiceChannel.Call(String action, Boolean oneway, ProxyOperationRuntime operation, Object[] ins, Object[] outs, TimeSpan timeout)
   在 System.ServiceModel.Channels.ServiceChannelProxy.InvokeService(IMethodCallMessage methodCall, ProxyOperationRuntime operation)
   在 System.ServiceModel.Channels.ServiceChannelProxy.Invoke(IMessage message)

Exception rethrown at [0]: 
   在 System.Runtime.Remoting.Proxies.RealProxy.HandleReturnMessage(IMessage reqMsg, IMessage retMsg)
   在 System.Runtime.Remoting.Proxies.RealProxy.PrivateInvoke(MessageData& msgData, Int32 type)
   在 CMS.HtmlService.Contract.IHtmlEngine.CreateSingleNews(Int32 newsId, String operateType)
   在 CMS.BLL.HtmlServer.CreateSingleNews(Int32 newsId, String operateType) 位置 E:\UP\mycms\v2.0\CMS.BLL\HtmlServer.cs:行号 26
【异常信息】：接收对 http://localhost:9130/HtmlService 的 HTTP 响应时发生错误。这可能是由于服务终结点绑定未使用 HTTP 协议造成的。这还可能是由于服务器中止了 HTTP 请求上下文(可能由于服务关闭)所致。有关详细信息，请参见服务器日志。
------------------------------------
【异常时间】：2016-12-05 18:34:27,213 [33] 
【异常级别】：ERROR 
【异常类型】：EndpointNotFoundException
【异常堆栈】：
Server stack trace: 
   在 System.ServiceModel.Channels.HttpOutput.WebRequestHttpOutput.GetOutputStream()
   在 System.ServiceModel.Channels.HttpOutput.Send(TimeSpan timeout)
   在 System.ServiceModel.Channels.HttpChannelFactory`1.HttpRequestChannel.HttpChannelRequest.SendRequest(Message message, TimeSpan timeout)
   在 System.ServiceModel.Channels.RequestChannel.Request(Message message, TimeSpan timeout)
   在 System.ServiceModel.Dispatcher.RequestChannelBinder.Request(Message message, TimeSpan timeout)
   在 System.ServiceModel.Channels.ServiceChannel.Call(String action, Boolean oneway, ProxyOperationRuntime operation, Object[] ins, Object[] outs, TimeSpan timeout)
   在 System.ServiceModel.Channels.ServiceChannelProxy.InvokeService(IMethodCallMessage methodCall, ProxyOperationRuntime operation)
   在 System.ServiceModel.Channels.ServiceChannelProxy.Invoke(IMessage message)

Exception rethrown at [0]: 
   在 System.Runtime.Remoting.Proxies.RealProxy.HandleReturnMessage(IMessage reqMsg, IMessage retMsg)
   在 System.Runtime.Remoting.Proxies.RealProxy.PrivateInvoke(MessageData& msgData, Int32 type)
   在 CMS.HtmlService.Contract.IHtmlEngine.CreateSingleNews(Int32 newsId, String operateType)
   在 CMS.BLL.HtmlServer.CreateSingleNews(Int32 newsId, String operateType) 位置 E:\UP\mycms\v2.0\CMS.BLL\HtmlServer.cs:行号 26
【异常信息】：没有终结点在侦听可以接受消息的 http://localhost:9130/HtmlService。这通常是由于不正确的地址或者 SOAP 操作导致的。如果存在此情况，请参见 InnerException 以了解详细信息。
------------------------------------
