【异常时间】：2016-11-16 09:44:36,520 [8] 
【异常级别】：ERROR 
【异常类型】：EndpointNotFoundException
【异常堆栈】：
Server stack trace: 
   在 System.ServiceModel.Channels.HttpOutput.WebRequestHttpOutput.GetOutputStream()
   在 System.ServiceModel.Channels.HttpOutput.Send(TimeSpan timeout)
   在 System.ServiceModel.Channels.HttpChannelFactory`1.HttpRequestChannel.HttpChannelRequest.SendRequest(Message message, TimeSpan timeout)
   在 System.ServiceModel.Channels.RequestChannel.Request(Message message, TimeSpan timeout)
   在 System.ServiceModel.Dispatcher.RequestChannelBinder.Request(Message message, TimeSpan timeout)
   在 System.ServiceModel.Channels.ServiceChannel.Call(String action, Boolean oneway, ProxyOperationRuntime operation, Object[] ins, Object[] outs, TimeSpan timeout)
   在 System.ServiceModel.Channels.ServiceChannelProxy.InvokeService(IMethodCallMessage methodCall, ProxyOperationRuntime operation)
   在 System.ServiceModel.Channels.ServiceChannelProxy.Invoke(IMessage message)

Exception rethrown at [0]: 
   在 System.Runtime.Remoting.Proxies.RealProxy.HandleReturnMessage(IMessage reqMsg, IMessage retMsg)
   在 System.Runtime.Remoting.Proxies.RealProxy.PrivateInvoke(MessageData& msgData, Int32 type)
   在 CMS.HtmlService.Contract.IHtmlEngine.CreateSingleNews(Int32 newsId, String operateType)
   在 CMS.BLL.HtmlServer.CreateSingleNews(Int32 newsId, String operateType) 位置 E:\UP\mycms\v2.0\CMS.BLL\HtmlServer.cs:行号 26
【异常信息】：没有终结点在侦听可以接受消息的 http://localhost:9130/HtmlService。这通常是由于不正确的地址或者 SOAP 操作导致的。如果存在此情况，请参见 InnerException 以了解详细信息。
------------------------------------
【异常时间】：2016-11-16 09:45:51,063 [8] 
【异常级别】：ERROR 
【异常类型】：TimeoutException
【异常堆栈】：
Server stack trace: 
   在 System.ServiceModel.Channels.RequestChannel.Request(Message message, TimeSpan timeout)
   在 System.ServiceModel.Dispatcher.RequestChannelBinder.Request(Message message, TimeSpan timeout)
   在 System.ServiceModel.Channels.ServiceChannel.Call(String action, Boolean oneway, ProxyOperationRuntime operation, Object[] ins, Object[] outs, TimeSpan timeout)
   在 System.ServiceModel.Channels.ServiceChannelProxy.InvokeService(IMethodCallMessage methodCall, ProxyOperationRuntime operation)
   在 System.ServiceModel.Channels.ServiceChannelProxy.Invoke(IMessage message)

Exception rethrown at [0]: 
   在 System.Runtime.Remoting.Proxies.RealProxy.HandleReturnMessage(IMessage reqMsg, IMessage retMsg)
   在 System.Runtime.Remoting.Proxies.RealProxy.PrivateInvoke(MessageData& msgData, Int32 type)
   在 CMS.HtmlService.Contract.IHtmlEngine.CreateSingleNews(Int32 newsId, String operateType)
   在 CMS.BLL.HtmlServer.CreateSingleNews(Int32 newsId, String operateType) 位置 E:\UP\mycms\v2.0\CMS.BLL\HtmlServer.cs:行号 26
【异常信息】：请求通道在等待 00:00:59.9949997 以后答复时超时。增加传递给请求调用的超时值，或者增加绑定上的 SendTimeout 值。分配给此操作的时间可能已经是更长超时的一部分。
------------------------------------
【异常时间】：2016-11-16 09:52:08,937 [6] 
【异常级别】：ERROR 
【异常类型】：CommunicationException
【异常堆栈】：
Server stack trace: 
   在 System.ServiceModel.Channels.HttpChannelUtilities.ProcessGetResponseWebException(WebException webException, HttpWebRequest request, HttpAbortReason abortReason)
   在 System.ServiceModel.Channels.HttpChannelFactory`1.HttpRequestChannel.HttpChannelRequest.WaitForReply(TimeSpan timeout)
   在 System.ServiceModel.Channels.RequestChannel.Request(Message message, TimeSpan timeout)
   在 System.ServiceModel.Dispatcher.RequestChannelBinder.Request(Message message, TimeSpan timeout)
   在 System.ServiceModel.Channels.ServiceChannel.Call(String action, Boolean oneway, ProxyOperationRuntime operation, Object[] ins, Object[] outs, TimeSpan timeout)
   在 System.ServiceModel.Channels.ServiceChannelProxy.InvokeService(IMethodCallMessage methodCall, ProxyOperationRuntime operation)
   在 System.ServiceModel.Channels.ServiceChannelProxy.Invoke(IMessage message)

Exception rethrown at [0]: 
   在 System.Runtime.Remoting.Proxies.RealProxy.HandleReturnMessage(IMessage reqMsg, IMessage retMsg)
   在 System.Runtime.Remoting.Proxies.RealProxy.PrivateInvoke(MessageData& msgData, Int32 type)
   在 CMS.HtmlService.Contract.IHtmlEngine.CreateSingleNews(Int32 newsId, String operateType)
   在 CMS.BLL.HtmlServer.CreateSingleNews(Int32 newsId, String operateType) 位置 E:\UP\mycms\v2.0\CMS.BLL\HtmlServer.cs:行号 26
【异常信息】：接收对 http://localhost:9130/HtmlService 的 HTTP 响应时发生错误。这可能是由于服务终结点绑定未使用 HTTP 协议造成的。这还可能是由于服务器中止了 HTTP 请求上下文(可能由于服务关闭)所致。有关详细信息，请参见服务器日志。
------------------------------------
【异常时间】：2016-11-16 09:59:32,460 [20] 
【异常级别】：ERROR 
【异常类型】：TimeoutException
【异常堆栈】：
Server stack trace: 
   在 System.ServiceModel.Channels.RequestChannel.Request(Message message, TimeSpan timeout)
   在 System.ServiceModel.Dispatcher.RequestChannelBinder.Request(Message message, TimeSpan timeout)
   在 System.ServiceModel.Channels.ServiceChannel.Call(String action, Boolean oneway, ProxyOperationRuntime operation, Object[] ins, Object[] outs, TimeSpan timeout)
   在 System.ServiceModel.Channels.ServiceChannelProxy.InvokeService(IMethodCallMessage methodCall, ProxyOperationRuntime operation)
   在 System.ServiceModel.Channels.ServiceChannelProxy.Invoke(IMessage message)

Exception rethrown at [0]: 
   在 System.Runtime.Remoting.Proxies.RealProxy.HandleReturnMessage(IMessage reqMsg, IMessage retMsg)
   在 System.Runtime.Remoting.Proxies.RealProxy.PrivateInvoke(MessageData& msgData, Int32 type)
   在 CMS.HtmlService.Contract.IHtmlEngine.CreateSingleNews(Int32 newsId, String operateType)
   在 CMS.BLL.HtmlServer.CreateSingleNews(Int32 newsId, String operateType)
【异常信息】：请求通道在等待 00:00:59.9789988 以后答复时超时。增加传递给请求调用的超时值，或者增加绑定上的 SendTimeout 值。分配给此操作的时间可能已经是更长超时的一部分。
------------------------------------
