2013-07-31 10:42:06,053 [1] INFO  log [(null)] - 己成功启动HtmlEngine服务。
2013-07-31 10:42:06,093 [1] INFO  log [(null)] - 己成功启动FileReceive服务。
2013-07-31 10:42:06,107 [1] INFO  log [(null)] - 己成功启动SsoOutWindow服务。
2013-07-31 10:42:45,937 [8] DEBUG log [(null)] - 方法名：CreateSingleNews，生成NewsId:389失败
2013-07-31 10:42:45,990 [8] DEBUG log [(null)] - System.IO.DirectoryNotFoundException: 未能找到路径“E:\up项目\Project\CMS\code\branches\v1.0\CMS.HtmlService.WinService\template\luo\detail.shtml”的一部分。
   在 System.IO.__Error.WinIOError(Int32 errorCode, String maybeFullPath)
   在 System.IO.FileStream.Init(String path, FileMode mode, FileAccess access, Int32 rights, Boolean useRights, FileShare share, Int32 bufferSize, FileOptions options, SECURITY_ATTRIBUTES secAttrs, String msgPath, Boolean bFromProxy, Boolean useLongPath)
   在 System.IO.FileStream..ctor(String path, FileMode mode, FileAccess access, FileShare share, Int32 bufferSize, FileOptions options)
   在 System.IO.StreamReader..ctor(String path, Encoding encoding, Boolean detectEncodingFromByteOrderMarks, Int32 bufferSize)
   在 System.IO.StreamReader..ctor(String path)
   在 CMS.Template.Complex.UserTemplate.FromFile(String name, String filename) 位置 E:\comsite\svn\dev456\CMS\code\branches\v1.0\CMS.Template\Complex\UserTemplate.cs:行号 45
   在 CMS.Template.Complex.TemplateManager.FromFile(String filename, Boolean isPreview) 位置 E:\comsite\svn\dev456\CMS\code\branches\v1.0\CMS.Template\Complex\TemplateManager.cs:行号 60
   在 CMS.HtmlService.HtmlEngine.createManager(PageTemplate pageTemplate, Boolean isPreview) 位置 E:\comsite\svn\dev456\CMS\code\branches\v1.0\CMS.HTMLService\HtmlEngine.cs:行号 198
   在 CMS.HtmlService.HtmlEngine.CreateSingleNews(Int32 newsId, String operateType) 位置 E:\comsite\svn\dev456\CMS\code\branches\v1.0\CMS.HTMLService\HtmlEngine.cs:行号 43
2013-07-31 10:44:28,110 [9] DEBUG log [(null)] - 方法名：CreateSingleNews，生成NewsId:389失败
2013-07-31 10:44:28,115 [9] DEBUG log [(null)] - System.IO.DirectoryNotFoundException: 未能找到路径“E:\up项目\Project\CMS\code\branches\v1.0\CMS.HtmlService.WinService\template\luo\detail.shtml”的一部分。
   在 System.IO.__Error.WinIOError(Int32 errorCode, String maybeFullPath)
   在 System.IO.FileStream.Init(String path, FileMode mode, FileAccess access, Int32 rights, Boolean useRights, FileShare share, Int32 bufferSize, FileOptions options, SECURITY_ATTRIBUTES secAttrs, String msgPath, Boolean bFromProxy, Boolean useLongPath)
   在 System.IO.FileStream..ctor(String path, FileMode mode, FileAccess access, FileShare share, Int32 bufferSize, FileOptions options)
   在 System.IO.StreamReader..ctor(String path, Encoding encoding, Boolean detectEncodingFromByteOrderMarks, Int32 bufferSize)
   在 System.IO.StreamReader..ctor(String path)
   在 CMS.Template.Complex.UserTemplate.FromFile(String name, String filename) 位置 E:\comsite\svn\dev456\CMS\code\branches\v1.0\CMS.Template\Complex\UserTemplate.cs:行号 45
   在 CMS.Template.Complex.TemplateManager.FromFile(String filename, Boolean isPreview) 位置 E:\comsite\svn\dev456\CMS\code\branches\v1.0\CMS.Template\Complex\TemplateManager.cs:行号 60
   在 CMS.HtmlService.HtmlEngine.createManager(PageTemplate pageTemplate, Boolean isPreview) 位置 E:\comsite\svn\dev456\CMS\code\branches\v1.0\CMS.HTMLService\HtmlEngine.cs:行号 198
   在 CMS.HtmlService.HtmlEngine.CreateSingleNews(Int32 newsId, String operateType) 位置 E:\comsite\svn\dev456\CMS\code\branches\v1.0\CMS.HTMLService\HtmlEngine.cs:行号 43
2013-07-31 10:48:59,729 [16] DEBUG log [(null)] - 方法名：CreateSingleNews，生成NewsId:389失败
2013-07-31 10:48:59,731 [16] DEBUG log [(null)] - System.IO.DirectoryNotFoundException: 未能找到路径“E:\up项目\Project\CMS\code\branches\v1.0\CMS.HtmlService.WinService\template\luo\new_template.shtml”的一部分。
   在 System.IO.__Error.WinIOError(Int32 errorCode, String maybeFullPath)
   在 System.IO.FileStream.Init(String path, FileMode mode, FileAccess access, Int32 rights, Boolean useRights, FileShare share, Int32 bufferSize, FileOptions options, SECURITY_ATTRIBUTES secAttrs, String msgPath, Boolean bFromProxy, Boolean useLongPath)
   在 System.IO.FileStream..ctor(String path, FileMode mode, FileAccess access, FileShare share, Int32 bufferSize, FileOptions options)
   在 System.IO.StreamReader..ctor(String path, Encoding encoding, Boolean detectEncodingFromByteOrderMarks, Int32 bufferSize)
   在 System.IO.StreamReader..ctor(String path)
   在 CMS.Template.Complex.UserTemplate.FromFile(String name, String filename) 位置 E:\comsite\svn\dev456\CMS\code\branches\v1.0\CMS.Template\Complex\UserTemplate.cs:行号 45
   在 CMS.Template.Complex.TemplateManager.FromFile(String filename, Boolean isPreview) 位置 E:\comsite\svn\dev456\CMS\code\branches\v1.0\CMS.Template\Complex\TemplateManager.cs:行号 60
   在 CMS.HtmlService.HtmlEngine.createManager(PageTemplate pageTemplate, Boolean isPreview) 位置 E:\comsite\svn\dev456\CMS\code\branches\v1.0\CMS.HTMLService\HtmlEngine.cs:行号 198
   在 CMS.HtmlService.HtmlEngine.CreateSingleNews(Int32 newsId, String operateType) 位置 E:\comsite\svn\dev456\CMS\code\branches\v1.0\CMS.HTMLService\HtmlEngine.cs:行号 43
2013-07-31 10:51:26,645 [1] INFO  log [(null)] - 己成功启动HtmlEngine服务。
2013-07-31 10:51:26,665 [1] INFO  log [(null)] - 己成功启动FileReceive服务。
2013-07-31 10:51:26,701 [1] INFO  log [(null)] - 己成功启动SsoOutWindow服务。
2013-07-31 10:51:36,690 [7] DEBUG log [(null)] - 方法名：CreateSingleNews，生成NewsId:389失败
2013-07-31 10:51:36,695 [7] DEBUG log [(null)] - System.IO.FileNotFoundException: 未能找到文件“E:\comsite\svn\dev456\CMS\code\branches\v1.0\CMS.HtmlService.WinService\template\luo\new_template.shtml”。
文件名:“E:\comsite\svn\dev456\CMS\code\branches\v1.0\CMS.HtmlService.WinService\template\luo\new_template.shtml”
   在 System.IO.__Error.WinIOError(Int32 errorCode, String maybeFullPath)
   在 System.IO.FileStream.Init(String path, FileMode mode, FileAccess access, Int32 rights, Boolean useRights, FileShare share, Int32 bufferSize, FileOptions options, SECURITY_ATTRIBUTES secAttrs, String msgPath, Boolean bFromProxy, Boolean useLongPath)
   在 System.IO.FileStream..ctor(String path, FileMode mode, FileAccess access, FileShare share, Int32 bufferSize, FileOptions options)
   在 System.IO.StreamReader..ctor(String path, Encoding encoding, Boolean detectEncodingFromByteOrderMarks, Int32 bufferSize)
   在 System.IO.StreamReader..ctor(String path)
   在 CMS.Template.Complex.UserTemplate.FromFile(String name, String filename) 位置 E:\comsite\svn\dev456\CMS\code\branches\v1.0\CMS.Template\Complex\UserTemplate.cs:行号 45
   在 CMS.Template.Complex.TemplateManager.FromFile(String filename, Boolean isPreview) 位置 E:\comsite\svn\dev456\CMS\code\branches\v1.0\CMS.Template\Complex\TemplateManager.cs:行号 60
   在 CMS.HtmlService.HtmlEngine.createManager(PageTemplate pageTemplate, Boolean isPreview) 位置 E:\comsite\svn\dev456\CMS\code\branches\v1.0\CMS.HTMLService\HtmlEngine.cs:行号 198
   在 CMS.HtmlService.HtmlEngine.CreateSingleNews(Int32 newsId, String operateType) 位置 E:\comsite\svn\dev456\CMS\code\branches\v1.0\CMS.HTMLService\HtmlEngine.cs:行号 43
2013-07-31 10:52:18,596 [8] INFO  log [(null)] - 方法名：CreateSingleNews，修改新闻，生成NewsId:389文件成功，文件路径:/qwfx/201307/31095900423.html
2013-07-31 11:03:47,760 [28] INFO  log [(null)] - 方法名：CreateSingleNews，修改新闻，生成NewsId:389文件成功，文件路径:/qwfx/201307/31095900423.html
2013-07-31 11:04:26,733 [31] INFO  log [(null)] - 方法名：CreateSingleNews，修改新闻，生成NewsId:389文件成功，文件路径:/qwfx/201307/31095900423.html
2013-07-31 11:06:23,254 [35] INFO  log [(null)] - 方法名：CreateSingleNews，修改新闻，生成NewsId:389文件成功，文件路径:/qwfx/201307/31095900423.html
