2013-08-07 09:22:49,918 [1] INFO  log [(null)] - 己成功启动HtmlEngine服务。
2013-08-07 09:22:49,938 [1] INFO  log [(null)] - 己成功启动FileReceive服务。
2013-08-07 09:22:49,993 [1] INFO  log [(null)] - 己成功启动SsoOutWindow服务。
2013-08-07 09:23:20,901 [8] INFO  log [(null)] - 方法名：CreateSingleNews，新增新闻，生成NewsId:400文件成功，文件路径:/jgsd/201308/07092235371.html
2013-08-07 09:23:20,963 [8] INFO  log [(null)] - 方法名：CreateTemplatePage，生成模板Id：77，模板名称：特定页面，生成文件路径：E:\comsite\svn\dev456\CMS\code\branches\v1.0\CMS.Web\html\/tdym/appointpage.html成功！
2013-08-07 09:34:05,855 [25] INFO  log [(null)] - 方法名：CreateTemplatePage，生成模板Id：77，模板名称：特定页面，生成文件路径：E:\comsite\svn\dev456\CMS\code\branches\v1.0\CMS.Web\html\/tdym/appointpage.html成功！
2013-08-07 09:34:12,857 [7] INFO  log [(null)] - 方法名：GetTemplagePreview，预览模块Id：77，模板名称：特定页面，模板路径：/luo/appointpage.shtml成功
2013-08-07 09:34:16,364 [7] INFO  log [(null)] - 方法名：CreateTemplatePage，生成模板Id：77，模板名称：特定页面，生成文件路径：E:\comsite\svn\dev456\CMS\code\branches\v1.0\CMS.Web\html\/tdym/appointpage.html成功！
2013-08-07 09:35:40,391 [10] INFO  log [(null)] - 己成功启动HtmlEngine服务。
2013-08-07 09:35:40,421 [10] INFO  log [(null)] - 己成功启动FileReceive服务。
2013-08-07 09:35:40,437 [10] INFO  log [(null)] - 己成功启动SsoOutWindow服务。
2013-08-07 09:45:09,988 [9] INFO  log [(null)] - 己成功启动HtmlEngine服务。
2013-08-07 09:45:10,018 [9] INFO  log [(null)] - 己成功启动FileReceive服务。
2013-08-07 09:45:10,033 [9] INFO  log [(null)] - 己成功启动SsoOutWindow服务。
2013-08-07 09:45:50,019 [10] INFO  log [(null)] - 己成功启动HtmlEngine服务。
2013-08-07 09:45:50,048 [10] INFO  log [(null)] - 己成功启动FileReceive服务。
2013-08-07 09:45:50,063 [10] INFO  log [(null)] - 己成功启动SsoOutWindow服务。
2013-08-07 09:57:26,397 [10] INFO  log [(null)] - 己成功启动HtmlEngine服务。
2013-08-07 09:57:26,427 [10] INFO  log [(null)] - 己成功启动FileReceive服务。
2013-08-07 09:57:26,441 [10] INFO  log [(null)] - 己成功启动SsoOutWindow服务。
2013-08-07 10:00:36,136 [9] INFO  log [(null)] - 己成功启动HtmlEngine服务。
2013-08-07 10:00:36,174 [9] INFO  log [(null)] - 己成功启动FileReceive服务。
2013-08-07 10:00:36,193 [9] INFO  log [(null)] - 己成功启动SsoOutWindow服务。
2013-08-07 10:18:44,858 [10] INFO  log [(null)] - 己成功启动HtmlEngine服务。
2013-08-07 10:18:44,891 [10] INFO  log [(null)] - 己成功启动FileReceive服务。
2013-08-07 10:18:44,907 [10] INFO  log [(null)] - 己成功启动SsoOutWindow服务。
2013-08-07 10:19:17,744 [14] INFO  log [(null)] - 方法名：CreateTemplatePage，生成模板Id：77，模板名称：特定页面，生成文件路径：E:\comsite\svn\dev456\CMS\code\branches\v1.0\CMS.Web\html\/tdym/appointpage.html成功！
2013-08-07 10:30:16,041 [1] INFO  log [(null)] - 己成功启动HtmlEngine服务。
2013-08-07 10:30:16,060 [1] INFO  log [(null)] - 己成功启动FileReceive服务。
2013-08-07 10:30:16,070 [1] INFO  log [(null)] - 己成功启动SsoOutWindow服务。
2013-08-07 10:30:17,458 [6] INFO  log [(null)] - 方法名：CreateTemplatePage，生成模板Id：77，模板名称：特定页面，生成文件路径：E:\comsite\svn\dev456\CMS\code\branches\v1.0\CMS.Web\html\/tdym/appointpage.html成功！
2013-08-07 16:11:58,847 [10] INFO  log [(null)] - 己成功启动HtmlEngine服务。
2013-08-07 16:11:58,894 [10] INFO  log [(null)] - 己成功启动FileReceive服务。
2013-08-07 16:11:58,931 [10] INFO  log [(null)] - 己成功启动SsoOutWindow服务。
2013-08-07 16:13:22,665 [10] INFO  log [(null)] - 己成功启动HtmlEngine服务。
2013-08-07 16:13:22,694 [10] INFO  log [(null)] - 己成功启动FileReceive服务。
2013-08-07 16:13:22,710 [10] INFO  log [(null)] - 己成功启动SsoOutWindow服务。
2013-08-07 16:14:28,108 [9] INFO  log [(null)] - 己成功启动HtmlEngine服务。
2013-08-07 16:14:28,137 [9] INFO  log [(null)] - 己成功启动FileReceive服务。
2013-08-07 16:14:28,151 [9] INFO  log [(null)] - 己成功启动SsoOutWindow服务。
2013-08-07 16:15:21,348 [9] INFO  log [(null)] - 己成功启动HtmlEngine服务。
2013-08-07 16:15:21,376 [9] INFO  log [(null)] - 己成功启动FileReceive服务。
2013-08-07 16:15:21,392 [9] INFO  log [(null)] - 己成功启动SsoOutWindow服务。
2013-08-07 16:19:28,075 [9] INFO  log [(null)] - 己成功启动HtmlEngine服务。
2013-08-07 16:19:28,104 [9] INFO  log [(null)] - 己成功启动FileReceive服务。
2013-08-07 16:19:28,119 [9] INFO  log [(null)] - 己成功启动SsoOutWindow服务。
2013-08-07 16:20:21,157 [8] INFO  log [(null)] - 己成功启动HtmlEngine服务。
2013-08-07 16:20:21,184 [8] INFO  log [(null)] - 己成功启动FileReceive服务。
2013-08-07 16:20:21,199 [8] INFO  log [(null)] - 己成功启动SsoOutWindow服务。
2013-08-07 16:21:12,533 [9] INFO  log [(null)] - 己成功启动HtmlEngine服务。
2013-08-07 16:21:12,560 [9] INFO  log [(null)] - 己成功启动FileReceive服务。
2013-08-07 16:21:12,576 [9] INFO  log [(null)] - 己成功启动SsoOutWindow服务。
2013-08-07 16:21:38,093 [14] INFO  log [(null)] - 方法名：CreateTemplatePage，生成模板Id：77，模板名称：特定页面，生成文件路径：E:\comsite\svn\dev456\CMS\code\branches\v1.0\CMS.Web\html\/tdym/appointpage.html成功！
2013-08-07 16:27:33,883 [9] INFO  log [(null)] - 己成功启动HtmlEngine服务。
2013-08-07 16:27:33,911 [9] INFO  log [(null)] - 己成功启动FileReceive服务。
2013-08-07 16:27:33,926 [9] INFO  log [(null)] - 己成功启动SsoOutWindow服务。
2013-08-07 16:28:01,592 [12] INFO  log [(null)] - 方法名：CreateTemplatePage，生成模板Id：77，模板名称：特定页面，生成文件路径：E:\comsite\svn\dev456\CMS\code\branches\v1.0\CMS.Web\html\/tdym/appointpage.html成功！
2013-08-07 16:34:18,813 [1] INFO  log [(null)] - 己成功启动HtmlEngine服务。
2013-08-07 16:34:18,832 [1] INFO  log [(null)] - 己成功启动FileReceive服务。
2013-08-07 16:34:18,840 [1] INFO  log [(null)] - 己成功启动SsoOutWindow服务。
2013-08-07 16:34:28,536 [5] INFO  log [(null)] - 方法名：CreateTemplatePage，生成模板Id：77，模板名称：特定页面，生成文件路径：E:\comsite\svn\dev456\CMS\code\branches\v1.0\CMS.Web\html\/tdym/appointpage.html成功！
2013-08-07 16:37:26,285 [9] INFO  log [(null)] - 己成功启动HtmlEngine服务。
2013-08-07 16:37:26,314 [9] INFO  log [(null)] - 己成功启动FileReceive服务。
2013-08-07 16:37:26,330 [9] INFO  log [(null)] - 己成功启动SsoOutWindow服务。
2013-08-07 16:46:59,313 [1] INFO  log [(null)] - 己成功启动HtmlEngine服务。
2013-08-07 16:46:59,332 [1] INFO  log [(null)] - 己成功启动FileReceive服务。
2013-08-07 16:46:59,340 [1] INFO  log [(null)] - 己成功启动SsoOutWindow服务。
2013-08-07 16:47:04,658 [7] INFO  log [(null)] - 方法名：CreateTemplatePage，生成模板Id：77，模板名称：特定页面，生成文件路径：E:\comsite\svn\dev456\CMS\code\branches\v1.0\CMS.Web\html\/tdym/appointpage.html成功！
2013-08-07 16:48:19,645 [10] INFO  log [(null)] - 己成功启动HtmlEngine服务。
2013-08-07 16:48:19,674 [10] INFO  log [(null)] - 己成功启动FileReceive服务。
2013-08-07 16:48:19,690 [10] INFO  log [(null)] - 己成功启动SsoOutWindow服务。
2013-08-07 16:49:02,299 [13] INFO  log [(null)] - 方法名：CreateTemplatePage，生成模板Id：77，模板名称：特定页面，生成文件路径：E:\comsite\svn\dev456\CMS\code\branches\v1.0\CMS.Web\html\/tdym/appointpage.html成功！
2013-08-07 16:50:04,006 [16] INFO  log [(null)] - 方法名：CreateTemplatePage，生成模板Id：77，模板名称：特定页面，生成文件路径：E:\comsite\svn\dev456\CMS\code\branches\v1.0\CMS.Web\html\/tdym/appointpage.html成功！
2013-08-07 16:50:40,156 [17] INFO  log [(null)] - 方法名：CreateTemplatePage，生成模板Id：77，模板名称：特定页面，生成文件路径：E:\comsite\svn\dev456\CMS\code\branches\v1.0\CMS.Web\html\/tdym/appointpage.html成功！
2013-08-07 16:51:06,159 [18] INFO  log [(null)] - 方法名：CreateTemplatePage，生成模板Id：77，模板名称：特定页面，生成文件路径：E:\comsite\svn\dev456\CMS\code\branches\v1.0\CMS.Web\html\/tdym/appointpage.html成功！
