2013-11-22 15:11:45,541 [1] INFO  log [(null)] - 己成功启动HtmlEngine服务。
2013-11-22 15:11:45,560 [1] INFO  log [(null)] - 己成功启动FileReceive服务。
2013-11-22 15:11:45,575 [1] INFO  log [(null)] - 己成功启动SsoOutWindow服务。
2013-11-22 15:11:53,960 [3] INFO  log [(null)] - 方法名：CreateTemplatePage，生成模板Id：85，模板名称：投资日历模版，生成文件路径：E:\comsite\svn\dev456\CMS\code\branches\v1.0\CMS.Web\html\/tzrl.html成功！
2013-11-22 15:18:00,431 [3] INFO  log [(null)] - 方法名：CreateTemplatePage，生成模板Id：85，模板名称：投资日历模版，生成文件路径：E:\comsite\svn\dev456\CMS\code\branches\v1.0\CMS.Web\html\/tzrl.html成功！
2013-11-22 15:20:25,177 [10] INFO  log [(null)] - 己成功启动HtmlEngine服务。
2013-11-22 15:20:25,204 [10] INFO  log [(null)] - 己成功启动FileReceive服务。
2013-11-22 15:20:25,218 [10] INFO  log [(null)] - 己成功启动SsoOutWindow服务。
2013-11-22 15:21:24,381 [10] INFO  log [(null)] - 己成功启动HtmlEngine服务。
2013-11-22 15:21:24,407 [10] INFO  log [(null)] - 己成功启动FileReceive服务。
2013-11-22 15:21:24,421 [10] INFO  log [(null)] - 己成功启动SsoOutWindow服务。
2013-11-22 15:23:07,754 [1] INFO  log [(null)] - 己成功启动HtmlEngine服务。
2013-11-22 15:23:07,772 [1] INFO  log [(null)] - 己成功启动FileReceive服务。
2013-11-22 15:23:07,779 [1] INFO  log [(null)] - 己成功启动SsoOutWindow服务。
2013-11-22 15:25:18,352 [5] INFO  log [(null)] - 方法名：CreateTemplatePage，生成模板Id：85，模板名称：投资日历模版，生成文件路径：E:\comsite\svn\dev456\CMS\code\branches\v1.0\CMS.Web\html\/uptzrl-/tzrl.html成功！
2013-11-22 15:26:43,921 [5] INFO  log [(null)] - 方法名：CreateTemplatePage，生成模板Id：85，模板名称：投资日历模版，生成文件路径：E:\comsite\svn\dev456\CMS\code\branches\v1.0\CMS.Web\html\/uptzrl-/tzrl.html成功！
2013-11-22 15:26:59,807 [9] INFO  log [(null)] - 己成功启动HtmlEngine服务。
2013-11-22 15:26:59,834 [9] INFO  log [(null)] - 己成功启动FileReceive服务。
2013-11-22 15:26:59,849 [9] INFO  log [(null)] - 己成功启动SsoOutWindow服务。
2013-11-22 15:27:52,170 [10] INFO  log [(null)] - 己成功启动HtmlEngine服务。
2013-11-22 15:27:52,197 [10] INFO  log [(null)] - 己成功启动FileReceive服务。
2013-11-22 15:27:52,211 [10] INFO  log [(null)] - 己成功启动SsoOutWindow服务。
2013-11-22 15:31:54,907 [9] INFO  log [(null)] - 己成功启动HtmlEngine服务。
2013-11-22 15:31:54,933 [9] INFO  log [(null)] - 己成功启动FileReceive服务。
2013-11-22 15:31:54,947 [9] INFO  log [(null)] - 己成功启动SsoOutWindow服务。
2013-11-22 15:33:04,109 [12] INFO  log [(null)] - 方法名：CreateTemplatePage，生成模板Id：85，模板名称：投资日历模版，生成文件路径：E:\comsite\svn\dev456\CMS\code\branches\v1.0\CMS.Web\html\/uptzrl-/tzrl.html成功！
2013-11-22 15:36:01,615 [12] INFO  log [(null)] - 方法名：CreateTemplatePage，生成模板Id：85，模板名称：投资日历模版，生成文件路径：E:\comsite\svn\dev456\CMS\code\branches\v1.0\CMS.Web\html\/uptzrl-/tzrl.html成功！
2013-11-22 15:56:48,807 [10] INFO  log [(null)] - 己成功启动HtmlEngine服务。
2013-11-22 15:56:48,833 [10] INFO  log [(null)] - 己成功启动FileReceive服务。
2013-11-22 15:56:48,847 [10] INFO  log [(null)] - 己成功启动SsoOutWindow服务。
2013-11-22 15:56:59,068 [13] INFO  log [(null)] - 方法名：CreateTemplatePage，生成模板Id：85，模板名称：投资日历模版，生成文件路径：E:\comsite\svn\dev456\CMS\code\branches\v1.0\CMS.Web\html\/uptzrl-/tzrl.html成功！
2013-11-22 15:57:04,007 [13] INFO  log [(null)] - 方法名：CreateTemplatePage，生成模板Id：85，模板名称：投资日历模版，生成文件路径：E:\comsite\svn\dev456\CMS\code\branches\v1.0\CMS.Web\html\/uptzrl-/tzrl.html成功！
2013-11-22 15:58:25,089 [13] INFO  log [(null)] - 方法名：CreateTemplatePage，生成模板Id：85，模板名称：投资日历模版，生成文件路径：E:\comsite\svn\dev456\CMS\code\branches\v1.0\CMS.Web\html\/uptzrl-/tzrl.html成功！
2013-11-22 15:59:19,022 [13] INFO  log [(null)] - 方法名：CreateTemplatePage，生成模板Id：85，模板名称：投资日历模版，生成文件路径：E:\comsite\svn\dev456\CMS\code\branches\v1.0\CMS.Web\html\/uptzrl-/tzrl.html成功！
2013-11-22 16:00:54,039 [13] INFO  log [(null)] - 方法名：CreateTemplatePage，生成模板Id：85，模板名称：投资日历模版，生成文件路径：E:\comsite\svn\dev456\CMS\code\branches\v1.0\CMS.Web\html\/uptzrl-/tzrl.html成功！
2013-11-22 16:01:18,627 [13] INFO  log [(null)] - 方法名：CreateTemplatePage，生成模板Id：85，模板名称：投资日历模版，生成文件路径：E:\comsite\svn\dev456\CMS\code\branches\v1.0\CMS.Web\html\/uptzrl-/tzrl.html成功！
2013-11-22 16:02:06,534 [10] INFO  log [(null)] - 己成功启动HtmlEngine服务。
2013-11-22 16:02:06,560 [10] INFO  log [(null)] - 己成功启动FileReceive服务。
2013-11-22 16:02:06,574 [10] INFO  log [(null)] - 己成功启动SsoOutWindow服务。
2013-11-22 16:02:23,309 [14] INFO  log [(null)] - 方法名：CreateTemplatePage，生成模板Id：85，模板名称：投资日历模版，生成文件路径：E:\comsite\svn\dev456\CMS\code\branches\v1.0\CMS.Web\html\/uptzrl-/tzrl.html成功！
2013-11-22 16:03:49,204 [1] INFO  log [(null)] - 己成功启动HtmlEngine服务。
2013-11-22 16:03:49,222 [1] INFO  log [(null)] - 己成功启动FileReceive服务。
2013-11-22 16:03:49,229 [1] INFO  log [(null)] - 己成功启动SsoOutWindow服务。
2013-11-22 16:03:57,457 [5] INFO  log [(null)] - 方法名：CreateTemplatePage，生成模板Id：85，模板名称：投资日历模版，生成文件路径：E:\comsite\svn\dev456\CMS\code\branches\v1.0\CMS.Web\html\/uptzrl-/tzrl.html成功！
2013-11-22 16:05:02,864 [5] INFO  log [(null)] - 方法名：CreateTemplatePage，生成模板Id：85，模板名称：投资日历模版，生成文件路径：E:\comsite\svn\dev456\CMS\code\branches\v1.0\CMS.Web\html\/uptzrl-/tzrl.html成功！
2013-11-22 16:06:09,958 [5] INFO  log [(null)] - 方法名：CreateTemplatePage，生成模板Id：85，模板名称：投资日历模版，生成文件路径：E:\comsite\svn\dev456\CMS\code\branches\v1.0\CMS.Web\html\/uptzrl-/tzrl.html成功！
2013-11-22 16:06:33,533 [5] INFO  log [(null)] - 方法名：CreateTemplatePage，生成模板Id：85，模板名称：投资日历模版，生成文件路径：E:\comsite\svn\dev456\CMS\code\branches\v1.0\CMS.Web\html\/uptzrl-/tzrl.html成功！
2013-11-22 16:07:08,042 [5] INFO  log [(null)] - 方法名：CreateTemplatePage，生成模板Id：85，模板名称：投资日历模版，生成文件路径：E:\comsite\svn\dev456\CMS\code\branches\v1.0\CMS.Web\html\/uptzrl-/tzrl.html成功！
2013-11-22 16:07:28,288 [5] INFO  log [(null)] - 方法名：CreateTemplatePage，生成模板Id：85，模板名称：投资日历模版，生成文件路径：E:\comsite\svn\dev456\CMS\code\branches\v1.0\CMS.Web\html\/uptzrl-/tzrl.html成功！
2013-11-22 16:08:11,493 [5] INFO  log [(null)] - 方法名：CreateTemplatePage，生成模板Id：85，模板名称：投资日历模版，生成文件路径：E:\comsite\svn\dev456\CMS\code\branches\v1.0\CMS.Web\html\/uptzrl-/tzrl.html成功！
2013-11-22 16:08:44,427 [5] INFO  log [(null)] - 方法名：CreateTemplatePage，生成模板Id：85，模板名称：投资日历模版，生成文件路径：E:\comsite\svn\dev456\CMS\code\branches\v1.0\CMS.Web\html\/uptzrl-/tzrl.html成功！
2013-11-22 16:10:34,088 [5] INFO  log [(null)] - 方法名：CreateTemplatePage，生成模板Id：85，模板名称：投资日历模版，生成文件路径：E:\comsite\svn\dev456\CMS\code\branches\v1.0\CMS.Web\html\/uptzrl-/tzrl.html成功！
2013-11-22 16:11:35,442 [5] INFO  log [(null)] - 方法名：CreateTemplatePage，生成模板Id：85，模板名称：投资日历模版，生成文件路径：E:\comsite\svn\dev456\CMS\code\branches\v1.0\CMS.Web\html\/uptzrl-/tzrl.html成功！
2013-11-22 16:12:25,891 [5] INFO  log [(null)] - 方法名：CreateTemplatePage，生成模板Id：85，模板名称：投资日历模版，生成文件路径：E:\comsite\svn\dev456\CMS\code\branches\v1.0\CMS.Web\html\/uptzrl-/tzrl.html成功！
2013-11-22 16:13:15,700 [5] INFO  log [(null)] - 方法名：CreateTemplatePage，生成模板Id：85，模板名称：投资日历模版，生成文件路径：E:\comsite\svn\dev456\CMS\code\branches\v1.0\CMS.Web\html\/uptzrl-/tzrl.html成功！
2013-11-22 16:13:58,207 [5] INFO  log [(null)] - 方法名：CreateTemplatePage，生成模板Id：85，模板名称：投资日历模版，生成文件路径：E:\comsite\svn\dev456\CMS\code\branches\v1.0\CMS.Web\html\/uptzrl-/tzrl.html成功！
2013-11-22 16:14:12,547 [5] INFO  log [(null)] - 方法名：CreateTemplatePage，生成模板Id：85，模板名称：投资日历模版，生成文件路径：E:\comsite\svn\dev456\CMS\code\branches\v1.0\CMS.Web\html\/uptzrl-/tzrl.html成功！
2013-11-22 16:15:22,959 [5] INFO  log [(null)] - 方法名：CreateTemplatePage，生成模板Id：85，模板名称：投资日历模版，生成文件路径：E:\comsite\svn\dev456\CMS\code\branches\v1.0\CMS.Web\html\/uptzrl-/tzrl.html成功！
2013-11-22 16:15:49,753 [5] INFO  log [(null)] - 方法名：CreateTemplatePage，生成模板Id：85，模板名称：投资日历模版，生成文件路径：E:\comsite\svn\dev456\CMS\code\branches\v1.0\CMS.Web\html\/uptzrl-/tzrl.html成功！
2013-11-22 16:17:39,935 [9] INFO  log [(null)] - 己成功启动HtmlEngine服务。
2013-11-22 16:17:39,962 [9] INFO  log [(null)] - 己成功启动FileReceive服务。
2013-11-22 16:17:39,976 [9] INFO  log [(null)] - 己成功启动SsoOutWindow服务。
2013-11-22 16:17:58,686 [12] INFO  log [(null)] - 方法名：CreateTemplatePage，生成模板Id：85，模板名称：投资日历模版，生成文件路径：E:\comsite\svn\dev456\CMS\code\branches\v1.0\CMS.Web\html\/uptzrl-/tzrl.html成功！
2013-11-22 16:18:35,087 [12] INFO  log [(null)] - 方法名：CreateTemplatePage，生成模板Id：85，模板名称：投资日历模版，生成文件路径：E:\comsite\svn\dev456\CMS\code\branches\v1.0\CMS.Web\html\/uptzrl-/tzrl.html成功！
2013-11-22 16:19:23,425 [12] INFO  log [(null)] - 方法名：CreateTemplatePage，生成模板Id：85，模板名称：投资日历模版，生成文件路径：E:\comsite\svn\dev456\CMS\code\branches\v1.0\CMS.Web\html\/uptzrl-/tzrl.html成功！
2013-11-22 16:20:04,412 [10] INFO  log [(null)] - 己成功启动HtmlEngine服务。
2013-11-22 16:20:04,439 [10] INFO  log [(null)] - 己成功启动FileReceive服务。
2013-11-22 16:20:04,453 [10] INFO  log [(null)] - 己成功启动SsoOutWindow服务。
2013-11-22 16:20:10,933 [11] INFO  log [(null)] - 方法名：CreateTemplatePage，生成模板Id：85，模板名称：投资日历模版，生成文件路径：E:\comsite\svn\dev456\CMS\code\branches\v1.0\CMS.Web\html\/uptzrl-/tzrl.html成功！
