2013-11-26 14:39:07,050 [1] INFO  log [(null)] - 己成功启动HtmlEngine服务。
2013-11-26 14:39:07,068 [1] INFO  log [(null)] - 己成功启动FileReceive服务。
2013-11-26 14:39:07,076 [1] INFO  log [(null)] - 己成功启动SsoOutWindow服务。
2013-11-26 14:40:08,558 [1] INFO  log [(null)] - 己成功启动HtmlEngine服务。
2013-11-26 14:40:08,576 [1] INFO  log [(null)] - 己成功启动FileReceive服务。
2013-11-26 14:40:08,604 [1] INFO  log [(null)] - 己成功启动SsoOutWindow服务。
2013-11-26 14:42:22,891 [10] INFO  log [(null)] - 己成功启动HtmlEngine服务。
2013-11-26 14:42:22,918 [10] INFO  log [(null)] - 己成功启动FileReceive服务。
2013-11-26 14:42:22,930 [10] INFO  log [(null)] - 己成功启动SsoOutWindow服务。
2013-11-26 14:51:10,103 [1] INFO  log [(null)] - 己成功启动HtmlEngine服务。
2013-11-26 14:51:10,121 [1] INFO  log [(null)] - 己成功启动FileReceive服务。
2013-11-26 14:51:10,129 [1] INFO  log [(null)] - 己成功启动SsoOutWindow服务。
2013-11-26 14:51:52,125 [6] INFO  log [(null)] - 方法名：CreateTemplatePage，生成模板Id：85，模板名称：投资日历模版，生成文件路径：E:\comsite\svn\dev456\CMS\code\branches\v1.0\CMS.Web\html\/uptzrl-/tzrl.html成功！
2013-11-26 14:52:12,501 [6] INFO  log [(null)] - 方法名：CreateTemplatePage，生成模板Id：85，模板名称：投资日历模版，生成文件路径：E:\comsite\svn\dev456\CMS\code\branches\v1.0\CMS.Web\html\/uptzrl-/tzrl.html成功！
2013-11-26 14:56:02,052 [1] INFO  log [(null)] - 己成功启动HtmlEngine服务。
2013-11-26 14:56:02,071 [1] INFO  log [(null)] - 己成功启动FileReceive服务。
2013-11-26 14:56:02,079 [1] INFO  log [(null)] - 己成功启动SsoOutWindow服务。
2013-11-26 14:56:08,023 [5] INFO  log [(null)] - 方法名：CreateTemplatePage，生成模板Id：85，模板名称：投资日历模版，生成文件路径：E:\comsite\svn\dev456\CMS\code\branches\v1.0\CMS.Web\html\/uptzrl-/tzrl.html成功！
2013-11-26 14:56:56,782 [5] INFO  log [(null)] - 方法名：CreateTemplatePage，生成模板Id：85，模板名称：投资日历模版，生成文件路径：E:\comsite\svn\dev456\CMS\code\branches\v1.0\CMS.Web\html\/uptzrl-/tzrl.html成功！
2013-11-26 14:59:45,303 [5] INFO  log [(null)] - 方法名：CreateTemplatePage，生成模板Id：85，模板名称：投资日历模版，生成文件路径：E:\comsite\svn\dev456\CMS\code\branches\v1.0\CMS.Web\html\/uptzrl-/tzrl.html成功！
2013-11-26 15:04:06,098 [5] INFO  log [(null)] - 方法名：CreateTemplatePage，生成模板Id：85，模板名称：投资日历模版，生成文件路径：E:\comsite\svn\dev456\CMS\code\branches\v1.0\CMS.Web\html\/uptzrl-/tzrl.html成功！
2013-11-26 15:05:04,864 [5] INFO  log [(null)] - 方法名：CreateTemplatePage，生成模板Id：85，模板名称：投资日历模版，生成文件路径：E:\comsite\svn\dev456\CMS\code\branches\v1.0\CMS.Web\html\/uptzrl-/tzrl.html成功！
2013-11-26 15:06:08,601 [5] INFO  log [(null)] - 方法名：CreateTemplatePage，生成模板Id：85，模板名称：投资日历模版，生成文件路径：E:\comsite\svn\dev456\CMS\code\branches\v1.0\CMS.Web\html\/uptzrl-/tzrl.html成功！
2013-11-26 15:07:18,440 [5] INFO  log [(null)] - 方法名：CreateTemplatePage，生成模板Id：85，模板名称：投资日历模版，生成文件路径：E:\comsite\svn\dev456\CMS\code\branches\v1.0\CMS.Web\html\/uptzrl-/tzrl.html成功！
2013-11-26 15:08:36,665 [5] INFO  log [(null)] - 方法名：CreateTemplatePage，生成模板Id：85，模板名称：投资日历模版，生成文件路径：E:\comsite\svn\dev456\CMS\code\branches\v1.0\CMS.Web\html\/uptzrl-/tzrl.html成功！
2013-11-26 15:16:02,621 [5] INFO  log [(null)] - 方法名：CreateTemplatePage，生成模板Id：85，模板名称：投资日历模版，生成文件路径：E:\comsite\svn\dev456\CMS\code\branches\v1.0\CMS.Web\html\/uptzrl-/tzrl.html成功！
2013-11-26 15:19:48,032 [5] INFO  log [(null)] - 方法名：CreateTemplatePage，生成模板Id：85，模板名称：投资日历模版，生成文件路径：E:\comsite\svn\dev456\CMS\code\branches\v1.0\CMS.Web\html\/uptzrl-/tzrl.html成功！
2013-11-26 15:22:29,229 [5] INFO  log [(null)] - 方法名：CreateTemplatePage，生成模板Id：85，模板名称：投资日历模版，生成文件路径：E:\comsite\svn\dev456\CMS\code\branches\v1.0\CMS.Web\html\/uptzrl-/tzrl.html成功！
2013-11-26 15:23:08,050 [5] INFO  log [(null)] - 方法名：CreateTemplatePage，生成模板Id：85，模板名称：投资日历模版，生成文件路径：E:\comsite\svn\dev456\CMS\code\branches\v1.0\CMS.Web\html\/uptzrl-/tzrl.html成功！
2013-11-26 16:00:09,413 [1] INFO  log [(null)] - 己成功启动HtmlEngine服务。
2013-11-26 16:00:09,439 [1] INFO  log [(null)] - 己成功启动FileReceive服务。
2013-11-26 16:00:09,472 [1] INFO  log [(null)] - 己成功启动SsoOutWindow服务。
2013-11-26 16:00:13,289 [4] INFO  log [(null)] - 方法名：CreateTemplatePage，生成模板Id：85，模板名称：投资日历模版，生成文件路径：E:\comsite\svn\dev456\CMS\code\branches\v1.0\CMS.Web\html\/uptzrl-/tzrl.html成功！
2013-11-26 16:07:29,854 [4] INFO  log [(null)] - 方法名：CreateTemplatePage，生成模板Id：85，模板名称：投资日历模版，生成文件路径：E:\comsite\svn\dev456\CMS\code\branches\v1.0\CMS.Web\html\/uptzrl-/tzrl.html成功！
2013-11-26 16:10:54,338 [4] INFO  log [(null)] - 方法名：CreateTemplatePage，生成模板Id：85，模板名称：投资日历模版，生成文件路径：E:\comsite\svn\dev456\CMS\code\branches\v1.0\CMS.Web\html\/uptzrl-/tzrl.html成功！
2013-11-26 16:18:33,259 [4] INFO  log [(null)] - 方法名：CreateTemplatePage，生成模板Id：85，模板名称：投资日历模版，生成文件路径：E:\comsite\svn\dev456\CMS\code\branches\v1.0\CMS.Web\html\/uptzrl-/tzrl.html成功！
2013-11-26 16:18:37,607 [4] INFO  log [(null)] - 方法名：CreateTemplatePage，生成模板Id：85，模板名称：投资日历模版，生成文件路径：E:\comsite\svn\dev456\CMS\code\branches\v1.0\CMS.Web\html\/uptzrl-/tzrl.html成功！
2013-11-26 16:31:00,234 [4] INFO  log [(null)] - 方法名：CreateTemplatePage，生成模板Id：85，模板名称：投资日历模版，生成文件路径：E:\comsite\svn\dev456\CMS\code\branches\v1.0\CMS.Web\html\/uptzrl-/tzrl.html成功！
2013-11-26 16:31:12,261 [4] INFO  log [(null)] - 方法名：CreateTemplatePage，生成模板Id：85，模板名称：投资日历模版，生成文件路径：E:\comsite\svn\dev456\CMS\code\branches\v1.0\CMS.Web\html\/uptzrl-/tzrl.html成功！
2013-11-26 16:51:30,918 [4] INFO  log [(null)] - 方法名：CreateTemplatePage，生成模板Id：85，模板名称：投资日历模版，生成文件路径：E:\comsite\svn\dev456\CMS\code\branches\v1.0\CMS.Web\html\/uptzrl-/tzrl.html成功！
2013-11-26 16:58:34,957 [4] INFO  log [(null)] - 方法名：CreateTemplatePage，生成模板Id：85，模板名称：投资日历模版，生成文件路径：E:\comsite\svn\dev456\CMS\code\branches\v1.0\CMS.Web\html\/uptzrl-/tzrl.html成功！
2013-11-26 17:03:55,273 [4] INFO  log [(null)] - 方法名：CreateTemplatePage，生成模板Id：85，模板名称：投资日历模版，生成文件路径：E:\comsite\svn\dev456\CMS\code\branches\v1.0\CMS.Web\html\/uptzrl-/tzrl.html成功！
2013-11-26 17:14:42,522 [4] INFO  log [(null)] - 方法名：CreateTemplatePage，生成模板Id：85，模板名称：投资日历模版，生成文件路径：E:\comsite\svn\dev456\CMS\code\branches\v1.0\CMS.Web\html\/uptzrl-/tzrl.html成功！
2013-11-26 17:15:28,839 [4] INFO  log [(null)] - 方法名：CreateTemplatePage，生成模板Id：85，模板名称：投资日历模版，生成文件路径：E:\comsite\svn\dev456\CMS\code\branches\v1.0\CMS.Web\html\/uptzrl-/tzrl.html成功！
2013-11-26 17:17:20,424 [4] INFO  log [(null)] - 方法名：CreateTemplatePage，生成模板Id：85，模板名称：投资日历模版，生成文件路径：E:\comsite\svn\dev456\CMS\code\branches\v1.0\CMS.Web\html\/uptzrl-/tzrl.html成功！
2013-11-26 17:24:31,312 [1] INFO  log [(null)] - 己成功启动HtmlEngine服务。
2013-11-26 17:24:31,331 [1] INFO  log [(null)] - 己成功启动FileReceive服务。
2013-11-26 17:24:31,338 [1] INFO  log [(null)] - 己成功启动SsoOutWindow服务。
2013-11-26 17:24:36,552 [4] INFO  log [(null)] - 方法名：CreateTemplatePage，生成模板Id：85，模板名称：投资日历模版，生成文件路径：E:\comsite\svn\dev456\CMS\code\branches\v1.0\CMS.Web\html\/uptzrl-/week/2013-11-25.html成功！
2013-11-26 17:28:38,683 [1] INFO  log [(null)] - 己成功启动HtmlEngine服务。
2013-11-26 17:28:38,701 [1] INFO  log [(null)] - 己成功启动FileReceive服务。
2013-11-26 17:28:38,709 [1] INFO  log [(null)] - 己成功启动SsoOutWindow服务。
2013-11-26 17:28:47,997 [5] INFO  log [(null)] - 方法名：CreateTemplatePage，生成模板Id：85，模板名称：投资日历模版，生成文件路径：E:\comsite\svn\dev456\CMS\code\branches\v1.0\CMS.Web\html\/uptzrl-/week/2013-11-18.html成功！
2013-11-26 17:34:17,009 [5] INFO  log [(null)] - 方法名：CreateTemplatePage，生成模板Id：85，模板名称：投资日历模版，生成文件路径：E:\comsite\svn\dev456\CMS\code\branches\v1.0\CMS.Web\html\/uptzrl-/week/2013-11-18.html成功！
2013-11-26 17:34:21,572 [5] INFO  log [(null)] - 方法名：CreateTemplatePage，生成模板Id：85，模板名称：投资日历模版，生成文件路径：E:\comsite\svn\dev456\CMS\code\branches\v1.0\CMS.Web\html\/uptzrl-/week/2013-11-25.html成功！
2013-11-26 17:34:24,673 [5] INFO  log [(null)] - 方法名：CreateTemplatePage，生成模板Id：85，模板名称：投资日历模版，生成文件路径：E:\comsite\svn\dev456\CMS\code\branches\v1.0\CMS.Web\html\/uptzrl-/week/2013-11-18.html成功！
