2013-11-29 09:27:02,860 [1] INFO  log [(null)] - 己成功启动HtmlEngine服务。
2013-11-29 09:27:02,884 [1] INFO  log [(null)] - 己成功启动FileReceive服务。
2013-11-29 09:27:02,891 [1] INFO  log [(null)] - 己成功启动SsoOutWindow服务。
2013-11-29 09:36:25,329 [1] INFO  log [(null)] - 己成功启动HtmlEngine服务。
2013-11-29 09:36:25,348 [1] INFO  log [(null)] - 己成功启动FileReceive服务。
2013-11-29 09:36:25,354 [1] INFO  log [(null)] - 己成功启动SsoOutWindow服务。
2013-11-29 09:59:37,270 [5] INFO  log [(null)] - 方法名：CreateTemplatePage，生成模板Id：85，模板名称：投资日历模版，生成文件路径：E:\comsite\sasweb\zhuanti\week/2013-11-25.html成功！
2013-11-29 09:59:37,318 [5] INFO  log [(null)] - 方法名：CreateTemplatePage，生成模板Id：86，模板名称：投资日历首页，生成文件路径：E:\comsite\sasweb\zhuanti\/week/index.html成功！
2013-11-29 09:59:47,298 [5] INFO  log [(null)] - 方法名：CreateTemplatePage，生成模板Id：85，模板名称：投资日历模版，生成文件路径：E:\comsite\sasweb\zhuanti\week/2013-11-18.html成功！
2013-11-29 09:59:47,314 [5] INFO  log [(null)] - 方法名：CreateTemplatePage，生成模板Id：86，模板名称：投资日历首页，生成文件路径：E:\comsite\sasweb\zhuanti\/week/index.html成功！
2013-11-29 09:59:55,109 [5] INFO  log [(null)] - 方法名：CreateTemplatePage，生成模板Id：85，模板名称：投资日历模版，生成文件路径：E:\comsite\sasweb\zhuanti\week/2013-11-18.html成功！
2013-11-29 09:59:55,129 [5] INFO  log [(null)] - 方法名：CreateTemplatePage，生成模板Id：86，模板名称：投资日历首页，生成文件路径：E:\comsite\sasweb\zhuanti\/week/index.html成功！
2013-11-29 10:00:04,326 [5] INFO  log [(null)] - 方法名：CreateTemplatePage，生成模板Id：86，模板名称：投资日历首页，生成文件路径：E:\comsite\sasweb\zhuanti\/week/index.html成功！
2013-11-29 11:00:06,317 [5] INFO  log [(null)] - 方法名：CreateTemplatePage，生成模板Id：85，模板名称：投资日历模版，生成文件路径：E:\comsite\sasweb\zhuanti\week/2013-11-18.html成功！
2013-11-29 11:00:06,386 [5] INFO  log [(null)] - 方法名：CreateTemplatePage，生成模板Id：86，模板名称：投资日历首页，生成文件路径：E:\comsite\sasweb\zhuanti\/week/index.html成功！
2013-11-29 11:00:12,629 [5] INFO  log [(null)] - 方法名：CreateTemplatePage，生成模板Id：85，模板名称：投资日历模版，生成文件路径：E:\comsite\sasweb\zhuanti\week/2013-11-18.html成功！
2013-11-29 11:00:12,652 [5] INFO  log [(null)] - 方法名：CreateTemplatePage，生成模板Id：86，模板名称：投资日历首页，生成文件路径：E:\comsite\sasweb\zhuanti\/week/index.html成功！
2013-11-29 13:53:22,276 [5] INFO  log [(null)] - 方法名：CreateTemplatePage，生成模板Id：86，模板名称：投资日历首页，生成文件路径：E:\comsite\sasweb\zhuanti\/week/index.html成功！
2013-11-29 13:54:08,774 [5] INFO  log [(null)] - 方法名：CreateTemplatePage，生成模板Id：85，模板名称：投资日历模版，生成文件路径：E:\comsite\sasweb\zhuanti\week/2013-11-18.html成功！
2013-11-29 13:54:08,873 [5] INFO  log [(null)] - 方法名：CreateTemplatePage，生成模板Id：86，模板名称：投资日历首页，生成文件路径：E:\comsite\sasweb\zhuanti\/week/index.html成功！
2013-11-29 13:54:23,191 [5] INFO  log [(null)] - 方法名：CreateTemplatePage，生成模板Id：85，模板名称：投资日历模版，生成文件路径：E:\comsite\sasweb\zhuanti\week/2013-11-25.html成功！
2013-11-29 13:54:23,373 [5] INFO  log [(null)] - 方法名：CreateTemplatePage，生成模板Id：86，模板名称：投资日历首页，生成文件路径：E:\comsite\sasweb\zhuanti\/week/index.html成功！
2013-11-29 14:16:02,208 [1] INFO  log [(null)] - 己成功启动HtmlEngine服务。
2013-11-29 14:16:02,313 [1] INFO  log [(null)] - 己成功启动FileReceive服务。
2013-11-29 14:16:02,325 [1] INFO  log [(null)] - 己成功启动SsoOutWindow服务。
2013-11-29 14:22:20,979 [4] INFO  log [(null)] - 方法名：CreateTemplatePage，生成模板Id：85，模板名称：投资日历模版，生成文件路径：E:\comsite\sasweb\zhuanti\week/2013-11-25.html成功！
2013-11-29 14:22:20,996 [4] INFO  log [(null)] - 方法名：CreateTemplatePage，生成模板Id：86，模板名称：投资日历首页，生成文件路径：E:\comsite\sasweb\zhuanti\/week/index.html成功！
2013-11-29 14:35:44,825 [4] INFO  log [(null)] - 方法名：CreateTemplatePage，生成模板Id：85，模板名称：投资日历模版，生成文件路径：E:\comsite\sasweb\zhuanti\week/2013-11-25.html成功！
2013-11-29 14:35:44,843 [4] INFO  log [(null)] - 方法名：CreateTemplatePage，生成模板Id：86，模板名称：投资日历首页，生成文件路径：E:\comsite\sasweb\zhuanti\/week/index.html成功！
2013-11-29 14:40:20,857 [4] INFO  log [(null)] - 方法名：CreateTemplatePage，生成模板Id：85，模板名称：投资日历模版，生成文件路径：E:\comsite\sasweb\zhuanti\week/2013-11-25.html成功！
2013-11-29 14:40:20,877 [4] INFO  log [(null)] - 方法名：CreateTemplatePage，生成模板Id：86，模板名称：投资日历首页，生成文件路径：E:\comsite\sasweb\zhuanti\/week/index.html成功！
2013-11-29 14:42:34,722 [4] INFO  log [(null)] - 方法名：CreateTemplatePage，生成模板Id：85，模板名称：投资日历模版，生成文件路径：E:\comsite\sasweb\zhuanti\week/2013-11-25.html成功！
2013-11-29 14:42:34,743 [4] INFO  log [(null)] - 方法名：CreateTemplatePage，生成模板Id：86，模板名称：投资日历首页，生成文件路径：E:\comsite\sasweb\zhuanti\/week/index.html成功！
2013-11-29 14:43:19,457 [4] INFO  log [(null)] - 方法名：CreateTemplatePage，生成模板Id：85，模板名称：投资日历模版，生成文件路径：E:\comsite\sasweb\zhuanti\week/2013-11-25.html成功！
2013-11-29 14:43:19,477 [4] INFO  log [(null)] - 方法名：CreateTemplatePage，生成模板Id：86，模板名称：投资日历首页，生成文件路径：E:\comsite\sasweb\zhuanti\/week/index.html成功！
2013-11-29 14:44:23,555 [4] INFO  log [(null)] - 方法名：CreateTemplatePage，生成模板Id：85，模板名称：投资日历模版，生成文件路径：E:\comsite\sasweb\zhuanti\week/2013-11-25.html成功！
2013-11-29 14:44:23,582 [4] INFO  log [(null)] - 方法名：CreateTemplatePage，生成模板Id：86，模板名称：投资日历首页，生成文件路径：E:\comsite\sasweb\zhuanti\/week/index.html成功！
2013-11-29 14:45:00,178 [4] INFO  log [(null)] - 方法名：CreateTemplatePage，生成模板Id：85，模板名称：投资日历模版，生成文件路径：E:\comsite\sasweb\zhuanti\week/2013-11-25.html成功！
2013-11-29 14:45:00,199 [4] INFO  log [(null)] - 方法名：CreateTemplatePage，生成模板Id：86，模板名称：投资日历首页，生成文件路径：E:\comsite\sasweb\zhuanti\/week/index.html成功！
2013-11-29 14:45:26,513 [4] INFO  log [(null)] - 方法名：CreateTemplatePage，生成模板Id：85，模板名称：投资日历模版，生成文件路径：E:\comsite\sasweb\zhuanti\week/2013-11-25.html成功！
2013-11-29 14:45:26,534 [4] INFO  log [(null)] - 方法名：CreateTemplatePage，生成模板Id：86，模板名称：投资日历首页，生成文件路径：E:\comsite\sasweb\zhuanti\/week/index.html成功！
2013-11-29 14:46:01,735 [4] INFO  log [(null)] - 方法名：CreateTemplatePage，生成模板Id：85，模板名称：投资日历模版，生成文件路径：E:\comsite\sasweb\zhuanti\week/2013-11-25.html成功！
2013-11-29 14:46:01,758 [4] INFO  log [(null)] - 方法名：CreateTemplatePage，生成模板Id：86，模板名称：投资日历首页，生成文件路径：E:\comsite\sasweb\zhuanti\/week/index.html成功！
2013-11-29 14:47:26,952 [4] INFO  log [(null)] - 方法名：CreateTemplatePage，生成模板Id：85，模板名称：投资日历模版，生成文件路径：E:\comsite\sasweb\zhuanti\week/2013-11-25.html成功！
2013-11-29 14:47:26,985 [4] INFO  log [(null)] - 方法名：CreateTemplatePage，生成模板Id：86，模板名称：投资日历首页，生成文件路径：E:\comsite\sasweb\zhuanti\/week/index.html成功！
2013-11-29 14:48:01,365 [4] INFO  log [(null)] - 方法名：CreateTemplatePage，生成模板Id：85，模板名称：投资日历模版，生成文件路径：E:\comsite\sasweb\zhuanti\week/2013-11-25.html成功！
2013-11-29 14:48:01,387 [4] INFO  log [(null)] - 方法名：CreateTemplatePage，生成模板Id：86，模板名称：投资日历首页，生成文件路径：E:\comsite\sasweb\zhuanti\/week/index.html成功！
2013-11-29 14:48:24,491 [4] INFO  log [(null)] - 方法名：CreateTemplatePage，生成模板Id：85，模板名称：投资日历模版，生成文件路径：E:\comsite\sasweb\zhuanti\week/2013-11-25.html成功！
2013-11-29 14:48:24,516 [4] INFO  log [(null)] - 方法名：CreateTemplatePage，生成模板Id：86，模板名称：投资日历首页，生成文件路径：E:\comsite\sasweb\zhuanti\/week/index.html成功！
2013-11-29 14:49:03,252 [4] INFO  log [(null)] - 方法名：CreateTemplatePage，生成模板Id：85，模板名称：投资日历模版，生成文件路径：E:\comsite\sasweb\zhuanti\week/2013-11-25.html成功！
2013-11-29 14:49:03,277 [4] INFO  log [(null)] - 方法名：CreateTemplatePage，生成模板Id：86，模板名称：投资日历首页，生成文件路径：E:\comsite\sasweb\zhuanti\/week/index.html成功！
2013-11-29 14:49:27,950 [4] INFO  log [(null)] - 方法名：CreateTemplatePage，生成模板Id：85，模板名称：投资日历模版，生成文件路径：E:\comsite\sasweb\zhuanti\week/2013-11-25.html成功！
2013-11-29 14:49:27,987 [4] INFO  log [(null)] - 方法名：CreateTemplatePage，生成模板Id：86，模板名称：投资日历首页，生成文件路径：E:\comsite\sasweb\zhuanti\/week/index.html成功！
2013-11-29 14:51:04,050 [4] INFO  log [(null)] - 方法名：CreateTemplatePage，生成模板Id：85，模板名称：投资日历模版，生成文件路径：E:\comsite\sasweb\zhuanti\week/2013-11-25.html成功！
2013-11-29 14:51:04,072 [4] INFO  log [(null)] - 方法名：CreateTemplatePage，生成模板Id：86，模板名称：投资日历首页，生成文件路径：E:\comsite\sasweb\zhuanti\/week/index.html成功！
2013-11-29 14:51:35,178 [4] INFO  log [(null)] - 方法名：CreateTemplatePage，生成模板Id：85，模板名称：投资日历模版，生成文件路径：E:\comsite\sasweb\zhuanti\week/2013-11-25.html成功！
2013-11-29 14:51:35,200 [4] INFO  log [(null)] - 方法名：CreateTemplatePage，生成模板Id：86，模板名称：投资日历首页，生成文件路径：E:\comsite\sasweb\zhuanti\/week/index.html成功！
2013-11-29 14:52:13,213 [4] INFO  log [(null)] - 方法名：CreateTemplatePage，生成模板Id：85，模板名称：投资日历模版，生成文件路径：E:\comsite\sasweb\zhuanti\week/2013-11-25.html成功！
2013-11-29 14:52:13,233 [4] INFO  log [(null)] - 方法名：CreateTemplatePage，生成模板Id：86，模板名称：投资日历首页，生成文件路径：E:\comsite\sasweb\zhuanti\/week/index.html成功！
2013-11-29 14:52:38,826 [4] INFO  log [(null)] - 方法名：CreateTemplatePage，生成模板Id：85，模板名称：投资日历模版，生成文件路径：E:\comsite\sasweb\zhuanti\week/2013-11-25.html成功！
2013-11-29 14:52:38,850 [4] INFO  log [(null)] - 方法名：CreateTemplatePage，生成模板Id：86，模板名称：投资日历首页，生成文件路径：E:\comsite\sasweb\zhuanti\/week/index.html成功！
2013-11-29 14:53:35,540 [4] INFO  log [(null)] - 方法名：CreateTemplatePage，生成模板Id：85，模板名称：投资日历模版，生成文件路径：E:\comsite\sasweb\zhuanti\week/2013-11-25.html成功！
2013-11-29 14:53:35,561 [4] INFO  log [(null)] - 方法名：CreateTemplatePage，生成模板Id：86，模板名称：投资日历首页，生成文件路径：E:\comsite\sasweb\zhuanti\/week/index.html成功！
2013-11-29 14:53:53,647 [4] INFO  log [(null)] - 方法名：CreateTemplatePage，生成模板Id：85，模板名称：投资日历模版，生成文件路径：E:\comsite\sasweb\zhuanti\week/2013-11-25.html成功！
2013-11-29 14:53:53,672 [4] INFO  log [(null)] - 方法名：CreateTemplatePage，生成模板Id：86，模板名称：投资日历首页，生成文件路径：E:\comsite\sasweb\zhuanti\/week/index.html成功！
2013-11-29 14:54:37,656 [4] INFO  log [(null)] - 方法名：CreateTemplatePage，生成模板Id：85，模板名称：投资日历模版，生成文件路径：E:\comsite\sasweb\zhuanti\week/2013-11-25.html成功！
2013-11-29 14:54:37,679 [4] INFO  log [(null)] - 方法名：CreateTemplatePage，生成模板Id：86，模板名称：投资日历首页，生成文件路径：E:\comsite\sasweb\zhuanti\/week/index.html成功！
2013-11-29 14:55:04,276 [4] INFO  log [(null)] - 方法名：CreateTemplatePage，生成模板Id：85，模板名称：投资日历模版，生成文件路径：E:\comsite\sasweb\zhuanti\week/2013-11-25.html成功！
2013-11-29 14:55:04,302 [4] INFO  log [(null)] - 方法名：CreateTemplatePage，生成模板Id：86，模板名称：投资日历首页，生成文件路径：E:\comsite\sasweb\zhuanti\/week/index.html成功！
2013-11-29 14:55:22,877 [4] INFO  log [(null)] - 方法名：CreateTemplatePage，生成模板Id：85，模板名称：投资日历模版，生成文件路径：E:\comsite\sasweb\zhuanti\week/2013-11-25.html成功！
2013-11-29 14:55:22,902 [4] INFO  log [(null)] - 方法名：CreateTemplatePage，生成模板Id：86，模板名称：投资日历首页，生成文件路径：E:\comsite\sasweb\zhuanti\/week/index.html成功！
2013-11-29 14:58:32,114 [4] INFO  log [(null)] - 方法名：CreateTemplatePage，生成模板Id：85，模板名称：投资日历模版，生成文件路径：E:\comsite\sasweb\zhuanti\week/2013-11-18.html成功！
2013-11-29 14:58:32,137 [4] INFO  log [(null)] - 方法名：CreateTemplatePage，生成模板Id：86，模板名称：投资日历首页，生成文件路径：E:\comsite\sasweb\zhuanti\/week/index.html成功！
