2013-12-05 10:12:23,101 [1] INFO  log [(null)] - 己成功启动HtmlEngine服务。
2013-12-05 10:12:23,149 [1] INFO  log [(null)] - 己成功启动FileReceive服务。
2013-12-05 10:12:23,206 [1] INFO  log [(null)] - 己成功启动SsoOutWindow服务。
2013-12-05 10:27:27,480 [1] INFO  log [(null)] - 己成功启动HtmlEngine服务。
2013-12-05 10:27:27,499 [1] INFO  log [(null)] - 己成功启动FileReceive服务。
2013-12-05 10:27:27,507 [1] INFO  log [(null)] - 己成功启动SsoOutWindow服务。
2013-12-05 10:28:19,038 [5] INFO  log [(null)] - 方法名：CreateTemplatePage，生成模板Id：85，模板名称：投资日历模版，生成文件路径：E:\comsite\sasweb\zhuanti\week/2013-12-09.html成功！
2013-12-05 10:28:19,071 [5] INFO  log [(null)] - 方法名：CreateTemplatePage，生成模板Id：86，模板名称：投资日历首页，生成文件路径：E:\comsite\sasweb\zhuanti\/week/index.html成功！
2013-12-05 10:31:41,433 [5] INFO  log [(null)] - 方法名：CreateTemplatePage，生成模板Id：85，模板名称：投资日历模版，生成文件路径：E:\comsite\sasweb\zhuanti\week/2013-12-09.html成功！
2013-12-05 10:31:41,454 [5] INFO  log [(null)] - 方法名：CreateTemplatePage，生成模板Id：86，模板名称：投资日历首页，生成文件路径：E:\comsite\sasweb\zhuanti\/week/index.html成功！
2013-12-05 10:31:52,550 [5] INFO  log [(null)] - 方法名：CreateTemplatePage，生成模板Id：85，模板名称：投资日历模版，生成文件路径：E:\comsite\sasweb\zhuanti\week/2013-12-02.html成功！
2013-12-05 10:31:52,580 [5] INFO  log [(null)] - 方法名：CreateTemplatePage，生成模板Id：86，模板名称：投资日历首页，生成文件路径：E:\comsite\sasweb\zhuanti\/week/index.html成功！
2013-12-05 10:32:05,688 [5] INFO  log [(null)] - 方法名：CreateTemplatePage，生成模板Id：85，模板名称：投资日历模版，生成文件路径：E:\comsite\sasweb\zhuanti\week/2013-11-25.html成功！
2013-12-05 10:32:05,720 [5] INFO  log [(null)] - 方法名：CreateTemplatePage，生成模板Id：86，模板名称：投资日历首页，生成文件路径：E:\comsite\sasweb\zhuanti\/week/index.html成功！
2013-12-05 13:54:40,760 [1] INFO  log [(null)] - 己成功启动HtmlEngine服务。
2013-12-05 13:54:40,787 [1] INFO  log [(null)] - 己成功启动FileReceive服务。
2013-12-05 13:54:40,794 [1] INFO  log [(null)] - 己成功启动SsoOutWindow服务。
2013-12-05 13:57:30,398 [3] INFO  log [(null)] - 方法名：CreateTemplatePage，生成模板Id：85，模板名称：投资日历模版，生成文件路径：E:\comsite\sasweb\zhuanti\week/2013-12-09.html成功！
2013-12-05 13:57:30,401 [8] INFO  log [(null)] - 方法名：CreateTemplatePage，生成模板Id：85，模板名称：投资日历模版，生成文件路径：E:\comsite\sasweb\zhuanti\week/2013-12-02.html成功！
2013-12-05 13:57:30,448 [3] INFO  log [(null)] - 方法名：CreateTemplatePage，生成模板Id：86，模板名称：投资日历首页，生成文件路径：E:\comsite\sasweb\zhuanti\/week/index.html成功！
2013-12-05 13:57:37,705 [8] INFO  log [(null)] - 方法名：CreateTemplatePage，生成模板Id：86，模板名称：投资日历首页，生成文件路径：E:\comsite\sasweb\zhuanti\/week/index.html成功！
2013-12-05 13:57:44,228 [8] INFO  log [(null)] - 方法名：CreateTemplatePage，生成模板Id：85，模板名称：投资日历模版，生成文件路径：E:\comsite\sasweb\zhuanti\week/2013-12-02.html成功！
2013-12-05 13:57:44,255 [8] INFO  log [(null)] - 方法名：CreateTemplatePage，生成模板Id：86，模板名称：投资日历首页，生成文件路径：E:\comsite\sasweb\zhuanti\/week/index.html成功！
2013-12-05 13:57:49,515 [8] INFO  log [(null)] - 方法名：CreateTemplatePage，生成模板Id：85，模板名称：投资日历模版，生成文件路径：E:\comsite\sasweb\zhuanti\week/2013-12-09.html成功！
2013-12-05 13:57:49,539 [8] INFO  log [(null)] - 方法名：CreateTemplatePage，生成模板Id：86，模板名称：投资日历首页，生成文件路径：E:\comsite\sasweb\zhuanti\/week/index.html成功！
2013-12-05 13:57:56,112 [8] INFO  log [(null)] - 方法名：CreateTemplatePage，生成模板Id：85，模板名称：投资日历模版，生成文件路径：E:\comsite\sasweb\zhuanti\week/2013-11-25.html成功！
2013-12-05 13:57:56,139 [8] INFO  log [(null)] - 方法名：CreateTemplatePage，生成模板Id：86，模板名称：投资日历首页，生成文件路径：E:\comsite\sasweb\zhuanti\/week/index.html成功！
