2013-11-27 15:37:21,535 [1] INFO  log [(null)] - 己成功启动HtmlEngine服务。
2013-11-27 15:37:21,554 [1] INFO  log [(null)] - 己成功启动FileReceive服务。
2013-11-27 15:37:21,578 [1] INFO  log [(null)] - 己成功启动SsoOutWindow服务。
2013-11-27 15:37:29,430 [6] INFO  log [(null)] - 方法名：CreateTemplatePage，生成模板Id：86，模板名称：投资日历首页，生成文件路径：E:\comsite\svn\dev456\CMS\code\branches\v1.0\CMS.Web\html\/html/uptzrl-/week/index.html成功！
2013-11-27 15:38:11,272 [6] INFO  log [(null)] - 方法名：CreateTemplatePage，生成模板Id：86，模板名称：投资日历首页，生成文件路径：E:\comsite\svn\dev456\CMS\code\branches\v1.0\CMS.Web\html\/uptzrl-/week/index.html成功！
2013-11-27 16:00:30,548 [1] INFO  log [(null)] - 己成功启动HtmlEngine服务。
2013-11-27 16:00:30,566 [1] INFO  log [(null)] - 己成功启动FileReceive服务。
2013-11-27 16:00:30,574 [1] INFO  log [(null)] - 己成功启动SsoOutWindow服务。
2013-11-27 16:00:37,997 [3] INFO  log [(null)] - 方法名：CreateTemplatePage，生成模板Id：86，模板名称：投资日历首页，生成文件路径：E:\comsite\svn\dev456\CMS\code\branches\v1.0\CMS.Web\html\/uptzrl-/week/index.html成功！
2013-11-27 16:01:20,621 [3] INFO  log [(null)] - 方法名：CreateTemplatePage，生成模板Id：85，模板名称：投资日历模版，生成文件路径：E:\comsite\svn\dev456\CMS\code\branches\v1.0\CMS.Web\html\/uptzrl-/week/2013-11-25.html成功！
2013-11-27 16:01:20,641 [3] INFO  log [(null)] - 方法名：CreateTemplatePage，生成模板Id：86，模板名称：投资日历首页，生成文件路径：E:\comsite\svn\dev456\CMS\code\branches\v1.0\CMS.Web\html\/uptzrl-/week/index.html成功！
2013-11-27 16:11:14,777 [3] INFO  log [(null)] - 方法名：CreateTemplatePage，生成模板Id：85，模板名称：投资日历模版，生成文件路径：E:\comsite\svn\dev456\CMS\code\branches\v1.0\CMS.Web\html\/uptzrl-/week/2013-11-25.html成功！
2013-11-27 16:11:14,798 [3] INFO  log [(null)] - 方法名：CreateTemplatePage，生成模板Id：86，模板名称：投资日历首页，生成文件路径：E:\comsite\svn\dev456\CMS\code\branches\v1.0\CMS.Web\html\/uptzrl-/week/index.html成功！
2013-11-27 16:11:41,121 [3] INFO  log [(null)] - 方法名：CreateTemplatePage，生成模板Id：85，模板名称：投资日历模版，生成文件路径：E:\comsite\svn\dev456\CMS\code\branches\v1.0\CMS.Web\html\/uptzrl-/week/2013-11-18.html成功！
2013-11-27 16:11:41,141 [3] INFO  log [(null)] - 方法名：CreateTemplatePage，生成模板Id：86，模板名称：投资日历首页，生成文件路径：E:\comsite\svn\dev456\CMS\code\branches\v1.0\CMS.Web\html\/uptzrl-/week/index.html成功！
2013-11-27 16:43:04,123 [1] INFO  log [(null)] - 己成功启动HtmlEngine服务。
2013-11-27 16:43:04,142 [1] INFO  log [(null)] - 己成功启动FileReceive服务。
2013-11-27 16:43:04,149 [1] INFO  log [(null)] - 己成功启动SsoOutWindow服务。
2013-11-27 16:44:14,542 [5] INFO  log [(null)] - 方法名：CreateTemplatePage，生成模板Id：85，模板名称：投资日历模版，生成文件路径：E:\comsite\svn\dev456\CMS\code\branches\v1.0\CMS.Web\html\/uptzrl-/week/2013-11-25.html成功！
2013-11-27 16:44:14,559 [5] INFO  log [(null)] - 方法名：CreateTemplatePage，生成模板Id：86，模板名称：投资日历首页，生成文件路径：E:\comsite\svn\dev456\CMS\code\branches\v1.0\CMS.Web\html\/uptzrl-/week/index.html成功！
2013-11-27 16:44:24,050 [5] INFO  log [(null)] - 方法名：CreateTemplatePage，生成模板Id：85，模板名称：投资日历模版，生成文件路径：E:\comsite\svn\dev456\CMS\code\branches\v1.0\CMS.Web\html\/uptzrl-/week/2013-11-18.html成功！
2013-11-27 16:44:24,075 [5] INFO  log [(null)] - 方法名：CreateTemplatePage，生成模板Id：86，模板名称：投资日历首页，生成文件路径：E:\comsite\svn\dev456\CMS\code\branches\v1.0\CMS.Web\html\/uptzrl-/week/index.html成功！
2013-11-27 16:44:42,988 [5] INFO  log [(null)] - 方法名：CreateTemplatePage，生成模板Id：86，模板名称：投资日历首页，生成文件路径：E:\comsite\svn\dev456\CMS\code\branches\v1.0\CMS.Web\html\/uptzrl-/week/index.html成功！
2013-11-27 16:48:47,054 [1] INFO  log [(null)] - 己成功启动HtmlEngine服务。
2013-11-27 16:48:47,073 [1] INFO  log [(null)] - 己成功启动FileReceive服务。
2013-11-27 16:48:47,080 [1] INFO  log [(null)] - 己成功启动SsoOutWindow服务。
2013-11-27 16:48:52,464 [4] INFO  log [(null)] - 方法名：CreateTemplatePage，生成模板Id：86，模板名称：投资日历首页，生成文件路径：E:\comsite\svn\dev456\CMS\code\branches\v1.0\CMS.Web\html\/week/index.html成功！
2013-11-27 16:48:59,131 [4] INFO  log [(null)] - 方法名：CreateTemplatePage，生成模板Id：85，模板名称：投资日历模版，生成文件路径：E:\comsite\svn\dev456\CMS\code\branches\v1.0\CMS.Web\html\week/2013-11-25.html成功！
2013-11-27 16:48:59,150 [4] INFO  log [(null)] - 方法名：CreateTemplatePage，生成模板Id：86，模板名称：投资日历首页，生成文件路径：E:\comsite\svn\dev456\CMS\code\branches\v1.0\CMS.Web\html\/week/index.html成功！
2013-11-27 16:49:06,482 [4] INFO  log [(null)] - 方法名：CreateTemplatePage，生成模板Id：85，模板名称：投资日历模版，生成文件路径：E:\comsite\svn\dev456\CMS\code\branches\v1.0\CMS.Web\html\week/2013-11-18.html成功！
2013-11-27 16:49:06,505 [4] INFO  log [(null)] - 方法名：CreateTemplatePage，生成模板Id：86，模板名称：投资日历首页，生成文件路径：E:\comsite\svn\dev456\CMS\code\branches\v1.0\CMS.Web\html\/week/index.html成功！
2013-11-27 17:13:03,496 [1] INFO  log [(null)] - 己成功启动HtmlEngine服务。
2013-11-27 17:13:03,539 [1] INFO  log [(null)] - 己成功启动FileReceive服务。
2013-11-27 17:13:03,547 [1] INFO  log [(null)] - 己成功启动SsoOutWindow服务。
2013-11-27 17:16:55,505 [3] INFO  log [(null)] - 方法名：CreateTemplatePage，生成模板Id：86，模板名称：投资日历首页，生成文件路径：E:\comsite\sasweb\zhuanti/week/index.html成功！
2013-11-27 17:17:15,039 [3] INFO  log [(null)] - 方法名：CreateTemplatePage，生成模板Id：85，模板名称：投资日历模版，生成文件路径：E:\comsite\sasweb\zhuantiweek/2013-11-25.html成功！
2013-11-27 17:17:15,056 [3] INFO  log [(null)] - 方法名：CreateTemplatePage，生成模板Id：86，模板名称：投资日历首页，生成文件路径：E:\comsite\sasweb\zhuanti/week/index.html成功！
2013-11-27 17:17:21,413 [3] INFO  log [(null)] - 方法名：CreateTemplatePage，生成模板Id：85，模板名称：投资日历模版，生成文件路径：E:\comsite\sasweb\zhuantiweek/2013-11-18.html成功！
2013-11-27 17:17:21,433 [3] INFO  log [(null)] - 方法名：CreateTemplatePage，生成模板Id：86，模板名称：投资日历首页，生成文件路径：E:\comsite\sasweb\zhuanti/week/index.html成功！
2013-11-27 17:19:03,070 [1] INFO  log [(null)] - 己成功启动HtmlEngine服务。
2013-11-27 17:19:03,088 [1] INFO  log [(null)] - 己成功启动FileReceive服务。
2013-11-27 17:19:03,096 [1] INFO  log [(null)] - 己成功启动SsoOutWindow服务。
2013-11-27 17:19:09,074 [3] INFO  log [(null)] - 方法名：CreateTemplatePage，生成模板Id：85，模板名称：投资日历模版，生成文件路径：E:\comsite\sasweb\zhuanti\week/2013-11-18.html成功！
2013-11-27 17:19:09,099 [3] INFO  log [(null)] - 方法名：CreateTemplatePage，生成模板Id：86，模板名称：投资日历首页，生成文件路径：E:\comsite\sasweb\zhuanti\/week/index.html成功！
2013-11-27 17:19:12,010 [3] INFO  log [(null)] - 方法名：CreateTemplatePage，生成模板Id：85，模板名称：投资日历模版，生成文件路径：E:\comsite\sasweb\zhuanti\week/2013-11-25.html成功！
2013-11-27 17:19:12,085 [3] INFO  log [(null)] - 方法名：CreateTemplatePage，生成模板Id：86，模板名称：投资日历首页，生成文件路径：E:\comsite\sasweb\zhuanti\/week/index.html成功！
