2013-11-28 09:05:30,745 [10] INFO  log [(null)] - 己成功启动HtmlEngine服务。
2013-11-28 09:05:30,774 [10] INFO  log [(null)] - 己成功启动FileReceive服务。
2013-11-28 09:05:30,813 [10] INFO  log [(null)] - 己成功启动SsoOutWindow服务。
2013-11-28 09:06:23,113 [8] INFO  log [(null)] - 己成功启动HtmlEngine服务。
2013-11-28 09:06:23,138 [8] INFO  log [(null)] - 己成功启动FileReceive服务。
2013-11-28 09:06:23,151 [8] INFO  log [(null)] - 己成功启动SsoOutWindow服务。
2013-11-28 09:06:39,016 [12] INFO  log [(null)] - 方法名：CreateTemplatePage，生成模板Id：86，模板名称：投资日历首页，生成文件路径：E:\comsite\sasweb\zhuanti\/week/index.html成功！
2013-11-28 09:07:03,518 [12] INFO  log [(null)] - 方法名：CreateTemplatePage，生成模板Id：85，模板名称：投资日历模版，生成文件路径：E:\comsite\sasweb\zhuanti\week/2013-11-25.html成功！
2013-11-28 09:07:03,657 [12] INFO  log [(null)] - 方法名：CreateTemplatePage，生成模板Id：86，模板名称：投资日历首页，生成文件路径：E:\comsite\sasweb\zhuanti\/week/index.html成功！
2013-11-28 09:07:10,318 [12] INFO  log [(null)] - 方法名：CreateTemplatePage，生成模板Id：85，模板名称：投资日历模版，生成文件路径：E:\comsite\sasweb\zhuanti\week/2013-11-18.html成功！
2013-11-28 09:07:10,416 [12] INFO  log [(null)] - 方法名：CreateTemplatePage，生成模板Id：86，模板名称：投资日历首页，生成文件路径：E:\comsite\sasweb\zhuanti\/week/index.html成功！
2013-11-28 09:09:15,636 [1] INFO  log [(null)] - 己成功启动HtmlEngine服务。
2013-11-28 09:09:15,654 [1] INFO  log [(null)] - 己成功启动FileReceive服务。
2013-11-28 09:09:15,661 [1] INFO  log [(null)] - 己成功启动SsoOutWindow服务。
2013-11-28 09:09:33,099 [5] INFO  log [(null)] - 方法名：CreateTemplatePage，生成模板Id：85，模板名称：投资日历模版，生成文件路径：E:\comsite\sasweb\zhuanti\week/2013-11-25.html成功！
2013-11-28 09:09:33,116 [5] INFO  log [(null)] - 方法名：CreateTemplatePage，生成模板Id：86，模板名称：投资日历首页，生成文件路径：E:\comsite\sasweb\zhuanti\/week/index.html成功！
2013-11-28 09:09:41,335 [5] INFO  log [(null)] - 方法名：CreateTemplatePage，生成模板Id：85，模板名称：投资日历模版，生成文件路径：E:\comsite\sasweb\zhuanti\week/2013-11-18.html成功！
2013-11-28 09:09:41,353 [5] INFO  log [(null)] - 方法名：CreateTemplatePage，生成模板Id：86，模板名称：投资日历首页，生成文件路径：E:\comsite\sasweb\zhuanti\/week/index.html成功！
2013-11-28 09:09:54,600 [5] INFO  log [(null)] - 方法名：CreateTemplatePage，生成模板Id：85，模板名称：投资日历模版，生成文件路径：E:\comsite\sasweb\zhuanti\week/2013-11-18.html成功！
2013-11-28 09:09:54,621 [5] INFO  log [(null)] - 方法名：CreateTemplatePage，生成模板Id：86，模板名称：投资日历首页，生成文件路径：E:\comsite\sasweb\zhuanti\/week/index.html成功！
2013-11-28 09:10:05,495 [5] INFO  log [(null)] - 方法名：CreateTemplatePage，生成模板Id：86，模板名称：投资日历首页，生成文件路径：E:\comsite\sasweb\zhuanti\/week/index.html成功！
2013-11-28 09:11:21,790 [5] INFO  log [(null)] - 方法名：CreateTemplatePage，生成模板Id：86，模板名称：投资日历首页，生成文件路径：E:\comsite\sasweb\zhuanti\/week/index.html成功！
2013-11-28 09:12:05,474 [5] INFO  log [(null)] - 方法名：CreateTemplatePage，生成模板Id：86，模板名称：投资日历首页，生成文件路径：E:\comsite\sasweb\zhuanti\/week/index.html成功！
2013-11-28 09:15:06,014 [5] INFO  log [(null)] - 方法名：CreateTemplatePage，生成模板Id：86，模板名称：投资日历首页，生成文件路径：E:\comsite\sasweb\zhuanti\/week/index.html成功！
2013-11-28 09:17:25,252 [5] INFO  log [(null)] - 方法名：CreateTemplatePage，生成模板Id：85，模板名称：投资日历模版，生成文件路径：E:\comsite\sasweb\zhuanti\week/2013-11-25.html成功！
2013-11-28 09:17:25,271 [5] INFO  log [(null)] - 方法名：CreateTemplatePage，生成模板Id：86，模板名称：投资日历首页，生成文件路径：E:\comsite\sasweb\zhuanti\/week/index.html成功！
2013-11-28 09:17:34,401 [5] INFO  log [(null)] - 方法名：CreateTemplatePage，生成模板Id：85，模板名称：投资日历模版，生成文件路径：E:\comsite\sasweb\zhuanti\week/2013-11-18.html成功！
2013-11-28 09:17:34,424 [5] INFO  log [(null)] - 方法名：CreateTemplatePage，生成模板Id：86，模板名称：投资日历首页，生成文件路径：E:\comsite\sasweb\zhuanti\/week/index.html成功！
2013-11-28 10:05:41,977 [5] INFO  log [(null)] - 方法名：CreateTemplatePage，生成模板Id：85，模板名称：投资日历模版，生成文件路径：E:\comsite\sasweb\zhuanti\week/2013-11-25.html成功！
2013-11-28 10:05:42,034 [5] INFO  log [(null)] - 方法名：CreateTemplatePage，生成模板Id：86，模板名称：投资日历首页，生成文件路径：E:\comsite\sasweb\zhuanti\/week/index.html成功！
2013-11-28 10:05:46,761 [5] INFO  log [(null)] - 方法名：CreateTemplatePage，生成模板Id：85，模板名称：投资日历模版，生成文件路径：E:\comsite\sasweb\zhuanti\week/2013-11-18.html成功！
2013-11-28 10:05:46,781 [5] INFO  log [(null)] - 方法名：CreateTemplatePage，生成模板Id：86，模板名称：投资日历首页，生成文件路径：E:\comsite\sasweb\zhuanti\/week/index.html成功！
2013-11-28 10:05:54,203 [5] INFO  log [(null)] - 方法名：CreateTemplatePage，生成模板Id：86，模板名称：投资日历首页，生成文件路径：E:\comsite\sasweb\zhuanti\/week/index.html成功！
2013-11-28 16:59:07,291 [1] INFO  log [(null)] - 己成功启动HtmlEngine服务。
2013-11-28 16:59:07,315 [1] INFO  log [(null)] - 己成功启动FileReceive服务。
2013-11-28 16:59:07,323 [1] INFO  log [(null)] - 己成功启动SsoOutWindow服务。
2013-11-28 16:59:15,249 [5] INFO  log [(null)] - 方法名：CreateTemplatePage，生成模板Id：85，模板名称：投资日历模版，生成文件路径：E:\comsite\sasweb\zhuanti\week/2013-11-25.html成功！
2013-11-28 16:59:15,310 [5] INFO  log [(null)] - 方法名：CreateTemplatePage，生成模板Id：86，模板名称：投资日历首页，生成文件路径：E:\comsite\sasweb\zhuanti\/week/index.html成功！
2013-11-28 16:59:21,589 [5] INFO  log [(null)] - 方法名：CreateTemplatePage，生成模板Id：85，模板名称：投资日历模版，生成文件路径：E:\comsite\sasweb\zhuanti\week/2013-11-18.html成功！
2013-11-28 16:59:21,611 [5] INFO  log [(null)] - 方法名：CreateTemplatePage，生成模板Id：86，模板名称：投资日历首页，生成文件路径：E:\comsite\sasweb\zhuanti\/week/index.html成功！
2013-11-28 16:59:42,942 [5] INFO  log [(null)] - 方法名：CreateTemplatePage，生成模板Id：85，模板名称：投资日历模版，生成文件路径：E:\comsite\sasweb\zhuanti\week/2013-11-18.html成功！
2013-11-28 16:59:42,984 [5] INFO  log [(null)] - 方法名：CreateTemplatePage，生成模板Id：86，模板名称：投资日历首页，生成文件路径：E:\comsite\sasweb\zhuanti\/week/index.html成功！
