2013-12-23 13:45:35,024 [1] INFO  log [(null)] - 己成功启动HtmlEngine服务。
2013-12-23 13:45:35,085 [1] INFO  log [(null)] - 己成功启动FileReceive服务。
2013-12-23 13:45:35,099 [1] INFO  log [(null)] - 己成功启动SsoOutWindow服务。
2013-12-23 13:45:38,523 [4] INFO  log [(null)] - 方法名：GetTemplagePreview，预览模块Id：88，模板名称：UP下午茶，模板路径：/luo/upxwc.shtml成功
2013-12-23 13:57:29,448 [4] INFO  log [(null)] - 方法名：GetTemplagePreview，预览模块Id：88，模板名称：UP下午茶，模板路径：/luo/upxwc.shtml成功
2013-12-23 13:59:27,604 [4] INFO  log [(null)] - 方法名：GetTemplagePreview，预览模块Id：88，模板名称：UP下午茶，模板路径：/luo/upxwc.shtml成功
2013-12-23 14:18:36,260 [4] INFO  log [(null)] - 方法名：GetTemplagePreview，预览模块Id：88，模板名称：UP下午茶，模板路径：/luo/upxwc.shtml成功
2013-12-23 14:20:35,965 [4] INFO  log [(null)] - 方法名：GetTemplagePreview，预览模块Id：88，模板名称：UP下午茶，模板路径：/luo/upxwc.shtml成功
2013-12-23 14:20:39,130 [4] INFO  log [(null)] - 方法名：GetTemplagePreview，预览模块Id：88，模板名称：UP下午茶，模板路径：/luo/upxwc.shtml成功
2013-12-23 14:21:00,991 [4] INFO  log [(null)] - 方法名：GetTemplagePreview，预览模块Id：88，模板名称：UP下午茶，模板路径：/luo/upxwc.shtml成功
2013-12-23 14:21:09,274 [4] INFO  log [(null)] - 方法名：GetTemplagePreview，预览模块Id：88，模板名称：UP下午茶，模板路径：/luo/upxwc.shtml成功
2013-12-23 14:21:14,104 [4] INFO  log [(null)] - 方法名：GetTemplagePreview，预览模块Id：88，模板名称：UP下午茶，模板路径：/luo/upxwc.shtml成功
2013-12-23 14:21:55,479 [4] INFO  log [(null)] - 方法名：GetTemplagePreview，预览模块Id：88，模板名称：UP下午茶，模板路径：/luo/upxwc.shtml成功
2013-12-23 14:22:16,039 [4] INFO  log [(null)] - 方法名：GetTemplagePreview，预览模块Id：88，模板名称：UP下午茶，模板路径：/luo/upxwc.shtml成功
2013-12-23 14:22:41,646 [4] INFO  log [(null)] - 方法名：GetTemplagePreview，预览模块Id：88，模板名称：UP下午茶，模板路径：/luo/upxwc.shtml成功
2013-12-23 14:22:59,331 [4] INFO  log [(null)] - 方法名：GetTemplagePreview，预览模块Id：88，模板名称：UP下午茶，模板路径：/luo/upxwc.shtml成功
2013-12-23 14:25:49,121 [4] INFO  log [(null)] - 方法名：GetTemplagePreview，预览模块Id：88，模板名称：UP下午茶，模板路径：/luo/upxwc.shtml成功
2013-12-23 14:25:50,276 [4] INFO  log [(null)] - 方法名：GetTemplagePreview，预览模块Id：88，模板名称：UP下午茶，模板路径：/luo/upxwc.shtml成功
2013-12-23 14:25:51,432 [4] INFO  log [(null)] - 方法名：GetTemplagePreview，预览模块Id：88，模板名称：UP下午茶，模板路径：/luo/upxwc.shtml成功
2013-12-23 14:25:57,246 [4] INFO  log [(null)] - 方法名：GetTemplagePreview，预览模块Id：88，模板名称：UP下午茶，模板路径：/luo/upxwc.shtml成功
2013-12-23 14:28:52,678 [4] INFO  log [(null)] - 方法名：CreateTemplatePage，生成模板Id：88，模板名称：UP下午茶，生成文件路径：E:\comsite\sasweb\zhuanti\upxwc/201312/2013-12-19.html成功！
2013-12-23 14:31:59,558 [4] INFO  log [(null)] - 方法名：GetTemplagePreview，预览模块Id：88，模板名称：UP下午茶，模板路径：/luo/upxwc.shtml成功
2013-12-23 14:32:00,527 [4] INFO  log [(null)] - 方法名：GetTemplagePreview，预览模块Id：88，模板名称：UP下午茶，模板路径：/luo/upxwc.shtml成功
2013-12-23 14:32:06,228 [4] INFO  log [(null)] - 方法名：GetTemplagePreview，预览模块Id：88，模板名称：UP下午茶，模板路径：/luo/upxwc.shtml成功
2013-12-23 14:32:21,029 [4] INFO  log [(null)] - 方法名：GetTemplagePreview，预览模块Id：88，模板名称：UP下午茶，模板路径：/luo/upxwc.shtml成功
2013-12-23 14:32:22,477 [4] INFO  log [(null)] - 方法名：GetTemplagePreview，预览模块Id：88，模板名称：UP下午茶，模板路径：/luo/upxwc.shtml成功
2013-12-23 14:32:31,145 [4] INFO  log [(null)] - 方法名：GetTemplagePreview，预览模块Id：88，模板名称：UP下午茶，模板路径：/luo/upxwc.shtml成功
2013-12-23 14:38:53,210 [4] INFO  log [(null)] - 方法名：GetTemplagePreview，预览模块Id：88，模板名称：UP下午茶，模板路径：/luo/upxwc.shtml成功
2013-12-23 14:38:54,160 [4] INFO  log [(null)] - 方法名：GetTemplagePreview，预览模块Id：88，模板名称：UP下午茶，模板路径：/luo/upxwc.shtml成功
2013-12-23 14:40:29,750 [4] INFO  log [(null)] - 方法名：GetTemplagePreview，预览模块Id：88，模板名称：UP下午茶，模板路径：/luo/upxwc.shtml成功
2013-12-23 14:40:54,696 [4] INFO  log [(null)] - 方法名：GetTemplagePreview，预览模块Id：88，模板名称：UP下午茶，模板路径：/luo/upxwc.shtml成功
2013-12-23 14:41:09,588 [4] INFO  log [(null)] - 方法名：GetTemplagePreview，预览模块Id：88，模板名称：UP下午茶，模板路径：/luo/upxwc.shtml成功
2013-12-23 14:41:26,426 [4] INFO  log [(null)] - 方法名：GetTemplagePreview，预览模块Id：88，模板名称：UP下午茶，模板路径：/luo/upxwc.shtml成功
2013-12-23 14:41:46,244 [4] INFO  log [(null)] - 方法名：GetTemplagePreview，预览模块Id：88，模板名称：UP下午茶，模板路径：/luo/upxwc.shtml成功
2013-12-23 14:42:56,579 [4] INFO  log [(null)] - 方法名：CreateTemplatePage，生成模板Id：88，模板名称：UP下午茶，生成文件路径：E:\comsite\sasweb\zhuanti\upxwc/201312/2013-12-19.html成功！
2013-12-23 14:58:00,404 [4] INFO  log [(null)] - 方法名：CreateTemplatePage，生成模板Id：88，模板名称：UP下午茶，生成文件路径：E:\comsite\sasweb\zhuanti\upxwc/201312/2013-12-19.html成功！
2013-12-23 15:08:51,304 [4] INFO  log [(null)] - 方法名：CreateTemplatePage，生成模板Id：88，模板名称：UP下午茶，生成文件路径：E:\comsite\sasweb\zhuanti\upxwc/201312/2013-12-19.html成功！
2013-12-23 15:09:00,355 [4] INFO  log [(null)] - 方法名：CreateTemplatePage，生成模板Id：88，模板名称：UP下午茶，生成文件路径：E:\comsite\sasweb\zhuanti\upxwc/201312/2013-12-18.html成功！
2013-12-23 15:11:01,595 [4] INFO  log [(null)] - 方法名：CreateTemplatePage，生成模板Id：88，模板名称：UP下午茶，生成文件路径：E:\comsite\sasweb\zhuanti\upxwc/201312/2013-12-18.html成功！
2013-12-23 15:11:03,306 [4] INFO  log [(null)] - 方法名：CreateTemplatePage，生成模板Id：88，模板名称：UP下午茶，生成文件路径：E:\comsite\sasweb\zhuanti\upxwc/201312/2013-12-19.html成功！
