2013-12-12 13:36:03,796 [1] INFO  log [(null)] - 己成功启动HtmlEngine服务。
2013-12-12 13:36:03,822 [1] INFO  log [(null)] - 己成功启动FileReceive服务。
2013-12-12 13:36:03,860 [1] INFO  log [(null)] - 己成功启动SsoOutWindow服务。
2013-12-12 13:41:49,680 [4] INFO  log [(null)] - 方法名：CreateTemplatePage，生成模板Id：87，模板名称：现货交易滚动资讯，生成文件路径：E:\comsite\sasweb\zhuanti\/xhjygdzx.html成功！
2013-12-12 13:46:16,083 [4] INFO  log [(null)] - 方法名：CreateTemplatePage，生成模板Id：87，模板名称：现货交易滚动资讯，生成文件路径：E:\comsite\sasweb\zhuanti\/xhjygdzx.html成功！
2013-12-12 13:48:12,694 [4] INFO  log [(null)] - 方法名：CreateTemplatePage，生成模板Id：85，模板名称：投资日历模版，生成文件路径：E:\comsite\sasweb\zhuanti\week/2013-12-09.html成功！
2013-12-12 13:48:12,721 [4] INFO  log [(null)] - 方法名：CreateTemplatePage，生成模板Id：86，模板名称：投资日历首页，生成文件路径：E:\comsite\sasweb\zhuanti\/week/index.html成功！
2013-12-12 13:48:18,711 [4] INFO  log [(null)] - 方法名：CreateTemplatePage，生成模板Id：85，模板名称：投资日历模版，生成文件路径：E:\comsite\sasweb\zhuanti\week/2013-12-02.html成功！
2013-12-12 13:48:18,728 [4] INFO  log [(null)] - 方法名：CreateTemplatePage，生成模板Id：86，模板名称：投资日历首页，生成文件路径：E:\comsite\sasweb\zhuanti\/week/index.html成功！
2013-12-12 13:48:24,047 [4] INFO  log [(null)] - 方法名：CreateTemplatePage，生成模板Id：85，模板名称：投资日历模版，生成文件路径：E:\comsite\sasweb\zhuanti\week/2013-12-02.html成功！
2013-12-12 13:48:24,071 [4] INFO  log [(null)] - 方法名：CreateTemplatePage，生成模板Id：86，模板名称：投资日历首页，生成文件路径：E:\comsite\sasweb\zhuanti\/week/index.html成功！
2013-12-12 13:48:29,110 [4] INFO  log [(null)] - 方法名：CreateTemplatePage，生成模板Id：85，模板名称：投资日历模版，生成文件路径：E:\comsite\sasweb\zhuanti\week/2013-12-02.html成功！
2013-12-12 13:48:29,128 [4] INFO  log [(null)] - 方法名：CreateTemplatePage，生成模板Id：86，模板名称：投资日历首页，生成文件路径：E:\comsite\sasweb\zhuanti\/week/index.html成功！
2013-12-12 13:48:37,057 [4] INFO  log [(null)] - 方法名：CreateTemplatePage，生成模板Id：85，模板名称：投资日历模版，生成文件路径：E:\comsite\sasweb\zhuanti\week/2013-12-02.html成功！
2013-12-12 13:48:37,074 [4] INFO  log [(null)] - 方法名：CreateTemplatePage，生成模板Id：86，模板名称：投资日历首页，生成文件路径：E:\comsite\sasweb\zhuanti\/week/index.html成功！
2013-12-12 13:48:42,239 [4] INFO  log [(null)] - 方法名：CreateTemplatePage，生成模板Id：85，模板名称：投资日历模版，生成文件路径：E:\comsite\sasweb\zhuanti\week/2013-12-02.html成功！
2013-12-12 13:48:42,258 [4] INFO  log [(null)] - 方法名：CreateTemplatePage，生成模板Id：86，模板名称：投资日历首页，生成文件路径：E:\comsite\sasweb\zhuanti\/week/index.html成功！
2013-12-12 13:48:48,751 [4] INFO  log [(null)] - 方法名：CreateTemplatePage，生成模板Id：85，模板名称：投资日历模版，生成文件路径：E:\comsite\sasweb\zhuanti\week/2013-12-02.html成功！
2013-12-12 13:48:48,770 [4] INFO  log [(null)] - 方法名：CreateTemplatePage，生成模板Id：86，模板名称：投资日历首页，生成文件路径：E:\comsite\sasweb\zhuanti\/week/index.html成功！
2013-12-12 13:48:57,793 [4] INFO  log [(null)] - 方法名：CreateTemplatePage，生成模板Id：85，模板名称：投资日历模版，生成文件路径：E:\comsite\sasweb\zhuanti\week/2013-11-25.html成功！
2013-12-12 13:48:57,811 [4] INFO  log [(null)] - 方法名：CreateTemplatePage，生成模板Id：86，模板名称：投资日历首页，生成文件路径：E:\comsite\sasweb\zhuanti\/week/index.html成功！
2013-12-12 13:49:10,524 [4] INFO  log [(null)] - 方法名：CreateTemplatePage，生成模板Id：87，模板名称：现货交易滚动资讯，生成文件路径：E:\comsite\sasweb\zhuanti\/xhjygdzx.html成功！
2013-12-12 13:51:12,982 [4] INFO  log [(null)] - 方法名：CreateTemplatePage，生成模板Id：87，模板名称：现货交易滚动资讯，生成文件路径：E:\comsite\sasweb\zhuanti\/xhjygdzx.html成功！
2013-12-12 14:19:07,749 [4] INFO  log [(null)] - 方法名：CreateTemplatePage，生成模板Id：87，模板名称：现货交易滚动资讯，生成文件路径：E:\comsite\sasweb\zhuanti\/xhjygdzx.html成功！
2013-12-12 14:19:44,784 [4] INFO  log [(null)] - 方法名：CreateTemplatePage，生成模板Id：87，模板名称：现货交易滚动资讯，生成文件路径：E:\comsite\sasweb\zhuanti\/xhjygdzx.html成功！
2013-12-12 16:59:16,889 [1] INFO  log [(null)] - 己成功启动HtmlEngine服务。
2013-12-12 16:59:16,922 [1] INFO  log [(null)] - 己成功启动FileReceive服务。
2013-12-12 16:59:16,929 [1] INFO  log [(null)] - 己成功启动SsoOutWindow服务。
2013-12-12 16:59:25,103 [5] INFO  log [(null)] - 方法名：CreateTemplatePage，生成模板Id：82，模板名称：up首页，生成文件路径：E:\comsite\sasweb\zhuanti\/index.html成功！
