2014-03-06 14:32:16,619 [1] INFO  log [(null)] - 己成功启动HtmlEngine服务。
2014-03-06 14:32:16,650 [1] INFO  log [(null)] - 己成功启动FileReceive服务。
2014-03-06 14:32:16,706 [1] INFO  log [(null)] - 己成功启动SsoOutWindow服务。
2014-03-06 14:32:36,093 [4] INFO  log [(null)] - 方法名：CreateTemplatePage，生成模板Id：91，模板名称：up下午茶固定首页，生成文件路径：E:\comsite\sasweb\zhuantiupxwc/index.html成功！
2014-03-06 14:32:52,321 [4] INFO  log [(null)] - 方法名：CreateTemplatePage，生成模板Id：91，模板名称：up下午茶固定首页，生成文件路径：E:\comsite\sasweb\zhuanti/upxwc/index.html成功！
2014-03-06 14:35:17,189 [4] INFO  log [(null)] - 方法名：CreateTemplatePage，生成模板Id：91，模板名称：up下午茶固定首页，生成文件路径：E:\comsite\sasweb\zhuanti/upxwc/index.html成功！
2014-03-06 14:42:15,498 [9] INFO  log [(null)] - 己成功启动HtmlEngine服务。
2014-03-06 14:42:15,554 [9] INFO  log [(null)] - 己成功启动FileReceive服务。
2014-03-06 14:42:15,607 [9] INFO  log [(null)] - 己成功启动SsoOutWindow服务。
2014-03-06 14:46:02,848 [9] INFO  log [(null)] - 己成功启动HtmlEngine服务。
2014-03-06 14:46:02,873 [9] INFO  log [(null)] - 己成功启动FileReceive服务。
2014-03-06 14:46:02,881 [9] INFO  log [(null)] - 己成功启动SsoOutWindow服务。
2014-03-06 14:46:59,750 [8] INFO  log [(null)] - 己成功启动HtmlEngine服务。
2014-03-06 14:46:59,775 [8] INFO  log [(null)] - 己成功启动FileReceive服务。
2014-03-06 14:46:59,783 [8] INFO  log [(null)] - 己成功启动SsoOutWindow服务。
2014-03-06 16:04:10,262 [1] INFO  log [(null)] - 己成功启动HtmlEngine服务。
2014-03-06 16:04:10,286 [1] INFO  log [(null)] - 己成功启动FileReceive服务。
2014-03-06 16:04:10,335 [1] INFO  log [(null)] - 己成功启动SsoOutWindow服务。
2014-03-06 16:05:58,983 [5] INFO  log [(null)] - 方法名：CreateTemplatePage，生成模板Id：91，模板名称：up下午茶固定首页，生成文件路径：E:\comsite\sasweb\zhuanti/upxwc/index.html成功！
2014-03-06 16:06:52,507 [5] INFO  log [(null)] - 方法名：CreateTemplatePage，生成模板Id：91，模板名称：up下午茶固定首页，生成文件路径：E:\comsite\sasweb\zhuanti/upxwc/index.html成功！
2014-03-06 16:22:20,088 [10] INFO  log [(null)] - 己成功启动HtmlEngine服务。
2014-03-06 16:22:20,113 [10] INFO  log [(null)] - 己成功启动FileReceive服务。
2014-03-06 16:22:20,121 [10] INFO  log [(null)] - 己成功启动SsoOutWindow服务。
2014-03-06 16:27:49,389 [10] INFO  log [(null)] - 己成功启动HtmlEngine服务。
2014-03-06 16:27:49,414 [10] INFO  log [(null)] - 己成功启动FileReceive服务。
2014-03-06 16:27:49,422 [10] INFO  log [(null)] - 己成功启动SsoOutWindow服务。
2014-03-06 16:27:58,079 [10] INFO  log [(null)] - 己成功启动HtmlEngine服务。
2014-03-06 16:27:58,104 [10] INFO  log [(null)] - 己成功启动FileReceive服务。
2014-03-06 16:27:58,111 [10] INFO  log [(null)] - 己成功启动SsoOutWindow服务。
2014-03-06 16:29:39,161 [12] INFO  log [(null)] - 方法名：CreateTemplatePage，生成模板Id：91，模板名称：up下午茶固定首页，生成文件路径：E:\comsite\sasweb\zhuanti/upxwc/index.html成功！
2014-03-06 16:33:22,965 [10] INFO  log [(null)] - 己成功启动HtmlEngine服务。
2014-03-06 16:33:22,990 [10] INFO  log [(null)] - 己成功启动FileReceive服务。
2014-03-06 16:33:22,998 [10] INFO  log [(null)] - 己成功启动SsoOutWindow服务。
2014-03-06 16:42:27,736 [9] INFO  log [(null)] - 己成功启动HtmlEngine服务。
2014-03-06 16:42:27,762 [9] INFO  log [(null)] - 己成功启动FileReceive服务。
2014-03-06 16:42:27,770 [9] INFO  log [(null)] - 己成功启动SsoOutWindow服务。
2014-03-06 16:43:18,637 [11] INFO  log [(null)] - 方法名：CreateTemplatePage，生成模板Id：91，模板名称：up下午茶固定首页，生成文件路径：E:\comsite\sasweb\zhuanti/upxwc/index.html成功！
2014-03-06 16:48:35,813 [10] INFO  log [(null)] - 己成功启动HtmlEngine服务。
2014-03-06 16:48:35,836 [10] INFO  log [(null)] - 己成功启动FileReceive服务。
2014-03-06 16:48:35,844 [10] INFO  log [(null)] - 己成功启动SsoOutWindow服务。
2014-03-06 16:49:52,615 [13] INFO  log [(null)] - 方法名：CreateTemplatePage，生成模板Id：91，模板名称：up下午茶固定首页，生成文件路径：E:\comsite\sasweb\zhuanti/upxwc/index.html成功！
2014-03-06 16:50:20,255 [13] INFO  log [(null)] - 方法名：CreateTemplatePage，生成模板Id：91，模板名称：up下午茶固定首页，生成文件路径：E:\comsite\sasweb\zhuanti/upxwc/index.html成功！
2014-03-06 16:52:30,530 [1] INFO  log [(null)] - 己成功启动HtmlEngine服务。
2014-03-06 16:52:30,547 [1] INFO  log [(null)] - 己成功启动FileReceive服务。
2014-03-06 16:52:30,570 [1] INFO  log [(null)] - 己成功启动SsoOutWindow服务。
