2014-03-09 14:29:19,795 [1] INFO  log [(null)] - 己成功启动HtmlEngine服务。
2014-03-09 14:29:19,862 [1] INFO  log [(null)] - 己成功启动FileReceive服务。
2014-03-09 14:29:19,874 [1] INFO  log [(null)] - 己成功启动SsoOutWindow服务。
2014-03-09 14:43:11,808 [1] INFO  log [(null)] - 己成功启动HtmlEngine服务。
2014-03-09 14:43:11,827 [1] INFO  log [(null)] - 己成功启动FileReceive服务。
2014-03-09 14:43:11,834 [1] INFO  log [(null)] - 己成功启动SsoOutWindow服务。
2014-03-09 14:43:20,097 [4] INFO  log [(null)] - 方法名：CreateTemplatePage，生成模板Id：101，模板名称：贵金属动态20条，生成文件路径：E:\comsite\sasweb\zhuanti/gjsanalystlivejson.html成功！
2014-03-09 14:47:46,902 [4] INFO  log [(null)] - 方法名：CreateTemplatePage，生成模板Id：101，模板名称：贵金属动态20条，生成文件路径：E:\comsite\sasweb\zhuanti/gjsanalystlivejson.html成功！
2014-03-09 14:47:46,971 [4] INFO  log [(null)] - 方法名：CreateTemplatePage，生成模板Id：103，模板名称：贵金属战绩榜，生成文件路径：E:\comsite\sasweb\zhuanti/gjssuccessrateorder.html成功！
2014-03-09 14:59:17,974 [1] INFO  log [(null)] - 己成功启动HtmlEngine服务。
2014-03-09 14:59:17,992 [1] INFO  log [(null)] - 己成功启动FileReceive服务。
2014-03-09 14:59:17,998 [1] INFO  log [(null)] - 己成功启动SsoOutWindow服务。
2014-03-09 14:59:45,356 [4] INFO  log [(null)] - 方法名：CreateTemplatePage，生成模板Id：101，模板名称：贵金属动态20条，生成文件路径：E:\comsite\sasweb\zhuanti/gjsanalystlivejson.html成功！
2014-03-09 14:59:45,368 [4] INFO  log [(null)] - 方法名：CreateTemplatePage，生成模板Id：103，模板名称：贵金属战绩榜，生成文件路径：E:\comsite\sasweb\zhuanti/gjssuccessrateorder.html成功！
2014-03-09 15:01:49,930 [4] INFO  log [(null)] - 方法名：CreateTemplatePage，生成模板Id：101，模板名称：贵金属动态20条，生成文件路径：E:\comsite\sasweb\zhuanti/gjsanalystlivejson.html成功！
2014-03-09 15:01:49,942 [4] INFO  log [(null)] - 方法名：CreateTemplatePage，生成模板Id：103，模板名称：贵金属战绩榜，生成文件路径：E:\comsite\sasweb\zhuanti/gjssuccessrateorder.html成功！
2014-03-09 15:06:27,496 [4] INFO  log [(null)] - 方法名：CreateTemplatePage，生成模板Id：101，模板名称：贵金属动态20条，生成文件路径：E:\comsite\sasweb\zhuanti/gjsanalystlivejson.html成功！
2014-03-09 15:06:27,512 [4] INFO  log [(null)] - 方法名：CreateTemplatePage，生成模板Id：103，模板名称：贵金属战绩榜，生成文件路径：E:\comsite\sasweb\zhuanti/gjssuccessrateorder.html成功！
2014-03-09 15:10:20,081 [1] INFO  log [(null)] - 己成功启动HtmlEngine服务。
2014-03-09 15:10:20,101 [1] INFO  log [(null)] - 己成功启动FileReceive服务。
2014-03-09 15:10:20,109 [1] INFO  log [(null)] - 己成功启动SsoOutWindow服务。
2014-03-09 15:10:41,995 [4] INFO  log [(null)] - 方法名：CreateTemplatePage，生成模板Id：90，模板名称：首页直播分析师实时动态，生成文件路径：E:\comsite\sasweb\zhuanti/analystlivejson.html成功！
2014-03-09 15:10:42,047 [4] INFO  log [(null)] - 方法名：CreateTemplatePage，生成模板Id：97，模板名称：战绩排行，生成文件路径：E:\comsite\sasweb\zhuanti/successrateorder.html成功！
2014-03-09 15:10:42,058 [4] INFO  log [(null)] - 方法名：CreateTemplatePage，生成模板Id：101，模板名称：贵金属动态20条，生成文件路径：E:\comsite\sasweb\zhuanti/gjsanalystlivejson.html成功！
2014-03-09 15:10:42,069 [4] INFO  log [(null)] - 方法名：CreateTemplatePage，生成模板Id：103，模板名称：贵金属战绩榜，生成文件路径：E:\comsite\sasweb\zhuanti/gjssuccessrateorder.html成功！
2014-03-09 15:57:17,125 [1] INFO  log [(null)] - 己成功启动HtmlEngine服务。
2014-03-09 15:57:17,143 [1] INFO  log [(null)] - 己成功启动FileReceive服务。
2014-03-09 15:57:17,150 [1] INFO  log [(null)] - 己成功启动SsoOutWindow服务。
2014-03-09 15:58:19,959 [4] INFO  log [(null)] - 方法名：CreateTemplatePage，生成模板Id：89，模板名称：分析师直播动态模块，生成文件路径：E:\comsite\sasweb\zhuanti/analystmk.html成功！
2014-03-09 15:58:20,092 [4] INFO  log [(null)] - 方法名：CreateTemplatePage，生成模板Id：90，模板名称：首页直播分析师实时动态，生成文件路径：E:\comsite\sasweb\zhuanti/analystlivejson.html成功！
2014-03-09 15:58:20,156 [4] INFO  log [(null)] - 方法名：CreateTemplatePage，生成模板Id：97，模板名称：战绩排行，生成文件路径：E:\comsite\sasweb\zhuanti/successrateorder.html成功！
2014-03-09 15:58:20,184 [4] INFO  log [(null)] - 方法名：CreateTemplatePage，生成模板Id：101，模板名称：贵金属动态20条，生成文件路径：E:\comsite\sasweb\zhuanti/gjsanalystlivejson.html成功！
2014-03-09 15:58:20,207 [4] INFO  log [(null)] - 方法名：CreateTemplatePage，生成模板Id：103，模板名称：贵金属战绩榜，生成文件路径：E:\comsite\sasweb\zhuanti/gjssuccessrateorder.html成功！
2014-03-09 17:49:11,192 [1] INFO  log [(null)] - 己成功启动HtmlEngine服务。
2014-03-09 17:49:11,257 [1] INFO  log [(null)] - 己成功启动FileReceive服务。
2014-03-09 17:49:11,266 [1] INFO  log [(null)] - 己成功启动SsoOutWindow服务。
2014-03-09 17:54:08,184 [1] INFO  log [(null)] - 己成功启动HtmlEngine服务。
2014-03-09 17:54:08,201 [1] INFO  log [(null)] - 己成功启动FileReceive服务。
2014-03-09 17:54:08,208 [1] INFO  log [(null)] - 己成功启动SsoOutWindow服务。
2014-03-09 17:54:34,171 [5] INFO  log [(null)] - 方法名：CreateTemplatePage，生成模板Id：89，模板名称：分析师直播动态模块，生成文件路径：E:\comsite\sasweb\zhuanti/analystmk.html成功！
2014-03-09 17:54:34,311 [5] INFO  log [(null)] - 方法名：CreateTemplatePage，生成模板Id：90，模板名称：首页直播分析师实时动态，生成文件路径：E:\comsite\sasweb\zhuanti/analystlivejson.html成功！
2014-03-09 17:54:34,354 [5] INFO  log [(null)] - 方法名：CreateTemplatePage，生成模板Id：97，模板名称：战绩排行，生成文件路径：E:\comsite\sasweb\zhuanti/successrateorder.html成功！
2014-03-09 17:54:34,466 [5] INFO  log [(null)] - 方法名：CreateTemplatePage，生成模板Id：101，模板名称：贵金属动态20条，生成文件路径：E:\comsite\sasweb\zhuanti/gjsanalystlivejson.html成功！
2014-03-09 17:54:34,498 [5] INFO  log [(null)] - 方法名：CreateTemplatePage，生成模板Id：103，模板名称：贵金属战绩榜，生成文件路径：E:\comsite\sasweb\zhuanti/gjssuccessrateorder.html成功！
