2014-04-08 15:16:41,897 [1] INFO  log [(null)] - 己成功启动HtmlEngine服务。
2014-04-08 15:16:41,945 [1] INFO  log [(null)] - 己成功启动FileReceive服务。
2014-04-08 15:16:41,974 [1] INFO  log [(null)] - 己成功启动SsoOutWindow服务。
2014-04-08 15:19:38,213 [1] INFO  log [(null)] - 己成功启动HtmlEngine服务。
2014-04-08 15:19:38,230 [1] INFO  log [(null)] - 己成功启动FileReceive服务。
2014-04-08 15:19:38,237 [1] INFO  log [(null)] - 己成功启动SsoOutWindow服务。
2014-04-08 15:21:12,900 [1] INFO  log [(null)] - 己成功启动HtmlEngine服务。
2014-04-08 15:21:12,918 [1] INFO  log [(null)] - 己成功启动FileReceive服务。
2014-04-08 15:21:12,925 [1] INFO  log [(null)] - 己成功启动SsoOutWindow服务。
2014-04-08 15:27:14,304 [1] INFO  log [(null)] - 己成功启动HtmlEngine服务。
2014-04-08 15:27:14,321 [1] INFO  log [(null)] - 己成功启动FileReceive服务。
2014-04-08 15:27:14,328 [1] INFO  log [(null)] - 己成功启动SsoOutWindow服务。
2014-04-08 15:27:27,889 [5] INFO  log [(null)] - 方法名：CreateTemplatePage，生成模板Id：109，模板名称：现货直播金牡丹版至尊区，生成文件路径：E:\comsite\sasweb\zhuanti/vip/zzbjmd.html成功！
2014-04-08 15:29:55,875 [5] INFO  log [(null)] - 方法名：CreateTemplatePage，生成模板Id：109，模板名称：现货直播金牡丹版至尊区，生成文件路径：E:\comsite\sasweb\zhuanti/vip/zzbjmd.html成功！
2014-04-08 17:14:00,025 [1] INFO  log [(null)] - 己成功启动HtmlEngine服务。
2014-04-08 17:14:00,084 [1] INFO  log [(null)] - 己成功启动FileReceive服务。
2014-04-08 17:14:00,132 [1] INFO  log [(null)] - 己成功启动SsoOutWindow服务。
2014-04-08 17:16:48,434 [6] INFO  log [(null)] - 方法名：CreateTemplatePage，生成模板Id：109，模板名称：现货直播金牡丹版至尊区，生成文件路径：E:\comsite\sasweb\zhuanti/vip/zzbjmd.html成功！
2014-04-08 17:16:59,863 [6] INFO  log [(null)] - 方法名：CreateTemplatePage，生成模板Id：110，模板名称：现货直播金蝴蝶版至尊区加载更多，生成文件路径：E:\comsite\sasweb\zhuanti/vip/zzbjhdjson.html成功！
2014-04-08 17:17:06,477 [6] INFO  log [(null)] - 方法名：CreateTemplatePage，生成模板Id：114，模板名称：现货直播金牡丹版至尊区加载更多，生成文件路径：E:\comsite\sasweb\zhuanti/vip/zzbjmdjson.html成功！
2014-04-08 17:17:16,883 [6] INFO  log [(null)] - 方法名：CreateTemplatePage，生成模板Id：108，模板名称：现货直播金蝴蝶版至尊区，生成文件路径：E:\comsite\sasweb\zhuanti/vip/zzbjhd.html成功！
2014-04-08 17:20:02,101 [6] INFO  log [(null)] - 方法名：CreateTemplatePage，生成模板Id：109，模板名称：现货直播金牡丹版至尊区，生成文件路径：E:\comsite\sasweb\zhuanti/vip/zzbjmd.html成功！
2014-04-08 17:21:24,121 [1] INFO  log [(null)] - 己成功启动HtmlEngine服务。
2014-04-08 17:21:24,138 [1] INFO  log [(null)] - 己成功启动FileReceive服务。
2014-04-08 17:21:24,145 [1] INFO  log [(null)] - 己成功启动SsoOutWindow服务。
2014-04-08 17:21:31,332 [5] INFO  log [(null)] - 方法名：CreateTemplatePage，生成模板Id：109，模板名称：现货直播金牡丹版至尊区，生成文件路径：E:\comsite\sasweb\zhuanti/vip/zzbjmd.html成功！
2014-04-08 17:21:33,540 [5] INFO  log [(null)] - 方法名：CreateTemplatePage，生成模板Id：110，模板名称：现货直播金蝴蝶版至尊区加载更多，生成文件路径：E:\comsite\sasweb\zhuanti/vip/zzbjhdjson.html成功！
2014-04-08 17:21:45,165 [5] INFO  log [(null)] - 方法名：CreateTemplatePage，生成模板Id：114，模板名称：现货直播金牡丹版至尊区加载更多，生成文件路径：E:\comsite\sasweb\zhuanti/vip/zzbjmdjson.html成功！
2014-04-08 17:21:49,773 [5] INFO  log [(null)] - 方法名：CreateTemplatePage，生成模板Id：108，模板名称：现货直播金蝴蝶版至尊区，生成文件路径：E:\comsite\sasweb\zhuanti/vip/zzbjhd.html成功！
2014-04-08 17:23:35,172 [1] INFO  log [(null)] - 己成功启动HtmlEngine服务。
2014-04-08 17:23:35,190 [1] INFO  log [(null)] - 己成功启动FileReceive服务。
2014-04-08 17:23:35,197 [1] INFO  log [(null)] - 己成功启动SsoOutWindow服务。
2014-04-08 17:23:56,892 [3] INFO  log [(null)] - 方法名：CreateTemplatePage，生成模板Id：109，模板名称：现货直播金牡丹版至尊区，生成文件路径：E:\comsite\sasweb\zhuanti/vip/zzbjmd.html成功！
2014-04-08 17:43:21,328 [1] INFO  log [(null)] - 己成功启动HtmlEngine服务。
2014-04-08 17:43:21,346 [1] INFO  log [(null)] - 己成功启动FileReceive服务。
2014-04-08 17:43:21,353 [1] INFO  log [(null)] - 己成功启动SsoOutWindow服务。
2014-04-08 17:43:33,798 [4] INFO  log [(null)] - 方法名：CreateTemplatePage，生成模板Id：109，模板名称：现货直播金牡丹版至尊区，生成文件路径：E:\comsite\sasweb\zhuanti/vip/zzbjmd.html成功！
2014-04-08 17:43:35,014 [4] INFO  log [(null)] - 方法名：CreateTemplatePage，生成模板Id：110，模板名称：现货直播金蝴蝶版至尊区加载更多，生成文件路径：E:\comsite\sasweb\zhuanti/vip/zzbjhdjson.html成功！
2014-04-08 17:43:38,800 [4] INFO  log [(null)] - 方法名：CreateTemplatePage，生成模板Id：114，模板名称：现货直播金牡丹版至尊区加载更多，生成文件路径：E:\comsite\sasweb\zhuanti/vip/zzbjmdjson.html成功！
2014-04-08 17:43:43,259 [4] INFO  log [(null)] - 方法名：CreateTemplatePage，生成模板Id：108，模板名称：现货直播金蝴蝶版至尊区，生成文件路径：E:\comsite\sasweb\zhuanti/vip/zzbjhd.html成功！
