2014-03-12 09:15:34,837 [1] INFO  log [(null)] - 己成功启动HtmlEngine服务。
2014-03-12 09:15:34,880 [1] INFO  log [(null)] - 己成功启动FileReceive服务。
2014-03-12 09:15:34,892 [1] INFO  log [(null)] - 己成功启动SsoOutWindow服务。
2014-03-12 09:15:45,338 [8] INFO  log [(null)] - 方法名：CreateTemplatePage，生成模板Id：104，模板名称：贵金属实盘直播关注动态，生成文件路径：E:\comsite\sasweb\zhuanti/gjsgzfanslist.html成功！
2014-03-12 09:15:45,430 [8] INFO  log [(null)] - 方法名：CreateTemplatePage，生成模板Id：102，模板名称：贵金属人气榜，生成文件路径：E:\comsite\sasweb\zhuanti/gjsactualmjorder.html成功！
2014-03-12 09:15:53,735 [8] INFO  log [(null)] - 方法名：CreateTemplatePage，生成模板Id：104，模板名称：贵金属实盘直播关注动态，生成文件路径：E:\comsite\sasweb\zhuanti/gjsgzfanslist.html成功！
2014-03-12 09:15:53,754 [8] INFO  log [(null)] - 方法名：CreateTemplatePage，生成模板Id：102，模板名称：贵金属人气榜，生成文件路径：E:\comsite\sasweb\zhuanti/gjsactualmjorder.html成功！
2014-03-12 09:15:59,511 [8] INFO  log [(null)] - 方法名：CreateTemplatePage，生成模板Id：104，模板名称：贵金属实盘直播关注动态，生成文件路径：E:\comsite\sasweb\zhuanti/gjsgzfanslist.html成功！
2014-03-12 09:15:59,523 [8] INFO  log [(null)] - 方法名：CreateTemplatePage，生成模板Id：102，模板名称：贵金属人气榜，生成文件路径：E:\comsite\sasweb\zhuanti/gjsactualmjorder.html成功！
2014-03-12 09:42:15,174 [1] INFO  log [(null)] - 己成功启动HtmlEngine服务。
2014-03-12 09:42:15,191 [1] INFO  log [(null)] - 己成功启动FileReceive服务。
2014-03-12 09:42:15,198 [1] INFO  log [(null)] - 己成功启动SsoOutWindow服务。
2014-03-12 09:42:33,354 [5] INFO  log [(null)] - 方法名：CreateTemplatePage，生成模板Id：101，模板名称：贵金属动态20条，生成文件路径：E:\comsite\sasweb\zhuanti/gjsanalystlivejson.html成功！
2014-03-12 09:42:33,403 [5] INFO  log [(null)] - 方法名：CreateTemplatePage，生成模板Id：103，模板名称：贵金属战绩榜，生成文件路径：E:\comsite\sasweb\zhuanti/gjssuccessrateorder.html成功！
2014-03-12 09:47:58,109 [5] INFO  log [(null)] - 方法名：CreateTemplatePage，生成模板Id：104，模板名称：贵金属实盘直播关注动态，生成文件路径：E:\comsite\sasweb\zhuanti/gjsgzfanslist.html成功！
2014-03-12 09:52:25,449 [1] INFO  log [(null)] - 己成功启动HtmlEngine服务。
2014-03-12 09:52:25,467 [1] INFO  log [(null)] - 己成功启动FileReceive服务。
2014-03-12 09:52:25,529 [1] INFO  log [(null)] - 己成功启动SsoOutWindow服务。
2014-03-12 09:52:41,554 [3] INFO  log [(null)] - 方法名：CreateTemplatePage，生成模板Id：104，模板名称：贵金属实盘直播关注动态，生成文件路径：E:\comsite\sasweb\zhuanti/gjsgzfanslist.html成功！
2014-03-12 09:53:14,308 [3] INFO  log [(null)] - 方法名：CreateTemplatePage，生成模板Id：102，模板名称：贵金属人气榜，生成文件路径：E:\comsite\sasweb\zhuanti/gjsactualmjorder.html成功！
2014-03-12 09:54:45,733 [3] INFO  log [(null)] - 方法名：CreateFileImage，创建图片文件成功，文件路径:E:\\test\\/upimg/201403/12095445255.jpg
2014-03-12 09:58:29,801 [3] INFO  log [(null)] - 方法名：CreateFileImage，创建图片文件成功，文件路径:E:\\test\\/upimg/201403/12095829796.jpg
2014-03-12 09:58:32,710 [3] INFO  log [(null)] - 方法名：CreateFileImage，创建图片文件成功，文件路径:E:\\test\\/upimg/201403/12095832705.jpg
2014-03-12 09:58:35,668 [3] INFO  log [(null)] - 方法名：CreateFileImage，创建图片文件成功，文件路径:E:\\test\\/upimg/201403/12095835639.jpg
2014-03-12 09:58:56,237 [3] INFO  log [(null)] - 方法名：CreateTemplatePage，生成模板Id：101，模板名称：贵金属动态20条，生成文件路径：E:\comsite\sasweb\zhuanti/gjsanalystlivejson.html成功！
2014-03-12 09:58:56,331 [3] INFO  log [(null)] - 方法名：CreateTemplatePage，生成模板Id：103，模板名称：贵金属战绩榜，生成文件路径：E:\comsite\sasweb\zhuanti/gjssuccessrateorder.html成功！
