2014-02-19 10:13:48,744 [1] INFO  log [(null)] - 己成功启动HtmlEngine服务。
2014-02-19 10:13:48,784 [1] INFO  log [(null)] - 己成功启动FileReceive服务。
2014-02-19 10:13:48,829 [1] INFO  log [(null)] - 己成功启动SsoOutWindow服务。
2014-02-19 10:15:31,212 [1] INFO  log [(null)] - 己成功启动HtmlEngine服务。
2014-02-19 10:15:31,230 [1] INFO  log [(null)] - 己成功启动FileReceive服务。
2014-02-19 10:15:31,237 [1] INFO  log [(null)] - 己成功启动SsoOutWindow服务。
2014-02-19 10:15:33,861 [4] INFO  log [(null)] - 方法名：CreateTemplatePage，生成模板Id：95，模板名称：实盘直播关注动态，生成文件路径：E:\comsite\sasweb\zhuanti\/analystlive/gzfanslist.html成功！
2014-02-19 10:15:33,945 [4] INFO  log [(null)] - 方法名：CreateTemplatePage，生成模板Id：96，模板名称：实盘直播渤海现货人气名家，生成文件路径：E:\comsite\sasweb\zhuanti\/analystlive/actualmjorder.html成功！
2014-02-19 10:18:10,485 [1] INFO  log [(null)] - 己成功启动HtmlEngine服务。
2014-02-19 10:18:10,502 [1] INFO  log [(null)] - 己成功启动FileReceive服务。
2014-02-19 10:18:10,510 [1] INFO  log [(null)] - 己成功启动SsoOutWindow服务。
2014-02-19 10:18:31,601 [5] INFO  log [(null)] - 方法名：CreateTemplatePage，生成模板Id：95，模板名称：实盘直播关注动态，生成文件路径：E:\comsite\sasweb\zhuanti\/analystlive/gzfanslist.html成功！
2014-02-19 10:18:31,635 [5] INFO  log [(null)] - 方法名：CreateTemplatePage，生成模板Id：96，模板名称：实盘直播渤海现货人气名家，生成文件路径：E:\comsite\sasweb\zhuanti\/analystlive/actualmjorder.html成功！
2014-02-19 10:18:53,674 [5] INFO  log [(null)] - 方法名：CreateTemplatePage，生成模板Id：95，模板名称：实盘直播关注动态，生成文件路径：E:\comsite\sasweb\zhuanti\/analystlive/gzfanslist.html成功！
2014-02-19 10:18:53,686 [5] INFO  log [(null)] - 方法名：CreateTemplatePage，生成模板Id：96，模板名称：实盘直播渤海现货人气名家，生成文件路径：E:\comsite\sasweb\zhuanti\/analystlive/actualmjorder.html成功！
2014-02-19 10:21:19,334 [1] INFO  log [(null)] - 己成功启动HtmlEngine服务。
2014-02-19 10:21:19,351 [1] INFO  log [(null)] - 己成功启动FileReceive服务。
2014-02-19 10:21:19,394 [1] INFO  log [(null)] - 己成功启动SsoOutWindow服务。
2014-02-19 10:21:27,657 [6] INFO  log [(null)] - 方法名：CreateTemplatePage，生成模板Id：95，模板名称：实盘直播关注动态，生成文件路径：E:\comsite\sasweb\zhuanti\/analystlive/gzfanslist.html成功！
2014-02-19 10:21:27,685 [6] INFO  log [(null)] - 方法名：CreateTemplatePage，生成模板Id：96，模板名称：实盘直播渤海现货人气名家，生成文件路径：E:\comsite\sasweb\zhuanti\/analystlive/actualmjorder.html成功！
