2014-06-10 13:16:25,596 [1] INFO  log [(null)] - 己成功启动HtmlEngine服务。
2014-06-10 13:16:25,637 [1] INFO  log [(null)] - 己成功启动FileReceive服务。
2014-06-10 13:16:25,642 [1] INFO  log [(null)] - 己成功启动SsoOutWindow服务。
2014-06-10 13:16:30,546 [3] INFO  log [(null)] - 方法名：CreateFileImage，创建图片文件成功，文件路径:E:\comsite\ftp\sasweb/upimg/201406/10131630339.jpg
2014-06-10 13:25:19,243 [3] INFO  log [(null)] - 方法名：CreateTemplatePage，生成模板Id：78，模板名称：现货研究所首页模板，生成文件路径：E:\comsite\sasweb\news/yanjiusuo/index.html成功！
2014-06-10 13:25:19,357 [3] INFO  log [(null)] - 方法名：CreateTemplatePage，生成模板Id：79，模板名称：现货研究所内容页模板，生成文件路径：E:\comsite\sasweb\news0成功！
2014-06-10 13:25:19,579 [3] INFO  log [(null)] - 方法名：CreateTemplatePage，生成模板Id：64，模板名称：罗列表页，第1页文件，生成文件路径：E:\comsite\sasweb\news/dpzs/index.html成功！
2014-06-10 13:25:19,583 [3] INFO  log [(null)] - 方法名：CreateTemplatePage，生成模板Id：64，模板名称：罗列表页，第2页文件，生成文件路径：E:\comsite\sasweb\news/dpzs/index_2.html成功！
2014-06-10 13:25:19,627 [3] INFO  log [(null)] - 方法名：CreateTemplatePage，生成模板Id：64，模板名称：罗列表页，第3页文件，生成文件路径：E:\comsite\sasweb\news/dpzs/index_3.html成功！
2014-06-10 13:25:19,631 [3] INFO  log [(null)] - 方法名：CreateTemplatePage，生成模板Id：64，模板名称：罗列表页，第4页文件，生成文件路径：E:\comsite\sasweb\news/dpzs/index_4.html成功！
2014-06-10 13:25:19,636 [3] INFO  log [(null)] - 方法名：CreateTemplatePage，生成模板Id：64，模板名称：罗列表页，第5页文件，生成文件路径：E:\comsite\sasweb\news/dpzs/index_5.html成功！
2014-06-10 13:25:19,642 [3] INFO  log [(null)] - 方法名：CreateTemplatePage，生成模板Id：64，模板名称：罗列表页，第6页文件，生成文件路径：E:\comsite\sasweb\news/dpzs/index_6.html成功！
2014-06-10 13:25:19,647 [3] INFO  log [(null)] - 方法名：CreateTemplatePage，生成模板Id：64，模板名称：罗列表页，第7页文件，生成文件路径：E:\comsite\sasweb\news/dpzs/index_7.html成功！
2014-06-10 13:25:19,666 [3] INFO  log [(null)] - 方法名：CreateTemplatePage，生成模板Id：64，模板名称：罗列表页，第8页文件，生成文件路径：E:\comsite\sasweb\news/dpzs/index_8.html成功！
2014-06-10 13:25:19,671 [3] INFO  log [(null)] - 方法名：CreateTemplatePage，生成模板Id：64，模板名称：罗列表页，第9页文件，生成文件路径：E:\comsite\sasweb\news/dpzs/index_9.html成功！
2014-06-10 13:25:19,675 [3] INFO  log [(null)] - 方法名：CreateTemplatePage，生成模板Id：64，模板名称：罗列表页，第10页文件，生成文件路径：E:\comsite\sasweb\news/dpzs/index_10.html成功！
2014-06-10 13:25:19,685 [3] INFO  log [(null)] - 方法名：CreateTemplatePage，生成模板Id：65，模板名称：测试模版，生成文件路径：E:\comsite\sasweb\news/wen/index.html成功！
2014-06-10 13:25:19,745 [3] INFO  log [(null)] - 方法名：CreateTemplatePage，生成模板Id：84，模板名称：蒙json测试详细模板，生成文件路径：E:\comsite\sasweb\news0成功！
2014-06-10 13:25:20,032 [3] INFO  log [(null)] - 方法名：CreateTemplatePage，生成模板Id：86，模板名称：投资日历首页，生成文件路径：E:\comsite\sasweb\news/week/index.html成功！
2014-06-10 13:25:20,135 [3] INFO  log [(null)] - 方法名：CreateTemplatePage，生成模板Id：74，模板名称：蒙早盘必读模板，生成文件路径：E:\comsite\sasweb\news/www/zpbd.shtml成功！
2014-06-10 13:25:20,153 [3] INFO  log [(null)] - 方法名：CreateTemplatePage，生成模板Id：75，模板名称：现货模板，生成文件路径：E:\comsite\sasweb\news/app/index.shtml成功！
2014-06-10 13:25:20,162 [3] INFO  log [(null)] - 方法名：CreateTemplatePage，生成模板Id：76，模板名称：蒙早盘必读公共，生成文件路径：E:\comsite\sasweb\news/www/include/common/img.shtml成功！
2014-06-10 13:25:20,246 [3] INFO  log [(null)] - 方法名：CreateTemplatePage，生成模板Id：77，模板名称：特定页面，生成文件路径：E:\comsite\sasweb\news/tdym/appointpage.html成功！
2014-06-10 13:26:05,327 [3] INFO  log [(null)] - 方法名：CreateTemplatePage，生成模板Id：78，模板名称：现货研究所首页模板，生成文件路径：E:\comsite\sasweb\news/yanjiusuo/index.html成功！
2014-06-10 13:26:05,338 [3] INFO  log [(null)] - 方法名：CreateTemplatePage，生成模板Id：79，模板名称：现货研究所内容页模板，生成文件路径：E:\comsite\sasweb\news0成功！
2014-06-10 13:26:05,576 [3] INFO  log [(null)] - 方法名：CreateTemplatePage，生成模板Id：64，模板名称：罗列表页，第1页文件，生成文件路径：E:\comsite\sasweb\news/dpzs/index.html成功！
2014-06-10 13:26:05,582 [3] INFO  log [(null)] - 方法名：CreateTemplatePage，生成模板Id：64，模板名称：罗列表页，第2页文件，生成文件路径：E:\comsite\sasweb\news/dpzs/index_2.html成功！
2014-06-10 13:26:05,586 [3] INFO  log [(null)] - 方法名：CreateTemplatePage，生成模板Id：64，模板名称：罗列表页，第3页文件，生成文件路径：E:\comsite\sasweb\news/dpzs/index_3.html成功！
2014-06-10 13:26:05,590 [3] INFO  log [(null)] - 方法名：CreateTemplatePage，生成模板Id：64，模板名称：罗列表页，第4页文件，生成文件路径：E:\comsite\sasweb\news/dpzs/index_4.html成功！
2014-06-10 13:26:05,594 [3] INFO  log [(null)] - 方法名：CreateTemplatePage，生成模板Id：64，模板名称：罗列表页，第5页文件，生成文件路径：E:\comsite\sasweb\news/dpzs/index_5.html成功！
2014-06-10 13:26:05,600 [3] INFO  log [(null)] - 方法名：CreateTemplatePage，生成模板Id：64，模板名称：罗列表页，第6页文件，生成文件路径：E:\comsite\sasweb\news/dpzs/index_6.html成功！
2014-06-10 13:26:05,603 [3] INFO  log [(null)] - 方法名：CreateTemplatePage，生成模板Id：64，模板名称：罗列表页，第7页文件，生成文件路径：E:\comsite\sasweb\news/dpzs/index_7.html成功！
2014-06-10 13:26:05,607 [3] INFO  log [(null)] - 方法名：CreateTemplatePage，生成模板Id：64，模板名称：罗列表页，第8页文件，生成文件路径：E:\comsite\sasweb\news/dpzs/index_8.html成功！
2014-06-10 13:26:05,611 [3] INFO  log [(null)] - 方法名：CreateTemplatePage，生成模板Id：64，模板名称：罗列表页，第9页文件，生成文件路径：E:\comsite\sasweb\news/dpzs/index_9.html成功！
2014-06-10 13:26:05,615 [3] INFO  log [(null)] - 方法名：CreateTemplatePage，生成模板Id：64，模板名称：罗列表页，第10页文件，生成文件路径：E:\comsite\sasweb\news/dpzs/index_10.html成功！
2014-06-10 13:26:05,625 [3] INFO  log [(null)] - 方法名：CreateTemplatePage，生成模板Id：65，模板名称：测试模版，生成文件路径：E:\comsite\sasweb\news/wen/index.html成功！
2014-06-10 13:26:05,637 [3] INFO  log [(null)] - 方法名：CreateTemplatePage，生成模板Id：84，模板名称：蒙json测试详细模板，生成文件路径：E:\comsite\sasweb\news0成功！
2014-06-10 13:26:05,728 [3] INFO  log [(null)] - 方法名：CreateTemplatePage，生成模板Id：86，模板名称：投资日历首页，生成文件路径：E:\comsite\sasweb\news/week/index.html成功！
2014-06-10 13:26:05,787 [3] INFO  log [(null)] - 方法名：CreateTemplatePage，生成模板Id：74，模板名称：蒙早盘必读模板，生成文件路径：E:\comsite\sasweb\news/www/zpbd.shtml成功！
2014-06-10 13:26:05,794 [3] INFO  log [(null)] - 方法名：CreateTemplatePage，生成模板Id：75，模板名称：现货模板，生成文件路径：E:\comsite\sasweb\news/app/index.shtml成功！
2014-06-10 13:26:05,800 [3] INFO  log [(null)] - 方法名：CreateTemplatePage，生成模板Id：76，模板名称：蒙早盘必读公共，生成文件路径：E:\comsite\sasweb\news/www/include/common/img.shtml成功！
2014-06-10 13:26:05,811 [3] INFO  log [(null)] - 方法名：CreateTemplatePage，生成模板Id：77，模板名称：特定页面，生成文件路径：E:\comsite\sasweb\news/tdym/appointpage.html成功！
2014-06-10 13:26:14,847 [3] INFO  log [(null)] - 方法名：CreateTemplatePage，生成模板Id：78，模板名称：现货研究所首页模板，生成文件路径：E:\comsite\sasweb\news/yanjiusuo/index.html成功！
2014-06-10 13:26:14,853 [3] INFO  log [(null)] - 方法名：CreateTemplatePage，生成模板Id：79，模板名称：现货研究所内容页模板，生成文件路径：E:\comsite\sasweb\news0成功！
2014-06-10 13:26:15,043 [3] INFO  log [(null)] - 方法名：CreateTemplatePage，生成模板Id：64，模板名称：罗列表页，第1页文件，生成文件路径：E:\comsite\sasweb\news/dpzs/index.html成功！
2014-06-10 13:26:15,047 [3] INFO  log [(null)] - 方法名：CreateTemplatePage，生成模板Id：64，模板名称：罗列表页，第2页文件，生成文件路径：E:\comsite\sasweb\news/dpzs/index_2.html成功！
2014-06-10 13:26:15,052 [3] INFO  log [(null)] - 方法名：CreateTemplatePage，生成模板Id：64，模板名称：罗列表页，第3页文件，生成文件路径：E:\comsite\sasweb\news/dpzs/index_3.html成功！
2014-06-10 13:26:15,075 [3] INFO  log [(null)] - 方法名：CreateTemplatePage，生成模板Id：64，模板名称：罗列表页，第4页文件，生成文件路径：E:\comsite\sasweb\news/dpzs/index_4.html成功！
2014-06-10 13:26:15,079 [3] INFO  log [(null)] - 方法名：CreateTemplatePage，生成模板Id：64，模板名称：罗列表页，第5页文件，生成文件路径：E:\comsite\sasweb\news/dpzs/index_5.html成功！
2014-06-10 13:26:15,084 [3] INFO  log [(null)] - 方法名：CreateTemplatePage，生成模板Id：64，模板名称：罗列表页，第6页文件，生成文件路径：E:\comsite\sasweb\news/dpzs/index_6.html成功！
2014-06-10 13:26:15,087 [3] INFO  log [(null)] - 方法名：CreateTemplatePage，生成模板Id：64，模板名称：罗列表页，第7页文件，生成文件路径：E:\comsite\sasweb\news/dpzs/index_7.html成功！
2014-06-10 13:26:15,090 [3] INFO  log [(null)] - 方法名：CreateTemplatePage，生成模板Id：64，模板名称：罗列表页，第8页文件，生成文件路径：E:\comsite\sasweb\news/dpzs/index_8.html成功！
2014-06-10 13:26:15,093 [3] INFO  log [(null)] - 方法名：CreateTemplatePage，生成模板Id：64，模板名称：罗列表页，第9页文件，生成文件路径：E:\comsite\sasweb\news/dpzs/index_9.html成功！
2014-06-10 13:26:15,097 [3] INFO  log [(null)] - 方法名：CreateTemplatePage，生成模板Id：64，模板名称：罗列表页，第10页文件，生成文件路径：E:\comsite\sasweb\news/dpzs/index_10.html成功！
2014-06-10 13:26:15,106 [3] INFO  log [(null)] - 方法名：CreateTemplatePage，生成模板Id：65，模板名称：测试模版，生成文件路径：E:\comsite\sasweb\news/wen/index.html成功！
2014-06-10 13:26:15,118 [3] INFO  log [(null)] - 方法名：CreateTemplatePage，生成模板Id：84，模板名称：蒙json测试详细模板，生成文件路径：E:\comsite\sasweb\news0成功！
2014-06-10 13:26:15,206 [3] INFO  log [(null)] - 方法名：CreateTemplatePage，生成模板Id：86，模板名称：投资日历首页，生成文件路径：E:\comsite\sasweb\news/week/index.html成功！
2014-06-10 13:26:15,273 [3] INFO  log [(null)] - 方法名：CreateTemplatePage，生成模板Id：74，模板名称：蒙早盘必读模板，生成文件路径：E:\comsite\sasweb\news/www/zpbd.shtml成功！
2014-06-10 13:26:15,280 [3] INFO  log [(null)] - 方法名：CreateTemplatePage，生成模板Id：75，模板名称：现货模板，生成文件路径：E:\comsite\sasweb\news/app/index.shtml成功！
2014-06-10 13:26:15,286 [3] INFO  log [(null)] - 方法名：CreateTemplatePage，生成模板Id：76，模板名称：蒙早盘必读公共，生成文件路径：E:\comsite\sasweb\news/www/include/common/img.shtml成功！
2014-06-10 13:26:15,294 [3] INFO  log [(null)] - 方法名：CreateTemplatePage，生成模板Id：77，模板名称：特定页面，生成文件路径：E:\comsite\sasweb\news/tdym/appointpage.html成功！
2014-06-10 14:48:59,409 [3] INFO  log [(null)] - 方法名：CreateFileImage，创建图片文件成功，文件路径:E:\comsite\ftp\sasweb/upimg/201406/10144859161.jpg
