2014-07-03 16:54:28,666 [1] INFO  log [(null)] - 己成功启动HtmlEngine服务。
2014-07-03 16:54:28,691 [1] INFO  log [(null)] - 己成功启动FileReceive服务。
2014-07-03 16:54:28,697 [1] INFO  log [(null)] - 己成功启动SsoOutWindow服务。
2014-07-03 16:54:49,285 [3] INFO  log [(null)] - 方法名：CreateFileImage，创建图片文件成功，文件路径:E:\comsite\ftp\sasweb/upimg/201407/03165448985.jpg
2014-07-03 17:18:18,448 [3] INFO  log [(null)] - 方法名：CreateFileImage，创建图片文件成功，文件路径:E:\comsite\ftp\sasweb/upimg/201407/03171818391.jpg
2014-07-03 17:19:36,470 [3] INFO  log [(null)] - 方法名：CreateFileImage，创建图片文件成功，文件路径:E:\comsite\ftp\sasweb/upimg/201407/03171936452.jpg
2014-07-03 17:20:17,713 [3] INFO  log [(null)] - 方法名：CreateFileImage，创建图片文件成功，文件路径:E:\comsite\ftp\sasweb/upimg/201407/03172017687.jpg
2014-07-03 17:22:44,173 [3] INFO  log [(null)] - 方法名：CreateFileImage，创建图片文件成功，文件路径:E:\comsite\ftp\sasweb/upimg/201407/03172244168.jpg
2014-07-03 17:23:14,695 [3] INFO  log [(null)] - 方法名：CreateFileImage，创建图片文件成功，文件路径:E:\comsite\ftp\sasweb/upimg/201407/03172314674.jpg
2014-07-03 17:24:45,929 [3] INFO  log [(null)] - 方法名：CreateFileImage，创建图片文件成功，文件路径:E:\comsite\ftp\sasweb/upimg/201407/03172445907.jpg
2014-07-03 17:25:13,927 [3] INFO  log [(null)] - 方法名：CreateFileImage，创建图片文件成功，文件路径:E:\comsite\ftp\sasweb/upimg/201407/03172513900.jpg
2014-07-03 17:33:34,785 [1] INFO  log [(null)] - 己成功启动HtmlEngine服务。
2014-07-03 17:33:34,826 [1] INFO  log [(null)] - 己成功启动FileReceive服务。
2014-07-03 17:33:34,831 [1] INFO  log [(null)] - 己成功启动SsoOutWindow服务。
2014-07-03 17:33:56,675 [5] INFO  log [(null)] - 方法名：CreateFileImage，创建图片文件成功，文件路径:E:\comsite\ftp\sasweb/upimg/201407/03173356496.jpg
2014-07-03 17:54:07,399 [5] INFO  log [(null)] - 方法名：CreateFileImage，创建图片文件成功，文件路径:E:\comsite\ftp\sasweb/upimg/201407/03175407394.jpg
2014-07-03 17:58:18,637 [5] INFO  log [(null)] - 方法名：CreateFileImage，创建图片文件成功，文件路径:E:\comsite\ftp\sasweb/upimg/201407/03175818369.jpg
2014-07-03 18:09:11,498 [5] INFO  log [(null)] - 方法名：CreateFileImage，创建图片文件成功，文件路径:E:\comsite\ftp\sasweb/upimg/201407/03180911493.jpg
2014-07-03 18:10:55,270 [5] INFO  log [(null)] - 方法名：CreateFileImage，创建图片文件成功，文件路径:E:\comsite\ftp\sasweb/upimg/201407/03181055239.jpg
2014-07-03 18:12:31,795 [5] INFO  log [(null)] - 方法名：CreateFileImage，创建图片文件成功，文件路径:E:\comsite\ftp\sasweb/upimg/201407/03181231787.jpg
2014-07-03 18:13:26,119 [5] INFO  log [(null)] - 方法名：CreateFileImage，创建图片文件成功，文件路径:E:\comsite\ftp\sasweb/upimg/201407/03181326086.jpg
2014-07-03 18:16:22,586 [5] INFO  log [(null)] - 方法名：CreateFileImage，创建图片文件成功，文件路径:E:\comsite\ftp\sasweb/upimg/201407/03181622560.jpg
2014-07-03 18:16:26,527 [5] INFO  log [(null)] - 方法名：CreateSingleNews，新增新闻，生成NewsId:1232文件成功，文件路径:/gsjcl/201407/03181610531.html
2014-07-03 18:16:27,093 [5] INFO  log [(null)] - 方法名：CreateTemplatePage，生成模板Id：167，模板名称：高手金策略，生成文件路径：E:\comsite\sasweb\news/gsgz/gsjcl.html成功！
2014-07-03 18:18:00,340 [5] INFO  log [(null)] - 方法名：CreateFileImage，创建图片文件成功，文件路径:E:\comsite\ftp\sasweb/upimg/201407/03181800335.jpg
2014-07-03 18:18:04,563 [5] INFO  log [(null)] - 方法名：CreateSingleNews，修改新闻，生成NewsId:1232文件成功，文件路径:/gsjcl/201407/03181610531.html
2014-07-03 18:18:04,570 [5] INFO  log [(null)] - 方法名：CreateTemplatePage，生成模板Id：167，模板名称：高手金策略，生成文件路径：E:\comsite\sasweb\news/gsgz/gsjcl.html成功！
