2014-02-14 09:57:37,396 [1] INFO  log [(null)] - 己成功启动HtmlEngine服务。
2014-02-14 09:57:37,434 [1] INFO  log [(null)] - 己成功启动FileReceive服务。
2014-02-14 09:57:37,441 [1] INFO  log [(null)] - 己成功启动SsoOutWindow服务。
2014-02-14 09:59:06,888 [1] INFO  log [(null)] - 己成功启动HtmlEngine服务。
2014-02-14 09:59:06,906 [1] INFO  log [(null)] - 己成功启动FileReceive服务。
2014-02-14 09:59:06,914 [1] INFO  log [(null)] - 己成功启动SsoOutWindow服务。
2014-02-14 09:59:21,233 [6] INFO  log [(null)] - 方法名：CreateTemplatePage，生成模板Id：97，模板名称：战绩排行，生成文件路径：E:\comsite\sasweb\zhuanti\/successrateorder.html成功！
2014-02-14 17:39:09,393 [1] INFO  log [(null)] - 己成功启动HtmlEngine服务。
2014-02-14 17:39:09,433 [1] INFO  log [(null)] - 己成功启动FileReceive服务。
2014-02-14 17:39:09,440 [1] INFO  log [(null)] - 己成功启动SsoOutWindow服务。
2014-02-14 17:41:45,277 [1] INFO  log [(null)] - 己成功启动HtmlEngine服务。
2014-02-14 17:41:45,353 [1] INFO  log [(null)] - 己成功启动FileReceive服务。
2014-02-14 17:41:45,385 [1] INFO  log [(null)] - 己成功启动SsoOutWindow服务。
2014-02-14 17:41:50,676 [3] INFO  log [(null)] - 方法名：CreateTemplatePage，生成模板Id：96，模板名称：实盘直播渤海现货人气名家，生成文件路径：E:\comsite\sasweb\zhuanti\/analystlive/actualmjorder.html成功！
2014-02-14 17:59:32,984 [1] INFO  log [(null)] - 己成功启动HtmlEngine服务。
2014-02-14 17:59:33,043 [1] INFO  log [(null)] - 己成功启动FileReceive服务。
2014-02-14 17:59:33,080 [1] INFO  log [(null)] - 己成功启动SsoOutWindow服务。
2014-02-14 18:00:33,063 [1] INFO  log [(null)] - 己成功启动HtmlEngine服务。
2014-02-14 18:00:33,081 [1] INFO  log [(null)] - 己成功启动FileReceive服务。
2014-02-14 18:00:33,089 [1] INFO  log [(null)] - 己成功启动SsoOutWindow服务。
2014-02-14 18:01:23,803 [6] INFO  log [(null)] - 方法名：CreateTemplatePage，生成模板Id：96，模板名称：实盘直播渤海现货人气名家，生成文件路径：E:\comsite\sasweb\zhuanti\/analystlive/actualmjorder.html成功！
