2014-01-17 10:10:06,543 [1] INFO  log [(null)] - 己成功启动HtmlEngine服务。
2014-01-17 10:10:06,570 [1] INFO  log [(null)] - 己成功启动FileReceive服务。
2014-01-17 10:10:06,583 [1] INFO  log [(null)] - 己成功启动SsoOutWindow服务。
2014-01-17 10:10:24,246 [1] INFO  log [(null)] - 己成功启动HtmlEngine服务。
2014-01-17 10:10:24,264 [1] INFO  log [(null)] - 己成功启动FileReceive服务。
2014-01-17 10:10:24,271 [1] INFO  log [(null)] - 己成功启动SsoOutWindow服务。
2014-01-17 10:14:33,031 [4] INFO  log [(null)] - 方法名：CreateTemplatePage，生成模板Id：89，模板名称：分析师直播动态，生成文件路径：E:\comsite\sasweb\zhuanti\analystmk.html成功！
2014-01-17 10:18:55,399 [9] INFO  log [(null)] - 己成功启动HtmlEngine服务。
2014-01-17 10:18:55,422 [9] INFO  log [(null)] - 己成功启动FileReceive服务。
2014-01-17 10:18:55,435 [9] INFO  log [(null)] - 己成功启动SsoOutWindow服务。
2014-01-17 10:26:36,505 [9] INFO  log [(null)] - 己成功启动HtmlEngine服务。
2014-01-17 10:26:36,531 [9] INFO  log [(null)] - 己成功启动FileReceive服务。
2014-01-17 10:26:36,539 [9] INFO  log [(null)] - 己成功启动SsoOutWindow服务。
2014-01-17 10:36:50,672 [1] INFO  log [(null)] - 己成功启动HtmlEngine服务。
2014-01-17 10:36:50,691 [1] INFO  log [(null)] - 己成功启动FileReceive服务。
2014-01-17 10:36:50,699 [1] INFO  log [(null)] - 己成功启动SsoOutWindow服务。
2014-01-17 10:36:55,879 [3] INFO  log [(null)] - 方法名：CreateTemplatePage，生成模板Id：89，模板名称：分析师直播动态，生成文件路径：E:\comsite\sasweb\zhuanti\analystmk.html成功！
2014-01-17 10:39:27,451 [1] INFO  log [(null)] - 己成功启动HtmlEngine服务。
2014-01-17 10:39:27,468 [1] INFO  log [(null)] - 己成功启动FileReceive服务。
2014-01-17 10:39:27,475 [1] INFO  log [(null)] - 己成功启动SsoOutWindow服务。
2014-01-17 10:39:32,930 [5] INFO  log [(null)] - 方法名：CreateTemplatePage，生成模板Id：89，模板名称：分析师直播动态，生成文件路径：E:\comsite\sasweb\zhuanti\analystmk.html成功！
2014-01-17 10:52:22,949 [1] INFO  log [(null)] - 己成功启动HtmlEngine服务。
2014-01-17 10:52:22,968 [1] INFO  log [(null)] - 己成功启动FileReceive服务。
2014-01-17 10:52:22,975 [1] INFO  log [(null)] - 己成功启动SsoOutWindow服务。
2014-01-17 10:53:00,996 [5] INFO  log [(null)] - 方法名：CreateTemplatePage，生成模板Id：89，模板名称：分析师直播动态，生成文件路径：E:\comsite\sasweb\zhuanti\analystmk.html成功！
2014-01-17 11:06:57,047 [1] INFO  log [(null)] - 己成功启动HtmlEngine服务。
2014-01-17 11:06:57,064 [1] INFO  log [(null)] - 己成功启动FileReceive服务。
2014-01-17 11:06:57,071 [1] INFO  log [(null)] - 己成功启动SsoOutWindow服务。
2014-01-17 11:07:04,016 [4] INFO  log [(null)] - 方法名：CreateTemplatePage，生成模板Id：89，模板名称：分析师直播动态，生成文件路径：E:\comsite\sasweb\zhuanti\analystmk.html成功！
2014-01-17 11:07:42,234 [4] INFO  log [(null)] - 方法名：CreateTemplatePage，生成模板Id：89，模板名称：分析师直播动态，生成文件路径：E:\comsite\sasweb\zhuanti\analystmk.html成功！
2014-01-17 11:08:09,230 [4] INFO  log [(null)] - 方法名：CreateTemplatePage，生成模板Id：89，模板名称：分析师直播动态，生成文件路径：E:\comsite\sasweb\zhuanti\analystmk.html成功！
2014-01-17 13:28:43,795 [1] INFO  log [(null)] - 己成功启动HtmlEngine服务。
2014-01-17 13:28:43,857 [1] INFO  log [(null)] - 己成功启动FileReceive服务。
2014-01-17 13:28:43,903 [1] INFO  log [(null)] - 己成功启动SsoOutWindow服务。
2014-01-17 13:28:52,433 [6] INFO  log [(null)] - 方法名：CreateTemplatePage，生成模板Id：90，模板名称：首页直播分析师实时动态，生成文件路径：E:\comsite\sasweb\zhuanti\analystlivejson.html成功！
2014-01-17 13:30:48,980 [9] INFO  log [(null)] - 己成功启动HtmlEngine服务。
2014-01-17 13:30:49,006 [9] INFO  log [(null)] - 己成功启动FileReceive服务。
2014-01-17 13:30:49,036 [9] INFO  log [(null)] - 己成功启动SsoOutWindow服务。
2014-01-17 13:35:26,045 [1] INFO  log [(null)] - 己成功启动HtmlEngine服务。
2014-01-17 13:35:26,063 [1] INFO  log [(null)] - 己成功启动FileReceive服务。
2014-01-17 13:35:26,071 [1] INFO  log [(null)] - 己成功启动SsoOutWindow服务。
2014-01-17 13:35:30,261 [6] INFO  log [(null)] - 方法名：CreateTemplatePage，生成模板Id：90，模板名称：首页直播分析师实时动态，生成文件路径：E:\comsite\sasweb\zhuanti\analystlivejson.html成功！
2014-01-17 13:37:54,933 [1] INFO  log [(null)] - 己成功启动HtmlEngine服务。
2014-01-17 13:37:54,951 [1] INFO  log [(null)] - 己成功启动FileReceive服务。
2014-01-17 13:37:54,958 [1] INFO  log [(null)] - 己成功启动SsoOutWindow服务。
2014-01-17 13:38:16,943 [4] INFO  log [(null)] - 方法名：CreateTemplatePage，生成模板Id：89，模板名称：分析师直播动态模块，生成文件路径：E:\comsite\sasweb\zhuanti\analystmk.html成功！
2014-01-17 13:38:16,960 [5] INFO  log [(null)] - 方法名：CreateTemplatePage，生成模板Id：90，模板名称：首页直播分析师实时动态，生成文件路径：E:\comsite\sasweb\zhuanti\analystlivejson.html成功！
