2014-02-08 10:53:54,952 [1] INFO  log [(null)] - 己成功启动HtmlEngine服务。
2014-02-08 10:53:54,971 [1] INFO  log [(null)] - 己成功启动FileReceive服务。
2014-02-08 10:53:54,978 [1] INFO  log [(null)] - 己成功启动SsoOutWindow服务。
2014-02-08 10:55:55,157 [10] INFO  log [(null)] - 己成功启动HtmlEngine服务。
2014-02-08 10:55:55,182 [10] INFO  log [(null)] - 己成功启动FileReceive服务。
2014-02-08 10:55:55,238 [10] INFO  log [(null)] - 己成功启动SsoOutWindow服务。
2014-02-08 10:59:51,590 [1] INFO  log [(null)] - 己成功启动HtmlEngine服务。
2014-02-08 10:59:51,608 [1] INFO  log [(null)] - 己成功启动FileReceive服务。
2014-02-08 10:59:51,615 [1] INFO  log [(null)] - 己成功启动SsoOutWindow服务。
2014-02-08 10:59:52,338 [5] INFO  log [(null)] - 方法名：CreateTemplatePage，生成模板Id：82，模板名称：up首页，生成文件路径：E:\comsite\sasweb\zhuanti\/index.html成功！
2014-02-08 11:01:11,204 [1] INFO  log [(null)] - 己成功启动HtmlEngine服务。
2014-02-08 11:01:11,222 [1] INFO  log [(null)] - 己成功启动FileReceive服务。
2014-02-08 11:01:11,229 [1] INFO  log [(null)] - 己成功启动SsoOutWindow服务。
2014-02-08 11:01:26,884 [3] INFO  log [(null)] - 方法名：CreateTemplatePage，生成模板Id：89，模板名称：分析师直播动态模块，生成文件路径：E:\comsite\sasweb\zhuanti\/analystmk.html成功！
2014-02-08 12:27:24,452 [1] INFO  log [(null)] - 己成功启动HtmlEngine服务。
2014-02-08 12:27:24,470 [1] INFO  log [(null)] - 己成功启动FileReceive服务。
2014-02-08 12:27:24,477 [1] INFO  log [(null)] - 己成功启动SsoOutWindow服务。
2014-02-08 12:27:27,653 [5] INFO  log [(null)] - 方法名：CreateTemplatePage，生成模板Id：88，模板名称：UP下午茶，生成文件路径：E:\comsite\sasweb\zhuanti\upxwc/201312/2013-12-19.html成功！
2014-02-08 12:27:59,419 [5] INFO  log [(null)] - 方法名：CreateTemplatePage，生成模板Id：88，模板名称：UP下午茶，生成文件路径：E:\comsite\sasweb\zhuanti\upxwc/201312/2013-12-18.html成功！
2014-02-08 12:28:02,209 [5] INFO  log [(null)] - 方法名：CreateTemplatePage，生成模板Id：88，模板名称：UP下午茶，生成文件路径：E:\comsite\sasweb\zhuanti\upxwc/201312/2013-12-19.html成功！
2014-02-08 12:28:30,800 [5] INFO  log [(null)] - 方法名：CreateTemplatePage，生成模板Id：88，模板名称：UP下午茶，生成文件路径：E:\comsite\sasweb\zhuanti\upxwc/201312/2013-12-19.html成功！
2014-02-08 12:29:22,553 [5] INFO  log [(null)] - 方法名：CreateTemplatePage，生成模板Id：88，模板名称：UP下午茶，生成文件路径：E:\comsite\sasweb\zhuanti\upxwc/201312/2013-12-19.html成功！
2014-02-08 12:33:00,673 [5] INFO  log [(null)] - 方法名：CreateTemplatePage，生成模板Id：88，模板名称：UP下午茶，生成文件路径：E:\comsite\sasweb\zhuanti\upxwc/201312/2013-12-19.html成功！
2014-02-08 12:33:11,359 [5] INFO  log [(null)] - 方法名：CreateTemplatePage，生成模板Id：88，模板名称：UP下午茶，生成文件路径：E:\comsite\sasweb\zhuanti\upxwc/201312/2013-12-18.html成功！
2014-02-08 12:33:12,901 [5] INFO  log [(null)] - 方法名：CreateTemplatePage，生成模板Id：88，模板名称：UP下午茶，生成文件路径：E:\comsite\sasweb\zhuanti\upxwc/201312/2013-12-19.html成功！
2014-02-08 12:34:07,987 [5] INFO  log [(null)] - 方法名：CreateTemplatePage，生成模板Id：88，模板名称：UP下午茶，生成文件路径：E:\comsite\sasweb\zhuanti\upxwc/201312/2013-12-19.html成功！
2014-02-08 12:35:14,174 [5] INFO  log [(null)] - 方法名：CreateTemplatePage，生成模板Id：88，模板名称：UP下午茶，生成文件路径：E:\comsite\sasweb\zhuanti\upxwc/201312/2013-12-19.html成功！
2014-02-08 12:36:00,381 [5] INFO  log [(null)] - 方法名：CreateTemplatePage，生成模板Id：88，模板名称：UP下午茶，生成文件路径：E:\comsite\sasweb\zhuanti\upxwc/201312/2013-12-19.html成功！
2014-02-08 12:36:23,981 [5] INFO  log [(null)] - 方法名：CreateTemplatePage，生成模板Id：88，模板名称：UP下午茶，生成文件路径：E:\comsite\sasweb\zhuanti\upxwc/201312/2013-12-19.html成功！
2014-02-08 12:36:42,939 [5] INFO  log [(null)] - 方法名：CreateTemplatePage，生成模板Id：88，模板名称：UP下午茶，生成文件路径：E:\comsite\sasweb\zhuanti\upxwc/201312/2013-12-19.html成功！
2014-02-08 12:38:07,792 [5] INFO  log [(null)] - 方法名：CreateTemplatePage，生成模板Id：88，模板名称：UP下午茶，生成文件路径：E:\comsite\sasweb\zhuanti\upxwc/201312/2013-12-19.html成功！
2014-02-08 12:38:51,665 [5] INFO  log [(null)] - 方法名：CreateTemplatePage，生成模板Id：88，模板名称：UP下午茶，生成文件路径：E:\comsite\sasweb\zhuanti\upxwc/201312/2013-12-19.html成功！
2014-02-08 12:39:50,469 [5] INFO  log [(null)] - 方法名：CreateTemplatePage，生成模板Id：88，模板名称：UP下午茶，生成文件路径：E:\comsite\sasweb\zhuanti\upxwc/201312/2013-12-19.html成功！
2014-02-08 12:40:26,683 [5] INFO  log [(null)] - 方法名：CreateTemplatePage，生成模板Id：88，模板名称：UP下午茶，生成文件路径：E:\comsite\sasweb\zhuanti\upxwc/201312/2013-12-19.html成功！
2014-02-08 12:40:55,916 [5] INFO  log [(null)] - 方法名：CreateTemplatePage，生成模板Id：88，模板名称：UP下午茶，生成文件路径：E:\comsite\sasweb\zhuanti\upxwc/201312/2013-12-19.html成功！
2014-02-08 12:41:15,934 [5] INFO  log [(null)] - 方法名：CreateTemplatePage，生成模板Id：88，模板名称：UP下午茶，生成文件路径：E:\comsite\sasweb\zhuanti\upxwc/201312/2013-12-19.html成功！
2014-02-08 12:41:46,182 [5] INFO  log [(null)] - 方法名：CreateTemplatePage，生成模板Id：88，模板名称：UP下午茶，生成文件路径：E:\comsite\sasweb\zhuanti\upxwc/201312/2013-12-19.html成功！
2014-02-08 12:42:04,389 [5] INFO  log [(null)] - 方法名：CreateTemplatePage，生成模板Id：88，模板名称：UP下午茶，生成文件路径：E:\comsite\sasweb\zhuanti\upxwc/201312/2013-12-19.html成功！
2014-02-08 12:42:18,602 [5] INFO  log [(null)] - 方法名：CreateTemplatePage，生成模板Id：88，模板名称：UP下午茶，生成文件路径：E:\comsite\sasweb\zhuanti\upxwc/201312/2013-12-19.html成功！
2014-02-08 12:42:59,341 [5] INFO  log [(null)] - 方法名：CreateTemplatePage，生成模板Id：88，模板名称：UP下午茶，生成文件路径：E:\comsite\sasweb\zhuanti\upxwc/201312/2013-12-19.html成功！
2014-02-08 12:43:33,451 [5] INFO  log [(null)] - 方法名：CreateTemplatePage，生成模板Id：88，模板名称：UP下午茶，生成文件路径：E:\comsite\sasweb\zhuanti\upxwc/201312/2013-12-19.html成功！
2014-02-08 12:44:18,529 [5] INFO  log [(null)] - 方法名：CreateTemplatePage，生成模板Id：88，模板名称：UP下午茶，生成文件路径：E:\comsite\sasweb\zhuanti\upxwc/201312/2013-12-19.html成功！
2014-02-08 12:44:26,314 [5] INFO  log [(null)] - 方法名：CreateTemplatePage，生成模板Id：88，模板名称：UP下午茶，生成文件路径：E:\comsite\sasweb\zhuanti\upxwc/201312/2013-12-18.html成功！
