2014-03-11 18:38:51,765 [1] INFO  log [(null)] - 己成功启动HtmlEngine服务。
2014-03-11 18:38:51,804 [1] INFO  log [(null)] - 己成功启动FileReceive服务。
2014-03-11 18:38:51,845 [1] INFO  log [(null)] - 己成功启动SsoOutWindow服务。
2014-03-11 19:09:41,540 [1] INFO  log [(null)] - 己成功启动HtmlEngine服务。
2014-03-11 19:09:41,562 [1] INFO  log [(null)] - 己成功启动FileReceive服务。
2014-03-11 19:09:41,571 [1] INFO  log [(null)] - 己成功启动SsoOutWindow服务。
2014-03-11 19:10:31,963 [6] INFO  log [(null)] - 方法名：CreateFileImage，创建图片文件成功，文件路径:E:\\test\\/upimg/201403/11191031713.jpg
2014-03-11 19:10:34,453 [6] INFO  log [(null)] - 方法名：CreateTemplatePage，生成模板Id：101，模板名称：贵金属动态20条，生成文件路径：E:\comsite\sasweb\zhuanti/gjsanalystlivejson.html成功！
2014-03-11 19:10:34,526 [6] INFO  log [(null)] - 方法名：CreateTemplatePage，生成模板Id：103，模板名称：贵金属战绩榜，生成文件路径：E:\comsite\sasweb\zhuanti/gjssuccessrateorder.html成功！
2014-03-11 19:10:48,792 [6] INFO  log [(null)] - 方法名：CreateFileImage，创建图片文件成功，文件路径:E:\\test\\/upimg/201403/11191048747.jpg
2014-03-11 19:10:50,547 [6] INFO  log [(null)] - 方法名：CreateTemplatePage，生成模板Id：101，模板名称：贵金属动态20条，生成文件路径：E:\comsite\sasweb\zhuanti/gjsanalystlivejson.html成功！
2014-03-11 19:10:50,568 [6] INFO  log [(null)] - 方法名：CreateTemplatePage，生成模板Id：103，模板名称：贵金属战绩榜，生成文件路径：E:\comsite\sasweb\zhuanti/gjssuccessrateorder.html成功！
2014-03-11 19:11:10,903 [6] INFO  log [(null)] - 方法名：CreateFileImage，创建图片文件成功，文件路径:E:\\test\\/upimg/201403/11191110897.jpg
2014-03-11 19:11:12,465 [6] INFO  log [(null)] - 方法名：CreateTemplatePage，生成模板Id：101，模板名称：贵金属动态20条，生成文件路径：E:\comsite\sasweb\zhuanti/gjsanalystlivejson.html成功！
2014-03-11 19:11:12,482 [6] INFO  log [(null)] - 方法名：CreateTemplatePage，生成模板Id：103，模板名称：贵金属战绩榜，生成文件路径：E:\comsite\sasweb\zhuanti/gjssuccessrateorder.html成功！
2014-03-11 19:11:38,518 [6] INFO  log [(null)] - 方法名：CreateTemplatePage，生成模板Id：101，模板名称：贵金属动态20条，生成文件路径：E:\comsite\sasweb\zhuanti/gjsanalystlivejson.html成功！
2014-03-11 19:11:38,542 [6] INFO  log [(null)] - 方法名：CreateTemplatePage，生成模板Id：103，模板名称：贵金属战绩榜，生成文件路径：E:\comsite\sasweb\zhuanti/gjssuccessrateorder.html成功！
2014-03-11 19:11:52,611 [6] INFO  log [(null)] - 方法名：CreateTemplatePage，生成模板Id：101，模板名称：贵金属动态20条，生成文件路径：E:\comsite\sasweb\zhuanti/gjsanalystlivejson.html成功！
2014-03-11 19:11:52,628 [6] INFO  log [(null)] - 方法名：CreateTemplatePage，生成模板Id：103，模板名称：贵金属战绩榜，生成文件路径：E:\comsite\sasweb\zhuanti/gjssuccessrateorder.html成功！
2014-03-11 19:13:27,434 [6] INFO  log [(null)] - 方法名：CreateTemplatePage，生成模板Id：101，模板名称：贵金属动态20条，生成文件路径：E:\comsite\sasweb\zhuanti/gjsanalystlivejson.html成功！
2014-03-11 19:13:27,454 [6] INFO  log [(null)] - 方法名：CreateTemplatePage，生成模板Id：103，模板名称：贵金属战绩榜，生成文件路径：E:\comsite\sasweb\zhuanti/gjssuccessrateorder.html成功！
2014-03-11 19:13:37,327 [6] INFO  log [(null)] - 方法名：CreateTemplatePage，生成模板Id：101，模板名称：贵金属动态20条，生成文件路径：E:\comsite\sasweb\zhuanti/gjsanalystlivejson.html成功！
2014-03-11 19:13:37,367 [6] INFO  log [(null)] - 方法名：CreateTemplatePage，生成模板Id：103，模板名称：贵金属战绩榜，生成文件路径：E:\comsite\sasweb\zhuanti/gjssuccessrateorder.html成功！
