2014-02-07 10:26:04,926 [1] INFO  log [(null)] - 己成功启动HtmlEngine服务。
2014-02-07 10:26:05,000 [1] INFO  log [(null)] - 己成功启动FileReceive服务。
2014-02-07 10:26:05,036 [1] INFO  log [(null)] - 己成功启动SsoOutWindow服务。
2014-02-07 10:27:19,613 [1] INFO  log [(null)] - 己成功启动HtmlEngine服务。
2014-02-07 10:27:19,633 [1] INFO  log [(null)] - 己成功启动FileReceive服务。
2014-02-07 10:27:19,641 [1] INFO  log [(null)] - 己成功启动SsoOutWindow服务。
2014-02-07 10:32:47,771 [1] INFO  log [(null)] - 己成功启动HtmlEngine服务。
2014-02-07 10:32:47,792 [1] INFO  log [(null)] - 己成功启动FileReceive服务。
2014-02-07 10:32:47,800 [1] INFO  log [(null)] - 己成功启动SsoOutWindow服务。
2014-02-07 10:33:35,053 [9] INFO  log [(null)] - 己成功启动HtmlEngine服务。
2014-02-07 10:33:35,076 [9] INFO  log [(null)] - 己成功启动FileReceive服务。
2014-02-07 10:33:35,088 [9] INFO  log [(null)] - 己成功启动SsoOutWindow服务。
2014-02-07 13:13:09,559 [9] INFO  log [(null)] - 己成功启动HtmlEngine服务。
2014-02-07 13:13:09,684 [9] INFO  log [(null)] - 己成功启动FileReceive服务。
2014-02-07 13:13:09,699 [9] INFO  log [(null)] - 己成功启动SsoOutWindow服务。
2014-02-07 13:13:49,728 [10] INFO  log [(null)] - 方法名：CreateTemplatePage，生成模板Id：86，模板名称：投资日历首页，生成文件路径：E:\comsite\sasweb\zhuanti\/week/index.html成功！
2014-02-07 13:19:10,225 [10] INFO  log [(null)] - 方法名：CreateTemplatePage，生成模板Id：88，模板名称：UP下午茶，生成文件路径：E:\comsite\sasweb\zhuanti\upxwc/201312/2013-12-19.html成功！
2014-02-07 13:21:59,398 [10] INFO  log [(null)] - 方法名：CreateTemplatePage，生成模板Id：86，模板名称：投资日历首页，生成文件路径：E:\comsite\sasweb\zhuanti\/week/index.html成功！
2014-02-07 13:22:04,917 [10] INFO  log [(null)] - 方法名：CreateTemplatePage，生成模板Id：86，模板名称：投资日历首页，生成文件路径：E:\comsite\sasweb\zhuanti\/week/index.html成功！
2014-02-07 13:24:16,882 [10] INFO  log [(null)] - 己成功启动HtmlEngine服务。
2014-02-07 13:24:16,909 [10] INFO  log [(null)] - 己成功启动FileReceive服务。
2014-02-07 13:24:16,918 [10] INFO  log [(null)] - 己成功启动SsoOutWindow服务。
2014-02-07 13:41:36,591 [9] INFO  log [(null)] - 己成功启动HtmlEngine服务。
2014-02-07 13:41:36,710 [9] INFO  log [(null)] - 己成功启动FileReceive服务。
2014-02-07 13:41:36,734 [9] INFO  log [(null)] - 己成功启动SsoOutWindow服务。
2014-02-07 13:58:57,805 [9] INFO  log [(null)] - 己成功启动HtmlEngine服务。
2014-02-07 13:58:57,831 [9] INFO  log [(null)] - 己成功启动FileReceive服务。
2014-02-07 13:58:57,840 [9] INFO  log [(null)] - 己成功启动SsoOutWindow服务。
2014-02-07 13:59:28,231 [10] INFO  log [(null)] - 己成功启动HtmlEngine服务。
2014-02-07 13:59:28,257 [10] INFO  log [(null)] - 己成功启动FileReceive服务。
2014-02-07 13:59:28,266 [10] INFO  log [(null)] - 己成功启动SsoOutWindow服务。
2014-02-07 14:08:27,431 [9] INFO  log [(null)] - 己成功启动HtmlEngine服务。
2014-02-07 14:08:27,458 [9] INFO  log [(null)] - 己成功启动FileReceive服务。
2014-02-07 14:08:27,467 [9] INFO  log [(null)] - 己成功启动SsoOutWindow服务。
2014-02-07 14:44:24,340 [10] INFO  log [(null)] - 己成功启动HtmlEngine服务。
2014-02-07 14:44:24,369 [10] INFO  log [(null)] - 己成功启动FileReceive服务。
2014-02-07 14:44:24,380 [10] INFO  log [(null)] - 己成功启动SsoOutWindow服务。
2014-02-07 17:41:28,013 [1] INFO  log [(null)] - 己成功启动HtmlEngine服务。
2014-02-07 17:41:28,116 [1] INFO  log [(null)] - 己成功启动FileReceive服务。
2014-02-07 17:41:28,147 [1] INFO  log [(null)] - 己成功启动SsoOutWindow服务。
2014-02-07 17:41:55,395 [6] INFO  log [(null)] - 方法名：CreateTemplatePage，生成模板Id：86，模板名称：投资日历首页，生成文件路径：E:\comsite\sasweb\zhuanti\/week/index.html成功！
2014-02-07 17:44:39,728 [6] INFO  log [(null)] - 方法名：CreateTemplatePage，生成模板Id：91，模板名称：up下午茶固定首页，生成文件路径：E:\comsite\sasweb\zhuanti\upxwc/index.html成功！
2014-02-07 18:09:27,217 [1] INFO  log [(null)] - 己成功启动HtmlEngine服务。
2014-02-07 18:09:27,236 [1] INFO  log [(null)] - 己成功启动FileReceive服务。
2014-02-07 18:09:27,243 [1] INFO  log [(null)] - 己成功启动SsoOutWindow服务。
2014-02-07 18:10:01,117 [5] INFO  log [(null)] - 方法名：CreateTemplatePage，生成模板Id：89，模板名称：分析师直播动态模块，生成文件路径：E:\comsite\sasweb\zhuanti\/analystmk.html成功！
