2014-03-25 14:47:05,338 [1] INFO  log [(null)] - 己成功启动HtmlEngine服务。
2014-03-25 14:47:05,420 [1] INFO  log [(null)] - 己成功启动FileReceive服务。
2014-03-25 14:47:05,448 [1] INFO  log [(null)] - 己成功启动SsoOutWindow服务。
2014-03-25 14:47:11,389 [4] INFO  log [(null)] - 方法名：CreateTemplatePage，生成模板Id：82，模板名称：up首页，生成文件路径：E:\comsite\sasweb\zhuanti/index.html成功！
2014-03-25 14:48:23,258 [9] INFO  log [(null)] - 己成功启动HtmlEngine服务。
2014-03-25 14:48:23,279 [9] INFO  log [(null)] - 己成功启动FileReceive服务。
2014-03-25 14:48:23,290 [9] INFO  log [(null)] - 己成功启动SsoOutWindow服务。
2014-03-25 14:51:15,486 [11] INFO  log [(null)] - 方法名：CreateTemplatePage，生成模板Id：82，模板名称：up首页，生成文件路径：E:\comsite\sasweb\zhuanti/index.html成功！
2014-03-25 14:56:21,733 [8] INFO  log [(null)] - 己成功启动HtmlEngine服务。
2014-03-25 14:56:21,757 [8] INFO  log [(null)] - 己成功启动FileReceive服务。
2014-03-25 14:56:21,764 [8] INFO  log [(null)] - 己成功启动SsoOutWindow服务。
2014-03-25 15:00:07,844 [10] INFO  log [(null)] - 己成功启动HtmlEngine服务。
2014-03-25 15:00:07,868 [10] INFO  log [(null)] - 己成功启动FileReceive服务。
2014-03-25 15:00:07,876 [10] INFO  log [(null)] - 己成功启动SsoOutWindow服务。
2014-03-25 15:02:37,730 [10] INFO  log [(null)] - 己成功启动HtmlEngine服务。
2014-03-25 15:02:37,755 [10] INFO  log [(null)] - 己成功启动FileReceive服务。
2014-03-25 15:02:37,762 [10] INFO  log [(null)] - 己成功启动SsoOutWindow服务。
2014-03-25 15:03:17,408 [10] INFO  log [(null)] - 己成功启动HtmlEngine服务。
2014-03-25 15:03:17,432 [10] INFO  log [(null)] - 己成功启动FileReceive服务。
2014-03-25 15:03:17,440 [10] INFO  log [(null)] - 己成功启动SsoOutWindow服务。
2014-03-25 15:09:21,077 [9] INFO  log [(null)] - 己成功启动HtmlEngine服务。
2014-03-25 15:09:21,102 [9] INFO  log [(null)] - 己成功启动FileReceive服务。
2014-03-25 15:09:21,110 [9] INFO  log [(null)] - 己成功启动SsoOutWindow服务。
2014-03-25 15:15:15,089 [10] INFO  log [(null)] - 己成功启动HtmlEngine服务。
2014-03-25 15:15:15,113 [10] INFO  log [(null)] - 己成功启动FileReceive服务。
2014-03-25 15:15:15,120 [10] INFO  log [(null)] - 己成功启动SsoOutWindow服务。
2014-03-25 15:28:14,427 [9] INFO  log [(null)] - 己成功启动HtmlEngine服务。
2014-03-25 15:28:14,451 [9] INFO  log [(null)] - 己成功启动FileReceive服务。
2014-03-25 15:28:14,459 [9] INFO  log [(null)] - 己成功启动SsoOutWindow服务。
2014-03-25 15:29:24,671 [9] INFO  log [(null)] - 己成功启动HtmlEngine服务。
2014-03-25 15:29:24,695 [9] INFO  log [(null)] - 己成功启动FileReceive服务。
2014-03-25 15:29:24,703 [9] INFO  log [(null)] - 己成功启动SsoOutWindow服务。
2014-03-25 15:31:24,775 [1] INFO  log [(null)] - 己成功启动HtmlEngine服务。
2014-03-25 15:31:24,793 [1] INFO  log [(null)] - 己成功启动FileReceive服务。
2014-03-25 15:31:24,835 [1] INFO  log [(null)] - 己成功启动SsoOutWindow服务。
2014-03-25 15:31:28,669 [5] INFO  log [(null)] - 方法名：CreateTemplatePage，生成模板Id：82，模板名称：up首页，生成文件路径：E:\comsite\sasweb\zhuanti/index.html成功！
2014-03-25 15:38:36,854 [5] INFO  log [(null)] - 方法名：CreateTemplatePage，生成模板Id：82，模板名称：up首页，生成文件路径：E:\comsite\sasweb\zhuanti/index.html成功！
2014-03-25 15:40:23,176 [5] INFO  log [(null)] - 方法名：CreateTemplatePage，生成模板Id：82，模板名称：up首页，生成文件路径：E:\comsite\sasweb\zhuanti/index.html成功！
2014-03-25 15:53:25,136 [5] INFO  log [(null)] - 方法名：CreateTemplatePage，生成模板Id：82，模板名称：up首页，生成文件路径：E:\comsite\sasweb\zhuanti/index.html成功！
2014-03-25 15:54:16,981 [5] INFO  log [(null)] - 方法名：CreateTemplatePage，生成模板Id：82，模板名称：up首页，生成文件路径：E:\comsite\sasweb\zhuanti/index.html成功！
2014-03-25 15:55:39,397 [5] INFO  log [(null)] - 方法名：CreateTemplatePage，生成模板Id：82，模板名称：up首页，生成文件路径：E:\comsite\sasweb\zhuanti/index.html成功！
2014-03-25 16:01:00,784 [5] INFO  log [(null)] - 方法名：CreateTemplatePage，生成模板Id：82，模板名称：up首页，生成文件路径：E:\comsite\sasweb\zhuanti/index.html成功！
2014-03-25 16:20:53,183 [5] INFO  log [(null)] - 方法名：CreateTemplatePage，生成模板Id：82，模板名称：up首页，生成文件路径：E:\comsite\sasweb\zhuanti/index.html成功！
2014-03-25 16:21:51,547 [5] INFO  log [(null)] - 方法名：CreateTemplatePage，生成模板Id：82，模板名称：up首页，生成文件路径：E:\comsite\sasweb\zhuanti/index.html成功！
2014-03-25 16:57:44,577 [5] INFO  log [(null)] - 方法名：CreateTemplatePage，生成模板Id：82，模板名称：up首页，生成文件路径：E:\comsite\sasweb\zhuanti/index.html成功！
2014-03-25 17:33:42,414 [5] INFO  log [(null)] - 方法名：CreateTemplatePage，生成模板Id：82，模板名称：up首页，生成文件路径：E:\comsite\sasweb\zhuanti/index.html成功！
2014-03-25 17:33:57,882 [5] INFO  log [(null)] - 方法名：CreateTemplatePage，生成模板Id：82，模板名称：up首页，生成文件路径：E:\comsite\sasweb\zhuanti/index.html成功！
2014-03-25 17:47:41,800 [5] INFO  log [(null)] - 方法名：CreateTemplatePage，生成模板Id：82，模板名称：up首页，生成文件路径：E:\comsite\sasweb\zhuanti/index.html成功！
2014-03-25 17:47:43,359 [5] INFO  log [(null)] - 方法名：CreateTemplatePage，生成模板Id：82，模板名称：up首页，生成文件路径：E:\comsite\sasweb\zhuanti/index.html成功！
2014-03-25 17:49:37,712 [5] INFO  log [(null)] - 方法名：CreateSingleNews，修改新闻，生成NewsId:883文件成功，文件路径:/qwfx/201403/25110641246.html
2014-03-25 17:50:40,634 [1] INFO  log [(null)] - 己成功启动HtmlEngine服务。
2014-03-25 17:50:40,651 [1] INFO  log [(null)] - 己成功启动FileReceive服务。
2014-03-25 17:50:40,667 [1] INFO  log [(null)] - 己成功启动SsoOutWindow服务。
2014-03-25 17:50:49,530 [6] INFO  log [(null)] - 方法名：CreateSingleNews，修改新闻，生成NewsId:883文件成功，文件路径:/qwfx/201403/25110641246.html
2014-03-25 17:51:35,389 [6] INFO  log [(null)] - 方法名：CreateTemplatePage，生成模板Id：82，模板名称：up首页，生成文件路径：E:\comsite\sasweb\zhuanti/index.html成功！
2014-03-25 17:55:15,436 [6] INFO  log [(null)] - 方法名：CreateSingleNews，修改新闻，生成NewsId:883文件成功，文件路径:/qwfx/201403/25110641246.html
2014-03-25 17:56:58,741 [6] INFO  log [(null)] - 方法名：CreateTemplatePage，生成模板Id：82，模板名称：up首页，生成文件路径：E:\comsite\sasweb\zhuanti/index.html成功！
2014-03-25 17:59:04,994 [6] INFO  log [(null)] - 方法名：CreateSingleNews，修改新闻，生成NewsId:884文件成功，文件路径:/spsp/201403/25144005233.html
