2014-04-10 09:50:35,027 [1] INFO  log [(null)] - 己成功启动HtmlEngine服务。
2014-04-10 09:50:35,060 [1] INFO  log [(null)] - 己成功启动FileReceive服务。
2014-04-10 09:50:35,068 [1] INFO  log [(null)] - 己成功启动SsoOutWindow服务。
2014-04-10 09:50:35,085 [1] INFO  log [(null)] - 停止HtmlEngine服务。
2014-04-10 09:50:35,087 [1] INFO  log [(null)] - HtmlEngine服务已停止。
2014-04-10 09:50:35,087 [1] INFO  log [(null)] - 停止FileReceive服务。
2014-04-10 09:50:35,088 [1] INFO  log [(null)] - FileReceive服务已停止。
2014-04-10 09:50:35,089 [1] INFO  log [(null)] - 停止SsoOutWindow服务。
2014-04-10 09:50:35,089 [1] INFO  log [(null)] - SsoOutWindow服务已停止。
2014-04-10 09:50:39,954 [1] INFO  log [(null)] - 己成功启动HtmlEngine服务。
2014-04-10 09:50:39,971 [1] INFO  log [(null)] - 己成功启动FileReceive服务。
2014-04-10 09:50:39,979 [1] INFO  log [(null)] - 己成功启动SsoOutWindow服务。
2014-04-10 09:53:45,427 [1] INFO  log [(null)] - 己成功启动HtmlEngine服务。
2014-04-10 09:53:45,518 [1] INFO  log [(null)] - 己成功启动FileReceive服务。
2014-04-10 09:53:45,530 [1] INFO  log [(null)] - 己成功启动SsoOutWindow服务。
2014-04-10 09:55:02,299 [1] INFO  log [(null)] - 己成功启动HtmlEngine服务。
2014-04-10 09:55:02,317 [1] INFO  log [(null)] - 己成功启动FileReceive服务。
2014-04-10 09:55:02,325 [1] INFO  log [(null)] - 己成功启动SsoOutWindow服务。
2014-04-10 09:55:11,068 [5] INFO  log [(null)] - 方法名：CreateSingleNews，新增新闻，生成NewsId:910文件成功，文件路径:/qwfx/201404/10095408801.html
2014-04-10 10:42:30,939 [1] INFO  log [(null)] - 己成功启动HtmlEngine服务。
2014-04-10 10:42:31,052 [1] INFO  log [(null)] - 己成功启动FileReceive服务。
2014-04-10 10:42:31,071 [1] INFO  log [(null)] - 己成功启动SsoOutWindow服务。
2014-04-10 10:42:40,571 [5] INFO  log [(null)] - 方法名：CreateTemplatePage，生成模板Id：121，模板名称：vip直播首页右边，生成文件路径：E:\comsite\sasweb\zhuanti/vip/rsxqb.html成功！
2014-04-10 10:46:32,286 [5] INFO  log [(null)] - 方法名：CreateTemplatePage，生成模板Id：121，模板名称：vip直播首页右边，生成文件路径：E:\comsite\sasweb\zhuanti/vip/rsxqb.html成功！
2014-04-10 10:46:39,981 [5] INFO  log [(null)] - 方法名：CreateTemplatePage，生成模板Id：121，模板名称：vip直播首页右边，生成文件路径：E:\comsite\sasweb\zhuanti/vip/rsxqb.html成功！
2014-04-10 15:34:28,011 [1] INFO  log [(null)] - 己成功启动HtmlEngine服务。
2014-04-10 15:34:28,074 [1] INFO  log [(null)] - 己成功启动FileReceive服务。
2014-04-10 15:34:28,083 [1] INFO  log [(null)] - 己成功启动SsoOutWindow服务。
2014-04-10 15:35:53,795 [4] INFO  log [(null)] - 方法名：CreateTemplatePage，生成模板Id：108，模板名称：现货直播金蝴蝶版至尊区，生成文件路径：E:\comsite\sasweb\zhuanti/vip/zzbjhd.html成功！
2014-04-10 15:36:00,192 [4] INFO  log [(null)] - 方法名：CreateTemplatePage，生成模板Id：109，模板名称：现货直播金牡丹版至尊区，生成文件路径：E:\comsite\sasweb\zhuanti/vip/zzbjmd.html成功！
2014-04-10 15:36:14,766 [4] INFO  log [(null)] - 方法名：CreateTemplatePage，生成模板Id：109，模板名称：现货直播金牡丹版至尊区，生成文件路径：E:\comsite\sasweb\zhuanti/vip/zzbjmd.html成功！
2014-04-10 15:36:16,309 [4] INFO  log [(null)] - 方法名：CreateTemplatePage，生成模板Id：110，模板名称：现货直播金蝴蝶版至尊区加载更多，生成文件路径：E:\comsite\sasweb\zhuanti/vip/zzbjhdjson.html成功！
2014-04-10 15:36:19,453 [4] INFO  log [(null)] - 方法名：CreateTemplatePage，生成模板Id：111，模板名称：现货直播金蝴蝶版钻石区，生成文件路径：E:\comsite\sasweb\zhuanti/vip/zsbjhd.html成功！
2014-04-10 15:36:21,294 [4] INFO  log [(null)] - 方法名：CreateTemplatePage，生成模板Id：112，模板名称：现货直播金牡丹版钻石区，生成文件路径：E:\comsite\sasweb\zhuanti/vip/zsbjmd.html成功！
2014-04-10 15:36:22,245 [4] INFO  log [(null)] - 方法名：CreateTemplatePage，生成模板Id：113，模板名称：现货直播金蝴蝶版钻石区加载更多，生成文件路径：E:\comsite\sasweb\zhuanti/vip/zsbjhdjson.html成功！
2014-04-10 15:36:23,488 [4] INFO  log [(null)] - 方法名：CreateTemplatePage，生成模板Id：114，模板名称：现货直播金牡丹版至尊区加载更多，生成文件路径：E:\comsite\sasweb\zhuanti/vip/zzbjmdjson.html成功！
2014-04-10 15:36:25,033 [4] INFO  log [(null)] - 方法名：CreateTemplatePage，生成模板Id：115，模板名称：现货直播金牡丹版钻石区加载更多，生成文件路径：E:\comsite\sasweb\zhuanti/vip/zsbjmdjson.html成功！
2014-04-10 15:36:26,570 [4] INFO  log [(null)] - 方法名：CreateTemplatePage，生成模板Id：116，模板名称：现货直播金牡丹版白金区，生成文件路径：E:\comsite\sasweb\zhuanti/vip/bjbjmd.html成功！
2014-04-10 15:36:27,776 [4] INFO  log [(null)] - 方法名：CreateTemplatePage，生成模板Id：117，模板名称：现货直播金蝴蝶白金版，生成文件路径：E:\comsite\sasweb\zhuanti/vip/bjbjhd.shtml成功！
2014-04-10 15:36:29,034 [4] INFO  log [(null)] - 方法名：CreateTemplatePage，生成模板Id：118，模板名称：现货直播金牡丹版白金版加载更多，生成文件路径：E:\comsite\sasweb\zhuanti/vip/bjbjmdjson.html成功！
2014-04-10 15:36:30,167 [4] INFO  log [(null)] - 方法名：CreateTemplatePage，生成模板Id：118，模板名称：现货直播金牡丹版白金版加载更多，生成文件路径：E:\comsite\sasweb\zhuanti/vip/bjbjmdjson.html成功！
2014-04-10 15:36:30,925 [4] INFO  log [(null)] - 方法名：CreateTemplatePage，生成模板Id：119，模板名称：现货直播金蝴蝶版白金版加载更多，生成文件路径：E:\comsite\sasweb\zhuanti/vip/bjbjhdjson.html成功！
2014-04-10 15:36:33,255 [4] INFO  log [(null)] - 方法名：CreateTemplatePage，生成模板Id：119，模板名称：现货直播金蝴蝶版白金版加载更多，生成文件路径：E:\comsite\sasweb\zhuanti/vip/bjbjhdjson.html成功！
2014-04-10 15:36:37,037 [4] INFO  log [(null)] - 方法名：CreateTemplatePage，生成模板Id：121，模板名称：vip直播首页右边，生成文件路径：E:\comsite\sasweb\zhuanti/vip/rsxqb.html成功！
2014-04-10 15:46:46,389 [1] INFO  log [(null)] - 己成功启动HtmlEngine服务。
2014-04-10 15:46:46,407 [1] INFO  log [(null)] - 己成功启动FileReceive服务。
2014-04-10 15:46:46,415 [1] INFO  log [(null)] - 己成功启动SsoOutWindow服务。
2014-04-10 15:46:54,740 [5] INFO  log [(null)] - 方法名：CreateTemplatePage，生成模板Id：112，模板名称：现货直播金牡丹版钻石区，生成文件路径：E:\comsite\sasweb\zhuanti/vip/zsbjmd.html成功！
2014-04-10 15:46:58,008 [5] INFO  log [(null)] - 方法名：CreateTemplatePage，生成模板Id：113，模板名称：现货直播金蝴蝶版钻石区加载更多，生成文件路径：E:\comsite\sasweb\zhuanti/vip/zsbjhdjson.html成功！
2014-04-10 15:46:59,596 [5] INFO  log [(null)] - 方法名：CreateTemplatePage，生成模板Id：114，模板名称：现货直播金牡丹版至尊区加载更多，生成文件路径：E:\comsite\sasweb\zhuanti/vip/zzbjmdjson.html成功！
2014-04-10 15:47:00,566 [5] INFO  log [(null)] - 方法名：CreateTemplatePage，生成模板Id：115，模板名称：现货直播金牡丹版钻石区加载更多，生成文件路径：E:\comsite\sasweb\zhuanti/vip/zsbjmdjson.html成功！
2014-04-10 15:47:01,447 [5] INFO  log [(null)] - 方法名：CreateTemplatePage，生成模板Id：116，模板名称：现货直播金牡丹版白金区，生成文件路径：E:\comsite\sasweb\zhuanti/vip/bjbjmd.html成功！
2014-04-10 15:47:02,310 [5] INFO  log [(null)] - 方法名：CreateTemplatePage，生成模板Id：117，模板名称：现货直播金蝴蝶白金版，生成文件路径：E:\comsite\sasweb\zhuanti/vip/bjbjhd.shtml成功！
2014-04-10 15:47:03,054 [5] INFO  log [(null)] - 方法名：CreateTemplatePage，生成模板Id：118，模板名称：现货直播金牡丹版白金版加载更多，生成文件路径：E:\comsite\sasweb\zhuanti/vip/bjbjmdjson.html成功！
2014-04-10 15:47:03,945 [5] INFO  log [(null)] - 方法名：CreateTemplatePage，生成模板Id：119，模板名称：现货直播金蝴蝶版白金版加载更多，生成文件路径：E:\comsite\sasweb\zhuanti/vip/bjbjhdjson.html成功！
2014-04-10 15:47:06,303 [5] INFO  log [(null)] - 方法名：CreateTemplatePage，生成模板Id：121，模板名称：vip直播首页右边，生成文件路径：E:\comsite\sasweb\zhuanti/vip/rsxqb.html成功！
2014-04-10 15:47:13,542 [5] INFO  log [(null)] - 方法名：CreateTemplatePage，生成模板Id：108，模板名称：现货直播金蝴蝶版至尊区，生成文件路径：E:\comsite\sasweb\zhuanti/vip/zzbjhd.html成功！
2014-04-10 15:47:56,172 [5] INFO  log [(null)] - 方法名：CreateTemplatePage，生成模板Id：108，模板名称：现货直播金蝴蝶版至尊区，生成文件路径：E:\comsite\sasweb\zhuanti/vip/zzbjhd.html成功！
2014-04-10 15:49:00,187 [1] INFO  log [(null)] - 己成功启动HtmlEngine服务。
2014-04-10 15:49:00,204 [1] INFO  log [(null)] - 己成功启动FileReceive服务。
2014-04-10 15:49:00,211 [1] INFO  log [(null)] - 己成功启动SsoOutWindow服务。
2014-04-10 15:49:05,399 [6] INFO  log [(null)] - 方法名：CreateTemplatePage，生成模板Id：108，模板名称：现货直播金蝴蝶版至尊区，生成文件路径：E:\comsite\sasweb\zhuanti/vip/zzbjhd.html成功！
2014-04-10 15:50:25,957 [1] INFO  log [(null)] - 己成功启动HtmlEngine服务。
2014-04-10 15:50:25,978 [1] INFO  log [(null)] - 己成功启动FileReceive服务。
2014-04-10 15:50:25,986 [1] INFO  log [(null)] - 己成功启动SsoOutWindow服务。
2014-04-10 15:50:30,432 [4] INFO  log [(null)] - 方法名：CreateTemplatePage，生成模板Id：108，模板名称：现货直播金蝴蝶版至尊区，生成文件路径：E:\comsite\sasweb\zhuanti/vip/zzbjhd.html成功！
2014-04-10 17:04:30,318 [4] INFO  log [(null)] - 方法名：CreateTemplatePage，生成模板Id：129，模板名称：私享情报，生成文件路径：E:\comsite\sasweb\zhuanti/vip/sxqb.html成功！
2014-04-10 17:08:32,636 [4] INFO  log [(null)] - 方法名：CreateTemplatePage，生成模板Id：129，模板名称：私享情报，生成文件路径：E:\comsite\sasweb\zhuanti/vip/sxqb.html成功！
2014-04-10 17:13:48,400 [4] INFO  log [(null)] - 方法名：CreateTemplatePage，生成模板Id：129，模板名称：私享情报，生成文件路径：E:\comsite\sasweb\zhuanti/vip/sxqb.html成功！
2014-04-10 17:35:53,393 [4] INFO  log [(null)] - 方法名：CreateTemplatePage，生成模板Id：129，模板名称：私享情报，生成文件路径：E:\comsite\sasweb\zhuanti/vip/sxqb.html成功！
2014-04-10 17:36:57,518 [4] INFO  log [(null)] - 方法名：CreateTemplatePage，生成模板Id：129，模板名称：私享情报，生成文件路径：E:\comsite\sasweb\zhuanti/vip/sxqb.html成功！
2014-04-10 17:38:27,862 [4] INFO  log [(null)] - 方法名：CreateTemplatePage，生成模板Id：108，模板名称：现货直播金蝴蝶版至尊区，生成文件路径：E:\comsite\sasweb\zhuanti/vip/zzbjhd.html成功！
2014-04-10 17:38:28,375 [4] INFO  log [(null)] - 方法名：CreateTemplatePage，生成模板Id：109，模板名称：现货直播金牡丹版至尊区，生成文件路径：E:\comsite\sasweb\zhuanti/vip/zzbjmd.html成功！
2014-04-10 17:38:29,293 [4] INFO  log [(null)] - 方法名：CreateTemplatePage，生成模板Id：110，模板名称：现货直播金蝴蝶版至尊区加载更多，生成文件路径：E:\comsite\sasweb\zhuanti/vip/zzbjhdjson.html成功！
2014-04-10 17:38:29,773 [4] INFO  log [(null)] - 方法名：CreateTemplatePage，生成模板Id：111，模板名称：现货直播金蝴蝶版钻石区，生成文件路径：E:\comsite\sasweb\zhuanti/vip/zsbjhd.html成功！
2014-04-10 17:38:30,759 [4] INFO  log [(null)] - 方法名：CreateTemplatePage，生成模板Id：112，模板名称：现货直播金牡丹版钻石区，生成文件路径：E:\comsite\sasweb\zhuanti/vip/zsbjmd.html成功！
2014-04-10 17:38:31,033 [4] INFO  log [(null)] - 方法名：CreateTemplatePage，生成模板Id：113，模板名称：现货直播金蝴蝶版钻石区加载更多，生成文件路径：E:\comsite\sasweb\zhuanti/vip/zsbjhdjson.html成功！
2014-04-10 17:38:31,489 [4] INFO  log [(null)] - 方法名：CreateTemplatePage，生成模板Id：113，模板名称：现货直播金蝴蝶版钻石区加载更多，生成文件路径：E:\comsite\sasweb\zhuanti/vip/zsbjhdjson.html成功！
2014-04-10 17:38:32,383 [4] INFO  log [(null)] - 方法名：CreateTemplatePage，生成模板Id：114，模板名称：现货直播金牡丹版至尊区加载更多，生成文件路径：E:\comsite\sasweb\zhuanti/vip/zzbjmdjson.html成功！
2014-04-10 17:38:33,524 [4] INFO  log [(null)] - 方法名：CreateTemplatePage，生成模板Id：116，模板名称：现货直播金牡丹版白金区，生成文件路径：E:\comsite\sasweb\zhuanti/vip/bjbjmd.html成功！
2014-04-10 17:38:34,417 [4] INFO  log [(null)] - 方法名：CreateTemplatePage，生成模板Id：117，模板名称：现货直播金蝴蝶白金版，生成文件路径：E:\comsite\sasweb\zhuanti/vip/bjbjhd.shtml成功！
2014-04-10 17:38:35,249 [4] INFO  log [(null)] - 方法名：CreateTemplatePage，生成模板Id：119，模板名称：现货直播金蝴蝶版白金版加载更多，生成文件路径：E:\comsite\sasweb\zhuanti/vip/bjbjhdjson.html成功！
2014-04-10 17:38:38,203 [4] INFO  log [(null)] - 方法名：CreateTemplatePage，生成模板Id：129，模板名称：私享情报，生成文件路径：E:\comsite\sasweb\zhuanti/vip/sxqb.html成功！
2014-04-10 17:38:39,398 [4] INFO  log [(null)] - 方法名：CreateTemplatePage，生成模板Id：64，模板名称：罗列表页，第1页文件，生成文件路径：E:\comsite\sasweb\zhuanti/dpzs/index.html成功！
2014-04-10 17:38:39,403 [4] INFO  log [(null)] - 方法名：CreateTemplatePage，生成模板Id：64，模板名称：罗列表页，第2页文件，生成文件路径：E:\comsite\sasweb\zhuanti/dpzs/index_2.html成功！
2014-04-10 17:38:39,409 [4] INFO  log [(null)] - 方法名：CreateTemplatePage，生成模板Id：64，模板名称：罗列表页，第3页文件，生成文件路径：E:\comsite\sasweb\zhuanti/dpzs/index_3.html成功！
2014-04-10 17:38:39,423 [4] INFO  log [(null)] - 方法名：CreateTemplatePage，生成模板Id：64，模板名称：罗列表页，第4页文件，生成文件路径：E:\comsite\sasweb\zhuanti/dpzs/index_4.html成功！
2014-04-10 17:38:39,429 [4] INFO  log [(null)] - 方法名：CreateTemplatePage，生成模板Id：64，模板名称：罗列表页，第5页文件，生成文件路径：E:\comsite\sasweb\zhuanti/dpzs/index_5.html成功！
2014-04-10 17:38:39,432 [4] INFO  log [(null)] - 方法名：CreateTemplatePage，生成模板Id：64，模板名称：罗列表页，第6页文件，生成文件路径：E:\comsite\sasweb\zhuanti/dpzs/index_6.html成功！
2014-04-10 17:38:39,435 [4] INFO  log [(null)] - 方法名：CreateTemplatePage，生成模板Id：64，模板名称：罗列表页，第7页文件，生成文件路径：E:\comsite\sasweb\zhuanti/dpzs/index_7.html成功！
2014-04-10 17:38:39,438 [4] INFO  log [(null)] - 方法名：CreateTemplatePage，生成模板Id：64，模板名称：罗列表页，第8页文件，生成文件路径：E:\comsite\sasweb\zhuanti/dpzs/index_8.html成功！
2014-04-10 17:38:39,441 [4] INFO  log [(null)] - 方法名：CreateTemplatePage，生成模板Id：64，模板名称：罗列表页，第9页文件，生成文件路径：E:\comsite\sasweb\zhuanti/dpzs/index_9.html成功！
2014-04-10 17:38:39,443 [4] INFO  log [(null)] - 方法名：CreateTemplatePage，生成模板Id：64，模板名称：罗列表页，第10页文件，生成文件路径：E:\comsite\sasweb\zhuanti/dpzs/index_10.html成功！
2014-04-10 17:38:40,252 [4] INFO  log [(null)] - 方法名：CreateTemplatePage，生成模板Id：65，模板名称：测试模版，生成文件路径：E:\comsite\sasweb\zhuanti/wen/index.html成功！
2014-04-10 17:38:41,543 [4] INFO  log [(null)] - 方法名：CreateTemplatePage，生成模板Id：129，模板名称：私享情报，生成文件路径：E:\comsite\sasweb\zhuanti/vip/sxqb.html成功！
2014-04-10 17:38:43,796 [4] INFO  log [(null)] - 方法名：CreateTemplatePage，生成模板Id：119，模板名称：现货直播金蝴蝶版白金版加载更多，生成文件路径：E:\comsite\sasweb\zhuanti/vip/bjbjhdjson.html成功！
2014-04-10 17:38:44,058 [4] INFO  log [(null)] - 方法名：CreateTemplatePage，生成模板Id：118，模板名称：现货直播金牡丹版白金版加载更多，生成文件路径：E:\comsite\sasweb\zhuanti/vip/bjbjmdjson.html成功！
2014-04-10 17:38:44,565 [4] INFO  log [(null)] - 方法名：CreateTemplatePage，生成模板Id：117，模板名称：现货直播金蝴蝶白金版，生成文件路径：E:\comsite\sasweb\zhuanti/vip/bjbjhd.shtml成功！
