2014-02-10 09:18:45,477 [1] INFO  log [(null)] - 己成功启动HtmlEngine服务。
2014-02-10 09:18:45,500 [1] INFO  log [(null)] - 己成功启动FileReceive服务。
2014-02-10 09:18:45,508 [1] INFO  log [(null)] - 己成功启动SsoOutWindow服务。
2014-02-10 09:18:51,666 [5] INFO  log [(null)] - uptagtype:02
2014-02-10 09:18:51,697 [5] INFO  log [(null)] - uptagtype:01
2014-02-10 09:18:51,710 [5] INFO  log [(null)] - uptagtype:02
2014-02-10 09:18:51,712 [5] INFO  log [(null)] - uptagtype:02
2014-02-10 09:18:51,715 [5] INFO  log [(null)] - uptagtype:02
2014-02-10 09:18:51,718 [5] INFO  log [(null)] - uptagtype:02
2014-02-10 09:18:51,720 [5] INFO  log [(null)] - uptagtype:02
2014-02-10 09:18:51,722 [5] INFO  log [(null)] - uptagtype:02
2014-02-10 09:18:51,723 [5] INFO  log [(null)] - uptagtype:01
2014-02-10 09:18:51,726 [5] INFO  log [(null)] - uptagtype:01
2014-02-10 09:18:51,728 [5] INFO  log [(null)] - uptagtype:01
2014-02-10 09:18:51,731 [5] INFO  log [(null)] - uptagtype:01
2014-02-10 09:18:51,734 [5] INFO  log [(null)] - uptagtype:01
2014-02-10 09:18:51,739 [5] INFO  log [(null)] - 方法名：CreateTemplatePage，生成模板Id：91，模板名称：up下午茶固定首页，生成文件路径：E:\comsite\sasweb\zhuanti\upxwc/index.html成功！
2014-02-10 09:27:26,187 [5] INFO  log [(null)] - uptagtype:02
2014-02-10 09:27:26,190 [5] INFO  log [(null)] - uptagtype:01
2014-02-10 09:27:26,192 [5] INFO  log [(null)] - uptagtype:02
2014-02-10 09:27:26,194 [5] INFO  log [(null)] - uptagtype:02
2014-02-10 09:27:26,197 [5] INFO  log [(null)] - uptagtype:02
2014-02-10 09:27:26,201 [5] INFO  log [(null)] - uptagtype:02
2014-02-10 09:27:26,202 [5] INFO  log [(null)] - uptagtype:02
2014-02-10 09:27:26,204 [5] INFO  log [(null)] - uptagtype:02
2014-02-10 09:27:26,205 [5] INFO  log [(null)] - uptagtype:01
2014-02-10 09:27:26,208 [5] INFO  log [(null)] - uptagtype:01
2014-02-10 09:27:26,212 [5] INFO  log [(null)] - uptagtype:01
2014-02-10 09:27:26,216 [5] INFO  log [(null)] - uptagtype:01
2014-02-10 09:27:26,219 [5] INFO  log [(null)] - uptagtype:01
2014-02-10 09:27:26,224 [5] INFO  log [(null)] - 方法名：CreateTemplatePage，生成模板Id：88，模板名称：UP下午茶，生成文件路径：E:\comsite\sasweb\zhuanti\upxwc/201312/2013-12-19.html成功！
2014-02-10 09:29:00,998 [5] INFO  log [(null)] - uptagtype:02
2014-02-10 09:29:01,001 [5] INFO  log [(null)] - uptagtype:01
2014-02-10 09:29:01,011 [5] INFO  log [(null)] - uptagtype:02
2014-02-10 09:29:01,014 [5] INFO  log [(null)] - uptagtype:02
2014-02-10 09:29:01,018 [5] INFO  log [(null)] - uptagtype:02
2014-02-10 09:29:01,020 [5] INFO  log [(null)] - uptagtype:02
2014-02-10 09:29:01,022 [5] INFO  log [(null)] - uptagtype:02
2014-02-10 09:29:01,024 [5] INFO  log [(null)] - uptagtype:02
2014-02-10 09:29:01,026 [5] INFO  log [(null)] - uptagtype:01
2014-02-10 09:29:01,028 [5] INFO  log [(null)] - uptagtype:01
2014-02-10 09:29:01,031 [5] INFO  log [(null)] - uptagtype:01
2014-02-10 09:29:01,035 [5] INFO  log [(null)] - uptagtype:01
2014-02-10 09:29:01,038 [5] INFO  log [(null)] - uptagtype:01
2014-02-10 09:29:01,044 [5] INFO  log [(null)] - 方法名：CreateTemplatePage，生成模板Id：88，模板名称：UP下午茶，生成文件路径：E:\comsite\sasweb\zhuanti\upxwc/201312/2013-12-19.html成功！
2014-02-10 15:39:44,592 [1] INFO  log [(null)] - 己成功启动HtmlEngine服务。
2014-02-10 15:39:44,662 [1] INFO  log [(null)] - 己成功启动FileReceive服务。
2014-02-10 15:39:44,687 [1] INFO  log [(null)] - 己成功启动SsoOutWindow服务。
2014-02-10 15:39:58,847 [6] INFO  log [(null)] - 方法名：CreateSingleNews，新增新闻，生成NewsId:841文件成功，文件路径:/qwfx/201402/10153818941.html
2014-02-10 15:50:23,766 [6] INFO  log [(null)] - 方法名：CreateSingleNews，新增新闻，生成NewsId:843文件成功，文件路径:/qjkp/201402/10154908618.html
2014-02-10 15:50:24,008 [6] INFO  log [(null)] - uptagtype:01
2014-02-10 15:50:24,020 [6] INFO  log [(null)] - 方法名：CreateTemplatePage，生成模板Id：83，模板名称：蒙json测试列表模板，生成文件路径：E:\comsite\sasweb\zhuanti\jsonlist.shtml成功！
2014-02-10 15:52:23,925 [6] INFO  log [(null)] - 方法名：CreateSingleNews，新增新闻，生成NewsId:844文件成功，文件路径:/qjkp/201402/10155024916.html
2014-02-10 15:52:23,930 [6] INFO  log [(null)] - uptagtype:01
2014-02-10 15:52:23,939 [6] INFO  log [(null)] - 方法名：CreateTemplatePage，生成模板Id：83，模板名称：蒙json测试列表模板，生成文件路径：E:\comsite\sasweb\zhuanti\jsonlist.shtml成功！
