2014-03-08 11:16:01,290 [1] INFO  log [(null)] - 己成功启动HtmlEngine服务。
2014-03-08 11:16:01,310 [1] INFO  log [(null)] - 己成功启动FileReceive服务。
2014-03-08 11:16:01,354 [1] INFO  log [(null)] - 己成功启动SsoOutWindow服务。
2014-03-08 11:19:28,736 [10] INFO  log [(null)] - 己成功启动HtmlEngine服务。
2014-03-08 11:19:28,760 [10] INFO  log [(null)] - 己成功启动FileReceive服务。
2014-03-08 11:19:28,767 [10] INFO  log [(null)] - 己成功启动SsoOutWindow服务。
2014-03-08 11:19:36,441 [12] INFO  log [(null)] - 方法名：CreateTemplatePage，生成模板Id：100，模板名称：测试方法，生成文件路径：E:\comsite\sasweb\zhuanti/test.shtml成功！
2014-03-08 11:20:45,081 [10] INFO  log [(null)] - 己成功启动HtmlEngine服务。
2014-03-08 11:20:45,104 [10] INFO  log [(null)] - 己成功启动FileReceive服务。
2014-03-08 11:20:45,112 [10] INFO  log [(null)] - 己成功启动SsoOutWindow服务。
2014-03-08 11:21:31,857 [10] INFO  log [(null)] - 己成功启动HtmlEngine服务。
2014-03-08 11:21:31,881 [10] INFO  log [(null)] - 己成功启动FileReceive服务。
2014-03-08 11:21:31,888 [10] INFO  log [(null)] - 己成功启动SsoOutWindow服务。
2014-03-08 11:21:53,737 [14] INFO  log [(null)] - 方法名：CreateTemplatePage，生成模板Id：100，模板名称：测试方法，生成文件路径：E:\comsite\sasweb\zhuanti/test.shtml成功！
2014-03-08 11:23:32,771 [8] INFO  log [(null)] - 己成功启动HtmlEngine服务。
2014-03-08 11:23:32,795 [8] INFO  log [(null)] - 己成功启动FileReceive服务。
2014-03-08 11:23:32,809 [8] INFO  log [(null)] - 己成功启动SsoOutWindow服务。
2014-03-08 11:23:45,545 [9] INFO  log [(null)] - 方法名：CreateTemplatePage，生成模板Id：100，模板名称：测试方法，生成文件路径：E:\comsite\sasweb\zhuanti/test.shtml成功！
2014-03-08 11:25:35,266 [9] INFO  log [(null)] - 己成功启动HtmlEngine服务。
2014-03-08 11:25:35,291 [9] INFO  log [(null)] - 己成功启动FileReceive服务。
2014-03-08 11:25:35,299 [9] INFO  log [(null)] - 己成功启动SsoOutWindow服务。
2014-03-08 11:26:27,361 [10] INFO  log [(null)] - 己成功启动HtmlEngine服务。
2014-03-08 11:26:27,395 [10] INFO  log [(null)] - 己成功启动FileReceive服务。
2014-03-08 11:26:27,406 [10] INFO  log [(null)] - 己成功启动SsoOutWindow服务。
2014-03-08 11:26:31,078 [13] INFO  log [(null)] - 方法名：CreateTemplatePage，生成模板Id：100，模板名称：测试方法，生成文件路径：E:\comsite\sasweb\zhuanti/test.shtml成功！
2014-03-08 11:26:51,039 [13] INFO  log [(null)] - 方法名：CreateTemplatePage，生成模板Id：100，模板名称：测试方法，生成文件路径：E:\comsite\sasweb\zhuanti/test.shtml成功！
2014-03-08 11:27:23,932 [13] INFO  log [(null)] - 方法名：GetTemplagePreview，预览模块Id：100，模板名称：测试方法，模板路径：/luo/test.shtml成功
2014-03-08 11:27:49,662 [13] INFO  log [(null)] - 方法名：GetTemplagePreview，预览模块Id：100，模板名称：测试方法，模板路径：/luo/test.shtml成功
2014-03-08 11:27:51,960 [13] INFO  log [(null)] - 方法名：GetTemplagePreview，预览模块Id：100，模板名称：测试方法，模板路径：/luo/test.shtml成功
2014-03-08 11:28:02,809 [13] INFO  log [(null)] - 方法名：GetTemplagePreview，预览模块Id：100，模板名称：测试方法，模板路径：/luo/test.shtml成功
2014-03-08 11:28:04,113 [13] INFO  log [(null)] - 方法名：GetTemplagePreview，预览模块Id：100，模板名称：测试方法，模板路径：/luo/test.shtml成功
2014-03-08 11:28:20,745 [13] INFO  log [(null)] - 方法名：CreateTemplatePage，生成模板Id：100，模板名称：测试方法，生成文件路径：E:\comsite\sasweb\zhuanti/test.shtml成功！
2014-03-08 11:29:57,595 [13] INFO  log [(null)] - 方法名：CreateTemplatePage，生成模板Id：100，模板名称：测试方法，生成文件路径：E:\comsite\sasweb\zhuanti/test.shtml成功！
2014-03-08 11:30:09,829 [13] INFO  log [(null)] - 方法名：GetTemplagePreview，预览模块Id：100，模板名称：测试方法，模板路径：/luo/test.shtml成功
2014-03-08 11:30:49,566 [9] INFO  log [(null)] - 己成功启动HtmlEngine服务。
2014-03-08 11:30:49,590 [9] INFO  log [(null)] - 己成功启动FileReceive服务。
2014-03-08 11:30:49,597 [9] INFO  log [(null)] - 己成功启动SsoOutWindow服务。
2014-03-08 11:30:53,580 [11] INFO  log [(null)] - 方法名：CreateTemplatePage，生成模板Id：100，模板名称：测试方法，生成文件路径：E:\comsite\sasweb\zhuanti/test.shtml成功！
2014-03-08 11:32:39,602 [11] INFO  log [(null)] - 方法名：GetTemplagePreview，预览模块Id：100，模板名称：测试方法，模板路径：/luo/test.shtml成功
2014-03-08 11:33:00,750 [11] INFO  log [(null)] - 方法名：GetTemplagePreview，预览模块Id：100，模板名称：测试方法，模板路径：/luo/test.shtml成功
2014-03-08 11:33:31,101 [11] INFO  log [(null)] - 方法名：GetTemplagePreview，预览模块Id：100，模板名称：测试方法，模板路径：/luo/test.shtml成功
2014-03-08 11:34:16,216 [11] INFO  log [(null)] - 方法名：GetTemplagePreview，预览模块Id：100，模板名称：测试方法，模板路径：/luo/test.shtml成功
