2014-04-24 09:22:33,441 [10] INFO  log [(null)] - 己成功启动HtmlEngine服务。
2014-04-24 09:22:33,474 [10] INFO  log [(null)] - 己成功启动FileReceive服务。
2014-04-24 09:22:33,484 [10] INFO  log [(null)] - 己成功启动SsoOutWindow服务。
2014-04-24 09:30:20,315 [10] INFO  log [(null)] - 己成功启动HtmlEngine服务。
2014-04-24 09:30:20,340 [10] INFO  log [(null)] - 己成功启动FileReceive服务。
2014-04-24 09:30:20,347 [10] INFO  log [(null)] - 己成功启动SsoOutWindow服务。
2014-04-24 09:44:36,567 [11] INFO  log [(null)] - 方法名：CreateTemplatePage，生成模板Id：59，模板名称：投资参考首页，生成文件路径：E:\comsite\sasweb\news/tzck/index.html成功！
2014-04-24 09:51:35,796 [9] INFO  log [(null)] - 己成功启动HtmlEngine服务。
2014-04-24 09:51:35,821 [9] INFO  log [(null)] - 己成功启动FileReceive服务。
2014-04-24 09:51:35,828 [9] INFO  log [(null)] - 己成功启动SsoOutWindow服务。
2014-04-24 10:10:13,689 [9] INFO  log [(null)] - 己成功启动HtmlEngine服务。
2014-04-24 10:10:13,713 [9] INFO  log [(null)] - 己成功启动FileReceive服务。
2014-04-24 10:10:13,721 [9] INFO  log [(null)] - 己成功启动SsoOutWindow服务。
2014-04-24 10:10:31,132 [11] INFO  log [(null)] - 方法名：CreateTemplatePage，生成模板Id：59，模板名称：投资参考首页，生成文件路径：E:\comsite\sasweb\news/tzck/index.html成功！
2014-04-24 10:14:53,565 [1] INFO  log [(null)] - 己成功启动HtmlEngine服务。
2014-04-24 10:14:53,583 [1] INFO  log [(null)] - 己成功启动FileReceive服务。
2014-04-24 10:14:53,590 [1] INFO  log [(null)] - 己成功启动SsoOutWindow服务。
2014-04-24 10:15:09,071 [4] INFO  log [(null)] - 方法名：CreateTemplatePage，生成模板Id：59，模板名称：投资参考首页，生成文件路径：E:\comsite\sasweb\news/tzck/index.html成功！
2014-04-24 10:16:04,326 [4] INFO  log [(null)] - 方法名：CreateTemplatePage，生成模板Id：59，模板名称：投资参考首页，生成文件路径：E:\comsite\sasweb\news/tzck/index.html成功！
2014-04-24 11:04:13,987 [9] INFO  log [(null)] - 己成功启动HtmlEngine服务。
2014-04-24 11:04:14,018 [9] INFO  log [(null)] - 己成功启动FileReceive服务。
2014-04-24 11:04:14,026 [9] INFO  log [(null)] - 己成功启动SsoOutWindow服务。
2014-04-24 11:08:31,340 [8] INFO  log [(null)] - 己成功启动HtmlEngine服务。
2014-04-24 11:08:31,366 [8] INFO  log [(null)] - 己成功启动FileReceive服务。
2014-04-24 11:08:31,374 [8] INFO  log [(null)] - 己成功启动SsoOutWindow服务。
2014-04-24 11:09:10,062 [12] INFO  log [(null)] - 方法名：CreateTemplatePage，生成模板Id：58，模板名称：投资参考日刊内容，第1页文件，生成文件路径：E:\comsite\sasweb\news/tzck/201404/2014-04-23.html成功！
2014-04-24 11:10:51,871 [12] INFO  log [(null)] - 方法名：CreateTemplatePage，生成模板Id：58，模板名称：投资参考日刊内容，第1页文件，生成文件路径：E:\comsite\sasweb\news/tzck/201404/2014-04-23.html成功！
2014-04-24 11:16:58,265 [12] INFO  log [(null)] - 方法名：CreateTemplatePage，生成模板Id：58，模板名称：投资参考日刊内容，第1页文件，生成文件路径：E:\comsite\sasweb\news/tzck/201404/2014-04-23.html成功！
2014-04-24 11:20:10,290 [1] INFO  log [(null)] - 己成功启动HtmlEngine服务。
2014-04-24 11:20:10,309 [1] INFO  log [(null)] - 己成功启动FileReceive服务。
2014-04-24 11:20:10,316 [1] INFO  log [(null)] - 己成功启动SsoOutWindow服务。
2014-04-24 11:20:29,402 [6] INFO  log [(null)] - 方法名：CreateTemplatePage，生成模板Id：58，模板名称：投资参考日刊内容，第1页文件，生成文件路径：E:\comsite\sasweb\news/tzck/201404/2014-04-23.html成功！
2014-04-24 11:22:58,781 [6] INFO  log [(null)] - 方法名：CreateTemplatePage，生成模板Id：58，模板名称：投资参考日刊内容，生成文件路径：E:\comsite\sasweb\news/tzck/201404/2014-04-23.html成功！
2014-04-24 11:24:41,687 [6] INFO  log [(null)] - 方法名：CreateTemplatePage，生成模板Id：58，模板名称：投资参考日刊内容，第1页文件，生成文件路径：E:\comsite\sasweb\news/tzck/201404/2014-04-23.html成功！
2014-04-24 11:25:38,124 [6] INFO  log [(null)] - 方法名：CreateTemplatePage，生成模板Id：58，模板名称：投资参考日刊内容，第1页文件，生成文件路径：E:\comsite\sasweb\news/tzck/201404/2014-04-23.html成功！
2014-04-24 11:30:14,935 [6] INFO  log [(null)] - 方法名：CreateTemplatePage，生成模板Id：58，模板名称：投资参考日刊内容，生成文件路径：E:\comsite\sasweb\news/tzck/201404/2014-04-23.html成功！
2014-04-24 11:31:01,396 [6] INFO  log [(null)] - 方法名：CreateTemplatePage，生成模板Id：58，模板名称：投资参考日刊内容，生成文件路径：E:\comsite\sasweb\news/tzck/201404/2014-04-23.html成功！
2014-04-24 11:31:35,798 [6] INFO  log [(null)] - 方法名：CreateTemplatePage，生成模板Id：58，模板名称：投资参考日刊内容，生成文件路径：E:\comsite\sasweb\news/tzck/201404/2014-04-23.html成功！
2014-04-24 12:20:55,248 [6] INFO  log [(null)] - 方法名：CreateTemplatePage，生成模板Id：58，模板名称：投资参考日刊内容，第1页文件，生成文件路径：E:\comsite\sasweb\news/tzck/201404/2014-04-24.html成功！
2014-04-24 12:21:02,214 [6] INFO  log [(null)] - 方法名：GetTemplagePreview，预览模块Id：58，模板名称：投资参考日刊内容，模板路径：/luo/actuals/tzckdetail.shtml成功
2014-04-24 12:23:51,225 [6] INFO  log [(null)] - 方法名：CreateTemplatePage，生成模板Id：58，模板名称：投资参考日刊内容，生成文件路径：E:\comsite\sasweb\news/tzck/201404/2014-04-24.html成功！
2014-04-24 12:24:33,315 [6] INFO  log [(null)] - 方法名：CreateTemplatePage，生成模板Id：58，模板名称：投资参考日刊内容，生成文件路径：E:\comsite\sasweb\news/tzck/201404/2014-04-24.html成功！
2014-04-24 13:00:17,279 [6] INFO  log [(null)] - 方法名：CreateTemplatePage，生成模板Id：58，模板名称：投资参考日刊内容，生成文件路径：E:\comsite\sasweb\news/tzck/201404/2014-04-24.html成功！
2014-04-24 13:01:08,463 [6] INFO  log [(null)] - 方法名：CreateTemplatePage，生成模板Id：58，模板名称：投资参考日刊内容，生成文件路径：E:\comsite\sasweb\news/tzck/201404/2014-04-24.html成功！
2014-04-24 13:01:55,448 [6] INFO  log [(null)] - 方法名：CreateTemplatePage，生成模板Id：58，模板名称：投资参考日刊内容，生成文件路径：E:\comsite\sasweb\news/tzck/201404/2014-04-23.html成功！
2014-04-24 13:02:10,631 [6] INFO  log [(null)] - 方法名：CreateTemplatePage，生成模板Id：58，模板名称：投资参考日刊内容，生成文件路径：E:\comsite\sasweb\news/tzck/201404/2014-04-23.html成功！
2014-04-24 13:03:15,180 [6] INFO  log [(null)] - 方法名：CreateTemplatePage，生成模板Id：58，模板名称：投资参考日刊内容，生成文件路径：E:\comsite\sasweb\news/tzck/201404/2014-04-23.html成功！
2014-04-24 13:24:01,336 [6] INFO  log [(null)] - 方法名：CreateTemplatePage，生成模板Id：59，模板名称：投资参考首页，生成文件路径：E:\comsite\sasweb\news/tzck/index.html成功！
2014-04-24 13:25:03,128 [6] INFO  log [(null)] - 方法名：CreateTemplatePage，生成模板Id：59，模板名称：投资参考首页，生成文件路径：E:\comsite\sasweb\news/tzck/index.html成功！
2014-04-24 13:26:04,550 [6] INFO  log [(null)] - 方法名：CreateTemplatePage，生成模板Id：58，模板名称：投资参考日刊内容，生成文件路径：E:\comsite\sasweb\news/tzck/201404/2014-04-24.html成功！
2014-04-24 13:27:00,939 [6] INFO  log [(null)] - 方法名：CreateTemplatePage，生成模板Id：58，模板名称：投资参考日刊内容，生成文件路径：E:\comsite\sasweb\news/tzck/201404/2014-04-24.html成功！
2014-04-24 13:28:59,846 [6] INFO  log [(null)] - 方法名：GetTemplagePreview，预览模块Id：58，模板名称：投资参考日刊内容，模板路径：/luo/actuals/tzckdetail.shtml成功
2014-04-24 13:29:45,305 [6] INFO  log [(null)] - 方法名：CreateTemplatePage，生成模板Id：58，模板名称：投资参考日刊内容，生成文件路径：E:\comsite\sasweb\news/tzck/201404/2014-04-24.html成功！
2014-04-24 13:35:41,341 [6] INFO  log [(null)] - 方法名：CreateTemplatePage，生成模板Id：58，模板名称：投资参考日刊内容，生成文件路径：E:\comsite\sasweb\news/tzck/201404/2014-04-24.html成功！
2014-04-24 13:36:25,276 [6] INFO  log [(null)] - 方法名：CreateTemplatePage，生成模板Id：58，模板名称：投资参考日刊内容，生成文件路径：E:\comsite\sasweb\news/tzck/201404/2014-04-24.html成功！
2014-04-24 13:36:51,399 [6] INFO  log [(null)] - 方法名：CreateTemplatePage，生成模板Id：58，模板名称：投资参考日刊内容，生成文件路径：E:\comsite\sasweb\news/tzck/201404/2014-04-24.html成功！
2014-04-24 13:44:15,386 [6] INFO  log [(null)] - 方法名：CreateTemplatePage，生成模板Id：17，模板名称：UP下午茶，生成文件路径：E:\comsite\sasweb\news/upxwc/201404/2014-04-15.html成功！
2014-04-24 13:47:01,321 [9] INFO  log [(null)] - 己成功启动HtmlEngine服务。
2014-04-24 13:47:01,343 [9] INFO  log [(null)] - 己成功启动FileReceive服务。
2014-04-24 13:47:01,350 [9] INFO  log [(null)] - 己成功启动SsoOutWindow服务。
2014-04-24 13:48:10,168 [10] INFO  log [(null)] - 方法名：CreateTemplatePage，生成模板Id：58，模板名称：投资参考日刊内容，生成文件路径：E:\comsite\sasweb\news/tzck/201404/2014-04-24.html成功！
2014-04-24 14:03:02,717 [1] INFO  log [(null)] - 己成功启动HtmlEngine服务。
2014-04-24 14:03:02,734 [1] INFO  log [(null)] - 己成功启动FileReceive服务。
2014-04-24 14:03:02,741 [1] INFO  log [(null)] - 己成功启动SsoOutWindow服务。
2014-04-24 14:03:06,036 [6] INFO  log [(null)] - 方法名：CreateTemplatePage，生成模板Id：58，模板名称：投资参考日刊内容，生成文件路径：E:\comsite\sasweb\news/tzck/201404/2014-04-24.html成功！
2014-04-24 14:05:04,013 [1] INFO  log [(null)] - 己成功启动HtmlEngine服务。
2014-04-24 14:05:04,032 [1] INFO  log [(null)] - 己成功启动FileReceive服务。
2014-04-24 14:05:04,039 [1] INFO  log [(null)] - 己成功启动SsoOutWindow服务。
2014-04-24 14:07:29,657 [1] INFO  log [(null)] - 己成功启动HtmlEngine服务。
2014-04-24 14:07:29,675 [1] INFO  log [(null)] - 己成功启动FileReceive服务。
2014-04-24 14:07:29,682 [1] INFO  log [(null)] - 己成功启动SsoOutWindow服务。
2014-04-24 14:07:43,030 [5] INFO  log [(null)] - 方法名：CreateTemplatePage，生成模板Id：58，模板名称：投资参考日刊内容，生成文件路径：E:\comsite\sasweb\news/tzck/201404/2014-04-24.html成功！
2014-04-24 14:10:00,814 [5] INFO  log [(null)] - 方法名：CreateTemplatePage，生成模板Id：1，模板名称：软件首页，生成文件路径：E:\comsite\sasweb\news/sasweb/mainpage/index.html成功！
2014-04-24 14:10:09,924 [8] INFO  log [(null)] - 方法名：CreateTemplatePage，生成模板Id：1，模板名称：软件首页，生成文件路径：E:\comsite\sasweb\news/sasweb/mainpage/index.html成功！
2014-04-24 14:10:14,580 [5] INFO  log [(null)] - 方法名：CreateTemplatePage，生成模板Id：29，模板名称：首页测试，生成文件路径：E:\comsite\sasweb\news/sasweb/mainpage/index_test.html成功！
2014-04-24 14:10:16,597 [3] INFO  log [(null)] - 方法名：CreateTemplatePage，生成模板Id：1，模板名称：软件首页，生成文件路径：E:\comsite\sasweb\news/sasweb/mainpage/index.html成功！
2014-04-24 14:10:18,346 [4] INFO  log [(null)] - 方法名：CreateTemplatePage，生成模板Id：1，模板名称：软件首页，生成文件路径：E:\comsite\sasweb\news/sasweb/mainpage/index.html成功！
2014-04-24 14:10:20,606 [6] INFO  log [(null)] - 方法名：CreateTemplatePage，生成模板Id：1，模板名称：软件首页，生成文件路径：E:\comsite\sasweb\news/sasweb/mainpage/index.html成功！
2014-04-24 14:10:25,076 [8] INFO  log [(null)] - 方法名：CreateTemplatePage，生成模板Id：29，模板名称：首页测试，生成文件路径：E:\comsite\sasweb\news/sasweb/mainpage/index_test.html成功！
2014-04-24 14:10:26,994 [4] INFO  log [(null)] - 方法名：CreateTemplatePage，生成模板Id：29，模板名称：首页测试，生成文件路径：E:\comsite\sasweb\news/sasweb/mainpage/index_test.html成功！
2014-04-24 14:10:28,974 [4] INFO  log [(null)] - 方法名：CreateTemplatePage，生成模板Id：59，模板名称：投资参考首页，生成文件路径：E:\comsite\sasweb\news/tzck/index.html成功！
2014-04-24 14:10:30,634 [3] INFO  log [(null)] - 方法名：CreateTemplatePage，生成模板Id：29，模板名称：首页测试，生成文件路径：E:\comsite\sasweb\news/sasweb/mainpage/index_test.html成功！
2014-04-24 14:10:35,757 [6] INFO  log [(null)] - 方法名：CreateTemplatePage，生成模板Id：29，模板名称：首页测试，生成文件路径：E:\comsite\sasweb\news/sasweb/mainpage/index_test.html成功！
2014-04-24 14:10:40,190 [6] INFO  log [(null)] - 方法名：CreateTemplatePage，生成模板Id：58，模板名称：投资参考日刊内容，生成文件路径：E:\comsite\sasweb\news/tzck/201404/2014-04-24.html成功！
2014-04-24 14:13:16,802 [6] INFO  log [(null)] - 方法名：CreateTemplatePage，生成模板Id：58，模板名称：投资参考日刊内容，生成文件路径：E:\comsite\sasweb\news/tzck/201404/2014-04-24.html成功！
2014-04-24 14:15:17,464 [6] INFO  log [(null)] - 方法名：CreateTemplatePage，生成模板Id：58，模板名称：投资参考日刊内容，生成文件路径：E:\comsite\sasweb\news/tzck/201404/2014-04-24.html成功！
