2014-03-10 09:31:01,808 [1] INFO  log [(null)] - 己成功启动HtmlEngine服务。
2014-03-10 09:31:01,842 [1] INFO  log [(null)] - 己成功启动FileReceive服务。
2014-03-10 09:31:01,864 [1] INFO  log [(null)] - 己成功启动SsoOutWindow服务。
2014-03-10 10:12:09,671 [4] INFO  log [(null)] - 方法名：CreateFileImage，创建图片文件成功，文件路径:E:\\test\\/upimg/201403/10101208158.jpg
2014-03-10 10:18:22,753 [4] INFO  log [(null)] - 方法名：CreateFileImage，创建图片文件成功，文件路径:E:\\test\\/upimg/201403/10101822723.jpg
2014-03-10 10:18:41,904 [4] INFO  log [(null)] - 方法名：CreateFileImage，创建图片文件成功，文件路径:E:\\test\\/upimg/201403/10101841898.jpg
2014-03-10 10:25:20,154 [4] INFO  log [(null)] - 方法名：CreateFileImage，创建图片文件成功，文件路径:E:\\test\\/upimg/201403/10102520117.jpg
2014-03-10 10:28:18,145 [4] INFO  log [(null)] - 方法名：CreateFileImage，创建图片文件成功，文件路径:E:\\test\\/upimg/201403/10102818138.jpg
2014-03-10 10:33:42,571 [4] INFO  log [(null)] - 方法名：CreateFileImage，创建图片文件成功，文件路径:E:\\test\\/upimg/201403/10103342531.jpg
2014-03-10 10:38:33,881 [4] INFO  log [(null)] - 方法名：CreateFileImage，创建图片文件成功，文件路径:E:\\test\\/upimg/201403/10103833874.jpg
2014-03-10 10:38:47,778 [4] INFO  log [(null)] - 方法名：CreateFileImage，创建图片文件成功，文件路径:E:\\test\\/upimg/201403/10103847754.jpg
2014-03-10 10:52:53,179 [4] INFO  log [(null)] - 方法名：CreateFileImage，创建图片文件成功，文件路径:E:\\test\\/upimg/201403/10105253088.jpg
2014-03-10 10:53:29,632 [4] INFO  log [(null)] - 方法名：CreateFileImage，创建图片文件成功，文件路径:E:\\test\\/upimg/201403/10105329599.jpg
2014-03-10 11:00:14,480 [4] INFO  log [(null)] - 方法名：CreateFileImage，创建图片文件成功，文件路径:E:\\test\\/upimg/201403/10110014441.jpg
2014-03-10 11:00:18,196 [4] INFO  log [(null)] - 方法名：CreateFileImage，创建图片文件成功，文件路径:E:\\test\\/upimg/201403/10110018187.jpg
2014-03-10 11:06:57,084 [4] INFO  log [(null)] - 方法名：CreateFileImage，创建图片文件成功，文件路径:E:\\test\\/upimg/201403/10110657047.jpg
2014-03-10 11:06:59,036 [4] INFO  log [(null)] - 方法名：CreateFileImage，创建图片文件成功，文件路径:E:\\test\\/upimg/201403/10110659033.jpg
2014-03-10 11:45:12,849 [4] INFO  log [(null)] - 方法名：CreateFileImage，创建图片文件成功，文件路径:E:\\test\\/upimg/201403/10114512675.jpg
2014-03-10 11:45:15,902 [4] INFO  log [(null)] - 方法名：CreateFileImage，创建图片文件成功，文件路径:E:\\test\\/upimg/201403/10114515881.jpg
2014-03-10 11:45:56,597 [4] INFO  log [(null)] - 方法名：CreateFileImage，创建图片文件成功，文件路径:E:\\test\\/upimg/201403/10114556560.jpg
2014-03-10 11:45:58,834 [4] INFO  log [(null)] - 方法名：CreateFileImage，创建图片文件成功，文件路径:E:\\test\\/upimg/201403/10114558829.jpg
2014-03-10 13:13:00,215 [4] INFO  log [(null)] - 方法名：CreateFileImage，创建图片文件成功，文件路径:E:\\test\\/upimg/201403/10131300002.jpg
2014-03-10 13:13:04,233 [4] INFO  log [(null)] - 方法名：CreateFileImage，创建图片文件成功，文件路径:E:\\test\\/upimg/201403/10131304192.jpg
2014-03-10 13:13:28,002 [4] INFO  log [(null)] - 方法名：CreateFileImage，创建图片文件成功，文件路径:E:\\test\\/upimg/201403/10131327962.jpg
2014-03-10 13:13:29,992 [4] INFO  log [(null)] - 方法名：CreateFileImage，创建图片文件成功，文件路径:E:\\test\\/upimg/201403/10131329954.jpg
2014-03-10 13:13:54,622 [4] INFO  log [(null)] - 方法名：CreateFileImage，创建图片文件成功，文件路径:E:\\test\\/upimg/201403/10131354520.jpg
2014-03-10 13:13:56,846 [4] INFO  log [(null)] - 方法名：CreateFileImage，创建图片文件成功，文件路径:E:\\test\\/upimg/201403/10131356786.jpg
2014-03-10 13:19:04,488 [4] INFO  log [(null)] - 方法名：CreateFileImage，创建图片文件成功，文件路径:E:\\test\\/upimg/201403/10131904345.jpg
2014-03-10 13:19:06,408 [4] INFO  log [(null)] - 方法名：CreateFileImage，创建图片文件成功，文件路径:E:\\test\\/upimg/201403/10131906402.jpg
2014-03-10 13:19:33,862 [4] INFO  log [(null)] - 方法名：CreateFileImage，创建图片文件成功，文件路径:E:\\test\\/upimg/201403/10131933828.jpg
2014-03-10 13:19:36,092 [4] INFO  log [(null)] - 方法名：CreateFileImage，创建图片文件成功，文件路径:E:\\test\\/upimg/201403/10131936087.jpg
2014-03-10 13:21:16,538 [4] INFO  log [(null)] - 方法名：CreateFileImage，创建图片文件成功，文件路径:E:\\test\\/upimg/201403/10132116500.jpg
2014-03-10 13:21:18,359 [4] INFO  log [(null)] - 方法名：CreateFileImage，创建图片文件成功，文件路径:E:\\test\\/upimg/201403/10132118353.jpg
2014-03-10 13:22:12,782 [1] INFO  log [(null)] - 己成功启动HtmlEngine服务。
2014-03-10 13:22:12,800 [1] INFO  log [(null)] - 己成功启动FileReceive服务。
2014-03-10 13:22:12,808 [1] INFO  log [(null)] - 己成功启动SsoOutWindow服务。
2014-03-10 13:22:17,242 [5] INFO  log [(null)] - 方法名：CreateFileImage，创建图片文件成功，文件路径:E:\\test\\/upimg/201403/10132217065.jpg
2014-03-10 13:28:52,869 [5] INFO  log [(null)] - 方法名：CreateFileImage，创建图片文件成功，文件路径:E:\\test\\/upimg/201403/10132852863.jpg
2014-03-10 13:28:55,301 [5] INFO  log [(null)] - 方法名：CreateFileImage，创建图片文件成功，文件路径:E:\\test\\/upimg/201403/10132855263.jpg
2014-03-10 13:30:45,095 [5] INFO  log [(null)] - 方法名：CreateFileImage，创建图片文件成功，文件路径:E:\\test\\/upimg/201403/10133045089.jpg
2014-03-10 13:30:47,443 [5] INFO  log [(null)] - 方法名：CreateFileImage，创建图片文件成功，文件路径:E:\\test\\/upimg/201403/10133047420.jpg
2014-03-10 13:45:53,747 [5] INFO  log [(null)] - 方法名：CreateFileImage，创建图片文件成功，文件路径:E:\\test\\/upimg/201403/10134553736.jpg
2014-03-10 13:45:55,837 [5] INFO  log [(null)] - 方法名：CreateFileImage，创建图片文件成功，文件路径:E:\\test\\/upimg/201403/10134555820.jpg
2014-03-10 13:48:28,105 [5] INFO  log [(null)] - 方法名：CreateFileImage，创建图片文件成功，文件路径:E:\\test\\/upimg/201403/10134828100.jpg
2014-03-10 13:48:30,226 [5] INFO  log [(null)] - 方法名：CreateFileImage，创建图片文件成功，文件路径:E:\\test\\/upimg/201403/10134830219.jpg
2014-03-10 13:53:47,897 [5] INFO  log [(null)] - 方法名：CreateFileImage，创建图片文件成功，文件路径:E:\\test\\/upimg/201403/10135347887.jpg
2014-03-10 13:53:49,981 [5] INFO  log [(null)] - 方法名：CreateFileImage，创建图片文件成功，文件路径:E:\\test\\/upimg/201403/10135349976.jpg
2014-03-10 14:03:28,037 [5] INFO  log [(null)] - 方法名：CreateFileImage，创建图片文件成功，文件路径:E:\\test\\/upimg/201403/10140328028.jpg
2014-03-10 14:03:31,229 [5] INFO  log [(null)] - 方法名：CreateFileImage，创建图片文件成功，文件路径:E:\\test\\/upimg/201403/10140331222.jpg
2014-03-10 14:06:37,029 [5] INFO  log [(null)] - 方法名：CreateFileImage，创建图片文件成功，文件路径:E:\\test\\/upimg/201403/10140637018.jpg
2014-03-10 14:06:38,907 [5] INFO  log [(null)] - 方法名：CreateFileImage，创建图片文件成功，文件路径:E:\\test\\/upimg/201403/10140638902.jpg
2014-03-10 14:09:00,219 [5] INFO  log [(null)] - 方法名：CreateFileImage，创建图片文件成功，文件路径:E:\\test\\/upimg/201403/10140859921.jpg
2014-03-10 14:09:01,977 [5] INFO  log [(null)] - 方法名：CreateFileImage，创建图片文件成功，文件路径:E:\\test\\/upimg/201403/10140901971.jpg
2014-03-10 14:17:40,056 [5] INFO  log [(null)] - 方法名：CreateFileImage，创建图片文件成功，文件路径:E:\\test\\/upimg/201403/10141740029.jpg
2014-03-10 14:18:08,771 [5] INFO  log [(null)] - 方法名：CreateFileImage，创建图片文件成功，文件路径:E:\\test\\/upimg/201403/10141808765.jpg
2014-03-10 14:19:01,904 [5] INFO  log [(null)] - 方法名：CreateFileImage，创建图片文件成功，文件路径:E:\\test\\/upimg/201403/10141901873.jpg
2014-03-10 14:19:05,778 [5] INFO  log [(null)] - 方法名：CreateFileImage，创建图片文件成功，文件路径:E:\\test\\/upimg/201403/10141905773.jpg
2014-03-10 14:49:14,302 [5] INFO  log [(null)] - 方法名：CreateFileImage，创建图片文件成功，文件路径:E:\\test\\/upimg/201403/10144914265.jpg
2014-03-10 14:50:31,452 [5] INFO  log [(null)] - 方法名：CreateFileImage，创建图片文件成功，文件路径:E:\\test\\/upimg/201403/10145031431.jpg
2014-03-10 14:52:33,815 [5] INFO  log [(null)] - 方法名：CreateFileImage，创建图片文件成功，文件路径:E:\\test\\/upimg/201403/10145233787.jpg
2014-03-10 14:53:56,759 [5] INFO  log [(null)] - 方法名：CreateFileImage，创建图片文件成功，文件路径:E:\\test\\/upimg/201403/10145356732.jpg
2014-03-10 14:54:47,188 [5] INFO  log [(null)] - 方法名：CreateFileImage，创建图片文件成功，文件路径:E:\\test\\/upimg/201403/10145447162.jpg
2014-03-10 14:55:18,000 [5] INFO  log [(null)] - 方法名：CreateFileImage，创建图片文件成功，文件路径:E:\\test\\/upimg/201403/10145517897.jpg
2014-03-10 14:57:47,277 [5] INFO  log [(null)] - 方法名：CreateFileImage，创建图片文件成功，文件路径:E:\\test\\/upimg/201403/10145747248.jpg
2014-03-10 15:00:06,641 [5] INFO  log [(null)] - 方法名：CreateFileImage，创建图片文件成功，文件路径:E:\\test\\/upimg/201403/10150006632.jpg
2014-03-10 15:00:28,675 [5] INFO  log [(null)] - 方法名：CreateFileImage，创建图片文件成功，文件路径:E:\\test\\/upimg/201403/10150028613.jpg
2014-03-10 15:01:17,822 [5] INFO  log [(null)] - 方法名：CreateFileImage，创建图片文件成功，文件路径:E:\\test\\/upimg/201403/10150117814.jpg
2014-03-10 15:01:20,461 [5] INFO  log [(null)] - 方法名：CreateFileImage，创建图片文件成功，文件路径:E:\\test\\/upimg/201403/10150120437.jpg
2014-03-10 15:02:19,095 [5] INFO  log [(null)] - 方法名：CreateFileImage，创建图片文件成功，文件路径:E:\\test\\/upimg/201403/10150219070.jpg
2014-03-10 15:02:45,827 [5] INFO  log [(null)] - 方法名：CreateFileImage，创建图片文件成功，文件路径:E:\\test\\/upimg/201403/10150245750.jpg
2014-03-10 15:03:30,486 [5] INFO  log [(null)] - 方法名：CreateFileImage，创建图片文件成功，文件路径:E:\\test\\/upimg/201403/10150330480.jpg
2014-03-10 15:03:50,750 [5] INFO  log [(null)] - 方法名：CreateFileImage，创建图片文件成功，文件路径:E:\\test\\/upimg/201403/10150350732.jpg
2014-03-10 15:04:10,624 [5] INFO  log [(null)] - 方法名：CreateFileImage，创建图片文件成功，文件路径:E:\\test\\/upimg/201403/10150410619.jpg
2014-03-10 15:04:12,595 [5] INFO  log [(null)] - 方法名：CreateFileImage，创建图片文件成功，文件路径:E:\\test\\/upimg/201403/10150412588.jpg
2014-03-10 15:04:58,038 [5] INFO  log [(null)] - 方法名：CreateFileImage，创建图片文件成功，文件路径:E:\\test\\/upimg/201403/10150457999.jpg
2014-03-10 15:05:01,503 [5] INFO  log [(null)] - 方法名：CreateFileImage，创建图片文件成功，文件路径:E:\\test\\/upimg/201403/10150501474.jpg
2014-03-10 15:07:02,244 [5] INFO  log [(null)] - 方法名：CreateTemplatePage，生成模板Id：89，模板名称：分析师直播动态模块，生成文件路径：E:\comsite\sasweb\zhuanti/analystmk.html成功！
2014-03-10 15:07:02,362 [5] INFO  log [(null)] - 方法名：CreateTemplatePage，生成模板Id：90，模板名称：首页直播分析师实时动态，生成文件路径：E:\comsite\sasweb\zhuanti/analystlivejson.html成功！
2014-03-10 15:07:02,447 [5] INFO  log [(null)] - 方法名：CreateTemplatePage，生成模板Id：97，模板名称：战绩排行，生成文件路径：E:\comsite\sasweb\zhuanti/successrateorder.html成功！
2014-03-10 15:07:02,478 [5] INFO  log [(null)] - 方法名：CreateTemplatePage，生成模板Id：101，模板名称：贵金属动态20条，生成文件路径：E:\comsite\sasweb\zhuanti/gjsanalystlivejson.html成功！
2014-03-10 15:07:02,552 [5] INFO  log [(null)] - 方法名：CreateTemplatePage，生成模板Id：103，模板名称：贵金属战绩榜，生成文件路径：E:\comsite\sasweb\zhuanti/gjssuccessrateorder.html成功！
2014-03-10 15:07:18,040 [5] INFO  log [(null)] - 方法名：CreateFileImage，创建图片文件成功，文件路径:E:\\test\\/upimg/201403/10150718016.jpg
2014-03-10 15:07:19,846 [5] INFO  log [(null)] - 方法名：CreateFileImage，创建图片文件成功，文件路径:E:\\test\\/upimg/201403/10150719838.jpg
2014-03-10 15:07:23,360 [5] INFO  log [(null)] - 方法名：CreateTemplatePage，生成模板Id：89，模板名称：分析师直播动态模块，生成文件路径：E:\comsite\sasweb\zhuanti/analystmk.html成功！
2014-03-10 15:07:23,413 [5] INFO  log [(null)] - 方法名：CreateTemplatePage，生成模板Id：90，模板名称：首页直播分析师实时动态，生成文件路径：E:\comsite\sasweb\zhuanti/analystlivejson.html成功！
2014-03-10 15:07:23,434 [5] INFO  log [(null)] - 方法名：CreateTemplatePage，生成模板Id：97，模板名称：战绩排行，生成文件路径：E:\comsite\sasweb\zhuanti/successrateorder.html成功！
2014-03-10 15:07:23,448 [5] INFO  log [(null)] - 方法名：CreateTemplatePage，生成模板Id：101，模板名称：贵金属动态20条，生成文件路径：E:\comsite\sasweb\zhuanti/gjsanalystlivejson.html成功！
2014-03-10 15:07:23,465 [5] INFO  log [(null)] - 方法名：CreateTemplatePage，生成模板Id：103，模板名称：贵金属战绩榜，生成文件路径：E:\comsite\sasweb\zhuanti/gjssuccessrateorder.html成功！
2014-03-10 15:22:19,336 [5] INFO  log [(null)] - 方法名：CreateFileImage，创建图片文件成功，文件路径:E:\\test\\/upimg/201403/10152219301.jpg
2014-03-10 15:22:41,759 [5] INFO  log [(null)] - 方法名：CreateTemplatePage，生成模板Id：89，模板名称：分析师直播动态模块，生成文件路径：E:\comsite\sasweb\zhuanti/analystmk.html成功！
2014-03-10 15:22:41,796 [5] INFO  log [(null)] - 方法名：CreateTemplatePage，生成模板Id：90，模板名称：首页直播分析师实时动态，生成文件路径：E:\comsite\sasweb\zhuanti/analystlivejson.html成功！
2014-03-10 15:22:41,811 [5] INFO  log [(null)] - 方法名：CreateTemplatePage，生成模板Id：97，模板名称：战绩排行，生成文件路径：E:\comsite\sasweb\zhuanti/successrateorder.html成功！
2014-03-10 15:22:41,823 [5] INFO  log [(null)] - 方法名：CreateTemplatePage，生成模板Id：101，模板名称：贵金属动态20条，生成文件路径：E:\comsite\sasweb\zhuanti/gjsanalystlivejson.html成功！
2014-03-10 15:22:41,837 [5] INFO  log [(null)] - 方法名：CreateTemplatePage，生成模板Id：103，模板名称：贵金属战绩榜，生成文件路径：E:\comsite\sasweb\zhuanti/gjssuccessrateorder.html成功！
2014-03-10 15:28:54,029 [5] INFO  log [(null)] - 方法名：CreateFileImage，创建图片文件成功，文件路径:E:\\test\\/upimg/201403/10152854016.jpg
2014-03-10 15:28:58,612 [5] INFO  log [(null)] - 方法名：CreateTemplatePage，生成模板Id：89，模板名称：分析师直播动态模块，生成文件路径：E:\comsite\sasweb\zhuanti/analystmk.html成功！
2014-03-10 15:28:58,663 [5] INFO  log [(null)] - 方法名：CreateTemplatePage，生成模板Id：90，模板名称：首页直播分析师实时动态，生成文件路径：E:\comsite\sasweb\zhuanti/analystlivejson.html成功！
2014-03-10 15:28:58,682 [5] INFO  log [(null)] - 方法名：CreateTemplatePage，生成模板Id：97，模板名称：战绩排行，生成文件路径：E:\comsite\sasweb\zhuanti/successrateorder.html成功！
2014-03-10 15:28:58,698 [5] INFO  log [(null)] - 方法名：CreateTemplatePage，生成模板Id：101，模板名称：贵金属动态20条，生成文件路径：E:\comsite\sasweb\zhuanti/gjsanalystlivejson.html成功！
2014-03-10 15:28:58,711 [5] INFO  log [(null)] - 方法名：CreateTemplatePage，生成模板Id：103，模板名称：贵金属战绩榜，生成文件路径：E:\comsite\sasweb\zhuanti/gjssuccessrateorder.html成功！
2014-03-10 16:02:51,256 [5] INFO  log [(null)] - 方法名：CreateFileImage，创建图片文件成功，文件路径:E:\\test\\/upimg/201403/10160251144.jpg
2014-03-10 16:02:54,180 [5] INFO  log [(null)] - 方法名：CreateFileImage，创建图片文件成功，文件路径:E:\\test\\/upimg/201403/10160254168.jpg
2014-03-10 16:03:08,634 [5] INFO  log [(null)] - 方法名：CreateFileImage，创建图片文件成功，文件路径:E:\\test\\/upimg/201403/10160308615.jpg
2014-03-10 16:04:01,632 [5] INFO  log [(null)] - 方法名：CreateFileImage，创建图片文件成功，文件路径:E:\\test\\/upimg/201403/10160401627.jpg
2014-03-10 16:04:04,391 [5] INFO  log [(null)] - 方法名：CreateFileImage，创建图片文件成功，文件路径:E:\\test\\/upimg/201403/10160404365.jpg
2014-03-10 16:06:22,516 [5] INFO  log [(null)] - 方法名：CreateFileImage，创建图片文件成功，文件路径:E:\\test\\/upimg/201403/10160622507.jpg
2014-03-10 16:06:33,765 [5] INFO  log [(null)] - 方法名：CreateFileImage，创建图片文件成功，文件路径:E:\\test\\/upimg/201403/10160633737.jpg
2014-03-10 16:16:28,440 [5] INFO  log [(null)] - 方法名：CreateTemplatePage，生成模板Id：89，模板名称：分析师直播动态模块，生成文件路径：E:\comsite\sasweb\zhuanti/analystmk.html成功！
2014-03-10 16:16:28,518 [5] INFO  log [(null)] - 方法名：CreateTemplatePage，生成模板Id：90，模板名称：首页直播分析师实时动态，生成文件路径：E:\comsite\sasweb\zhuanti/analystlivejson.html成功！
2014-03-10 16:16:28,557 [5] INFO  log [(null)] - 方法名：CreateTemplatePage，生成模板Id：97，模板名称：战绩排行，生成文件路径：E:\comsite\sasweb\zhuanti/successrateorder.html成功！
2014-03-10 16:16:28,585 [5] INFO  log [(null)] - 方法名：CreateTemplatePage，生成模板Id：101，模板名称：贵金属动态20条，生成文件路径：E:\comsite\sasweb\zhuanti/gjsanalystlivejson.html成功！
2014-03-10 16:16:28,609 [5] INFO  log [(null)] - 方法名：CreateTemplatePage，生成模板Id：103，模板名称：贵金属战绩榜，生成文件路径：E:\comsite\sasweb\zhuanti/gjssuccessrateorder.html成功！
2014-03-10 16:24:42,779 [5] INFO  log [(null)] - 方法名：CreateTemplatePage，生成模板Id：89，模板名称：分析师直播动态模块，生成文件路径：E:\comsite\sasweb\zhuanti/analystmk.html成功！
2014-03-10 16:24:42,842 [5] INFO  log [(null)] - 方法名：CreateTemplatePage，生成模板Id：90，模板名称：首页直播分析师实时动态，生成文件路径：E:\comsite\sasweb\zhuanti/analystlivejson.html成功！
2014-03-10 16:24:42,861 [5] INFO  log [(null)] - 方法名：CreateTemplatePage，生成模板Id：97，模板名称：战绩排行，生成文件路径：E:\comsite\sasweb\zhuanti/successrateorder.html成功！
2014-03-10 16:24:42,877 [5] INFO  log [(null)] - 方法名：CreateTemplatePage，生成模板Id：101，模板名称：贵金属动态20条，生成文件路径：E:\comsite\sasweb\zhuanti/gjsanalystlivejson.html成功！
2014-03-10 16:24:42,891 [5] INFO  log [(null)] - 方法名：CreateTemplatePage，生成模板Id：103，模板名称：贵金属战绩榜，生成文件路径：E:\comsite\sasweb\zhuanti/gjssuccessrateorder.html成功！
2014-03-10 16:33:28,864 [5] INFO  log [(null)] - 方法名：CreateFileImage，创建图片文件成功，文件路径:E:\\test\\/upimg/201403/10163328844.jpg
2014-03-10 18:09:34,020 [5] INFO  log [(null)] - 方法名：CreateTemplatePage，生成模板Id：89，模板名称：分析师直播动态模块，生成文件路径：E:\comsite\sasweb\zhuanti/analystmk.html成功！
2014-03-10 18:09:34,446 [5] INFO  log [(null)] - 方法名：CreateTemplatePage，生成模板Id：90，模板名称：首页直播分析师实时动态，生成文件路径：E:\comsite\sasweb\zhuanti/analystlivejson.html成功！
2014-03-10 18:09:34,504 [5] INFO  log [(null)] - 方法名：CreateTemplatePage，生成模板Id：97，模板名称：战绩排行，生成文件路径：E:\comsite\sasweb\zhuanti/successrateorder.html成功！
2014-03-10 18:09:34,527 [5] INFO  log [(null)] - 方法名：CreateTemplatePage，生成模板Id：101，模板名称：贵金属动态20条，生成文件路径：E:\comsite\sasweb\zhuanti/gjsanalystlivejson.html成功！
2014-03-10 18:09:34,559 [5] INFO  log [(null)] - 方法名：CreateTemplatePage，生成模板Id：103，模板名称：贵金属战绩榜，生成文件路径：E:\comsite\sasweb\zhuanti/gjssuccessrateorder.html成功！
2014-03-10 18:09:48,694 [5] INFO  log [(null)] - 方法名：CreateTemplatePage，生成模板Id：89，模板名称：分析师直播动态模块，生成文件路径：E:\comsite\sasweb\zhuanti/analystmk.html成功！
2014-03-10 18:09:48,755 [5] INFO  log [(null)] - 方法名：CreateTemplatePage，生成模板Id：90，模板名称：首页直播分析师实时动态，生成文件路径：E:\comsite\sasweb\zhuanti/analystlivejson.html成功！
2014-03-10 18:09:48,771 [5] INFO  log [(null)] - 方法名：CreateTemplatePage，生成模板Id：97，模板名称：战绩排行，生成文件路径：E:\comsite\sasweb\zhuanti/successrateorder.html成功！
2014-03-10 18:09:48,784 [5] INFO  log [(null)] - 方法名：CreateTemplatePage，生成模板Id：101，模板名称：贵金属动态20条，生成文件路径：E:\comsite\sasweb\zhuanti/gjsanalystlivejson.html成功！
2014-03-10 18:09:48,795 [5] INFO  log [(null)] - 方法名：CreateTemplatePage，生成模板Id：103，模板名称：贵金属战绩榜，生成文件路径：E:\comsite\sasweb\zhuanti/gjssuccessrateorder.html成功！
