2016-09-12 14:31:22,254 [10] INFO  log [(null)] - 己成功启动HtmlEngine服务。
2016-09-12 14:31:22,308 [10] INFO  log [(null)] - 己成功启动FileReceive服务。
2016-09-12 14:31:22,311 [10] INFO  log [(null)] - 己成功启动SsoOutWindow服务。
2016-09-12 14:32:06,746 [10] INFO  log [(null)] - 己成功启动HtmlEngine服务。
2016-09-12 14:32:06,804 [10] INFO  log [(null)] - 己成功启动FileReceive服务。
2016-09-12 14:32:06,814 [10] INFO  log [(null)] - 己成功启动SsoOutWindow服务。
2016-09-12 15:15:06,028 [8] INFO  log [(null)] - 己成功启动HtmlEngine服务。
2016-09-12 15:15:06,042 [8] INFO  log [(null)] - 己成功启动FileReceive服务。
2016-09-12 15:15:06,045 [8] INFO  log [(null)] - 己成功启动SsoOutWindow服务。
2016-09-12 20:11:59,381 [9] INFO  log [(null)] - 己成功启动HtmlEngine服务。
2016-09-12 20:11:59,422 [9] INFO  log [(null)] - 己成功启动FileReceive服务。
2016-09-12 20:11:59,425 [9] INFO  log [(null)] - 己成功启动SsoOutWindow服务。
2016-09-12 20:12:11,111 [10] INFO  log [(null)] - 1251
2016-09-12 20:12:27,320 [10] INFO  log [(null)] - E:\comsite\sasweb\news\aa//bbb/201608/26141119593.html
2016-09-12 20:12:27,358 [10] INFO  log [(null)] - 方法名：CreateSingleNews，新增新闻，生成NewsId:1251文件成功，文件路径:/bbb/201608/26141119593.html
2016-09-12 20:13:14,673 [8] INFO  log [(null)] - 己成功启动HtmlEngine服务。
2016-09-12 20:13:14,690 [8] INFO  log [(null)] - 己成功启动FileReceive服务。
2016-09-12 20:13:14,693 [8] INFO  log [(null)] - 己成功启动SsoOutWindow服务。
2016-09-12 20:13:21,843 [11] INFO  log [(null)] - 1251
2016-09-12 20:13:24,224 [11] INFO  log [(null)] - E:\comsite\sasweb\news\aa//bbb/201608/26141119593.html
2016-09-12 20:13:24,225 [11] INFO  log [(null)] - 方法名：CreateSingleNews，新增新闻，生成NewsId:1251文件成功，文件路径:/bbb/201608/26141119593.html
2016-09-12 20:14:19,384 [11] INFO  log [(null)] - 1251
2016-09-12 20:16:48,338 [10] INFO  log [(null)] - 己成功启动HtmlEngine服务。
2016-09-12 20:16:48,355 [10] INFO  log [(null)] - 己成功启动FileReceive服务。
2016-09-12 20:16:48,358 [10] INFO  log [(null)] - 己成功启动SsoOutWindow服务。
2016-09-12 20:16:56,967 [12] INFO  log [(null)] - 1251
2016-09-12 20:17:53,899 [8] INFO  log [(null)] - 己成功启动HtmlEngine服务。
2016-09-12 20:17:53,917 [8] INFO  log [(null)] - 己成功启动FileReceive服务。
2016-09-12 20:17:53,920 [8] INFO  log [(null)] - 己成功启动SsoOutWindow服务。
2016-09-12 20:18:02,001 [10] INFO  log [(null)] - 1251
2016-09-12 20:18:16,764 [10] INFO  log [(null)] - E:\comsite\sasweb\news\aa//bbb/201608/26141119593.html
2016-09-12 20:18:16,769 [10] INFO  log [(null)] - 方法名：CreateSingleNews，新增新闻，生成NewsId:1251文件成功，文件路径:/bbb/201608/26141119593.html
