2016-09-01 13:42:31,332 [10] INFO  log [(null)] - 己成功启动HtmlEngine服务。
2016-09-01 13:42:31,387 [10] INFO  log [(null)] - 己成功启动FileReceive服务。
2016-09-01 13:42:31,389 [10] INFO  log [(null)] - 己成功启动SsoOutWindow服务。
2016-09-01 13:46:51,672 [9] INFO  log [(null)] - 己成功启动HtmlEngine服务。
2016-09-01 13:46:51,689 [9] INFO  log [(null)] - 己成功启动FileReceive服务。
2016-09-01 13:46:51,692 [9] INFO  log [(null)] - 己成功启动SsoOutWindow服务。
2016-09-01 13:48:01,414 [10] INFO  log [(null)] - 1251
2016-09-01 13:48:01,973 [10] INFO  log [(null)] - E:\comsite\sasweb\news//bbb/201608/26141119593.html
2016-09-01 13:48:02,040 [10] INFO  log [(null)] - 方法名：CreateSingleNews，修改新闻，生成NewsId:1251文件成功，文件路径:/bbb/201608/26141119593.html
2016-09-01 13:55:52,195 [10] INFO  log [(null)] - 己成功启动HtmlEngine服务。
2016-09-01 13:55:52,209 [10] INFO  log [(null)] - 己成功启动FileReceive服务。
2016-09-01 13:55:52,212 [10] INFO  log [(null)] - 己成功启动SsoOutWindow服务。
2016-09-01 13:56:02,804 [13] INFO  log [(null)] - 1251
2016-09-01 13:56:50,987 [13] INFO  log [(null)] - E:\comsite\sasweb\news//bbb/201608/26141119593.html
2016-09-01 13:56:51,815 [13] INFO  log [(null)] - 方法名：CreateSingleNews，修改新闻，生成NewsId:1251文件成功，文件路径:/bbb/201608/26141119593.html
2016-09-01 13:56:57,205 [13] INFO  log [(null)] - 方法名：CreateTemplatePage，生成模板Id：177，模板名称：首页，生成文件路径：E:\comsite\sasweb\news/www.pinyifu.com /index.html成功！
2016-09-01 13:56:57,228 [13] INFO  log [(null)] - 方法名：CreateTemplatePage，生成模板Id：179，模板名称：精选导读列表页，生成文件路径：E:\comsite\sasweb\news/www.pinyifu.com       /jxdd/jxdd.html成功！
2016-09-01 13:58:45,331 [13] INFO  log [(null)] - 1251
2016-09-01 13:58:46,647 [13] INFO  log [(null)] - E:\comsite\sasweb\news//bbb/201608/26141119593.html
2016-09-01 13:58:46,648 [13] INFO  log [(null)] - 方法名：CreateSingleNews，修改新闻，生成NewsId:1251文件成功，文件路径:/bbb/201608/26141119593.html
2016-09-01 13:58:46,659 [13] INFO  log [(null)] - 方法名：CreateTemplatePage，生成模板Id：177，模板名称：首页，生成文件路径：E:\comsite\sasweb\news/www.pinyifu.com /index.html成功！
2016-09-01 13:58:46,668 [13] INFO  log [(null)] - 方法名：CreateTemplatePage，生成模板Id：179，模板名称：精选导读列表页，生成文件路径：E:\comsite\sasweb\news/www.pinyifu.com       /jxdd/jxdd.html成功！
2016-09-01 14:01:26,148 [9] INFO  log [(null)] - 己成功启动HtmlEngine服务。
2016-09-01 14:01:26,166 [9] INFO  log [(null)] - 己成功启动FileReceive服务。
2016-09-01 14:01:26,169 [9] INFO  log [(null)] - 己成功启动SsoOutWindow服务。
2016-09-01 14:02:08,046 [13] INFO  log [(null)] - 1251
2016-09-01 14:02:46,976 [13] INFO  log [(null)] - E:\comsite\sasweb\news//bbb/201608/26141119593.html
2016-09-01 14:02:48,570 [13] INFO  log [(null)] - 方法名：CreateSingleNews，修改新闻，生成NewsId:1251文件成功，文件路径:/bbb/201608/26141119593.html
2016-09-01 14:05:37,169 [13] INFO  log [(null)] - 1251
2016-09-01 14:05:37,790 [13] INFO  log [(null)] - E:\comsite\sasweb\news//bbb/201608/26141119593.html
2016-09-01 14:05:37,791 [13] INFO  log [(null)] - 方法名：CreateSingleNews，修改新闻，生成NewsId:1251文件成功，文件路径:/bbb/201608/26141119593.html
2016-09-01 14:05:48,754 [16] INFO  log [(null)] - 1251
2016-09-01 14:09:43,755 [16] INFO  log [(null)] - E:\comsite\sasweb\news//bbb/201608/26141119593.html
2016-09-01 14:09:48,028 [16] INFO  log [(null)] - 方法名：CreateSingleNews，修改新闻，生成NewsId:1251文件成功，文件路径:/bbb/201608/26141119593.html
2016-09-01 14:15:08,698 [9] INFO  log [(null)] - 己成功启动HtmlEngine服务。
2016-09-01 14:15:08,712 [9] INFO  log [(null)] - 己成功启动FileReceive服务。
2016-09-01 14:15:08,715 [9] INFO  log [(null)] - 己成功启动SsoOutWindow服务。
2016-09-01 14:15:21,735 [10] INFO  log [(null)] - 1251
2016-09-01 14:15:29,230 [10] INFO  log [(null)] - 方法名：CreateTemplatePage，生成模板Id：178，模板名称：精选导读详细页，生成文件路径：E:\comsite\sasweb\news/www.pinyifu.com        0成功！
2016-09-01 14:15:50,339 [10] INFO  log [(null)] - E:\comsite\sasweb\news//bbb/201608/26141119593.html
2016-09-01 14:15:50,341 [10] INFO  log [(null)] - 方法名：CreateSingleNews，修改新闻，生成NewsId:1251文件成功，文件路径:/bbb/201608/26141119593.html
2016-09-01 14:16:10,925 [10] INFO  log [(null)] - 1251
2016-09-01 14:24:06,975 [9] INFO  log [(null)] - 己成功启动HtmlEngine服务。
2016-09-01 14:24:06,993 [9] INFO  log [(null)] - 己成功启动FileReceive服务。
2016-09-01 14:24:06,998 [9] INFO  log [(null)] - 己成功启动SsoOutWindow服务。
2016-09-01 14:24:16,971 [10] INFO  log [(null)] - 1251
2016-09-01 14:24:36,086 [10] INFO  log [(null)] - E:\comsite\sasweb\news//bbb/201608/26141119593.html
2016-09-01 14:24:36,089 [10] INFO  log [(null)] - 方法名：CreateSingleNews，修改新闻，生成NewsId:1251文件成功，文件路径:/bbb/201608/26141119593.html
2016-09-01 14:27:05,946 [9] INFO  log [(null)] - 己成功启动HtmlEngine服务。
2016-09-01 14:27:05,964 [9] INFO  log [(null)] - 己成功启动FileReceive服务。
2016-09-01 14:27:05,967 [9] INFO  log [(null)] - 己成功启动SsoOutWindow服务。
2016-09-01 14:27:22,762 [11] INFO  log [(null)] - 1251
2016-09-01 14:27:53,460 [11] INFO  log [(null)] - E:\comsite\sasweb\news//bbb/201608/26141119593.html
2016-09-01 14:27:53,462 [11] INFO  log [(null)] - 方法名：CreateSingleNews，修改新闻，生成NewsId:1251文件成功，文件路径:/bbb/201608/26141119593.html
2016-09-01 14:29:56,549 [11] INFO  log [(null)] - 1251
2016-09-01 14:30:55,011 [11] INFO  log [(null)] - 方法名：CreateTemplatePage，生成模板Id：179，模板名称：精选导读列表页，生成文件路径：E:\comsite\sasweb\news/www.pinyifu.com       /jxdd/jxdd.html成功！
2016-09-01 14:33:05,909 [19] INFO  log [(null)] - 方法名：CreateTemplatePage，生成模板Id：179，模板名称：精选导读列表页，生成文件路径：E:\comsite\sasweb\news/www.pinyifu.com       /jxdd/jxdd.html成功！
2016-09-01 14:35:21,860 [22] INFO  log [(null)] - 方法名：CreateTemplatePage，生成模板Id：179，模板名称：精选导读列表页，生成文件路径：E:\comsite\sasweb\news/www.pinyifu.com       /jxdd/jxdd.html成功！
2016-09-01 14:35:56,366 [22] INFO  log [(null)] - 方法名：CreateTemplatePage，生成模板Id：179，模板名称：精选导读列表页，生成文件路径：E:\comsite\sasweb\news/www.pinyifu.com       /jxdd/jxdd.html成功！
2016-09-01 14:36:13,834 [22] INFO  log [(null)] - 方法名：CreateTemplatePage，生成模板Id：179，模板名称：精选导读列表页，生成文件路径：E:\comsite\sasweb\news/www.pinyifu.com       /jxdd/jxdd.html成功！
2016-09-01 14:38:21,168 [9] INFO  log [(null)] - 己成功启动HtmlEngine服务。
2016-09-01 14:38:21,185 [9] INFO  log [(null)] - 己成功启动FileReceive服务。
2016-09-01 14:38:21,187 [9] INFO  log [(null)] - 己成功启动SsoOutWindow服务。
2016-09-01 14:40:00,656 [8] INFO  log [(null)] - 己成功启动HtmlEngine服务。
2016-09-01 14:40:00,673 [8] INFO  log [(null)] - 己成功启动FileReceive服务。
2016-09-01 14:40:00,676 [8] INFO  log [(null)] - 己成功启动SsoOutWindow服务。
2016-09-01 14:40:13,079 [9] INFO  log [(null)] - 方法名：CreateTemplatePage，生成模板Id：179，模板名称：精选导读列表页，生成文件路径：E:\comsite\sasweb\news/www.pinyifu.com       /jxdd/jxdd.html成功！
2016-09-01 15:19:12,119 [10] INFO  log [(null)] - 己成功启动HtmlEngine服务。
2016-09-01 15:19:12,133 [10] INFO  log [(null)] - 己成功启动FileReceive服务。
2016-09-01 15:19:12,137 [10] INFO  log [(null)] - 己成功启动SsoOutWindow服务。
2016-09-01 15:25:10,596 [12] INFO  log [(null)] - 方法名：CreateTemplatePage，生成模板Id：179，模板名称：精选导读列表页，生成文件路径：E:\comsite\sasweb\news/www.pinyifu.com       /jxdd/jxdd.html成功！
2016-09-01 15:26:02,225 [14] INFO  log [(null)] - 方法名：CreateTemplatePage，生成模板Id：179，模板名称：精选导读列表页，生成文件路径：E:\comsite\sasweb\news/www.pinyifu.com       /jxdd/jxdd.html成功！
2016-09-01 15:27:43,701 [10] INFO  log [(null)] - 己成功启动HtmlEngine服务。
2016-09-01 15:27:43,718 [10] INFO  log [(null)] - 己成功启动FileReceive服务。
2016-09-01 15:27:43,721 [10] INFO  log [(null)] - 己成功启动SsoOutWindow服务。
2016-09-01 15:27:45,595 [12] INFO  log [(null)] - 1251
2016-09-01 15:27:45,799 [12] INFO  log [(null)] - E:\comsite\sasweb\news//bbb/201608/26141119593.html
2016-09-01 15:27:45,801 [12] INFO  log [(null)] - 方法名：CreateSingleNews，修改新闻，生成NewsId:1251文件成功，文件路径:/bbb/201608/26141119593.html
2016-09-01 15:27:53,623 [12] INFO  log [(null)] - 方法名：CreateTemplatePage，生成模板Id：179，模板名称：精选导读列表页，生成文件路径：E:\comsite\sasweb\news/www.pinyifu.com       /jxdd/jxdd.html成功！
2016-09-01 15:28:26,465 [12] INFO  log [(null)] - 1251
2016-09-01 15:28:57,339 [12] INFO  log [(null)] - E:\comsite\sasweb\news//bbb/201608/26141119593.html
2016-09-01 15:28:57,341 [12] INFO  log [(null)] - 方法名：CreateSingleNews，修改新闻，生成NewsId:1251文件成功，文件路径:/bbb/201608/26141119593.html
2016-09-01 15:29:01,013 [12] INFO  log [(null)] - 1251
2016-09-01 15:34:38,318 [12] INFO  log [(null)] - E:\comsite\sasweb\news//bbb/201608/26141119593.html
2016-09-01 15:34:38,319 [12] INFO  log [(null)] - 方法名：CreateSingleNews，修改新闻，生成NewsId:1251文件成功，文件路径:/bbb/201608/26141119593.html
2016-09-01 15:36:26,930 [9] INFO  log [(null)] - 己成功启动HtmlEngine服务。
2016-09-01 15:36:26,947 [9] INFO  log [(null)] - 己成功启动FileReceive服务。
2016-09-01 15:36:26,950 [9] INFO  log [(null)] - 己成功启动SsoOutWindow服务。
2016-09-01 15:36:35,186 [11] INFO  log [(null)] - 1251
2016-09-01 15:37:04,784 [10] INFO  log [(null)] - 己成功启动HtmlEngine服务。
2016-09-01 15:37:04,801 [10] INFO  log [(null)] - 己成功启动FileReceive服务。
2016-09-01 15:37:04,806 [10] INFO  log [(null)] - 己成功启动SsoOutWindow服务。
2016-09-01 15:37:07,955 [13] INFO  log [(null)] - 1251
2016-09-01 15:37:08,148 [13] INFO  log [(null)] - E:\comsite\sasweb\news//bbb/201608/26141119593.html
2016-09-01 15:37:08,149 [13] INFO  log [(null)] - 方法名：CreateSingleNews，修改新闻，生成NewsId:1251文件成功，文件路径:/bbb/201608/26141119593.html
2016-09-01 15:37:57,425 [9] INFO  log [(null)] - 己成功启动HtmlEngine服务。
2016-09-01 15:37:57,442 [9] INFO  log [(null)] - 己成功启动FileReceive服务。
2016-09-01 15:37:57,444 [9] INFO  log [(null)] - 己成功启动SsoOutWindow服务。
2016-09-01 15:38:02,725 [11] INFO  log [(null)] - 1251
2016-09-01 15:38:02,972 [11] INFO  log [(null)] - E:\comsite\sasweb\news//bbb/201608/26141119593.html
2016-09-01 15:38:02,973 [11] INFO  log [(null)] - 方法名：CreateSingleNews，修改新闻，生成NewsId:1251文件成功，文件路径:/bbb/201608/26141119593.html
2016-09-01 15:38:49,573 [11] INFO  log [(null)] - 1251
2016-09-01 15:38:49,682 [11] INFO  log [(null)] - E:\comsite\sasweb\news//bbb/201608/26141119593.html
2016-09-01 15:38:49,683 [11] INFO  log [(null)] - 方法名：CreateSingleNews，修改新闻，生成NewsId:1251文件成功，文件路径:/bbb/201608/26141119593.html
