2016-11-16 09:34:27,429 [10] INFO  log [(null)] - 己成功启动HtmlEngine服务。
2016-11-16 09:34:27,496 [10] INFO  log [(null)] - 己成功启动FileReceive服务。
2016-11-16 09:34:27,503 [10] INFO  log [(null)] - 己成功启动SsoOutWindow服务。
2016-11-16 09:34:27,507 [10] INFO  log [(null)] - 停止HtmlEngine服务。
2016-11-16 09:34:27,536 [10] INFO  log [(null)] - HtmlEngine服务已停止。
2016-11-16 09:34:27,538 [10] INFO  log [(null)] - 停止FileReceive服务。
2016-11-16 09:34:27,538 [10] INFO  log [(null)] - FileReceive服务已停止。
2016-11-16 09:34:27,539 [10] INFO  log [(null)] - 停止SsoOutWindow服务。
2016-11-16 09:34:27,539 [10] INFO  log [(null)] - SsoOutWindow服务已停止。
2016-11-16 09:42:07,268 [8] INFO  log [(null)] - 己成功启动HtmlEngine服务。
2016-11-16 09:42:07,284 [8] INFO  log [(null)] - 己成功启动FileReceive服务。
2016-11-16 09:42:07,287 [8] INFO  log [(null)] - 己成功启动SsoOutWindow服务。
2016-11-16 09:44:44,994 [9] INFO  log [(null)] - 己成功启动HtmlEngine服务。
2016-11-16 09:44:45,010 [9] INFO  log [(null)] - 己成功启动FileReceive服务。
2016-11-16 09:44:45,013 [9] INFO  log [(null)] - 己成功启动SsoOutWindow服务。
2016-11-16 09:44:51,334 [11] INFO  log [(null)] - 1615
2016-11-16 09:51:35,253 [8] INFO  log [(null)] - 己成功启动HtmlEngine服务。
2016-11-16 09:51:35,269 [8] INFO  log [(null)] - 己成功启动FileReceive服务。
2016-11-16 09:51:35,272 [8] INFO  log [(null)] - 己成功启动SsoOutWindow服务。
2016-11-16 09:51:46,039 [11] INFO  log [(null)] - 1612
2016-11-16 09:57:17,377 [9] INFO  log [(null)] - 己成功启动HtmlEngine服务。
2016-11-16 09:57:17,394 [9] INFO  log [(null)] - 己成功启动FileReceive服务。
2016-11-16 09:57:17,397 [9] INFO  log [(null)] - 己成功启动SsoOutWindow服务。
2016-11-16 09:58:32,560 [10] INFO  log [(null)] - 1613
